<?xml version="1.0" ?>
<!DOCTYPE coverage SYSTEM "http://cobertura.sourceforge.net/xml/coverage-04.dtd">
<coverage lines-valid="2452" lines-covered="2316" line-rate="0.9445" branches-valid="741" branches-covered="653" branch-rate="0.8812000000000001" timestamp="1578863900771" complexity="0" version="0.1">
  <sources>
    <source>/home/lane/git/redis</source>
  </sources>
  <packages>
    <package name="src" line-rate="0.9890000000000001" branch-rate="0.8636">
      <classes>
        <class name="client.ts" filename="src/client.ts" line-rate="0.9655" branch-rate="0.75">
          <methods>
            <method name="(anonymous_0)" hits="744" signature="()V">
              <lines>
                <line number="12" hits="744"/>
              </lines>
            </method>
            <method name="(anonymous_1)" hits="744" signature="()V">
              <lines>
                <line number="18" hits="744"/>
              </lines>
            </method>
            <method name="(anonymous_2)" hits="744" signature="()V">
              <lines>
                <line number="20" hits="744"/>
              </lines>
            </method>
            <method name="(anonymous_3)" hits="73" signature="()V">
              <lines>
                <line number="26" hits="73"/>
              </lines>
            </method>
            <method name="(anonymous_4)" hits="671" signature="()V">
              <lines>
                <line number="30" hits="671"/>
              </lines>
            </method>
            <method name="(anonymous_5)" hits="0" signature="()V">
              <lines>
                <line number="41" hits="0"/>
              </lines>
            </method>
            <method name="(anonymous_6)" hits="80" signature="()V">
              <lines>
                <line number="45" hits="80"/>
              </lines>
            </method>
          </methods>
          <lines>
            <line number="1" hits="1" branch="false"/>
            <line number="3" hits="1" branch="false"/>
            <line number="6" hits="1" branch="false"/>
            <line number="7" hits="1" branch="false"/>
            <line number="9" hits="1" branch="false"/>
            <line number="10" hits="1" branch="false"/>
            <line number="12" hits="1" branch="false"/>
            <line number="13" hits="744" branch="false"/>
            <line number="14" hits="744" branch="false"/>
            <line number="15" hits="2018" branch="false"/>
            <line number="17" hits="744" branch="false"/>
            <line number="18" hits="744" branch="false"/>
            <line number="19" hits="744" branch="false"/>
            <line number="20" hits="744" branch="false"/>
            <line number="21" hits="744" branch="false"/>
            <line number="23" hits="744" branch="false"/>
            <line number="24" hits="744" branch="false"/>
            <line number="27" hits="73" branch="false"/>
            <line number="28" hits="73" branch="false"/>
            <line number="31" hits="671" branch="false"/>
            <line number="33" hits="671" branch="false"/>
            <line number="37" hits="744" branch="false"/>
            <line number="38" hits="744" branch="false"/>
            <line number="41" hits="744" branch="false"/>
            <line number="42" hits="0" branch="false"/>
            <line number="44" hits="744" branch="true" condition-coverage="100% (4/4)"/>
            <line number="45" hits="80" branch="true" condition-coverage="50% (2/4)"/>
            <line number="46" hits="80" branch="false"/>
            <line number="49" hits="664" branch="false"/>
          </lines>
        </class>
        <class name="decorators.ts" filename="src/decorators.ts" line-rate="1" branch-rate="1">
          <methods>
            <method name="(anonymous_1)" hits="35" signature="()V">
              <lines>
                <line number="9" hits="35"/>
              </lines>
            </method>
            <method name="(anonymous_2)" hits="35" signature="()V">
              <lines>
                <line number="12" hits="35"/>
              </lines>
            </method>
            <method name="(anonymous_3)" hits="57" signature="()V">
              <lines>
                <line number="20" hits="57"/>
              </lines>
            </method>
            <method name="(anonymous_4)" hits="57" signature="()V">
              <lines>
                <line number="23" hits="57"/>
              </lines>
            </method>
            <method name="(anonymous_5)" hits="55" signature="()V">
              <lines>
                <line number="32" hits="55"/>
              </lines>
            </method>
            <method name="(anonymous_6)" hits="55" signature="()V">
              <lines>
                <line number="35" hits="55"/>
              </lines>
            </method>
            <method name="(anonymous_7)" hits="55" signature="()V">
              <lines>
                <line number="44" hits="55"/>
              </lines>
            </method>
            <method name="(anonymous_8)" hits="55" signature="()V">
              <lines>
                <line number="47" hits="55"/>
              </lines>
            </method>
          </methods>
          <lines>
            <line number="1" hits="1" branch="false"/>
            <line number="4" hits="1" branch="false"/>
            <line number="9" hits="1" branch="false"/>
            <line number="10" hits="35" branch="false"/>
            <line number="12" hits="35" branch="false"/>
            <line number="13" hits="35" branch="false"/>
            <line number="20" hits="1" branch="false"/>
            <line number="21" hits="57" branch="false"/>
            <line number="23" hits="57" branch="false"/>
            <line number="24" hits="57" branch="false"/>
            <line number="32" hits="1" branch="false"/>
            <line number="33" hits="55" branch="false"/>
            <line number="35" hits="55" branch="false"/>
            <line number="36" hits="55" branch="false"/>
            <line number="44" hits="1" branch="false"/>
            <line number="45" hits="55" branch="false"/>
            <line number="47" hits="55" branch="false"/>
            <line number="48" hits="55" branch="false"/>
          </lines>
        </class>
        <class name="dictionary.ts" filename="src/dictionary.ts" line-rate="1" branch-rate="1">
          <methods>
            <method name="(anonymous_0)" hits="622" signature="()V">
              <lines>
                <line number="9" hits="622"/>
              </lines>
            </method>
            <method name="(anonymous_1)" hits="2" signature="()V">
              <lines>
                <line number="21" hits="2"/>
              </lines>
            </method>
            <method name="(anonymous_2)" hits="5" signature="()V">
              <lines>
                <line number="28" hits="5"/>
              </lines>
            </method>
            <method name="(anonymous_3)" hits="1" signature="()V">
              <lines>
                <line number="46" hits="1"/>
              </lines>
            </method>
            <method name="(anonymous_4)" hits="1" signature="()V">
              <lines>
                <line number="47" hits="1"/>
              </lines>
            </method>
            <method name="(anonymous_5)" hits="1" signature="()V">
              <lines>
                <line number="56" hits="1"/>
              </lines>
            </method>
            <method name="(anonymous_6)" hits="6" signature="()V">
              <lines>
                <line number="64" hits="6"/>
              </lines>
            </method>
            <method name="(anonymous_7)" hits="7392" signature="()V">
              <lines>
                <line number="72" hits="7392"/>
              </lines>
            </method>
            <method name="(anonymous_8)" hits="361" signature="()V">
              <lines>
                <line number="79" hits="361"/>
              </lines>
            </method>
            <method name="(anonymous_9)" hits="3792" signature="()V">
              <lines>
                <line number="89" hits="3792"/>
              </lines>
            </method>
            <method name="(anonymous_10)" hits="62" signature="()V">
              <lines>
                <line number="98" hits="62"/>
              </lines>
            </method>
            <method name="(anonymous_11)" hits="4" signature="()V">
              <lines>
                <line number="109" hits="4"/>
              </lines>
            </method>
            <method name="(anonymous_12)" hits="2" signature="()V">
              <lines>
                <line number="116" hits="2"/>
              </lines>
            </method>
          </methods>
          <lines>
            <line number="9" hits="1" branch="false"/>
            <line number="10" hits="622" branch="false"/>
            <line number="22" hits="2" branch="false"/>
            <line number="23" hits="2" branch="false"/>
            <line number="24" hits="2" branch="false"/>
            <line number="29" hits="5" branch="true" condition-coverage="100% (2/2)"/>
            <line number="30" hits="3" branch="false"/>
            <line number="35" hits="2" branch="false"/>
            <line number="47" hits="1" branch="false"/>
            <line number="48" hits="1" branch="false"/>
            <line number="57" hits="1" branch="false"/>
            <line number="65" hits="6" branch="false"/>
            <line number="73" hits="7392" branch="false"/>
            <line number="80" hits="361" branch="false"/>
            <line number="90" hits="3792" branch="false"/>
            <line number="91" hits="3792" branch="false"/>
            <line number="99" hits="62" branch="false"/>
            <line number="100" hits="62" branch="true" condition-coverage="100% (2/2)"/>
            <line number="101" hits="58" branch="false"/>
            <line number="103" hits="62" branch="false"/>
            <line number="110" hits="4" branch="false"/>
            <line number="117" hits="2" branch="false"/>
          </lines>
        </class>
        <class name="logger.ts" filename="src/logger.ts" line-rate="1" branch-rate="0.9">
          <methods>
            <method name="(anonymous_1)" hits="8253" signature="()V">
              <lines>
                <line number="19" hits="8253"/>
              </lines>
            </method>
            <method name="(anonymous_2)" hits="3316" signature="()V">
              <lines>
                <line number="28" hits="3316"/>
              </lines>
            </method>
            <method name="(anonymous_3)" hits="20814" signature="()V">
              <lines>
                <line number="32" hits="20814"/>
              </lines>
            </method>
            <method name="(anonymous_4)" hits="10" signature="()V">
              <lines>
                <line number="35" hits="10"/>
              </lines>
            </method>
            <method name="(anonymous_5)" hits="24140" signature="()V">
              <lines>
                <line number="39" hits="24140"/>
              </lines>
            </method>
          </methods>
          <lines>
            <line number="1" hits="1" branch="false"/>
            <line number="13" hits="1" branch="false"/>
            <line number="19" hits="8253" branch="false"/>
            <line number="20" hits="8253" branch="true" condition-coverage="100% (2/2)"/>
            <line number="21" hits="8252" branch="true" condition-coverage="50% (1/2)"/>
            <line number="22" hits="8252" branch="false"/>
            <line number="24" hits="1" branch="false"/>
            <line number="26" hits="8252" branch="false"/>
            <line number="28" hits="8253" branch="false"/>
            <line number="30" hits="3316" branch="false"/>
            <line number="32" hits="8253" branch="false"/>
            <line number="33" hits="20814" branch="false"/>
            <line number="35" hits="8253" branch="false"/>
            <line number="37" hits="10" branch="false"/>
            <line number="41" hits="24140" branch="true" condition-coverage="100% (2/2)"/>
            <line number="42" hits="3326" branch="false"/>
            <line number="46" hits="20814" branch="false"/>
            <line number="48" hits="24140" branch="true" condition-coverage="100% (2/2)"/>
            <line number="49" hits="3412" branch="false"/>
            <line number="51" hits="20728" branch="true" condition-coverage="100% (2/2)"/>
            <line number="52" hits="803" branch="false"/>
            <line number="55" hits="24140" branch="false"/>
          </lines>
        </class>
      </classes>
    </package>
    <package name="src.resp.command" line-rate="0.8732" branch-rate="0.8116">
      <classes>
        <class name="client-command.ts" filename="src/resp/command/client-command.ts" line-rate="1" branch-rate="1">
          <methods>
            <method name="(anonymous_2)" hits="49" signature="()V">
              <lines>
                <line number="135" hits="49"/>
              </lines>
            </method>
            <method name="(anonymous_3)" hits="13" signature="()V">
              <lines>
                <line number="138" hits="13"/>
              </lines>
            </method>
            <method name="(anonymous_4)" hits="4" signature="()V">
              <lines>
                <line number="153" hits="4"/>
              </lines>
            </method>
            <method name="(anonymous_5)" hits="3" signature="()V">
              <lines>
                <line number="165" hits="3"/>
              </lines>
            </method>
            <method name="(anonymous_6)" hits="2" signature="()V">
              <lines>
                <line number="177" hits="2"/>
              </lines>
            </method>
            <method name="(anonymous_7)" hits="2" signature="()V">
              <lines>
                <line number="187" hits="2"/>
              </lines>
            </method>
          </methods>
          <lines>
            <line number="1" hits="1" branch="false"/>
            <line number="2" hits="1" branch="false"/>
            <line number="4" hits="1" branch="false"/>
            <line number="8" hits="1" branch="false"/>
            <line number="135" hits="1" branch="false"/>
            <line number="136" hits="1" branch="false"/>
            <line number="137" hits="49" branch="false"/>
            <line number="139" hits="13" branch="false"/>
            <line number="140" hits="13" branch="false"/>
            <line number="142" hits="4" branch="false"/>
            <line number="144" hits="3" branch="false"/>
            <line number="146" hits="2" branch="false"/>
            <line number="148" hits="2" branch="false"/>
            <line number="150" hits="2" branch="false"/>
            <line number="154" hits="4" branch="true" condition-coverage="100% (2/2)"/>
            <line number="155" hits="3" branch="false"/>
            <line number="156" hits="3" branch="true" condition-coverage="100% (2/2)"/>
            <line number="157" hits="1" branch="false"/>
            <line number="159" hits="2" branch="false"/>
            <line number="162" hits="1" branch="false"/>
            <line number="166" hits="3" branch="true" condition-coverage="100% (2/2)"/>
            <line number="167" hits="1" branch="false"/>
            <line number="169" hits="2" branch="false"/>
            <line number="170" hits="2" branch="false"/>
            <line number="171" hits="2" branch="true" condition-coverage="100% (2/2)"/>
            <line number="172" hits="1" branch="false"/>
            <line number="174" hits="1" branch="false"/>
            <line number="175" hits="1" branch="false"/>
            <line number="178" hits="2" branch="true" condition-coverage="100% (2/2)"/>
            <line number="179" hits="1" branch="false"/>
            <line number="182" hits="1" branch="false"/>
            <line number="184" hits="1" branch="false"/>
            <line number="188" hits="2" branch="false"/>
            <line number="189" hits="2" branch="true" condition-coverage="100% (2/2)"/>
            <line number="190" hits="1" branch="false"/>
            <line number="191" hits="1" branch="false"/>
            <line number="192" hits="1" branch="false"/>
            <line number="193" hits="1" branch="false"/>
            <line number="194" hits="1" branch="false"/>
            <line number="195" hits="1" branch="false"/>
            <line number="196" hits="1" branch="false"/>
            <line number="221" hits="1" branch="false"/>
            <line number="223" hits="1" branch="false"/>
          </lines>
        </class>
        <class name="null-command.ts" filename="src/resp/command/null-command.ts" line-rate="1" branch-rate="1">
          <methods>
            <method name="(anonymous_1)" hits="1" signature="()V">
              <lines>
                <line number="8" hits="1"/>
              </lines>
            </method>
            <method name="(anonymous_2)" hits="2" signature="()V">
              <lines>
                <line number="10" hits="2"/>
              </lines>
            </method>
          </methods>
          <lines>
            <line number="1" hits="1" branch="false"/>
            <line number="3" hits="1" branch="false"/>
            <line number="7" hits="1" branch="false"/>
            <line number="9" hits="1" branch="false"/>
            <line number="10" hits="1" branch="false"/>
            <line number="11" hits="2" branch="false"/>
            <line number="13" hits="1" branch="false"/>
            <line number="14" hits="1" branch="false"/>
          </lines>
        </class>
        <class name="script-command.ts" filename="src/resp/command/script-command.ts" line-rate="0.8332999999999999" branch-rate="0.75">
          <methods>
            <method name="(anonymous_1)" hits="147" signature="()V">
              <lines>
                <line number="35" hits="147"/>
              </lines>
            </method>
            <method name="(anonymous_2)" hits="20" signature="()V">
              <lines>
                <line number="38" hits="20"/>
              </lines>
            </method>
            <method name="(anonymous_3)" hits="10" signature="()V">
              <lines>
                <line number="100" hits="10"/>
              </lines>
            </method>
            <method name="(anonymous_4)" hits="10" signature="()V">
              <lines>
                <line number="137" hits="10"/>
              </lines>
            </method>
            <method name="(anonymous_5)" hits="7" signature="()V">
              <lines>
                <line number="209" hits="7"/>
              </lines>
            </method>
            <method name="(anonymous_6)" hits="9" signature="()V">
              <lines>
                <line number="285" hits="9"/>
              </lines>
            </method>
            <method name="(anonymous_7)" hits="49" signature="()V">
              <lines>
                <line number="288" hits="49"/>
              </lines>
            </method>
          </methods>
          <lines>
            <line number="1" hits="1" branch="false"/>
            <line number="2" hits="1" branch="false"/>
            <line number="5" hits="1" branch="false"/>
            <line number="9" hits="1" branch="false"/>
            <line number="10" hits="1" branch="false"/>
            <line number="11" hits="1" branch="false"/>
            <line number="12" hits="1" branch="false"/>
            <line number="35" hits="1" branch="false"/>
            <line number="36" hits="147" branch="false"/>
            <line number="37" hits="147" branch="false"/>
            <line number="39" hits="20" branch="false"/>
            <line number="41" hits="20" branch="false"/>
            <line number="44" hits="8" branch="false"/>
            <line number="45" hits="8" branch="true" condition-coverage="50% (1/2)"/>
            <line number="46" hits="8" branch="false"/>
            <line number="48" hits="0" branch="false"/>
            <line number="51" hits="3" branch="false"/>
            <line number="52" hits="3" branch="false"/>
            <line number="53" hits="3" branch="true" condition-coverage="100% (2/2)"/>
            <line number="54" hits="1" branch="false"/>
            <line number="56" hits="2" branch="false"/>
            <line number="58" hits="9" branch="false"/>
            <line number="60" hits="2" branch="false"/>
            <line number="61" hits="2" branch="true" condition-coverage="100% (2/2)"/>
            <line number="62" hits="1" branch="false"/>
            <line number="64" hits="1" branch="false"/>
            <line number="68" hits="2" branch="false"/>
            <line number="69" hits="2" branch="false"/>
            <line number="70" hits="2" branch="false"/>
            <line number="71" hits="2" branch="false"/>
            <line number="78" hits="5" branch="false"/>
            <line number="101" hits="10" branch="false"/>
            <line number="102" hits="10" branch="false"/>
            <line number="103" hits="10" branch="false"/>
            <line number="104" hits="10" branch="false"/>
            <line number="105" hits="10" branch="false"/>
            <line number="106" hits="10" branch="false"/>
            <line number="107" hits="10" branch="true" condition-coverage="100% (2/2)"/>
            <line number="108" hits="1" branch="false"/>
            <line number="109" hits="1" branch="false"/>
            <line number="110" hits="1" branch="false"/>
            <line number="112" hits="0" branch="false"/>
            <line number="113" hits="0" branch="false"/>
            <line number="115" hits="0" branch="false"/>
            <line number="116" hits="0" branch="false"/>
            <line number="118" hits="1" branch="false"/>
            <line number="119" hits="1" branch="false"/>
            <line number="121" hits="0" branch="false"/>
            <line number="122" hits="0" branch="false"/>
            <line number="124" hits="0" branch="false"/>
            <line number="125" hits="0" branch="false"/>
            <line number="127" hits="0" branch="false"/>
            <line number="128" hits="0" branch="false"/>
            <line number="130" hits="1" branch="false"/>
            <line number="132" hits="9" branch="false"/>
            <line number="133" hits="9" branch="false"/>
            <line number="134" hits="9" branch="false"/>
            <line number="135" hits="9" branch="false"/>
            <line number="138" hits="10" branch="false"/>
            <line number="143" hits="10" branch="false"/>
            <line number="144" hits="10" branch="false"/>
            <line number="145" hits="10" branch="false"/>
            <line number="146" hits="10" branch="true" condition-coverage="100% (2/2)"/>
            <line number="147" hits="1" branch="false"/>
            <line number="149" hits="9" branch="true" condition-coverage="100% (2/2)"/>
            <line number="150" hits="1" branch="false"/>
            <line number="152" hits="8" branch="false"/>
            <line number="153" hits="8" branch="false"/>
            <line number="154" hits="8" branch="false"/>
            <line number="155" hits="17" branch="true" condition-coverage="100% (2/2)"/>
            <line number="156" hits="9" branch="false"/>
            <line number="158" hits="8" branch="false"/>
            <line number="162" hits="8" branch="false"/>
            <line number="163" hits="8" branch="false"/>
            <line number="164" hits="8" branch="false"/>
            <line number="165" hits="8" branch="false"/>
            <line number="166" hits="8" branch="false"/>
            <line number="168" hits="8" branch="false"/>
            <line number="169" hits="9" branch="false"/>
            <line number="170" hits="9" branch="false"/>
            <line number="173" hits="8" branch="false"/>
            <line number="175" hits="8" branch="false"/>
            <line number="176" hits="8" branch="false"/>
            <line number="177" hits="8" branch="false"/>
            <line number="178" hits="8" branch="false"/>
            <line number="179" hits="8" branch="false"/>
            <line number="181" hits="8" branch="false"/>
            <line number="183" hits="8" branch="false"/>
            <line number="185" hits="8" branch="false"/>
            <line number="186" hits="8" branch="true" condition-coverage="50% (1/2)"/>
            <line number="187" hits="0" branch="false"/>
            <line number="188" hits="0" branch="false"/>
            <line number="190" hits="8" branch="false"/>
            <line number="191" hits="8" branch="false"/>
            <line number="192" hits="8" branch="true" condition-coverage="50% (1/2)"/>
            <line number="193" hits="8" branch="false"/>
            <line number="194" hits="8" branch="false"/>
            <line number="195" hits="8" branch="false"/>
            <line number="196" hits="8" branch="true" condition-coverage="100% (2/2)"/>
            <line number="197" hits="1" branch="false"/>
            <line number="199" hits="7" branch="false"/>
            <line number="202" hits="0" branch="false"/>
            <line number="203" hits="0" branch="false"/>
            <line number="205" hits="8" branch="false"/>
            <line number="206" hits="8" branch="false"/>
            <line number="207" hits="8" branch="false"/>
            <line number="211" hits="7" branch="false"/>
            <line number="212" hits="7" branch="false"/>
            <line number="213" hits="7" branch="false"/>
            <line number="214" hits="7" branch="false"/>
            <line number="216" hits="1" branch="false"/>
            <line number="217" hits="1" branch="false"/>
            <line number="218" hits="1" branch="false"/>
            <line number="219" hits="1" branch="false"/>
            <line number="221" hits="3" branch="false"/>
            <line number="222" hits="3" branch="false"/>
            <line number="223" hits="3" branch="false"/>
            <line number="224" hits="3" branch="false"/>
            <line number="226" hits="0" branch="false"/>
            <line number="227" hits="0" branch="false"/>
            <line number="228" hits="0" branch="false"/>
            <line number="229" hits="0" branch="false"/>
            <line number="231" hits="0" branch="false"/>
            <line number="232" hits="0" branch="false"/>
            <line number="233" hits="0" branch="false"/>
            <line number="234" hits="0" branch="false"/>
            <line number="236" hits="3" branch="false"/>
            <line number="237" hits="3" branch="false"/>
            <line number="238" hits="3" branch="false"/>
            <line number="239" hits="3" branch="false"/>
            <line number="243" hits="3" branch="false"/>
            <line number="244" hits="3" branch="false"/>
            <line number="245" hits="11" branch="false"/>
            <line number="246" hits="11" branch="false"/>
            <line number="248" hits="2" branch="false"/>
            <line number="249" hits="2" branch="false"/>
            <line number="250" hits="2" branch="false"/>
            <line number="252" hits="5" branch="false"/>
            <line number="253" hits="5" branch="true" condition-coverage="100% (2/2)"/>
            <line number="254" hits="2" branch="false"/>
            <line number="256" hits="3" branch="false"/>
            <line number="258" hits="5" branch="false"/>
            <line number="259" hits="5" branch="false"/>
            <line number="261" hits="4" branch="false"/>
            <line number="262" hits="4" branch="false"/>
            <line number="264" hits="11" branch="false"/>
            <line number="266" hits="11" branch="false"/>
            <line number="267" hits="11" branch="false"/>
            <line number="268" hits="11" branch="false"/>
            <line number="271" hits="3" branch="false"/>
            <line number="272" hits="3" branch="false"/>
            <line number="274" hits="0" branch="false"/>
            <line number="275" hits="0" branch="false"/>
            <line number="276" hits="0" branch="false"/>
            <line number="279" hits="7" branch="true" condition-coverage="50% (1/2)"/>
            <line number="280" hits="7" branch="false"/>
            <line number="282" hits="0" branch="false"/>
            <line number="286" hits="9" branch="false"/>
            <line number="287" hits="9" branch="true" condition-coverage="50% (1/2)"/>
            <line number="288" hits="9" branch="false"/>
            <line number="289" hits="49" branch="false"/>
            <line number="292" hits="9" branch="false"/>
          </lines>
        </class>
      </classes>
    </package>
    <package name="src.resp.command.db" line-rate="1" branch-rate="1">
      <classes>
        <class name="dbsize-command.ts" filename="src/resp/command/db/dbsize-command.ts" line-rate="1" branch-rate="1">
          <methods>
            <method name="(anonymous_1)" hits="49" signature="()V">
              <lines>
                <line number="21" hits="49"/>
              </lines>
            </method>
            <method name="(anonymous_2)" hits="67" signature="()V">
              <lines>
                <line number="23" hits="67"/>
              </lines>
            </method>
          </methods>
          <lines>
            <line number="1" hits="1" branch="false"/>
            <line number="2" hits="1" branch="false"/>
            <line number="5" hits="1" branch="false"/>
            <line number="21" hits="1" branch="false"/>
            <line number="22" hits="49" branch="false"/>
            <line number="24" hits="67" branch="false"/>
            <line number="25" hits="67" branch="false"/>
            <line number="26" hits="67" branch="false"/>
            <line number="27" hits="67" branch="false"/>
          </lines>
        </class>
        <class name="flushall-command.ts" filename="src/resp/command/db/flushall-command.ts" line-rate="1" branch-rate="1">
          <methods>
            <method name="(anonymous_1)" hits="49" signature="()V">
              <lines>
                <line number="22" hits="49"/>
              </lines>
            </method>
            <method name="(anonymous_2)" hits="13" signature="()V">
              <lines>
                <line number="24" hits="13"/>
              </lines>
            </method>
          </methods>
          <lines>
            <line number="1" hits="1" branch="false"/>
            <line number="2" hits="1" branch="false"/>
            <line number="5" hits="1" branch="false"/>
            <line number="22" hits="1" branch="false"/>
            <line number="23" hits="49" branch="false"/>
            <line number="25" hits="13" branch="false"/>
            <line number="26" hits="13" branch="false"/>
            <line number="27" hits="208" branch="false"/>
            <line number="28" hits="208" branch="false"/>
            <line number="29" hits="208" branch="false"/>
            <line number="30" hits="16" branch="false"/>
            <line number="31" hits="16" branch="false"/>
            <line number="34" hits="13" branch="false"/>
          </lines>
        </class>
        <class name="flushdb-command.ts" filename="src/resp/command/db/flushdb-command.ts" line-rate="1" branch-rate="1">
          <methods>
            <method name="(anonymous_1)" hits="49" signature="()V">
              <lines>
                <line number="24" hits="49"/>
              </lines>
            </method>
            <method name="(anonymous_2)" hits="18" signature="()V">
              <lines>
                <line number="26" hits="18"/>
              </lines>
            </method>
          </methods>
          <lines>
            <line number="1" hits="1" branch="false"/>
            <line number="2" hits="1" branch="false"/>
            <line number="6" hits="1" branch="false"/>
            <line number="24" hits="1" branch="false"/>
            <line number="25" hits="49" branch="false"/>
            <line number="27" hits="18" branch="false"/>
            <line number="28" hits="18" branch="false"/>
            <line number="29" hits="18" branch="false"/>
            <line number="30" hits="18" branch="false"/>
            <line number="32" hits="18" branch="false"/>
          </lines>
        </class>
        <class name="select-command.ts" filename="src/resp/command/db/select-command.ts" line-rate="1" branch-rate="1">
          <methods>
            <method name="(anonymous_1)" hits="49" signature="()V">
              <lines>
                <line number="47" hits="49"/>
              </lines>
            </method>
            <method name="(anonymous_2)" hits="81" signature="()V">
              <lines>
                <line number="49" hits="81"/>
              </lines>
            </method>
          </methods>
          <lines>
            <line number="1" hits="1" branch="false"/>
            <line number="2" hits="1" branch="false"/>
            <line number="5" hits="1" branch="false"/>
            <line number="47" hits="1" branch="false"/>
            <line number="48" hits="49" branch="false"/>
            <line number="50" hits="81" branch="false"/>
            <line number="51" hits="81" branch="false"/>
            <line number="52" hits="81" branch="false"/>
            <line number="53" hits="81" branch="true" condition-coverage="100% (2/2)"/>
            <line number="54" hits="1" branch="false"/>
            <line number="56" hits="80" branch="true" condition-coverage="100% (2/2)"/>
            <line number="57" hits="79" branch="true" condition-coverage="100% (2/2)"/>
            <line number="58" hits="78" branch="false"/>
            <line number="60" hits="1" branch="false"/>
            <line number="63" hits="1" branch="false"/>
            <line number="65" hits="78" branch="false"/>
          </lines>
        </class>
      </classes>
    </package>
    <package name="src.resp.command.hash" line-rate="1" branch-rate="1">
      <classes>
        <class name="hget-command.ts" filename="src/resp/command/hash/hget-command.ts" line-rate="1" branch-rate="1">
          <methods>
            <method name="(anonymous_1)" hits="49" signature="()V">
              <lines>
                <line number="25" hits="49"/>
              </lines>
            </method>
            <method name="(anonymous_2)" hits="4" signature="()V">
              <lines>
                <line number="27" hits="4"/>
              </lines>
            </method>
          </methods>
          <lines>
            <line number="1" hits="1" branch="false"/>
            <line number="2" hits="1" branch="false"/>
            <line number="4" hits="1" branch="false"/>
            <line number="7" hits="1" branch="false"/>
            <line number="25" hits="1" branch="false"/>
            <line number="26" hits="49" branch="false"/>
            <line number="28" hits="4" branch="false"/>
            <line number="30" hits="4" branch="false"/>
            <line number="31" hits="4" branch="true" condition-coverage="100% (2/2)"/>
            <line number="32" hits="1" branch="false"/>
            <line number="34" hits="3" branch="false"/>
            <line number="35" hits="3" branch="true" condition-coverage="100% (2/2)"/>
            <line number="36" hits="1" branch="false"/>
            <line number="38" hits="2" branch="false"/>
          </lines>
        </class>
        <class name="hset-command.ts" filename="src/resp/command/hash/hset-command.ts" line-rate="1" branch-rate="1">
          <methods>
            <method name="(anonymous_1)" hits="49" signature="()V">
              <lines>
                <line number="28" hits="49"/>
              </lines>
            </method>
            <method name="(anonymous_2)" hits="9" signature="()V">
              <lines>
                <line number="30" hits="9"/>
              </lines>
            </method>
          </methods>
          <lines>
            <line number="1" hits="1" branch="false"/>
            <line number="2" hits="1" branch="false"/>
            <line number="4" hits="1" branch="false"/>
            <line number="6" hits="1" branch="false"/>
            <line number="7" hits="1" branch="false"/>
            <line number="28" hits="1" branch="false"/>
            <line number="29" hits="49" branch="false"/>
            <line number="31" hits="9" branch="false"/>
            <line number="33" hits="9" branch="true" condition-coverage="100% (2/2)"/>
            <line number="34" hits="1" branch="false"/>
            <line number="37" hits="8" branch="false"/>
            <line number="38" hits="8" branch="false"/>
            <line number="39" hits="8" branch="false"/>
            <line number="40" hits="8" branch="false"/>
            <line number="41" hits="8" branch="true" condition-coverage="100% (2/2)"/>
            <line number="42" hits="7" branch="false"/>
            <line number="43" hits="7" branch="false"/>
            <line number="45" hits="8" branch="false"/>
            <line number="46" hits="8" branch="false"/>
            <line number="47" hits="8" branch="false"/>
            <line number="48" hits="8" branch="false"/>
            <line number="49" hits="8" branch="false"/>
            <line number="50" hits="8" branch="false"/>
            <line number="51" hits="8" branch="false"/>
            <line number="52" hits="8" branch="false"/>
            <line number="53" hits="8" branch="true" condition-coverage="100% (2/2)"/>
            <line number="54" hits="7" branch="false"/>
            <line number="55" hits="7" branch="false"/>
            <line number="57" hits="1" branch="false"/>
            <line number="59" hits="8" branch="false"/>
            <line number="61" hits="8" branch="false"/>
            <line number="65" hits="8" branch="false"/>
            <line number="66" hits="8" branch="false"/>
          </lines>
        </class>
      </classes>
    </package>
    <package name="src.resp.command.key" line-rate="1" branch-rate="1">
      <classes>
        <class name="del-command.ts" filename="src/resp/command/key/del-command.ts" line-rate="1" branch-rate="1">
          <methods>
            <method name="(anonymous_1)" hits="49" signature="()V">
              <lines>
                <line number="21" hits="49"/>
              </lines>
            </method>
            <method name="(anonymous_2)" hits="3" signature="()V">
              <lines>
                <line number="23" hits="3"/>
              </lines>
            </method>
          </methods>
          <lines>
            <line number="1" hits="1" branch="false"/>
            <line number="2" hits="1" branch="false"/>
            <line number="4" hits="1" branch="false"/>
            <line number="6" hits="1" branch="false"/>
            <line number="21" hits="1" branch="false"/>
            <line number="22" hits="49" branch="false"/>
            <line number="24" hits="3" branch="false"/>
            <line number="25" hits="3" branch="false"/>
            <line number="26" hits="3" branch="false"/>
            <line number="27" hits="6" branch="true" condition-coverage="100% (2/2)"/>
            <line number="28" hits="3" branch="false"/>
            <line number="31" hits="3" branch="false"/>
          </lines>
        </class>
        <class name="exists-command.ts" filename="src/resp/command/key/exists-command.ts" line-rate="1" branch-rate="1">
          <methods>
            <method name="(anonymous_1)" hits="49" signature="()V">
              <lines>
                <line number="37" hits="49"/>
              </lines>
            </method>
            <method name="(anonymous_2)" hits="53" signature="()V">
              <lines>
                <line number="39" hits="53"/>
              </lines>
            </method>
          </methods>
          <lines>
            <line number="1" hits="1" branch="false"/>
            <line number="2" hits="1" branch="false"/>
            <line number="5" hits="1" branch="false"/>
            <line number="37" hits="1" branch="false"/>
            <line number="38" hits="49" branch="false"/>
            <line number="40" hits="53" branch="false"/>
            <line number="41" hits="53" branch="false"/>
            <line number="42" hits="53" branch="false"/>
            <line number="43" hits="60" branch="true" condition-coverage="100% (2/2)"/>
            <line number="44" hits="16" branch="false"/>
            <line number="47" hits="53" branch="false"/>
            <line number="48" hits="53" branch="false"/>
          </lines>
        </class>
        <class name="expire-command.ts" filename="src/resp/command/key/expire-command.ts" line-rate="1" branch-rate="1">
          <methods>
            <method name="(anonymous_1)" hits="49" signature="()V">
              <lines>
                <line number="55" hits="49"/>
              </lines>
            </method>
            <method name="(anonymous_2)" hits="7" signature="()V">
              <lines>
                <line number="57" hits="7"/>
              </lines>
            </method>
          </methods>
          <lines>
            <line number="1" hits="1" branch="false"/>
            <line number="2" hits="1" branch="false"/>
            <line number="6" hits="1" branch="false"/>
            <line number="55" hits="1" branch="false"/>
            <line number="56" hits="49" branch="false"/>
            <line number="58" hits="7" branch="false"/>
            <line number="59" hits="7" branch="false"/>
            <line number="60" hits="7" branch="false"/>
            <line number="61" hits="7" branch="false"/>
            <line number="62" hits="7" branch="true" condition-coverage="100% (2/2)"/>
            <line number="63" hits="1" branch="false"/>
            <line number="64" hits="1" branch="false"/>
            <line number="66" hits="6" branch="false"/>
            <line number="67" hits="6" branch="true" condition-coverage="100% (4/4)"/>
            <line number="68" hits="2" branch="false"/>
            <line number="69" hits="2" branch="false"/>
            <line number="71" hits="4" branch="false"/>
            <line number="72" hits="4" branch="true" condition-coverage="100% (2/2)"/>
            <line number="73" hits="4" branch="false"/>
            <line number="74" hits="4" branch="false"/>
            <line number="75" hits="4" branch="false"/>
            <line number="77" hits="4" branch="true" condition-coverage="100% (2/2)"/>
            <line number="78" hits="1" branch="false"/>
            <line number="79" hits="1" branch="false"/>
            <line number="82" hits="3" branch="false"/>
            <line number="83" hits="3" branch="false"/>
          </lines>
        </class>
        <class name="keys-command.ts" filename="src/resp/command/key/keys-command.ts" line-rate="1" branch-rate="1">
          <methods>
            <method name="(anonymous_1)" hits="49" signature="()V">
              <lines>
                <line number="40" hits="49"/>
              </lines>
            </method>
            <method name="(anonymous_2)" hits="3" signature="()V">
              <lines>
                <line number="42" hits="3"/>
              </lines>
            </method>
            <method name="(anonymous_3)" hits="4" signature="()V">
              <lines>
                <line number="57" hits="4"/>
              </lines>
            </method>
          </methods>
          <lines>
            <line number="1" hits="1" branch="false"/>
            <line number="2" hits="1" branch="false"/>
            <line number="6" hits="1" branch="false"/>
            <line number="40" hits="1" branch="false"/>
            <line number="41" hits="49" branch="false"/>
            <line number="43" hits="3" branch="false"/>
            <line number="44" hits="3" branch="false"/>
            <line number="45" hits="3" branch="false"/>
            <line number="46" hits="3" branch="false"/>
            <line number="47" hits="3" branch="false"/>
            <line number="48" hits="3" branch="false"/>
            <line number="49" hits="9" branch="true" condition-coverage="100% (2/2)"/>
            <line number="50" hits="6" branch="false"/>
            <line number="51" hits="6" branch="false"/>
            <line number="53" hits="3" branch="false"/>
            <line number="57" hits="4" branch="true" condition-coverage="100% (2/2)"/>
          </lines>
        </class>
        <class name="move-command.ts" filename="src/resp/command/key/move-command.ts" line-rate="1" branch-rate="1">
          <methods>
            <method name="(anonymous_1)" hits="49" signature="()V">
              <lines>
                <line number="31" hits="49"/>
              </lines>
            </method>
            <method name="(anonymous_2)" hits="6" signature="()V">
              <lines>
                <line number="33" hits="6"/>
              </lines>
            </method>
          </methods>
          <lines>
            <line number="1" hits="1" branch="false"/>
            <line number="2" hits="1" branch="false"/>
            <line number="6" hits="1" branch="false"/>
            <line number="31" hits="1" branch="false"/>
            <line number="32" hits="49" branch="false"/>
            <line number="34" hits="6" branch="false"/>
            <line number="35" hits="6" branch="false"/>
            <line number="36" hits="6" branch="false"/>
            <line number="37" hits="6" branch="false"/>
            <line number="39" hits="6" branch="false"/>
            <line number="40" hits="6" branch="false"/>
            <line number="41" hits="6" branch="false"/>
            <line number="42" hits="6" branch="true" condition-coverage="100% (5/5)"/>
            <line number="43" hits="1" branch="false"/>
            <line number="44" hits="1" branch="false"/>
            <line number="46" hits="5" branch="true" condition-coverage="100% (2/2)"/>
            <line number="47" hits="2" branch="false"/>
            <line number="50" hits="3" branch="false"/>
            <line number="52" hits="3" branch="true" condition-coverage="100% (2/2)"/>
            <line number="53" hits="1" branch="false"/>
            <line number="54" hits="1" branch="false"/>
            <line number="57" hits="2" branch="false"/>
            <line number="58" hits="2" branch="false"/>
            <line number="59" hits="2" branch="true" condition-coverage="100% (2/2)"/>
            <line number="60" hits="1" branch="false"/>
            <line number="61" hits="1" branch="false"/>
            <line number="63" hits="1" branch="false"/>
            <line number="64" hits="1" branch="false"/>
            <line number="65" hits="1" branch="false"/>
            <line number="66" hits="1" branch="false"/>
            <line number="67" hits="1" branch="false"/>
          </lines>
        </class>
        <class name="randomkey-command.ts" filename="src/resp/command/key/randomkey-command.ts" line-rate="1" branch-rate="1">
          <methods>
            <method name="(anonymous_1)" hits="49" signature="()V">
              <lines>
                <line number="21" hits="49"/>
              </lines>
            </method>
            <method name="(anonymous_2)" hits="16" signature="()V">
              <lines>
                <line number="23" hits="16"/>
              </lines>
            </method>
          </methods>
          <lines>
            <line number="1" hits="1" branch="false"/>
            <line number="2" hits="1" branch="false"/>
            <line number="7" hits="1" branch="false"/>
            <line number="21" hits="1" branch="false"/>
            <line number="22" hits="49" branch="false"/>
            <line number="24" hits="16" branch="false"/>
            <line number="25" hits="16" branch="false"/>
            <line number="26" hits="16" branch="false"/>
            <line number="27" hits="16" branch="false"/>
            <line number="28" hits="16" branch="false"/>
          </lines>
        </class>
        <class name="rename-command.ts" filename="src/resp/command/key/rename-command.ts" line-rate="1" branch-rate="1">
          <methods>
            <method name="(anonymous_1)" hits="49" signature="()V">
              <lines>
                <line number="30" hits="49"/>
              </lines>
            </method>
            <method name="(anonymous_2)" hits="4" signature="()V">
              <lines>
                <line number="32" hits="4"/>
              </lines>
            </method>
          </methods>
          <lines>
            <line number="1" hits="1" branch="false"/>
            <line number="2" hits="1" branch="false"/>
            <line number="6" hits="1" branch="false"/>
            <line number="30" hits="1" branch="false"/>
            <line number="31" hits="49" branch="false"/>
            <line number="33" hits="4" branch="false"/>
            <line number="34" hits="4" branch="false"/>
            <line number="35" hits="4" branch="false"/>
            <line number="36" hits="4" branch="false"/>
            <line number="37" hits="4" branch="true" condition-coverage="100% (2/2)"/>
            <line number="38" hits="1" branch="false"/>
            <line number="39" hits="1" branch="false"/>
            <line number="41" hits="3" branch="false"/>
            <line number="42" hits="3" branch="false"/>
            <line number="43" hits="3" branch="false"/>
          </lines>
        </class>
        <class name="renamenx-command.ts" filename="src/resp/command/key/renamenx-command.ts" line-rate="1" branch-rate="1">
          <methods>
            <method name="(anonymous_1)" hits="49" signature="()V">
              <lines>
                <line number="41" hits="49"/>
              </lines>
            </method>
            <method name="(anonymous_2)" hits="3" signature="()V">
              <lines>
                <line number="43" hits="3"/>
              </lines>
            </method>
          </methods>
          <lines>
            <line number="1" hits="1" branch="false"/>
            <line number="2" hits="1" branch="false"/>
            <line number="6" hits="1" branch="false"/>
            <line number="41" hits="1" branch="false"/>
            <line number="42" hits="49" branch="false"/>
            <line number="44" hits="3" branch="false"/>
            <line number="45" hits="3" branch="false"/>
            <line number="46" hits="3" branch="false"/>
            <line number="47" hits="3" branch="false"/>
            <line number="48" hits="3" branch="true" condition-coverage="100% (2/2)"/>
            <line number="49" hits="1" branch="false"/>
            <line number="50" hits="1" branch="false"/>
            <line number="52" hits="2" branch="true" condition-coverage="100% (2/2)"/>
            <line number="53" hits="1" branch="false"/>
            <line number="54" hits="1" branch="false"/>
            <line number="56" hits="1" branch="false"/>
            <line number="57" hits="1" branch="false"/>
            <line number="58" hits="1" branch="false"/>
          </lines>
        </class>
        <class name="ttl-command.ts" filename="src/resp/command/key/ttl-command.ts" line-rate="1" branch-rate="1">
          <methods>
            <method name="(anonymous_1)" hits="49" signature="()V">
              <lines>
                <line number="45" hits="49"/>
              </lines>
            </method>
            <method name="(anonymous_2)" hits="3" signature="()V">
              <lines>
                <line number="47" hits="3"/>
              </lines>
            </method>
          </methods>
          <lines>
            <line number="1" hits="1" branch="false"/>
            <line number="2" hits="1" branch="false"/>
            <line number="6" hits="1" branch="false"/>
            <line number="45" hits="1" branch="false"/>
            <line number="46" hits="49" branch="false"/>
            <line number="48" hits="3" branch="false"/>
            <line number="49" hits="3" branch="false"/>
            <line number="50" hits="3" branch="false"/>
            <line number="51" hits="3" branch="false"/>
            <line number="52" hits="3" branch="false"/>
            <line number="53" hits="3" branch="true" condition-coverage="100% (2/2)"/>
            <line number="54" hits="2" branch="false"/>
            <line number="56" hits="3" branch="false"/>
          </lines>
        </class>
        <class name="type-command.ts" filename="src/resp/command/key/type-command.ts" line-rate="1" branch-rate="1">
          <methods>
            <method name="(anonymous_1)" hits="49" signature="()V">
              <lines>
                <line number="24" hits="49"/>
              </lines>
            </method>
            <method name="(anonymous_2)" hits="21" signature="()V">
              <lines>
                <line number="26" hits="21"/>
              </lines>
            </method>
          </methods>
          <lines>
            <line number="1" hits="1" branch="false"/>
            <line number="2" hits="1" branch="false"/>
            <line number="4" hits="1" branch="false"/>
            <line number="7" hits="1" branch="false"/>
            <line number="24" hits="1" branch="false"/>
            <line number="25" hits="49" branch="false"/>
            <line number="27" hits="21" branch="false"/>
            <line number="28" hits="21" branch="false"/>
            <line number="29" hits="21" branch="false"/>
            <line number="30" hits="21" branch="true" condition-coverage="100% (2/2)"/>
            <line number="31" hits="20" branch="false"/>
            <line number="33" hits="1" branch="false"/>
          </lines>
        </class>
      </classes>
    </package>
    <package name="src.resp.command.list" line-rate="1" branch-rate="0.9884999999999999">
      <classes>
        <class name="lindex-command.ts" filename="src/resp/command/list/lindex-command.ts" line-rate="1" branch-rate="1">
          <methods>
            <method name="(anonymous_1)" hits="49" signature="()V">
              <lines>
                <line number="28" hits="49"/>
              </lines>
            </method>
            <method name="(anonymous_2)" hits="10" signature="()V">
              <lines>
                <line number="30" hits="10"/>
              </lines>
            </method>
          </methods>
          <lines>
            <line number="1" hits="1" branch="false"/>
            <line number="2" hits="1" branch="false"/>
            <line number="4" hits="1" branch="false"/>
            <line number="7" hits="1" branch="false"/>
            <line number="28" hits="1" branch="false"/>
            <line number="29" hits="49" branch="false"/>
            <line number="31" hits="10" branch="false"/>
            <line number="32" hits="10" branch="false"/>
            <line number="33" hits="10" branch="false"/>
            <line number="34" hits="10" branch="false"/>
            <line number="35" hits="10" branch="true" condition-coverage="100% (2/2)"/>
            <line number="36" hits="1" branch="false"/>
            <line number="37" hits="1" branch="false"/>
            <line number="39" hits="9" branch="false"/>
            <line number="40" hits="9" branch="true" condition-coverage="100% (4/4)"/>
            <line number="41" hits="1" branch="false"/>
            <line number="43" hits="8" branch="true" condition-coverage="100% (2/2)"/>
            <line number="45" hits="8" branch="false"/>
            <line number="46" hits="8" branch="false"/>
            <line number="47" hits="8" branch="false"/>
          </lines>
        </class>
        <class name="llen-command.ts" filename="src/resp/command/list/llen-command.ts" line-rate="1" branch-rate="1">
          <methods>
            <method name="(anonymous_1)" hits="49" signature="()V">
              <lines>
                <line number="25" hits="49"/>
              </lines>
            </method>
            <method name="(anonymous_2)" hits="11" signature="()V">
              <lines>
                <line number="27" hits="11"/>
              </lines>
            </method>
          </methods>
          <lines>
            <line number="1" hits="1" branch="false"/>
            <line number="2" hits="1" branch="false"/>
            <line number="4" hits="1" branch="false"/>
            <line number="7" hits="1" branch="false"/>
            <line number="25" hits="1" branch="false"/>
            <line number="26" hits="49" branch="false"/>
            <line number="28" hits="11" branch="false"/>
            <line number="29" hits="11" branch="false"/>
            <line number="30" hits="11" branch="false"/>
            <line number="31" hits="11" branch="false"/>
            <line number="32" hits="11" branch="true" condition-coverage="100% (2/2)"/>
            <line number="33" hits="1" branch="false"/>
            <line number="34" hits="1" branch="false"/>
            <line number="37" hits="10" branch="false"/>
            <line number="38" hits="10" branch="false"/>
          </lines>
        </class>
        <class name="lpop-command.ts" filename="src/resp/command/list/lpop-command.ts" line-rate="1" branch-rate="1">
          <methods>
            <method name="(anonymous_1)" hits="49" signature="()V">
              <lines>
                <line number="23" hits="49"/>
              </lines>
            </method>
            <method name="(anonymous_2)" hits="7" signature="()V">
              <lines>
                <line number="25" hits="7"/>
              </lines>
            </method>
          </methods>
          <lines>
            <line number="1" hits="1" branch="false"/>
            <line number="2" hits="1" branch="false"/>
            <line number="4" hits="1" branch="false"/>
            <line number="7" hits="1" branch="false"/>
            <line number="23" hits="1" branch="false"/>
            <line number="24" hits="49" branch="false"/>
            <line number="26" hits="7" branch="false"/>
            <line number="27" hits="7" branch="false"/>
            <line number="28" hits="7" branch="false"/>
            <line number="29" hits="7" branch="false"/>
            <line number="30" hits="7" branch="true" condition-coverage="100% (2/2)"/>
            <line number="31" hits="2" branch="false"/>
            <line number="32" hits="2" branch="false"/>
            <line number="34" hits="5" branch="false"/>
            <line number="35" hits="5" branch="false"/>
            <line number="36" hits="5" branch="true" condition-coverage="100% (2/2)"/>
            <line number="37" hits="4" branch="false"/>
            <line number="39" hits="1" branch="false"/>
            <line number="41" hits="5" branch="false"/>
            <line number="42" hits="5" branch="false"/>
          </lines>
        </class>
        <class name="lpush-command.ts" filename="src/resp/command/list/lpush-command.ts" line-rate="1" branch-rate="0.5">
          <methods>
            <method name="(anonymous_1)" hits="49" signature="()V">
              <lines>
                <line number="31" hits="49"/>
              </lines>
            </method>
            <method name="(anonymous_2)" hits="4" signature="()V">
              <lines>
                <line number="33" hits="4"/>
              </lines>
            </method>
          </methods>
          <lines>
            <line number="1" hits="1" branch="false"/>
            <line number="2" hits="1" branch="false"/>
            <line number="4" hits="1" branch="false"/>
            <line number="6" hits="1" branch="false"/>
            <line number="7" hits="1" branch="false"/>
            <line number="31" hits="1" branch="false"/>
            <line number="32" hits="49" branch="false"/>
            <line number="34" hits="4" branch="false"/>
            <line number="35" hits="4" branch="false"/>
            <line number="36" hits="4" branch="false"/>
            <line number="37" hits="4" branch="false"/>
            <line number="38" hits="4" branch="true" condition-coverage="50% (1/2)"/>
            <line number="39" hits="4" branch="false"/>
            <line number="40" hits="4" branch="false"/>
            <line number="42" hits="4" branch="false"/>
            <line number="43" hits="6" branch="false"/>
            <line number="44" hits="6" branch="false"/>
            <line number="45" hits="6" branch="false"/>
            <line number="47" hits="4" branch="false"/>
            <line number="48" hits="4" branch="false"/>
            <line number="49" hits="4" branch="false"/>
            <line number="50" hits="4" branch="false"/>
          </lines>
        </class>
        <class name="lrange-command.ts" filename="src/resp/command/list/lrange-command.ts" line-rate="1" branch-rate="1">
          <methods>
            <method name="(anonymous_1)" hits="49" signature="()V">
              <lines>
                <line number="39" hits="49"/>
              </lines>
            </method>
            <method name="(anonymous_2)" hits="22" signature="()V">
              <lines>
                <line number="41" hits="22"/>
              </lines>
            </method>
          </methods>
          <lines>
            <line number="1" hits="1" branch="false"/>
            <line number="2" hits="1" branch="false"/>
            <line number="4" hits="1" branch="false"/>
            <line number="6" hits="1" branch="false"/>
            <line number="7" hits="1" branch="false"/>
            <line number="39" hits="1" branch="false"/>
            <line number="40" hits="49" branch="false"/>
            <line number="42" hits="22" branch="false"/>
            <line number="43" hits="22" branch="false"/>
            <line number="44" hits="22" branch="false"/>
            <line number="45" hits="22" branch="false"/>
            <line number="46" hits="22" branch="true" condition-coverage="100% (2/2)"/>
            <line number="47" hits="4" branch="false"/>
            <line number="48" hits="4" branch="false"/>
            <line number="50" hits="22" branch="false"/>
            <line number="51" hits="22" branch="false"/>
            <line number="52" hits="22" branch="false"/>
            <line number="53" hits="22" branch="false"/>
            <line number="54" hits="22" branch="false"/>
            <line number="55" hits="22" branch="true" condition-coverage="100% (6/6)"/>
            <line number="56" hits="2" branch="false"/>
            <line number="57" hits="2" branch="false"/>
            <line number="60" hits="20" branch="true" condition-coverage="100% (2/2)"/>
            <line number="61" hits="3" branch="false"/>
            <line number="62" hits="3" branch="true" condition-coverage="100% (2/2)"/>
            <line number="63" hits="2" branch="false"/>
            <line number="66" hits="20" branch="true" condition-coverage="100% (2/2)"/>
            <line number="67" hits="3" branch="false"/>
            <line number="68" hits="3" branch="true" condition-coverage="100% (2/2)"/>
            <line number="69" hits="1" branch="false"/>
            <line number="72" hits="20" branch="false"/>
            <line number="73" hits="20" branch="false"/>
            <line number="74" hits="20" branch="false"/>
            <line number="75" hits="46" branch="false"/>
            <line number="77" hits="20" branch="false"/>
          </lines>
        </class>
        <class name="lrem-command.ts" filename="src/resp/command/list/lrem-command.ts" line-rate="1" branch-rate="1">
          <methods>
            <method name="(anonymous_1)" hits="49" signature="()V">
              <lines>
                <line number="51" hits="49"/>
              </lines>
            </method>
            <method name="(anonymous_2)" hits="8" signature="()V">
              <lines>
                <line number="53" hits="8"/>
              </lines>
            </method>
          </methods>
          <lines>
            <line number="1" hits="1" branch="false"/>
            <line number="2" hits="1" branch="false"/>
            <line number="4" hits="1" branch="false"/>
            <line number="7" hits="1" branch="false"/>
            <line number="51" hits="1" branch="false"/>
            <line number="52" hits="49" branch="false"/>
            <line number="54" hits="8" branch="false"/>
            <line number="55" hits="8" branch="false"/>
            <line number="56" hits="8" branch="false"/>
            <line number="57" hits="8" branch="false"/>
            <line number="58" hits="8" branch="false"/>
            <line number="60" hits="8" branch="false"/>
            <line number="61" hits="8" branch="false"/>
            <line number="62" hits="8" branch="true" condition-coverage="100% (4/4)"/>
            <line number="63" hits="2" branch="false"/>
            <line number="64" hits="2" branch="false"/>
            <line number="66" hits="6" branch="true" condition-coverage="100% (2/2)"/>
            <line number="67" hits="1" branch="false"/>
            <line number="68" hits="1" branch="false"/>
            <line number="70" hits="5" branch="false"/>
            <line number="72" hits="5" branch="false"/>
            <line number="73" hits="5" branch="false"/>
            <line number="74" hits="14" branch="true" condition-coverage="100% (2/2)"/>
            <line number="75" hits="10" branch="false"/>
            <line number="78" hits="5" branch="false"/>
            <line number="79" hits="5" branch="false"/>
            <line number="81" hits="5" branch="false"/>
            <line number="82" hits="8" branch="false"/>
            <line number="83" hits="8" branch="false"/>
            <line number="85" hits="1" branch="false"/>
            <line number="86" hits="1" branch="false"/>
            <line number="88" hits="3" branch="true" condition-coverage="100% (2/2)"/>
            <line number="89" hits="2" branch="false"/>
            <line number="90" hits="2" branch="false"/>
            <line number="92" hits="3" branch="false"/>
            <line number="95" hits="4" branch="false"/>
            <line number="97" hits="8" branch="true" condition-coverage="100% (2/2)"/>
            <line number="99" hits="7" branch="false"/>
            <line number="100" hits="7" branch="true" condition-coverage="100% (4/4)"/>
            <line number="101" hits="2" branch="false"/>
            <line number="105" hits="5" branch="false"/>
            <line number="106" hits="5" branch="false"/>
            <line number="107" hits="7" branch="false"/>
            <line number="108" hits="7" branch="false"/>
            <line number="109" hits="7" branch="false"/>
            <line number="110" hits="7" branch="false"/>
            <line number="112" hits="5" branch="false"/>
            <line number="113" hits="5" branch="true" condition-coverage="100% (2/2)"/>
            <line number="114" hits="4" branch="false"/>
            <line number="115" hits="4" branch="false"/>
            <line number="117" hits="1" branch="false"/>
            <line number="118" hits="1" branch="false"/>
            <line number="120" hits="5" branch="false"/>
          </lines>
        </class>
        <class name="lset-command.ts" filename="src/resp/command/list/lset-command.ts" line-rate="1" branch-rate="1">
          <methods>
            <method name="(anonymous_1)" hits="49" signature="()V">
              <lines>
                <line number="29" hits="49"/>
              </lines>
            </method>
            <method name="(anonymous_2)" hits="3" signature="()V">
              <lines>
                <line number="31" hits="3"/>
              </lines>
            </method>
          </methods>
          <lines>
            <line number="1" hits="1" branch="false"/>
            <line number="2" hits="1" branch="false"/>
            <line number="4" hits="1" branch="false"/>
            <line number="7" hits="1" branch="false"/>
            <line number="29" hits="1" branch="false"/>
            <line number="30" hits="49" branch="false"/>
            <line number="32" hits="3" branch="false"/>
            <line number="33" hits="3" branch="false"/>
            <line number="34" hits="3" branch="false"/>
            <line number="35" hits="3" branch="false"/>
            <line number="36" hits="3" branch="true" condition-coverage="100% (2/2)"/>
            <line number="37" hits="1" branch="false"/>
            <line number="38" hits="1" branch="false"/>
            <line number="41" hits="2" branch="false"/>
            <line number="42" hits="2" branch="false"/>
            <line number="43" hits="2" branch="true" condition-coverage="100% (4/4)"/>
            <line number="44" hits="1" branch="false"/>
            <line number="45" hits="1" branch="false"/>
            <line number="47" hits="1" branch="false"/>
            <line number="48" hits="1" branch="false"/>
            <line number="49" hits="1" branch="false"/>
            <line number="50" hits="1" branch="false"/>
            <line number="51" hits="1" branch="false"/>
          </lines>
        </class>
        <class name="ltrim-command.ts" filename="src/resp/command/list/ltrim-command.ts" line-rate="1" branch-rate="1">
          <methods>
            <method name="(anonymous_1)" hits="49" signature="()V">
              <lines>
                <line number="62" hits="49"/>
              </lines>
            </method>
            <method name="(anonymous_2)" hits="9" signature="()V">
              <lines>
                <line number="64" hits="9"/>
              </lines>
            </method>
          </methods>
          <lines>
            <line number="1" hits="1" branch="false"/>
            <line number="2" hits="1" branch="false"/>
            <line number="4" hits="1" branch="false"/>
            <line number="7" hits="1" branch="false"/>
            <line number="62" hits="1" branch="false"/>
            <line number="63" hits="49" branch="false"/>
            <line number="65" hits="9" branch="false"/>
            <line number="66" hits="9" branch="false"/>
            <line number="67" hits="9" branch="false"/>
            <line number="68" hits="9" branch="false"/>
            <line number="69" hits="9" branch="false"/>
            <line number="70" hits="9" branch="false"/>
            <line number="71" hits="9" branch="true" condition-coverage="100% (6/6)"/>
            <line number="72" hits="1" branch="false"/>
            <line number="73" hits="1" branch="false"/>
            <line number="75" hits="8" branch="false"/>
            <line number="76" hits="8" branch="false"/>
            <line number="77" hits="8" branch="true" condition-coverage="100% (2/2)"/>
            <line number="78" hits="1" branch="false"/>
            <line number="79" hits="1" branch="false"/>
            <line number="81" hits="7" branch="false"/>
            <line number="83" hits="7" branch="true" condition-coverage="100% (2/2)"/>
            <line number="84" hits="4" branch="false"/>
            <line number="85" hits="4" branch="true" condition-coverage="100% (2/2)"/>
            <line number="86" hits="3" branch="false"/>
            <line number="89" hits="7" branch="true" condition-coverage="100% (2/2)"/>
            <line number="90" hits="2" branch="false"/>
            <line number="93" hits="7" branch="false"/>
            <line number="95" hits="7" branch="false"/>
            <line number="97" hits="7" branch="false"/>
            <line number="98" hits="7" branch="true" condition-coverage="100% (2/2)"/>
            <line number="99" hits="5" branch="false"/>
            <line number="100" hits="5" branch="false"/>
            <line number="102" hits="2" branch="false"/>
            <line number="103" hits="2" branch="false"/>
            <line number="105" hits="7" branch="false"/>
          </lines>
        </class>
        <class name="rpop-command.ts" filename="src/resp/command/list/rpop-command.ts" line-rate="1" branch-rate="1">
          <methods>
            <method name="(anonymous_1)" hits="49" signature="()V">
              <lines>
                <line number="23" hits="49"/>
              </lines>
            </method>
            <method name="(anonymous_2)" hits="6" signature="()V">
              <lines>
                <line number="25" hits="6"/>
              </lines>
            </method>
          </methods>
          <lines>
            <line number="1" hits="1" branch="false"/>
            <line number="2" hits="1" branch="false"/>
            <line number="4" hits="1" branch="false"/>
            <line number="7" hits="1" branch="false"/>
            <line number="23" hits="1" branch="false"/>
            <line number="24" hits="49" branch="false"/>
            <line number="26" hits="6" branch="false"/>
            <line number="27" hits="6" branch="false"/>
            <line number="28" hits="6" branch="false"/>
            <line number="29" hits="6" branch="false"/>
            <line number="30" hits="6" branch="true" condition-coverage="100% (2/2)"/>
            <line number="31" hits="2" branch="false"/>
            <line number="32" hits="2" branch="false"/>
            <line number="35" hits="4" branch="false"/>
            <line number="36" hits="4" branch="true" condition-coverage="100% (2/2)"/>
            <line number="37" hits="3" branch="false"/>
            <line number="39" hits="1" branch="false"/>
            <line number="41" hits="4" branch="false"/>
            <line number="42" hits="4" branch="false"/>
          </lines>
        </class>
        <class name="rpoplpush-command.ts" filename="src/resp/command/list/rpoplpush-command.ts" line-rate="1" branch-rate="1">
          <methods>
            <method name="(anonymous_1)" hits="49" signature="()V">
              <lines>
                <line number="49" hits="49"/>
              </lines>
            </method>
            <method name="(anonymous_2)" hits="3" signature="()V">
              <lines>
                <line number="51" hits="3"/>
              </lines>
            </method>
          </methods>
          <lines>
            <line number="1" hits="1" branch="false"/>
            <line number="2" hits="1" branch="false"/>
            <line number="4" hits="1" branch="false"/>
            <line number="6" hits="1" branch="false"/>
            <line number="7" hits="1" branch="false"/>
            <line number="49" hits="1" branch="false"/>
            <line number="50" hits="49" branch="false"/>
            <line number="52" hits="3" branch="false"/>
            <line number="53" hits="3" branch="false"/>
            <line number="54" hits="3" branch="false"/>
            <line number="55" hits="3" branch="false"/>
            <line number="56" hits="3" branch="true" condition-coverage="100% (2/2)"/>
            <line number="57" hits="1" branch="false"/>
            <line number="59" hits="2" branch="false"/>
            <line number="60" hits="2" branch="false"/>
            <line number="61" hits="2" branch="false"/>
            <line number="62" hits="2" branch="false"/>
            <line number="63" hits="2" branch="true" condition-coverage="100% (2/2)"/>
            <line number="64" hits="1" branch="false"/>
            <line number="66" hits="2" branch="false"/>
          </lines>
        </class>
        <class name="rpush-command.ts" filename="src/resp/command/list/rpush-command.ts" line-rate="1" branch-rate="1">
          <methods>
            <method name="(anonymous_1)" hits="49" signature="()V">
              <lines>
                <line number="31" hits="49"/>
              </lines>
            </method>
            <method name="(anonymous_2)" hits="48" signature="()V">
              <lines>
                <line number="33" hits="48"/>
              </lines>
            </method>
          </methods>
          <lines>
            <line number="1" hits="1" branch="false"/>
            <line number="2" hits="1" branch="false"/>
            <line number="4" hits="1" branch="false"/>
            <line number="6" hits="1" branch="false"/>
            <line number="7" hits="1" branch="false"/>
            <line number="31" hits="1" branch="false"/>
            <line number="32" hits="49" branch="false"/>
            <line number="34" hits="48" branch="false"/>
            <line number="35" hits="48" branch="false"/>
            <line number="36" hits="48" branch="false"/>
            <line number="37" hits="48" branch="false"/>
            <line number="38" hits="48" branch="true" condition-coverage="100% (2/2)"/>
            <line number="39" hits="15" branch="false"/>
            <line number="40" hits="15" branch="false"/>
            <line number="42" hits="48" branch="false"/>
            <line number="43" hits="59" branch="false"/>
            <line number="44" hits="59" branch="false"/>
            <line number="45" hits="59" branch="false"/>
            <line number="47" hits="48" branch="false"/>
            <line number="48" hits="48" branch="false"/>
            <line number="49" hits="48" branch="false"/>
            <line number="50" hits="48" branch="false"/>
          </lines>
        </class>
      </classes>
    </package>
    <package name="src.resp.command.server" line-rate="1" branch-rate="1">
      <classes>
        <class name="echo-command.ts" filename="src/resp/command/server/echo-command.ts" line-rate="1" branch-rate="1">
          <methods>
            <method name="(anonymous_1)" hits="49" signature="()V">
              <lines>
                <line number="10" hits="49"/>
              </lines>
            </method>
            <method name="(anonymous_2)" hits="1" signature="()V">
              <lines>
                <line number="12" hits="1"/>
              </lines>
            </method>
          </methods>
          <lines>
            <line number="1" hits="1" branch="false"/>
            <line number="2" hits="1" branch="false"/>
            <line number="4" hits="1" branch="false"/>
            <line number="10" hits="1" branch="false"/>
            <line number="11" hits="49" branch="false"/>
            <line number="13" hits="1" branch="false"/>
            <line number="14" hits="1" branch="false"/>
          </lines>
        </class>
        <class name="info-command.ts" filename="src/resp/command/server/info-command.ts" line-rate="1" branch-rate="1">
          <methods>
            <method name="(anonymous_2)" hits="49" signature="()V">
              <lines>
                <line number="13" hits="49"/>
              </lines>
            </method>
            <method name="(anonymous_3)" hits="3" signature="()V">
              <lines>
                <line number="29" hits="3"/>
              </lines>
            </method>
            <method name="(anonymous_4)" hits="3" signature="()V">
              <lines>
                <line number="47" hits="3"/>
              </lines>
            </method>
            <method name="(anonymous_5)" hits="10" signature="()V">
              <lines>
                <line number="52" hits="10"/>
              </lines>
            </method>
            <method name="(anonymous_6)" hits="1" signature="()V">
              <lines>
                <line number="70" hits="1"/>
              </lines>
            </method>
            <method name="(anonymous_7)" hits="1" signature="()V">
              <lines>
                <line number="81" hits="1"/>
              </lines>
            </method>
            <method name="(anonymous_8)" hits="2" signature="()V">
              <lines>
                <line number="84" hits="2"/>
              </lines>
            </method>
[...]
            <line number="31" hits="0" branch="false"/>
            <line number="34" hits="0" branch="false"/>
            <line number="37" hits="3057" branch="false"/>
            <line number="40" hits="992" branch="false"/>
            <line number="43" hits="749" branch="false"/>
          </lines>
        </class>
        <class name="default-session.ts" filename="src/server/default-session.ts" line-rate="0.875" branch-rate="1">
          <methods>
            <method name="(anonymous_1)" hits="81" signature="()V">
              <lines>
                <line number="18" hits="81"/>
              </lines>
            </method>
            <method name="(anonymous_2)" hits="1" signature="()V">
              <lines>
                <line number="20" hits="1"/>
              </lines>
            </method>
            <method name="(anonymous_3)" hits="2557" signature="()V">
              <lines>
                <line number="23" hits="2557"/>
              </lines>
            </method>
            <method name="(anonymous_4)" hits="744" signature="()V">
              <lines>
                <line number="26" hits="744"/>
              </lines>
            </method>
            <method name="(anonymous_5)" hits="0" signature="()V">
              <lines>
                <line number="33" hits="0"/>
              </lines>
            </method>
            <method name="(anonymous_6)" hits="0" signature="()V">
              <lines>
                <line number="36" hits="0"/>
              </lines>
            </method>
            <method name="(anonymous_7)" hits="1461" signature="()V">
              <lines>
                <line number="40" hits="1461"/>
              </lines>
            </method>
            <method name="(anonymous_8)" hits="81" signature="()V">
              <lines>
                <line number="44" hits="81"/>
              </lines>
            </method>
            <method name="(anonymous_9)" hits="0" signature="()V">
              <lines>
                <line number="48" hits="0"/>
              </lines>
            </method>
            <method name="(anonymous_10)" hits="1528" signature="()V">
              <lines>
                <line number="52" hits="1528"/>
              </lines>
            </method>
            <method name="(anonymous_11)" hits="1" signature="()V">
              <lines>
                <line number="55" hits="1"/>
              </lines>
            </method>
            <method name="(anonymous_12)" hits="78" signature="()V">
              <lines>
                <line number="58" hits="78"/>
              </lines>
            </method>
            <method name="(anonymous_13)" hits="744" signature="()V">
              <lines>
                <line number="61" hits="744"/>
              </lines>
            </method>
            <method name="(anonymous_14)" hits="1" signature="()V">
              <lines>
                <line number="64" hits="1"/>
              </lines>
            </method>
            <method name="(anonymous_15)" hits="4" signature="()V">
              <lines>
                <line number="67" hits="4"/>
              </lines>
            </method>
          </methods>
          <lines>
            <line number="2" hits="1" branch="false"/>
            <line number="3" hits="1" branch="false"/>
            <line number="4" hits="1" branch="false"/>
            <line number="6" hits="1" branch="false"/>
            <line number="10" hits="1" branch="false"/>
            <line number="12" hits="1" branch="false"/>
            <line number="13" hits="81" branch="false"/>
            <line number="14" hits="81" branch="false"/>
            <line number="15" hits="81" branch="false"/>
            <line number="16" hits="81" branch="false"/>
            <line number="17" hits="81" branch="false"/>
            <line number="18" hits="81" branch="false"/>
            <line number="21" hits="1" branch="false"/>
            <line number="24" hits="2557" branch="false"/>
            <line number="28" hits="744" branch="false"/>
            <line number="29" hits="744" branch="false"/>
            <line number="30" hits="744" branch="false"/>
            <line number="31" hits="744" branch="false"/>
            <line number="37" hits="0" branch="false"/>
            <line number="38" hits="0" branch="false"/>
            <line number="41" hits="1461" branch="false"/>
            <line number="42" hits="1461" branch="false"/>
            <line number="45" hits="81" branch="false"/>
            <line number="46" hits="81" branch="false"/>
            <line number="49" hits="0" branch="false"/>
            <line number="50" hits="0" branch="false"/>
            <line number="53" hits="1528" branch="false"/>
            <line number="56" hits="1" branch="false"/>
            <line number="59" hits="78" branch="false"/>
            <line number="62" hits="744" branch="false"/>
            <line number="65" hits="1" branch="false"/>
            <line number="68" hits="4" branch="false"/>
          </lines>
        </class>
        <class name="resp-server-context.ts" filename="src/server/resp-server-context.ts" line-rate="0.8286" branch-rate="1">
          <methods>
            <method name="(anonymous_1)" hits="49" signature="()V">
              <lines>
                <line number="23" hits="49"/>
              </lines>
            </method>
            <method name="(anonymous_2)" hits="98" signature="()V">
              <lines>
                <line number="27" hits="98"/>
              </lines>
            </method>
            <method name="(anonymous_3)" hits="99" signature="()V">
              <lines>
                <line number="30" hits="99"/>
              </lines>
            </method>
            <method name="(anonymous_4)" hits="2" signature="()V">
              <lines>
                <line number="33" hits="2"/>
              </lines>
            </method>
            <method name="(anonymous_5)" hits="0" signature="()V">
              <lines>
                <line number="36" hits="0"/>
              </lines>
            </method>
            <method name="(anonymous_6)" hits="744" signature="()V">
              <lines>
                <line number="39" hits="744"/>
              </lines>
            </method>
            <method name="(anonymous_7)" hits="0" signature="()V">
              <lines>
                <line number="42" hits="0"/>
              </lines>
            </method>
            <method name="(anonymous_8)" hits="0" signature="()V">
              <lines>
                <line number="45" hits="0"/>
              </lines>
            </method>
            <method name="(anonymous_9)" hits="0" signature="()V">
              <lines>
                <line number="48" hits="0"/>
              </lines>
            </method>
            <method name="(anonymous_10)" hits="81" signature="()V">
              <lines>
                <line number="51" hits="81"/>
              </lines>
            </method>
            <method name="(anonymous_11)" hits="0" signature="()V">
              <lines>
                <line number="54" hits="0"/>
              </lines>
            </method>
            <method name="(anonymous_12)" hits="953" signature="()V">
              <lines>
                <line number="61" hits="953"/>
              </lines>
            </method>
            <method name="(anonymous_13)" hits="0" signature="()V">
              <lines>
                <line number="69" hits="0"/>
              </lines>
            </method>
            <method name="(anonymous_14)" hits="9" signature="()V">
              <lines>
                <line number="77" hits="9"/>
              </lines>
            </method>
            <method name="(anonymous_15)" hits="15" signature="()V">
              <lines>
                <line number="88" hits="15"/>
              </lines>
            </method>
            <method name="(anonymous_16)" hits="4" signature="()V">
              <lines>
                <line number="95" hits="4"/>
              </lines>
            </method>
          </methods>
          <lines>
            <line number="1" hits="1" branch="false"/>
            <line number="3" hits="1" branch="false"/>
            <line number="4" hits="1" branch="false"/>
            <line number="6" hits="1" branch="false"/>
            <line number="10" hits="1" branch="false"/>
            <line number="11" hits="49" branch="false"/>
            <line number="12" hits="49" branch="false"/>
            <line number="13" hits="49" branch="false"/>
            <line number="14" hits="49" branch="false"/>
            <line number="15" hits="49" branch="false"/>
            <line number="23" hits="49" branch="false"/>
            <line number="24" hits="49" branch="false"/>
            <line number="28" hits="98" branch="false"/>
            <line number="31" hits="99" branch="false"/>
            <line number="34" hits="2" branch="false"/>
            <line number="37" hits="0" branch="false"/>
            <line number="40" hits="744" branch="false"/>
            <line number="43" hits="0" branch="false"/>
            <line number="46" hits="0" branch="false"/>
            <line number="49" hits="0" branch="false"/>
            <line number="52" hits="81" branch="false"/>
            <line number="55" hits="0" branch="false"/>
            <line number="62" hits="953" branch="false"/>
            <line number="63" hits="953" branch="true" condition-coverage="100% (2/2)"/>
            <line number="64" hits="196" branch="false"/>
            <line number="66" hits="953" branch="false"/>
            <line number="67" hits="953" branch="false"/>
            <line number="70" hits="0" branch="false"/>
            <line number="78" hits="9" branch="false"/>
            <line number="79" hits="9" branch="false"/>
            <line number="80" hits="9" branch="false"/>
            <line number="81" hits="9" branch="false"/>
            <line number="82" hits="9" branch="false"/>
            <line number="89" hits="15" branch="false"/>
            <line number="96" hits="4" branch="false"/>
          </lines>
        </class>
        <class name="resp-server.ts" filename="src/server/resp-server.ts" line-rate="0.7848999999999999" branch-rate="0.44439999999999996">
          <methods>
            <method name="(anonymous_8)" hits="49" signature="()V">
              <lines>
                <line number="38" hits="49"/>
              </lines>
            </method>
            <method name="(anonymous_9)" hits="744" signature="()V">
              <lines>
                <line number="54" hits="744"/>
              </lines>
            </method>
            <method name="(anonymous_10)" hits="0" signature="()V">
              <lines>
                <line number="59" hits="0"/>
              </lines>
            </method>
            <method name="(anonymous_11)" hits="744" signature="()V">
              <lines>
                <line number="62" hits="744"/>
              </lines>
            </method>
            <method name="(anonymous_12)" hits="49" signature="()V">
              <lines>
                <line number="84" hits="49"/>
              </lines>
            </method>
            <method name="(anonymous_13)" hits="49" signature="()V">
              <lines>
                <line number="85" hits="49"/>
              </lines>
            </method>
            <method name="(anonymous_14)" hits="81" signature="()V">
              <lines>
                <line number="86" hits="81"/>
              </lines>
            </method>
            <method name="(anonymous_15)" hits="49" signature="()V">
              <lines>
                <line number="99" hits="49"/>
              </lines>
            </method>
            <method name="(anonymous_17)" hits="81" signature="()V">
              <lines>
                <line number="108" hits="81"/>
              </lines>
            </method>
            <method name="(anonymous_18)" hits="0" signature="()V">
              <lines>
                <line number="123" hits="0"/>
              </lines>
            </method>
            <method name="(anonymous_19)" hits="744" signature="()V">
              <lines>
                <line number="128" hits="744"/>
              </lines>
            </method>
            <method name="(anonymous_20)" hits="0" signature="()V">
              <lines>
                <line number="132" hits="0"/>
              </lines>
            </method>
            <method name="(anonymous_21)" hits="0" signature="()V">
              <lines>
                <line number="135" hits="0"/>
              </lines>
            </method>
            <method name="(anonymous_22)" hits="0" signature="()V">
              <lines>
                <line number="138" hits="0"/>
              </lines>
            </method>
            <method name="(anonymous_23)" hits="0" signature="()V">
              <lines>
                <line number="141" hits="0"/>
              </lines>
            </method>
            <method name="(anonymous_24)" hits="0" signature="()V">
              <lines>
                <line number="144" hits="0"/>
              </lines>
            </method>
            <method name="(anonymous_25)" hits="0" signature="()V">
              <lines>
                <line number="147" hits="0"/>
              </lines>
            </method>
            <method name="(anonymous_26)" hits="744" signature="()V">
              <lines>
                <line number="152" hits="744"/>
              </lines>
            </method>
            <method name="(anonymous_27)" hits="744" signature="()V">
              <lines>
                <line number="164" hits="744"/>
              </lines>
            </method>
            <method name="(anonymous_28)" hits="0" signature="()V">
              <lines>
                <line number="170" hits="0"/>
              </lines>
            </method>
            <method name="(anonymous_29)" hits="744" signature="()V">
              <lines>
                <line number="178" hits="744"/>
              </lines>
            </method>
          </methods>
          <lines>
            <line number="1" hits="1" branch="false"/>
            <line number="2" hits="1" branch="false"/>
            <line number="3" hits="1" branch="false"/>
            <line number="4" hits="1" branch="false"/>
            <line number="6" hits="1" branch="false"/>
            <line number="7" hits="1" branch="false"/>
            <line number="9" hits="1" branch="false"/>
            <line number="11" hits="1" branch="false"/>
            <line number="12" hits="1" branch="false"/>
            <line number="14" hits="1" branch="false"/>
            <line number="17" hits="1" branch="false"/>
            <line number="21" hits="1" branch="false"/>
            <line number="29" hits="1" branch="false"/>
            <line number="30" hits="1" branch="false"/>
            <line number="31" hits="1" branch="false"/>
            <line number="32" hits="1" branch="true" condition-coverage="50% (1/2)"/>
            <line number="33" hits="1" branch="false"/>
            <line number="35" hits="49" branch="false"/>
            <line number="36" hits="49" branch="false"/>
            <line number="39" hits="49" branch="false"/>
            <line number="40" hits="49" branch="false"/>
            <line number="41" hits="49" branch="false"/>
            <line number="42" hits="49" branch="false"/>
            <line number="43" hits="49" branch="false"/>
            <line number="56" hits="744" branch="false"/>
            <line number="60" hits="0" branch="false"/>
            <line number="63" hits="744" branch="false"/>
            <line number="64" hits="744" branch="false"/>
            <line number="65" hits="744" branch="false"/>
            <line number="69" hits="744" branch="false"/>
            <line number="70" hits="744" branch="false"/>
            <line number="71" hits="744" branch="false"/>
            <line number="72" hits="744" branch="false"/>
            <line number="74" hits="744" branch="false"/>
            <line number="75" hits="744" branch="false"/>
            <line number="76" hits="744" branch="false"/>
            <line number="77" hits="744" branch="false"/>
            <line number="79" hits="744" branch="false"/>
            <line number="85" hits="49" branch="false"/>
            <line number="86" hits="49" branch="false"/>
            <line number="87" hits="81" branch="false"/>
            <line number="88" hits="81" branch="false"/>
            <line number="91" hits="49" branch="false"/>
            <line number="92" hits="49" branch="false"/>
            <line number="94" hits="49" branch="false"/>
            <line number="100" hits="49" branch="false"/>
            <line number="101" hits="49" branch="false"/>
            <line number="102" hits="49" branch="false"/>
            <line number="110" hits="81" branch="false"/>
            <line number="112" hits="81" branch="true" condition-coverage="50% (1/2)"/>
            <line number="113" hits="0" branch="false"/>
            <line number="114" hits="0" branch="false"/>
            <line number="116" hits="81" branch="false"/>
            <line number="117" hits="81" branch="false"/>
            <line number="118" hits="81" branch="false"/>
            <line number="119" hits="81" branch="false"/>
            <line number="120" hits="81" branch="false"/>
            <line number="121" hits="81" branch="false"/>
            <line number="123" hits="81" branch="false"/>
            <line number="124" hits="0" branch="false"/>
            <line number="125" hits="0" branch="false"/>
            <line number="126" hits="0" branch="false"/>
            <line number="128" hits="81" branch="false"/>
            <line number="129" hits="744" branch="false"/>
            <line number="130" hits="744" branch="false"/>
            <line number="132" hits="81" branch="false"/>
            <line number="133" hits="0" branch="false"/>
            <line number="135" hits="81" branch="false"/>
            <line number="136" hits="0" branch="false"/>
            <line number="138" hits="81" branch="false"/>
            <line number="139" hits="0" branch="false"/>
            <line number="141" hits="81" branch="false"/>
            <line number="142" hits="0" branch="false"/>
            <line number="144" hits="81" branch="false"/>
            <line number="145" hits="0" branch="false"/>
            <line number="147" hits="81" branch="false"/>
            <line number="148" hits="0" branch="false"/>
            <line number="153" hits="744" branch="false"/>
            <line number="154" hits="744" branch="false"/>
            <line number="156" hits="744" branch="false"/>
            <line number="158" hits="0" branch="false"/>
            <line number="160" hits="0" branch="false"/>
            <line number="161" hits="0" branch="false"/>
            <line number="165" hits="744" branch="false"/>
            <line number="166" hits="744" branch="false"/>
            <line number="167" hits="744" branch="true" condition-coverage="50% (1/2)"/>
            <line number="168" hits="744" branch="false"/>
            <line number="171" hits="0" branch="false"/>
            <line number="172" hits="0" branch="false"/>
            <line number="173" hits="0" branch="false"/>
            <line number="174" hits="0" branch="false"/>
            <line number="176" hits="0" branch="false"/>
            <line number="179" hits="744" branch="false"/>
          </lines>
        </class>
        <class name="session.ts" filename="src/server/session.ts" line-rate="0" branch-rate="1">
          <methods>
          </methods>
          <lines>
            <line number="3" hits="0" branch="false"/>
          </lines>
        </class>
      </classes>
    </package>
  </packages>
</coverage>
