{
  "stats": {
    "suites": 93,
    "tests": 318,
    "passes": 316,
    "pending": 2,
    "failures": 0,
    "start": "2020-01-22T18:22:46.417Z",
    "end": "2020-01-22T18:23:05.264Z",
    "duration": 18847,
    "testsRegistered": 318,
    "passPercent": 100,
    "pendingPercent": 0.628930817610063,
    "other": 0,
    "hasOther": false,
    "skipped": 0,
    "hasSkipped": false
  },
  "results": [
    {
      "uuid": "3f13d93a-25b5-4e8a-861b-30e771511875",
      "title": "",
      "fullFile": "",
      "file": "",
      "beforeHooks": [
        {
          "title": "\"before all\" hook",
          "fullTitle": "\"before all\" hook",
          "timedOut": false,
          "duration": 0,
          "state": null,
          "speed": null,
          "pass": false,
          "fail": false,
          "pending": false,
          "context": null,
          "code": "done();",
          "err": {},
          "uuid": "cdec1ccd-8397-408d-8c16-30f6f35938bb",
          "parentUUID": "3f13d93a-25b5-4e8a-861b-30e771511875",
          "isHook": true,
          "skipped": false
        }
      ],
      "afterHooks": [
        {
          "title": "\"after all\" hook",
          "fullTitle": "\"after all\" hook",
          "timedOut": false,
          "duration": 0,
          "state": null,
          "speed": null,
          "pass": false,
          "fail": false,
          "pending": false,
          "context": null,
          "code": "__awaiter(void 0, void 0, void 0, function* () {\n})",
          "err": {},
          "uuid": "67221890-ef65-441b-8501-909d9d5e8327",
          "parentUUID": "3f13d93a-25b5-4e8a-861b-30e771511875",
          "isHook": true,
          "skipped": false
        }
      ],
      "tests": [],
      "suites": [
        {
          "uuid": "2c50f8d4-5040-4684-8c33-7be530eb0e40",
          "title": "dictionary test",
          "fullFile": "/home/lane/git/redis/test/dictionary.test.ts",
          "file": "/test/dictionary.test.ts",
          "beforeHooks": [
            {
              "title": "\"before each\" hook",
              "fullTitle": "dictionary test \"before each\" hook",
              "timedOut": false,
              "duration": 0,
              "state": null,
              "speed": null,
              "pass": false,
              "fail": false,
              "pending": false,
              "context": null,
              "code": "dictionary = new dictionary_1.Dictionary();\nsinon.createSandbox();",
              "err": {},
              "uuid": "2fb08036-8ccc-4d93-a8c3-3331d77905f8",
              "parentUUID": "2c50f8d4-5040-4684-8c33-7be530eb0e40",
              "isHook": true,
              "skipped": false
            }
          ],
          "afterHooks": [
            {
              "title": "\"after all\" hook",
              "fullTitle": "dictionary test \"after all\" hook",
              "timedOut": false,
              "duration": 1,
              "state": null,
              "speed": null,
              "pass": false,
              "fail": false,
              "pending": false,
              "context": null,
              "code": "__awaiter(void 0, void 0, void 0, function* () {\n    })",
              "err": {},
              "uuid": "f0705950-0923-46bf-94e7-ee1d73627661",
              "parentUUID": "2c50f8d4-5040-4684-8c33-7be530eb0e40",
              "isHook": true,
              "skipped": false
            },
            {
              "title": "\"after each\" hook",
              "fullTitle": "dictionary test \"after each\" hook",
              "timedOut": false,
              "duration": 0,
              "state": null,
              "speed": null,
              "pass": false,
              "fail": false,
              "pending": false,
              "context": null,
              "code": "sinon.restore();",
              "err": {},
              "uuid": "08556ea0-f0ad-4e9c-847e-50479bf986c5",
              "parentUUID": "2c50f8d4-5040-4684-8c33-7be530eb0e40",
              "isHook": true,
              "skipped": false
            }
          ],
          "tests": [
            {
              "title": "should construct",
              "fullTitle": "dictionary test should construct",
              "timedOut": false,
              "duration": 3,
              "state": "passed",
              "speed": "fast",
              "pass": true,
              "fail": false,
              "pending": false,
              "context": null,
              "code": "__awaiter(void 0, void 0, void 0, function* () {\n        chai_1.expect(dictionary.constructor.name).to.equal('Dictionary');\n    })",
              "err": {},
              "uuid": "8db6197d-0e13-4123-904b-df37b5292132",
              "parentUUID": "2c50f8d4-5040-4684-8c33-7be530eb0e40",
              "isHook": false,
              "skipped": false
            },
            {
              "title": "should implement basic put/get/remove/size/clear/contains/exists/keys/values functionality",
              "fullTitle": "dictionary test should implement basic put/get/remove/size/clear/contains/exists/keys/values functionality",
              "timedOut": false,
              "duration": 3,
              "state": "passed",
              "speed": "fast",
              "pass": true,
              "fail": false,
              "pending": false,
              "context": null,
              "code": "dictionary.put('item', 'one');\nchai_1.expect(dictionary.exists('item')).to.equal(true);\nchai_1.expect(dictionary.exists('one')).to.equal(false);\nchai_1.expect(dictionary.get('item')).to.equal('one');\nchai_1.expect(dictionary.size()).to.equal(1);\nchai_1.expect(dictionary.contains('one')).to.equal(true);\nchai_1.expect(dictionary.keys().length).to.equal(1);\nchai_1.expect(dictionary.values().length).to.equal(1);\ndictionary.put('item', 'two');\nchai_1.expect(dictionary.get('item')).to.equal('two');\ndictionary.put('one', { embedded: true });\ndictionary.remove('three');\nchai_1.expect(dictionary.size()).to.equal(2);\nlet foundTwo = false;\nfor (const each of dictionary) {\n    if (!foundTwo) {\n        chai_1.expect(each).to.equal('two');\n        foundTwo = true;\n    }\n    else {\n        chai_1.expect(each).to.eql({ embedded: true });\n    }\n}\ndictionary.remove('item');\nchai_1.expect(dictionary.size()).to.equal(1);\ndictionary.clear();\nchai_1.expect(dictionary.size()).to.equal(0);",
              "err": {},
              "uuid": "a07959ec-f385-4237-8467-874437a7e06c",
              "parentUUID": "2c50f8d4-5040-4684-8c33-7be530eb0e40",
              "isHook": false,
              "skipped": false
            }
          ],
          "suites": [],
          "passes": [
            "8db6197d-0e13-4123-904b-df37b5292132",
            "a07959ec-f385-4237-8467-874437a7e06c"
          ],
          "failures": [],
          "pending": [],
          "skipped": [],
          "duration": 6,
          "root": false,
          "rootEmpty": false,
          "_timeout": 5000
        },
        {
          "uuid": "9fd4f8c0-5681-43a1-a095-791f99c379cd",
          "title": "logger test",
          "fullFile": "/home/lane/git/redis/test/logger.test.ts",
          "file": "/test/logger.test.ts",
          "beforeHooks": [
            {
              "title": "\"before each\" hook",
              "fullTitle": "logger test \"before each\" hook",
              "timedOut": false,
              "duration": 0,
              "state": null,
              "speed": null,
              "pass": false,
              "fail": false,
              "pending": false,
              "context": null,
              "code": "sinon.createSandbox();",
              "err": {},
              "uuid": "3735e375-f4fa-42e7-80cc-9c4e30cbcac5",
              "parentUUID": "9fd4f8c0-5681-43a1-a095-791f99c379cd",
              "isHook": true,
              "skipped": false
            }
          ],
          "afterHooks": [
            {
              "title": "\"after all\" hook",
              "fullTitle": "logger test \"after all\" hook",
              "timedOut": false,
              "duration": 1,
              "state": null,
              "speed": null,
              "pass": false,
              "fail": false,
              "pending": false,
              "context": null,
              "code": "__awaiter(void 0, void 0, void 0, function* () {\n    })",
              "err": {},
              "uuid": "c96f9340-5a24-44f0-b660-ff8c98a308a3",
              "parentUUID": "9fd4f8c0-5681-43a1-a095-791f99c379cd",
              "isHook": true,
              "skipped": false
            },
            {
              "title": "\"after each\" hook",
              "fullTitle": "logger test \"after each\" hook",
              "timedOut": false,
              "duration": 0,
              "state": null,
              "speed": null,
              "pass": false,
              "fail": false,
              "pending": false,
              "context": null,
              "code": "sinon.restore();",
              "err": {},
              "uuid": "3bbe82e0-0007-4f7b-976b-f205107653a9",
              "parentUUID": "9fd4f8c0-5681-43a1-a095-791f99c379cd",
              "isHook": true,
              "skipped": false
            }
          ],
          "tests": [
            {
              "title": "should construct",
              "fullTitle": "logger test should construct",
              "timedOut": false,
              "duration": 2,
              "state": "passed",
              "speed": "fast",
              "pass": true,
              "fail": false,
              "pending": false,
              "context": null,
              "code": "__awaiter(void 0, void 0, void 0, function* () {\n        logger = new logger_1.Logger(module.id);\n        chai_1.expect(logger.constructor.name).to.equal('Logger');\n        logger.info(`This is an info message`);\n        logger.warn('This is a warning message');\n        logger.debug(`This is an invisible debug message`);\n    })",
              "err": {},
              "uuid": "008cb6c8-069f-4a21-92e2-784c53ccb620",
              "parentUUID": "9fd4f8c0-5681-43a1-a095-791f99c379cd",
              "isHook": false,
              "skipped": false
            },
            {
              "title": "should not construct when initialized with an empty string",
              "fullTitle": "logger test should not construct when initialized with an empty string",
              "timedOut": false,
              "duration": 1,
              "state": "passed",
              "speed": "fast",
              "pass": true,
              "fail": false,
              "pending": false,
              "context": null,
              "code": "chai_1.expect(() => {\n    logger = new logger_1.Logger('');\n}).to.throw();",
              "err": {},
              "uuid": "46f54b2b-a4bd-48c4-b920-5c663a7b755b",
              "parentUUID": "9fd4f8c0-5681-43a1-a095-791f99c379cd",
              "isHook": false,
              "skipped": false
            }
          ],
          "suites": [],
          "passes": [
            "008cb6c8-069f-4a21-92e2-784c53ccb620",
            "46f54b2b-a4bd-48c4-b920-5c663a7b755b"
          ],
          "failures": [],
          "pending": [],
          "skipped": [],
          "duration": 3,
          "root": false,
          "rootEmpty": false,
          "_timeout": 5000
        },
        {
          "uuid": "91db1c54-d5d6-48a0-8014-070db2ae681c",
          "title": "lua-bit test",
          "fullFile": "/home/lane/git/redis/test/lua/lua-bit.test.ts",
          "file": "/test/lua/lua-bit.test.ts",
          "beforeHooks": [
            {
              "title": "\"before all\" hook",
              "fullTitle": "lua-bit test \"before all\" hook",
              "timedOut": false,
              "duration": 72,
              "state": null,
              "speed": null,
              "pass": false,
              "fail": false,
              "pending": false,
              "context": null,
              "code": "respServer = new resp_server_1.RespServer();\nrespServer.on('ready', () => __awaiter(void 0, void 0, void 0, function* () {\n    yield common_test_1.sendCommand(client, ['flushall']);\n    yield common_test_1.sendCommand(client, ['select', '0']);\n    yield common_test_1.sendCommand(client, ['script', 'flush']);\n    done();\n}));\nrespServer.start();",
              "err": {},
              "uuid": "a90b4a3d-cda2-423d-a4b6-32117dbb1266",
              "parentUUID": "91db1c54-d5d6-48a0-8014-070db2ae681c",
              "isHook": true,
              "skipped": false
            },
            {
              "title": "\"before each\" hook",
              "fullTitle": "lua-bit test \"before each\" hook",
              "timedOut": false,
              "duration": 0,
              "state": null,
              "speed": null,
              "pass": false,
              "fail": false,
              "pending": false,
              "context": null,
              "code": "sinon.createSandbox();",
              "err": {},
              "uuid": "c0cf36f0-5231-44dc-a1db-4dff6cd9f68d",
              "parentUUID": "91db1c54-d5d6-48a0-8014-070db2ae681c",
              "isHook": true,
              "skipped": false
            }
          ],
          "afterHooks": [
            {
              "title": "\"after all\" hook",
              "fullTitle": "lua-bit test \"after all\" hook",
              "timedOut": false,
              "duration": 1,
              "state": null,
              "speed": null,
              "pass": false,
              "fail": false,
              "pending": false,
              "context": null,
              "code": "__awaiter(void 0, void 0, void 0, function* () {\n        yield respServer.stop();\n    })",
              "err": {},
              "uuid": "803abaae-fb9c-496e-a56b-fe761e7de65f",
              "parentUUID": "91db1c54-d5d6-48a0-8014-070db2ae681c",
              "isHook": true,
              "skipped": false
            },
            {
              "title": "\"after each\" hook",
              "fullTitle": "lua-bit test \"after each\" hook",
              "timedOut": false,
              "duration": 0,
              "state": null,
              "speed": null,
              "pass": false,
              "fail": false,
              "pending": false,
              "context": null,
              "code": "sinon.restore();",
              "err": {},
              "uuid": "54dca11e-9769-44d6-8a4f-614ba291893f",
              "parentUUID": "91db1c54-d5d6-48a0-8014-070db2ae681c",
              "isHook": true,
              "skipped": false
            }
          ],
          "tests": [
            {
              "title": "should leverage the LUA bit library for bit AND op",
              "fullTitle": "lua-bit test should leverage the LUA bit library for bit AND op",
              "timedOut": false,
              "duration": 66,
              "state": "passed",
              "speed": "medium",
              "pass": true,
              "fail": false,
              "pending": false,
              "context": null,
              "code": "__awaiter(void 0, void 0, void 0, function* () {\n        response = yield common_test_1.sendCommand(client, ['eval', 'local val = bit.band(5, 1) return val ', '0']);\n        chai_1.expect(response).to.equal(1);\n    })",
              "err": {},
              "uuid": "f2846126-f07c-4831-bf21-e9c26192a296",
              "parentUUID": "91db1c54-d5d6-48a0-8014-070db2ae681c",
              "isHook": false,
              "skipped": false
            },
            {
              "title": "should leverage the LUA bit library for bit OR op",
              "fullTitle": "lua-bit test should leverage the LUA bit library for bit OR op",
              "timedOut": false,
              "duration": 30,
              "state": "passed",
              "speed": "fast",
              "pass": true,
              "fail": false,
              "pending": false,
              "context": null,
              "code": "__awaiter(void 0, void 0, void 0, function* () {\n        response = yield common_test_1.sendCommand(client, ['eval', 'local val = bit.bor(5, 1) return val ', '0']);\n        chai_1.expect(response).to.equal(5);\n    })",
              "err": {},
              "uuid": "732146d1-3cf8-4cc9-9faf-09766a58050d",
              "parentUUID": "91db1c54-d5d6-48a0-8014-070db2ae681c",
              "isHook": false,
              "skipped": false
            },
            {
              "title": "should leverage the LUA bit library for bit XOR op",
              "fullTitle": "lua-bit test should leverage the LUA bit library for bit XOR op",
              "timedOut": false,
              "duration": 32,
              "state": "passed",
              "speed": "fast",
              "pass": true,
              "fail": false,
              "pending": false,
              "context": null,
              "code": "__awaiter(void 0, void 0, void 0, function* () {\n        response = yield common_test_1.sendCommand(client, ['eval', 'local val = bit.bxor(5, 1) return val ', '0']);\n        chai_1.expect(response).to.equal(4);\n    })",
              "err": {},
              "uuid": "1de1f8a6-b7a5-4ec0-9fe2-94e49144e531",
              "parentUUID": "91db1c54-d5d6-48a0-8014-070db2ae681c",
              "isHook": false,
              "skipped": false
            },
            {
              "title": "should leverage the LUA bit library for bit NOT op",
              "fullTitle": "lua-bit test should leverage the LUA bit library for bit NOT op",
              "timedOut": false,
              "duration": 26,
              "state": "passed",
              "speed": "fast",
              "pass": true,
              "fail": false,
              "pending": false,
              "context": null,
              "code": "__awaiter(void 0, void 0, void 0, function* () {\n        response = yield common_test_1.sendCommand(client, ['eval', 'local val = bit.bnot(5) return val ', '0']);\n        chai_1.expect(response).to.equal(-6);\n    })",
              "err": {},
              "uuid": "7a4a1702-6051-432b-bb04-4b61ee426c3b",
              "parentUUID": "91db1c54-d5d6-48a0-8014-070db2ae681c",
              "isHook": false,
              "skipped": false
            },
            {
              "title": "should leverage the LUA bit library for bit LSHIFT op",
              "fullTitle": "lua-bit test should leverage the LUA bit library for bit LSHIFT op",
              "timedOut": false,
              "duration": 18,
              "state": "passed",
              "speed": "fast",
              "pass": true,
              "fail": false,
              "pending": false,
              "context": null,
              "code": "__awaiter(void 0, void 0, void 0, function* () {\n        response = yield common_test_1.sendCommand(client, ['eval', 'local val = bit.lshift(5, 1) return val ', '0']);\n        chai_1.expect(response).to.equal(10);\n    })",
              "err": {},
              "uuid": "481a91ad-713d-4ac3-8ace-97faf9243feb",
              "parentUUID": "91db1c54-d5d6-48a0-8014-070db2ae681c",
              "isHook": false,
              "skipped": false
            },
            {
              "title": "should leverage the LUA bit library for bit RSHIFT op",
              "fullTitle": "lua-bit test should leverage the LUA bit library for bit RSHIFT op",
              "timedOut": false,
              "duration": 28,
              "state": "passed",
              "speed": "fast",
              "pass": true,
              "fail": false,
              "pending": false,
              "context": null,
              "code": "__awaiter(void 0, void 0, void 0, function* () {\n        let response = yield common_test_1.sendCommand(new net.Socket(), ['info', 'server']);\n        // Only run this test if this is unit-redis-ness\n        if (!/redis_version:5/gim.test(response)) {\n            response = yield common_test_1.sendCommand(client, ['eval', 'local val = bit.rshift(-5, 1) return val ', '0']);\n            chai_1.expect(response).to.equal(-3);\n        }\n    })",
              "err": {},
              "uuid": "cf48969c-645a-49bb-a951-0a61507ac740",
              "parentUUID": "91db1c54-d5d6-48a0-8014-070db2ae681c",
              "isHook": false,
              "skipped": false
            },
            {
              "title": "should leverage the LUA bit library for bit ARSHIFT op",
              "fullTitle": "lua-bit test should leverage the LUA bit library for bit ARSHIFT op",
              "timedOut": false,
              "duration": 33,
              "state": "passed",
              "speed": "fast",
              "pass": true,
              "fail": false,
              "pending": false,
              "context": null,
              "code": "__awaiter(void 0, void 0, void 0, function* () {\n        response = yield common_test_1.sendCommand(client, ['eval', 'local val = bit.arshift(5, 1) return val ', '0']);\n        chai_1.expect(response).to.equal(2);\n    })",
              "err": {},
              "uuid": "ac655829-d5ff-417a-986b-b2d37e3e5dc3",
              "parentUUID": "91db1c54-d5d6-48a0-8014-070db2ae681c",
              "isHook": false,
              "skipped": false
            }
          ],
          "suites": [],
          "passes": [
            "f2846126-f07c-4831-bf21-e9c26192a296",
            "732146d1-3cf8-4cc9-9faf-09766a58050d",
            "1de1f8a6-b7a5-4ec0-9fe2-94e49144e531",
            "7a4a1702-6051-432b-bb04-4b61ee426c3b",
            "481a91ad-713d-4ac3-8ace-97faf9243feb",
            "cf48969c-645a-49bb-a951-0a61507ac740",
            "ac655829-d5ff-417a-986b-b2d37e3e5dc3"
          ],
          "failures": [],
          "pending": [],
          "skipped": [],
          "duration": 233,
          "root": false,
          "rootEmpty": false,
          "_timeout": 5000
        },
        {
          "uuid": "99160b89-42fc-4627-be70-5f378ffa4b03",
          "title": "client command test",
          "fullFile": "/home/lane/git/redis/test/resp/command/client-command.test.ts",
          "file": "/test/resp/command/client-command.test.ts",
          "beforeHooks": [
            {
              "title": "\"before all\" hook",
              "fullTitle": "client command test \"before all\" hook",
              "timedOut": false,
              "duration": 24,
              "state": null,
              "speed": null,
              "pass": false,
              "fail": false,
              "pending": false,
              "context": null,
              "code": "respServer = new resp_server_1.RespServer();\nrespServer.on('ready', () => {\n    done();\n});\nrespServer.start();",
              "err": {},
              "uuid": "52f257b5-c1c4-4ac0-94be-e4a08a75fb81",
              "parentUUID": "99160b89-42fc-4627-be70-5f378ffa4b03",
              "isHook": true,
              "skipped": false
            },
            {
              "title": "\"before each\" hook",
              "fullTitle": "client command test \"before each\" hook",
              "timedOut": false,
              "duration": 0,
              "state": null,
              "speed": null,
              "pass": false,
              "fail": false,
              "pending": false,
              "context": null,
              "code": "sinon.createSandbox();",
              "err": {},
              "uuid": "13ed47e4-3727-46b9-a585-f1280950e1cb",
              "parentUUID": "99160b89-42fc-4627-be70-5f378ffa4b03",
              "isHook": true,
              "skipped": false
            }
          ],
          "afterHooks": [
            {
              "title": "\"after all\" hook",
              "fullTitle": "client command test \"after all\" hook",
              "timedOut": false,
              "duration": 0,
              "state": null,
              "speed": null,
              "pass": false,
              "fail": false,
              "pending": false,
              "context": null,
              "code": "__awaiter(void 0, void 0, void 0, function* () {\n        yield respServer.stop();\n    })",
              "err": {},
              "uuid": "55f665d8-5d45-495d-800d-e6153f40e1c8",
              "parentUUID": "99160b89-42fc-4627-be70-5f378ffa4b03",
              "isHook": true,
              "skipped": false
            },
            {
              "title": "\"after each\" hook",
              "fullTitle": "client command test \"after each\" hook",
              "timedOut": false,
              "duration": 0,
              "state": null,
              "speed": null,
              "pass": false,
              "fail": false,
              "pending": false,
              "context": null,
              "code": "sinon.restore();",
              "err": {},
              "uuid": "dd1a8572-68f1-45dc-a0b5-da9e70fa22af",
              "parentUUID": "99160b89-42fc-4627-be70-5f378ffa4b03",
              "isHook": true,
              "skipped": false
            }
          ],
          "tests": [
            {
              "title": "should not allow more than 3 parameters",
              "fullTitle": "client command test should not allow more than 3 parameters",
              "timedOut": false,
              "duration": 4,
              "state": "passed",
              "speed": "fast",
              "pass": true,
              "fail": false,
              "pending": false,
              "context": null,
              "code": "__awaiter(void 0, void 0, void 0, function* () {\n        const response = yield common_test_1.sendCommand(client, ['client', 'one', 'two', 'three', 'four']);\n        chai_1.expect(response).to.equal('ReplyError: ERR Unknown subcommand or wrong number of arguments for \\'one\\'. Try CLIENT HELP');\n    })",
              "err": {},
              "uuid": "524c77ed-29dd-49ec-aefe-9d02565c713f",
              "parentUUID": "99160b89-42fc-4627-be70-5f378ffa4b03",
              "isHook": false,
              "skipped": false
            },
            {
              "title": "should fail predictably when an unknown subcommand is passed",
              "fullTitle": "client command test should fail predictably when an unknown subcommand is passed",
              "timedOut": false,
              "duration": 1,
              "state": "passed",
              "speed": "fast",
              "pass": true,
              "fail": false,
              "pending": false,
              "context": null,
              "code": "__awaiter(void 0, void 0, void 0, function* () {\n        const response = yield common_test_1.sendCommand(client, ['client', 'whatever']);\n        chai_1.expect(response).to.equal(util.format(DEFAULT_ERROR, 'whatever'));\n    })",
              "err": {},
              "uuid": "5f7e8ea9-7c87-438b-ab13-d8d6e45b85d9",
              "parentUUID": "99160b89-42fc-4627-be70-5f378ffa4b03",
              "isHook": false,
              "skipped": false
            },
            {
              "title": "should return a NIL name when called with \"GETNAME\" subcommand",
              "fullTitle": "client command test should return a NIL name when called with \"GETNAME\" subcommand",
              "timedOut": false,
              "duration": 2,
              "state": "passed",
              "speed": "fast",
              "pass": true,
              "fail": false,
              "pending": false,
              "context": null,
              "code": "__awaiter(void 0, void 0, void 0, function* () {\n        const response = yield common_test_1.sendCommand(client, ['client', 'getname']);\n        chai_1.expect(response).to.equal(null);\n    })",
              "err": {},
              "uuid": "071172f3-f410-4234-8cde-52e828fbfbd9",
              "parentUUID": "99160b89-42fc-4627-be70-5f378ffa4b03",
              "isHook": false,
              "skipped": false
            },
            {
              "title": "should fail predictably when \"GETNAME\" is called with too many parameters",
              "fullTitle": "client command test should fail predictably when \"GETNAME\" is called with too many parameters",
              "timedOut": false,
              "duration": 1,
              "state": "passed",
              "speed": "fast",
              "pass": true,
              "fail": false,
              "pending": false,
              "context": null,
              "code": "__awaiter(void 0, void 0, void 0, function* () {\n        const response = yield common_test_1.sendCommand(client, ['client', 'getname', 'extra']);\n        chai_1.expect(response).to.equal(util.format(DEFAULT_ERROR, 'getname'));\n    })",
              "err": {},
              "uuid": "d76e5326-42a2-4904-a843-39bd0eda2e6a",
              "parentUUID": "99160b89-42fc-4627-be70-5f378ffa4b03",
              "isHook": false,
              "skipped": false
            },
            {
              "title": "should respond with \"OK\" when \"setname\" is called with a valid name",
              "fullTitle": "client command test should respond with \"OK\" when \"setname\" is called with a valid name",
              "timedOut": false,
              "duration": 1,
              "state": "passed",
              "speed": "fast",
              "pass": true,
              "fail": false,
              "pending": false,
              "context": null,
              "code": "__awaiter(void 0, void 0, void 0, function* () {\n        let response = yield common_test_1.sendCommand(client, ['client', 'setname', 'whatever']);\n        chai_1.expect(response).to.equal('OK');\n        response = yield common_test_1.sendCommand(client, ['client', 'getname']);\n        chai_1.expect(response).to.equal('whatever');\n    })",
              "err": {},
              "uuid": "2a20c48b-fee5-4001-8eb3-a4d421387f10",
              "parentUUID": "99160b89-42fc-4627-be70-5f378ffa4b03",
              "isHook": false,
              "skipped": false
            },
            {
              "title": "should persist the value for \"setname\" across tests",
              "fullTitle": "client command test should persist the value for \"setname\" across tests",
              "timedOut": false,
              "duration": 1,
              "state": "passed",
              "speed": "fast",
              "pass": true,
              "fail": false,
              "pending": false,
              "context": null,
              "code": "__awaiter(void 0, void 0, void 0, function* () {\n        const response = yield common_test_1.sendCommand(client, ['client', 'getname']);\n        chai_1.expect(response).to.equal('whatever');\n    })",
              "err": {},
              "uuid": "c3ee9f45-74bc-42f9-b8e0-12424bc9198a",
              "parentUUID": "99160b89-42fc-4627-be70-5f378ffa4b03",
              "isHook": false,
              "skipped": false
            },
            {
              "title": "should respond with a predictable message when \"setname\" called with too many parameters",
              "fullTitle": "client command test should respond with a predictable message when \"setname\" called with too many parameters",
              "timedOut": false,
              "duration": 1,
              "state": "passed",
              "speed": "fast",
              "pass": true,
              "fail": false,
              "pending": false,
              "context": null,
              "code": "__awaiter(void 0, void 0, void 0, function* () {\n        const response = yield common_test_1.sendCommand(client, ['client', 'setname', 'test', 'two']);\n        chai_1.expect(response).to.equal(util.format(DEFAULT_ERROR, 'setname'));\n    })",
              "err": {},
              "uuid": "8bbb920e-2bad-43fb-bb57-fea2bd62a62f",
              "parentUUID": "99160b89-42fc-4627-be70-5f378ffa4b03",
              "isHook": false,
              "skipped": false
            },
            {
              "title": "should not allow whitespace in \"setname\" subcommand",
              "fullTitle": "client command test should not allow whitespace in \"setname\" subcommand",
              "timedOut": false,
              "duration": 1,
              "state": "passed",
              "speed": "fast",
              "pass": true,
              "fail": false,
              "pending": false,
              "context": null,
              "code": "__awaiter(void 0, void 0, void 0, function* () {\n        const response = yield common_test_1.sendCommand(client, ['client', 'setname', 'te\\nst']);\n        chai_1.expect(response).to.equal(`ReplyError: ERR Client names cannot contain spaces, newlines or special characters.`);\n    })",
              "err": {},
              "uuid": "cd0c5aaf-c65c-4367-904f-4b91b6698a8d",
              "parentUUID": "99160b89-42fc-4627-be70-5f378ffa4b03",
              "isHook": false,
              "skipped": false
            },
            {
              "title": "should return the server-assigned client id",
              "fullTitle": "client command test should return the server-assigned client id",
              "timedOut": false,
              "duration": 2,
              "state": "passed",
              "speed": "fast",
              "pass": true,
              "fail": false,
              "pending": false,
              "context": null,
              "code": "__awaiter(void 0, void 0, void 0, function* () {\n        const response = yield common_test_1.sendCommand(client, ['client', 'id']);\n        chai_1.expect(response).to.be.a('number');\n        chai_1.expect(String(response).length).to.be.greaterThan(0);\n    })",
              "err": {},
              "uuid": "b810362b-021f-4deb-9eec-22fe34a3c8f4",
              "parentUUID": "99160b89-42fc-4627-be70-5f378ffa4b03",
              "isHook": false,
              "skipped": false
            },
            {
              "title": "should respond with a predictable message when \"id\" called with too many parameters",
              "fullTitle": "client command test should respond with a predictable message when \"id\" called with too many parameters",
              "timedOut": false,
              "duration": 2,
              "state": "passed",
              "speed": "fast",
              "pass": true,
              "fail": false,
              "pending": false,
              "context": null,
              "code": "__awaiter(void 0, void 0, void 0, function* () {\n        const response = yield common_test_1.sendCommand(client, ['client', 'id', 'test', 'two']);\n        chai_1.expect(response).to.equal(util.format(DEFAULT_ERROR, 'id'));\n    })",
              "err": {},
              "uuid": "e8875db9-4cab-4760-98cf-aadb1c8d7087",
              "parentUUID": "99160b89-42fc-4627-be70-5f378ffa4b03",
              "isHook": false,
              "skipped": false
            },
            {
              "title": "should return a bunch of information when client \"list\" subcommand is invoked",
              "fullTitle": "client command test should return a bunch of information when client \"list\" subcommand is invoked",
              "timedOut": false,
              "duration": 3,
              "state": "passed",
              "speed": "fast",
              "pass": true,
              "fail": false,
              "pending": false,
              "context": null,
              "code": "__awaiter(void 0, void 0, void 0, function* () {\n        const response = yield common_test_1.sendCommand(client, ['client', 'list']);\n        chai_1.expect(response).to.be.a('string');\n        chai_1.expect(response.length).to.be.greaterThan(0);\n        chai_1.expect(response).to.match(/ name=whatever /);\n        chai_1.expect(response).to.match(/\\bdb=0\\b/);\n    })",
              "err": {},
              "uuid": "31114ab4-e8ee-48cc-a38b-0d929f649464",
              "parentUUID": "99160b89-42fc-4627-be70-5f378ffa4b03",
              "isHook": false,
              "skipped": false
            },
            {
              "title": "should respond with a predictable message when \"list\" called with too many parameters",
              "fullTitle": "client command test should respond with a predictable message when \"list\" called with too many parameters",
              "timedOut": false,
              "duration": 2,
              "state": "passed",
              "speed": "fast",
              "pass": true,
              "fail": false,
              "pending": false,
              "context": null,
              "code": "__awaiter(void 0, void 0, void 0, function* () {\n        const response = yield common_test_1.sendCommand(client, ['client', 'list', 'test', 'two']);\n        chai_1.expect(response).to.equal('ReplyError: ERR syntax error');\n    })",
              "err": {},
              "uuid": "fd3e53e8-d2df-4ba5-8896-6c5805f7dbbf",
              "parentUUID": "99160b89-42fc-4627-be70-5f378ffa4b03",
              "isHook": false,
              "skipped": false
            }
          ],
          "suites": [],
          "passes": [
            "524c77ed-29dd-49ec-aefe-9d02565c713f",
            "5f7e8ea9-7c87-438b-ab13-d8d6e45b85d9",
            "071172f3-f410-4234-8cde-52e828fbfbd9",
            "d76e5326-42a2-4904-a843-39bd0eda2e6a",
            "2a20c48b-fee5-4001-8eb3-a4d421387f10",
            "c3ee9f45-74bc-42f9-b8e0-12424bc9198a",
            "8bbb920e-2bad-43fb-bb57-fea2bd62a62f",
            "cd0c5aaf-c65c-4367-904f-4b91b6698a8d",
            "b810362b-021f-4deb-9eec-22fe34a3c8f4",
            "e8875db9-4cab-4760-98cf-aadb1c8d7087",
            "31114ab4-e8ee-48cc-a38b-0d929f649464",
            "fd3e53e8-d2df-4ba5-8896-6c5805f7dbbf"
          ],
          "failures": [],
          "pending": [],
          "skipped": [],
          "duration": 21,
          "root": false,
          "rootEmpty": false,
          "_timeout": 5000
        },
        {
          "uuid": "d0ac3aa9-5eb7-4249-b978-c63a0e2f85b6",
          "title": "flushall-command test",
          "fullFile": "/home/lane/git/redis/test/resp/command/db/flushall-command.test.ts",
          "file": "/test/resp/command/db/flushall-command.test.ts",
          "beforeHooks": [
            {
              "title": "\"before all\" hook",
              "fullTitle": "flushall-command test \"before all\" hook",
              "timedOut": false,
              "duration": 12,
              "state": null,
              "speed": null,
              "pass": false,
              "fail": false,
              "pending": false,
              "context": null,
              "code": "respServer = new resp_server_1.RespServer();\nrespServer.on('ready', () => __awaiter(void 0, void 0, void 0, function* () {\n    yield common_test_1.sendCommand(client, ['flushall']);\n    done();\n}));\nrespServer.start();",
              "err": {},
              "uuid": "6bf242d5-8b27-4eb9-8062-03d5663fa112",
              "parentUUID": "d0ac3aa9-5eb7-4249-b978-c63a0e2f85b6",
              "isHook": true,
              "skipped": false
            },
            {
              "title": "\"before each\" hook",
              "fullTitle": "flushall-command test \"before each\" hook",
              "timedOut": false,
              "duration": 0,
              "state": null,
              "speed": null,
              "pass": false,
              "fail": false,
              "pending": false,
              "context": null,
              "code": "sinon.createSandbox();",
              "err": {},
              "uuid": "6b051d60-6f60-4063-b783-830e2708f41c",
              "parentUUID": "d0ac3aa9-5eb7-4249-b978-c63a0e2f85b6",
              "isHook": true,
              "skipped": false
            }
          ],
          "afterHooks": [
            {
              "title": "\"after all\" hook",
              "fullTitle": "flushall-command test \"after all\" hook",
              "timedOut": false,
              "duration": 1,
              "state": null,
              "speed": null,
              "pass": false,
              "fail": false,
              "pending": false,
              "context": null,
              "code": "__awaiter(void 0, void 0, void 0, function* () {\n        yield respServer.stop();\n    })",
              "err": {},
              "uuid": "1e745545-676f-4789-86b0-94c62d025146",
              "parentUUID": "d0ac3aa9-5eb7-4249-b978-c63a0e2f85b6",
              "isHook": true,
              "skipped": false
            },
            {
              "title": "\"after each\" hook",
              "fullTitle": "flushall-command test \"after each\" hook",
              "timedOut": false,
              "duration": 0,
              "state": null,
              "speed": null,
              "pass": false,
              "fail": false,
              "pending": false,
              "context": null,
              "code": "sinon.restore();",
              "err": {},
              "uuid": "39750312-7719-4faa-a561-f44c3ca2990b",
              "parentUUID": "d0ac3aa9-5eb7-4249-b978-c63a0e2f85b6",
              "isHook": true,
              "skipped": false
            }
          ],
          "tests": [
            {
              "title": "should remove all keys from all databases",
              "fullTitle": "flushall-command test should remove all keys from all databases",
              "timedOut": false,
              "duration": 106,
              "state": "passed",
              "speed": "slow",
              "pass": true,
              "fail": false,
              "pending": false,
              "context": null,
              "code": "__awaiter(void 0, void 0, void 0, function* () {\n        for (let db = 0; db < 16; db++) {\n            response = yield common_test_1.sendCommand(client, ['select', `${db}`]);\n            chai_1.expect(response).to.equal('OK');\n            response = yield common_test_1.sendCommand(client, ['set', 'dbid', `${db}`]);\n            chai_1.expect(response).to.equal('OK');\n            response = yield common_test_1.sendCommand(client, ['dbsize']);\n            console.log(`DB: ${db}: dbsize: ${response}`);\n            chai_1.expect(response).to.equal(1);\n        }\n        response = yield common_test_1.sendCommand(client, ['flushall']);\n        chai_1.expect(response).to.equal('OK');\n        for (let db = 0; db < 16; db++) {\n            response = yield common_test_1.sendCommand(client, ['select', `${db}`]);\n            chai_1.expect(response).to.equal('OK');\n            response = yield common_test_1.sendCommand(client, ['dbsize']);\n            chai_1.expect(response).to.equal(0);\n        }\n    })",
              "err": {},
              "uuid": "45d1ed76-16bc-4f6a-a5cb-74113c6fe047",
              "parentUUID": "d0ac3aa9-5eb7-4249-b978-c63a0e2f85b6",
              "isHook": false,
              "skipped": false
            }
          ],
          "suites": [],
          "passes": [
            "45d1ed76-16bc-4f6a-a5cb-74113c6fe047"
          ],
          "failures": [],
          "pending": [],
          "skipped": [],
          "duration": 106,
          "root": false,
          "rootEmpty": false,
          "_timeout": 5000
        },
        {
          "uuid": "213b7087-144a-4996-b404-1c938781c7ef",
          "title": "flushdb-command test",
          "fullFile": "/home/lane/git/redis/test/resp/command/db/flushdb-command.test.ts",
          "file": "/test/resp/command/db/flushdb-command.test.ts",
          "beforeHooks": [
            {
              "title": "\"before all\" hook",
              "fullTitle": "flushdb-command test \"before all\" hook",
              "timedOut": false,
              "duration": 9,
              "state": null,
              "speed": null,
              "pass": false,
              "fail": false,
              "pending": false,
              "context": null,
              "code": "respServer = new resp_server_1.RespServer();\nrespServer.on('ready', () => {\n    done();\n});\nrespServer.start();",
              "err": {},
              "uuid": "8642b92e-c16a-4b11-b7fe-cd7da157924f",
              "parentUUID": "213b7087-144a-4996-b404-1c938781c7ef",
              "isHook": true,
              "skipped": false
            },
            {
              "title": "\"before each\" hook",
              "fullTitle": "flushdb-command test \"before each\" hook",
              "timedOut": false,
              "duration": 0,
              "state": null,
              "speed": null,
              "pass": false,
              "fail": false,
              "pending": false,
              "context": null,
              "code": "sinon.createSandbox();",
              "err": {},
              "uuid": "acc20d03-4f85-42ec-a018-d1aef75f8596",
              "parentUUID": "213b7087-144a-4996-b404-1c938781c7ef",
              "isHook": true,
              "skipped": false
            }
          ],
          "afterHooks": [
            {
              "title": "\"after all\" hook",
              "fullTitle": "flushdb-command test \"after all\" hook",
              "timedOut": false,
              "duration": 0,
              "state": null,
              "speed": null,
              "pass": false,
              "fail": false,
              "pending": false,
              "context": null,
              "code": "__awaiter(void 0, void 0, void 0, function* () {\n        yield respServer.stop();\n    })",
              "err": {},
              "uuid": "1e6536df-e261-4bec-bc69-93907f254d52",
              "parentUUID": "213b7087-144a-4996-b404-1c938781c7ef",
              "isHook": true,
              "skipped": false
            },
            {
              "title": "\"after each\" hook",
              "fullTitle": "flushdb-command test \"after each\" hook",
              "timedOut": false,
              "duration": 0,
              "state": null,
              "speed": null,
              "pass": false,
              "fail": false,
              "pending": false,
              "context": null,
              "code": "sinon.restore();",
              "err": {},
              "uuid": "35dce129-1964-4eef-8d81-da0a5d0f7bb6",
              "parentUUID": "213b7087-144a-4996-b404-1c938781c7ef",
              "isHook": true,
              "skipped": false
            }
          ],
          "tests": [
            {
              "title": "should remove all keys from only the currently selected databases",
              "fullTitle": "flushdb-command test should remove all keys from only the currently selected databases",
              "timedOut": false,
              "duration": 140,
              "state": "passed",
              "speed": "slow",
              "pass": true,
              "fail": false,
              "pending": false,
              "context": null,
              "code": "__awaiter(void 0, void 0, void 0, function* () {\n        for (let db = 0; db < 16; db++) {\n            response = yield common_test_1.sendCommand(client, ['select', `${db}`]);\n            chai_1.expect(response).to.equal('OK');\n            response = yield common_test_1.sendCommand(client, ['set', 'dbid', `${db}`]);\n            chai_1.expect(response).to.equal('OK');\n            response = yield common_test_1.sendCommand(client, ['dbsize']);\n            chai_1.expect(response).to.equal(1);\n        }\n        for (let db = 0; db < 16; db++) {\n            if (db !== 14) {\n                response = yield common_test_1.sendCommand(client, ['select', `${db}`]);\n                chai_1.expect(response).to.equal('OK');\n                response = yield common_test_1.sendCommand(client, ['flushdb']);\n                chai_1.expect(response).to.equal('OK');\n                response = yield common_test_1.sendCommand(client, ['exists', 'dbid']);\n                chai_1.expect(response).to.equal(0);\n                response = yield common_test_1.sendCommand(client, ['dbsize']);\n                chai_1.expect(response).to.equal(0);\n            }\n        }\n        response = yield common_test_1.sendCommand(client, ['select', '14']);\n        chai_1.expect(response).to.equal('OK');\n        response = yield common_test_1.sendCommand(client, ['get', 'dbid']);\n        chai_1.expect(response).to.equal('14');\n        response = yield common_test_1.sendCommand(client, ['dbsize']);\n        chai_1.expect(response).to.equal(1);\n    })",
              "err": {},
              "uuid": "1f5affe2-bf0a-434c-a31a-90d0e64b17c4",
              "parentUUID": "213b7087-144a-4996-b404-1c938781c7ef",
              "isHook": false,
              "skipped": false
            }
          ],
          "suites": [],
          "passes": [
            "1f5affe2-bf0a-434c-a31a-90d0e64b17c4"
          ],
          "failures": [],
          "pending": [],
          "skipped": [],
          "duration": 140,
          "root": false,
          "rootEmpty": false,
          "_timeout": 5000
        },
        {
          "uuid": "091cd370-380b-4888-a76e-88cbcb8df315",
          "title": "hget command test",
          "fullFile": "/home/lane/git/redis/test/resp/command/hash/hget-command.test.ts",
          "file": "/test/resp/command/hash/hget-command.test.ts",
          "beforeHooks": [
            {
              "title": "\"before all\" hook",
              "fullTitle": "hget command test \"before all\" hook",
              "timedOut": false,
              "duration": 7,
              "state": null,
              "speed": null,
              "pass": false,
              "fail": false,
              "pending": false,
              "context": null,
              "code": "respServer = new resp_server_1.RespServer();\nrespServer.on('ready', () => {\n    done();\n});\nrespServer.start();",
              "err": {},
              "uuid": "85a2d62f-4296-4915-8ce2-3be85fc99b97",
              "parentUUID": "091cd370-380b-4888-a76e-88cbcb8df315",
              "isHook": true,
              "skipped": false
            },
            {
              "title": "\"before each\" hook",
              "fullTitle": "hget command test \"before each\" hook",
              "timedOut": false,
              "duration": 0,
              "state": null,
              "speed": null,
              "pass": false,
              "fail": false,
              "pending": false,
              "context": null,
              "code": "sinon.createSandbox();",
              "err": {},
              "uuid": "0dd3a093-dfad-4b19-bc92-3358e9446e44",
              "parentUUID": "091cd370-380b-4888-a76e-88cbcb8df315",
              "isHook": true,
              "skipped": false
            }
          ],
          "afterHooks": [
            {
              "title": "\"after all\" hook",
              "fullTitle": "hget command test \"after all\" hook",
              "timedOut": false,
              "duration": 0,
              "state": null,
              "speed": null,
              "pass": false,
              "fail": false,
              "pending": false,
              "context": null,
              "code": "__awaiter(void 0, void 0, void 0, function* () {\n        yield respServer.stop();\n    })",
              "err": {},
              "uuid": "85ef4505-c9ec-44ab-80b3-1ab8912acda8",
              "parentUUID": "091cd370-380b-4888-a76e-88cbcb8df315",
              "isHook": true,
              "skipped": false
            },
            {
              "title": "\"after each\" hook",
              "fullTitle": "hget command test \"after each\" hook",
              "timedOut": false,
              "duration": 0,
              "state": null,
              "speed": null,
              "pass": false,
              "fail": false,
              "pending": false,
              "context": null,
              "code": "sinon.restore();",
              "err": {},
              "uuid": "41af2c19-382b-4c71-a1cc-819a29be4b51",
              "parentUUID": "091cd370-380b-4888-a76e-88cbcb8df315",
              "isHook": true,
              "skipped": false
            }
          ],
          "tests": [
            {
              "title": "should require exactly 2 parameters",
              "fullTitle": "hget command test should require exactly 2 parameters",
              "timedOut": false,
              "duration": 9,
              "state": "passed",
              "speed": "fast",
              "pass": true,
              "fail": false,
              "pending": false,
              "context": null,
              "code": "common_test_1.sendCommand(new net.Socket(), ['hget', 'test'])\n    .then((response1) => {\n    chai_1.expect(response1).to.equal('ReplyError: ERR wrong number of arguments for \\'hget\\' command');\n    common_test_1.sendCommand(new net.Socket(), ['hget', 'test', 'one', 'two'])\n        .then((response2) => {\n        chai_1.expect(response2).to.equal('ReplyError: ERR wrong number of arguments for \\'hget\\' command');\n        common_test_1.sendCommand(new net.Socket(), ['hget', 'test', 'one'])\n            .then((response3) => {\n            chai_1.expect(response3).to.equal(null);\n            done();\n        });\n    });\n});",
              "err": {},
              "uuid": "87090264-31e4-4615-acff-87dd78784f37",
              "parentUUID": "091cd370-380b-4888-a76e-88cbcb8df315",
              "isHook": false,
              "skipped": false
            },
            {
              "title": "should get a value after it has be set",
              "fullTitle": "hget command test should get a value after it has be set",
              "timedOut": false,
              "duration": 4,
              "state": "passed",
              "speed": "fast",
              "pass": true,
              "fail": false,
              "pending": false,
              "context": null,
              "code": "common_test_1.sendCommand(new net.Socket(), ['hset', 'test', 'one', 'two'])\n    .then(() => {\n    common_test_1.sendCommand(new net.Socket(), ['hget', 'test', 'one'])\n        .then((response) => {\n        chai_1.expect(response).to.equal('two');\n        done();\n    });\n});",
              "err": {},
              "uuid": "61667415-5637-45cd-ae56-d969fc2a3a55",
              "parentUUID": "091cd370-380b-4888-a76e-88cbcb8df315",
              "isHook": false,
              "skipped": false
            },
            {
              "title": "should return nil string when the key exists but the field does not",
              "fullTitle": "hget command test should return nil string when the key exists but the field does not",
              "timedOut": false,
              "duration": 2,
              "state": "passed",
              "speed": "fast",
              "pass": true,
              "fail": false,
              "pending": false,
              "context": null,
              "code": "common_test_1.sendCommand(new net.Socket(), ['hget', 'test', 'two'])\n    .then((response) => {\n    chai_1.expect(response).to.equal(null);\n    done();\n});",
              "err": {},
              "uuid": "75a248c8-3121-4e1a-91f8-9bfe566f2f60",
              "parentUUID": "091cd370-380b-4888-a76e-88cbcb8df315",
              "isHook": false,
              "skipped": false
            }
          ],
          "suites": [],
          "passes": [
            "87090264-31e4-4615-acff-87dd78784f37",
            "61667415-5637-45cd-ae56-d969fc2a3a55",
            "75a248c8-3121-4e1a-91f8-9bfe566f2f60"
          ],
          "failures": [],
          "pending": [],
          "skipped": [],
          "duration": 15,
          "root": false,
          "rootEmpty": false,
          "_timeout": 5000
        },
        {
          "uuid": "633753bd-771d-48d4-825f-7c776a711246",
          "title": "hset command test",
          "fullFile": "/home/lane/git/redis/test/resp/command/hash/hset-command.test.ts",
          "file": "/test/resp/command/hash/hset-command.test.ts",
          "beforeHooks": [
            {
              "title": "\"before all\" hook",
              "fullTitle": "hset command test \"before all\" hook",
              "timedOut": false,
              "duration": 11,
              "state": null,
              "speed": null,
              "pass": false,
              "fail": false,
              "pending": false,
              "context": null,
              "code": "respServer = new resp_server_1.RespServer();\nrespServer.on('ready', () => __awaiter(void 0, void 0, void 0, function* () {\n    yield common_test_1.sendCommand(new net.Socket(), ['flushall']);\n    done();\n}));\nrespServer.start();",
              "err": {},
              "uuid": "426390e8-96d4-4a8e-8381-d4c2a0a88903",
              "parentUUID": "633753bd-771d-48d4-825f-7c776a711246",
              "isHook": true,
              "skipped": false
            },
            {
              "title": "\"before each\" hook",
              "fullTitle": "hset command test \"before each\" hook",
              "timedOut": false,
              "duration": 0,
              "state": null,
              "speed": null,
              "pass": false,
              "fail": false,
              "pending": false,
              "context": null,
              "code": "sinon.createSandbox();",
              "err": {},
              "uuid": "e4cfdb63-01c4-488c-aa3f-d6c812e3dea4",
              "parentUUID": "633753bd-771d-48d4-825f-7c776a711246",
              "isHook": true,
              "skipped": false
            }
          ],
          "afterHooks": [
            {
              "title": "\"after all\" hook",
              "fullTitle": "hset command test \"after all\" hook",
              "timedOut": false,
              "duration": 0,
              "state": null,
              "speed": null,
              "pass": false,
              "fail": false,
              "pending": false,
              "context": null,
              "code": "__awaiter(void 0, void 0, void 0, function* () {\n        yield respServer.stop();\n    })",
              "err": {},
              "uuid": "31ff2787-1d0c-42ad-b864-2b3b0b5ca8cd",
              "parentUUID": "633753bd-771d-48d4-825f-7c776a711246",
              "isHook": true,
              "skipped": false
            },
            {
              "title": "\"after each\" hook",
              "fullTitle": "hset command test \"after each\" hook",
              "timedOut": false,
              "duration": 0,
              "state": null,
              "speed": null,
              "pass": false,
              "fail": false,
              "pending": false,
              "context": null,
              "code": "sinon.restore();",
              "err": {},
              "uuid": "3fa8cb18-06df-4cd4-aa2a-3e306535e97d",
              "parentUUID": "633753bd-771d-48d4-825f-7c776a711246",
              "isHook": true,
              "skipped": false
            }
          ],
          "tests": [
            {
              "title": "should require a minimum of 3 parameters",
              "fullTitle": "hset command test should require a minimum of 3 parameters",
              "timedOut": false,
              "duration": 6,
              "state": "passed",
              "speed": "fast",
              "pass": true,
              "fail": false,
              "pending": false,
              "context": null,
              "code": "__awaiter(void 0, void 0, void 0, function* () {\n        const uniqueKey = `KEY${new Date().getTime()}`;\n        chai_1.expect(uniqueKey).not.to.equal(lastId);\n        lastId = uniqueKey;\n        let response = yield common_test_1.sendCommand(new net.Socket(), ['hset', uniqueKey]);\n        chai_1.expect(response).to.match(/ReplyError: ERR wrong number of arguments for \\'hset\\' command/i);\n        response = yield common_test_1.sendCommand(new net.Socket(), ['hset', uniqueKey, 'one']);\n        chai_1.expect(response).to.match(/ReplyError: ERR wrong number of arguments for \\'hm?set\\' command/i);\n        response = yield common_test_1.sendCommand(new net.Socket(), ['hset', uniqueKey, 'one', 'two']);\n        chai_1.expect(response).to.equal(1);\n    })",
              "err": {},
              "uuid": "2cd93a1a-bd61-40fa-947b-ecd8c7f51754",
              "parentUUID": "633753bd-771d-48d4-825f-7c776a711246",
              "isHook": false,
              "skipped": false
            },
            {
              "title": "should only accept an odd number of parameters",
              "fullTitle": "hset command test should only accept an odd number of parameters",
              "timedOut": false,
              "duration": 3,
              "state": "passed",
              "speed": "fast",
              "pass": true,
              "fail": false,
              "pending": false,
              "context": null,
              "code": "__awaiter(void 0, void 0, void 0, function* () {\n        const uniqueKey = `newKey${new Date().getTime()}`;\n        chai_1.expect(uniqueKey).not.to.equal(lastId);\n        lastId = uniqueKey;\n        const response = yield common_test_1.sendCommand(new net.Socket(), ['hset', uniqueKey, 'one2', 'two', 'fail']);\n        chai_1.expect(response).to.match(/ReplyError: ERR wrong number of arguments for hm?set/i);\n    })",
              "err": {},
              "uuid": "b9415400-8332-4c80-9351-11e066e9a383",
              "parentUUID": "633753bd-771d-48d4-825f-7c776a711246",
              "isHook": false,
              "skipped": false
            },
            {
              "title": "should only report added fields",
              "fullTitle": "hset command test should only report added fields",
              "timedOut": false,
              "duration": 7,
              "state": "passed",
              "speed": "fast",
              "pass": true,
              "fail": false,
              "pending": false,
              "context": null,
              "code": "__awaiter(void 0, void 0, void 0, function* () {\n        const uniqueKey = `key3${new Date().getTime()}`;\n        chai_1.expect(uniqueKey).not.to.equal(lastId);\n        lastId = uniqueKey;\n        let response = yield common_test_1.sendCommand(new net.Socket(), ['hset', uniqueKey, 'one', 'six']);\n        chai_1.expect(response).to.equal(1);\n        response = yield common_test_1.sendCommand(new net.Socket(), ['hset', uniqueKey, 'one', 'anothervalue']);\n        chai_1.expect(response).to.equal(0);\n        response = yield common_test_1.sendCommand(new net.Socket(), ['hget', uniqueKey, 'one']);\n        chai_1.expect(response).to.equal('anothervalue');\n    })",
              "err": {},
              "uuid": "eed5361b-5efb-48e3-8586-5f5b19a3a07c",
              "parentUUID": "633753bd-771d-48d4-825f-7c776a711246",
              "isHook": false,
              "skipped": false
            }
          ],
          "suites": [],
          "passes": [
            "2cd93a1a-bd61-40fa-947b-ecd8c7f51754",
            "b9415400-8332-4c80-9351-11e066e9a383",
            "eed5361b-5efb-48e3-8586-5f5b19a3a07c"
          ],
          "failures": [],
          "pending": [],
          "skipped": [],
          "duration": 16,
          "root": false,
          "rootEmpty": false,
          "_timeout": 5000
        },
        {
          "uuid": "656f1fff-67fd-4cdd-bda5-a7f66af99602",
          "title": "del-command test",
          "fullFile": "/home/lane/git/redis/test/resp/command/key/del-command.test.ts",
          "file": "/test/resp/command/key/del-command.test.ts",
          "beforeHooks": [
            {
              "title": "\"before all\" hook",
              "fullTitle": "del-command test \"before all\" hook",
              "timedOut": false,
              "duration": 16,
              "state": null,
              "speed": null,
              "pass": false,
              "fail": false,
              "pending": false,
              "context": null,
              "code": "respServer = new resp_server_1.RespServer();\nrespServer.on('ready', () => {\n    done();\n});\nrespServer.start();",
              "err": {},
              "uuid": "9d142090-3c3d-451f-b6e1-2a653cec5080",
              "parentUUID": "656f1fff-67fd-4cdd-bda5-a7f66af99602",
              "isHook": true,
              "skipped": false
            },
            {
              "title": "\"before each\" hook",
              "fullTitle": "del-command test \"before each\" hook",
              "timedOut": false,
              "duration": 0,
              "state": null,
              "speed": null,
              "pass": false,
              "fail": false,
              "pending": false,
              "context": null,
              "code": "sinon.createSandbox();",
              "err": {},
              "uuid": "5f60c180-b638-4a3c-95d7-8d8254232940",
              "parentUUID": "656f1fff-67fd-4cdd-bda5-a7f66af99602",
              "isHook": true,
              "skipped": false
            }
          ],
          "afterHooks": [
            {
              "title": "\"after all\" hook",
              "fullTitle": "del-command test \"after all\" hook",
              "timedOut": false,
              "duration": 0,
              "state": null,
              "speed": null,
              "pass": false,
              "fail": false,
              "pending": false,
              "context": null,
              "code": "__awaiter(void 0, void 0, void 0, function* () {\n        yield respServer.stop();\n    })",
              "err": {},
              "uuid": "860ef150-b1c3-4e27-ad50-c793bf0617fa",
              "parentUUID": "656f1fff-67fd-4cdd-bda5-a7f66af99602",
              "isHook": true,
              "skipped": false
            },
            {
              "title": "\"after each\" hook",
              "fullTitle": "del-command test \"after each\" hook",
              "timedOut": false,
              "duration": 0,
              "state": null,
              "speed": null,
              "pass": false,
              "fail": false,
              "pending": false,
              "context": null,
              "code": "sinon.restore();",
              "err": {},
              "uuid": "498c6bea-c15b-464d-8e74-bf9b4891e993",
              "parentUUID": "656f1fff-67fd-4cdd-bda5-a7f66af99602",
              "isHook": true,
              "skipped": false
            }
          ],
          "tests": [
            {
              "title": "should report ZERO when called with no keys present",
              "fullTitle": "del-command test should report ZERO when called with no keys present",
              "timedOut": false,
              "duration": 4,
              "state": "passed",
              "speed": "fast",
              "pass": true,
              "fail": false,
              "pending": false,
              "context": null,
              "code": "common_test_1.sendCommand(new net.Socket(), ['del', 'key1', 'key2', 'key3'])\n    .then((response) => {\n    chai_1.expect(response).to.be.a('number');\n    chai_1.expect(response).to.equal(0);\n    done();\n});",
              "err": {},
              "uuid": "32bad382-25ee-46e9-aaa2-f7056e12736d",
              "parentUUID": "656f1fff-67fd-4cdd-bda5-a7f66af99602",
              "isHook": false,
              "skipped": false
            },
            {
              "title": "should report the number of keys actually removed",
              "fullTitle": "del-command test should report the number of keys actually removed",
              "timedOut": false,
              "duration": 7,
              "state": "passed",
              "speed": "fast",
              "pass": true,
              "fail": false,
              "pending": false,
              "context": null,
              "code": "const client = new net.Socket();\ncommon_test_1.sendCommand(client, ['set', 'key1', 'data'])\n    .then(() => {\n    common_test_1.sendCommand(client, ['set', 'key2', 'data'])\n        .then(() => {\n        common_test_1.sendCommand(client, ['set', 'key3', 'data'])\n            .then(() => {\n            common_test_1.sendCommand(client, ['del', 'key1', 'key3'])\n                .then((response) => {\n                chai_1.expect(response).to.equal(2);\n                done();\n            });\n        });\n    });\n});",
              "err": {},
              "uuid": "8b904001-d74d-4c8a-a652-135ba19a05a2",
              "parentUUID": "656f1fff-67fd-4cdd-bda5-a7f66af99602",
              "isHook": false,
              "skipped": false
            },
            {
              "title": "should have retained key2 from the previous test",
              "fullTitle": "del-command test should have retained key2 from the previous test",
              "timedOut": false,
              "duration": 2,
              "state": "passed",
              "speed": "fast",
              "pass": true,
              "fail": false,
              "pending": false,
              "context": null,
              "code": "common_test_1.sendCommand(new net.Socket(), ['del', 'key2'])\n    .then((response) => {\n    chai_1.expect(response).to.equal(1);\n    done();\n});",
              "err": {},
              "uuid": "66715563-ae4e-47db-a379-32390f2a0781",
              "parentUUID": "656f1fff-67fd-4cdd-bda5-a7f66af99602",
              "isHook": false,
              "skipped": false
            }
          ],
          "suites": [],
          "passes": [
            "32bad382-25ee-46e9-aaa2-f7056e12736d",
            "8b904001-d74d-4c8a-a652-135ba19a05a2",
            "66715563-ae4e-47db-a379-32390f2a0781"
          ],
          "failures": [],
          "pending": [],
          "skipped": [],
          "duration": 13,
          "root": false,
          "rootEmpty": false,
          "_timeout": 5000
        },
        {
          "uuid": "b3106dc0-a8e4-486d-83e2-65277532be05",
          "title": "exists-command test",
          "fullFile": "/home/lane/git/redis/test/resp/command/key/exists-command.test.ts",
          "file": "/test/resp/command/key/exists-command.test.ts",
          "beforeHooks": [
            {
              "title": "\"before all\" hook",
              "fullTitle": "exists-command test \"before all\" hook",
              "timedOut": false,
              "duration": 42,
              "state": null,
              "speed": null,
              "pass": false,
              "fail": false,
              "pending": false,
              "context": null,
              "code": "respServer = new resp_server_1.RespServer();\nrespServer.on('ready', () => {\n    // Set a key with a millisecond TTL to validate exists respects TTL\n    common_test_1.sendCommand(new net.Socket(), ['set', 'ttlkey', 'value', 'PX', '3'])\n        .then(() => {\n        done();\n    });\n});\nrespServer.start();",
              "err": {},
              "uuid": "491b18ee-1bd3-4978-aafd-ca421e53ac0f",
              "parentUUID": "b3106dc0-a8e4-486d-83e2-65277532be05",
              "isHook": true,
              "skipped": false
            },
            {
              "title": "\"before each\" hook",
              "fullTitle": "exists-command test \"before each\" hook",
              "timedOut": false,
              "duration": 0,
              "state": null,
              "speed": null,
              "pass": false,
              "fail": false,
              "pending": false,
              "context": null,
              "code": "sinon.createSandbox();",
              "err": {},
              "uuid": "0211853e-70b5-4de8-b376-32680ffffdc6",
              "parentUUID": "b3106dc0-a8e4-486d-83e2-65277532be05",
              "isHook": true,
              "skipped": false
            }
          ],
          "afterHooks": [
            {
              "title": "\"after all\" hook",
              "fullTitle": "exists-command test \"after all\" hook",
              "timedOut": false,
              "duration": 0,
              "state": null,
              "speed": null,
              "pass": false,
              "fail": false,
              "pending": false,
              "context": null,
              "code": "__awaiter(void 0, void 0, void 0, function* () {\n        yield respServer.stop();\n    })",
              "err": {},
              "uuid": "564996ca-21d1-422b-b349-271f8795642b",
              "parentUUID": "b3106dc0-a8e4-486d-83e2-65277532be05",
              "isHook": true,
              "skipped": false
            },
            {
              "title": "\"after each\" hook",
              "fullTitle": "exists-command test \"after each\" hook",
              "timedOut": false,
              "duration": 0,
              "state": null,
              "speed": null,
              "pass": false,
              "fail": false,
              "pending": false,
              "context": null,
              "code": "sinon.restore();",
              "err": {},
              "uuid": "19919c0c-8838-45dc-b0b3-ade29dbbb5c1",
              "parentUUID": "b3106dc0-a8e4-486d-83e2-65277532be05",
              "isHook": true,
              "skipped": false
            }
          ],
          "tests": [
            {
              "title": "should report ZERO when none of the specified keys exist",
              "fullTitle": "exists-command test should report ZERO when none of the specified keys exist",
              "timedOut": false,
              "duration": 2,
              "state": "passed",
              "speed": "fast",
              "pass": true,
              "fail": false,
              "pending": false,
              "context": null,
              "code": "common_test_1.sendCommand(new net.Socket(), ['exists', 'key1', 'key2', 'key3'])\n    .then((response) => {\n    chai_1.expect(response).to.be.a('number');\n    chai_1.expect(response).to.equal(0);\n    done();\n});",
              "err": {},
              "uuid": "4c021c96-bbca-4f21-82c4-83d3ae779567",
              "parentUUID": "b3106dc0-a8e4-486d-83e2-65277532be05",
              "isHook": false,
              "skipped": false
            },
            {
              "title": "should require at least ONE parameter",
              "fullTitle": "exists-command test should require at least ONE parameter",
              "timedOut": false,
              "duration": 2,
              "state": "passed",
              "speed": "fast",
              "pass": true,
              "fail": false,
              "pending": false,
              "context": null,
              "code": "common_test_1.sendCommand(new net.Socket(), ['exists'])\n    .then((response) => {\n    chai_1.expect(response).to.equal('ReplyError: ERR wrong number of arguments for \\'exists\\' command');\n    done();\n});",
              "err": {},
              "uuid": "24c70a34-2507-492e-a0f4-73ae442944f9",
              "parentUUID": "b3106dc0-a8e4-486d-83e2-65277532be05",
              "isHook": false,
              "skipped": false
            },
            {
              "title": "should report GREATER THAN ZERO when checking for the same existing key multiple times",
              "fullTitle": "exists-command test should report GREATER THAN ZERO when checking for the same existing key multiple times",
              "timedOut": false,
              "duration": 4,
              "state": "passed",
              "speed": "fast",
              "pass": true,
              "fail": false,
              "pending": false,
              "context": null,
              "code": "common_test_1.sendCommand(new net.Socket(), ['set', 'key', 'value'])\n    .then(() => {\n    common_test_1.sendCommand(new net.Socket(), ['exists', 'key', 'key', 'unknownkey', 'another', 'another'])\n        .then((response) => {\n        chai_1.expect(response).to.equal(2);\n        done();\n    });\n});",
              "err": {},
              "uuid": "eb731dda-e034-4f77-9ce5-e778a4b12e54",
              "parentUUID": "b3106dc0-a8e4-486d-83e2-65277532be05",
              "isHook": false,
              "skipped": false
            },
            {
              "title": "should respect the TTL value on a key",
              "fullTitle": "exists-command test should respect the TTL value on a key",
              "timedOut": false,
              "duration": 2,
              "state": "passed",
              "speed": "fast",
              "pass": true,
              "fail": false,
              "pending": false,
              "context": null,
              "code": "common_test_1.sendCommand(new net.Socket(), ['exists', 'ttlkey'])\n    .then((response) => {\n    chai_1.expect(response).to.equal(0);\n    done();\n});",
              "err": {},
              "uuid": "98bfc596-fd15-4e77-ac02-90d34368d1ea",
              "parentUUID": "b3106dc0-a8e4-486d-83e2-65277532be05",
              "isHook": false,
              "skipped": false
            }
          ],
          "suites": [],
          "passes": [
            "4c021c96-bbca-4f21-82c4-83d3ae779567",
            "24c70a34-2507-492e-a0f4-73ae442944f9",
            "eb731dda-e034-4f77-9ce5-e778a4b12e54",
            "98bfc596-fd15-4e77-ac02-90d34368d1ea"
          ],
          "failures": [],
          "pending": [],
          "skipped": [],
          "duration": 10,
          "root": false,
          "rootEmpty": false,
          "_timeout": 5000
        },
        {
          "uuid": "0697da5b-72fc-4d72-a5a9-023ef122b74a",
          "title": "expire-command test",
          "fullFile": "/home/lane/git/redis/test/resp/command/key/expire-command.test.ts",
          "file": "/test/resp/command/key/expire-command.test.ts",
          "beforeHooks": [
            {
              "title": "\"before all\" hook",
              "fullTitle": "expire-command test \"before all\" hook",
              "timedOut": false,
              "duration": 6,
              "state": null,
              "speed": null,
              "pass": false,
              "fail": false,
              "pending": false,
              "context": null,
              "code": "respServer = new resp_server_1.RespServer();\nrespServer.on('ready', () => {\n    done();\n});\nrespServer.start();",
              "err": {},
              "uuid": "84beb790-17d3-468e-9d73-31c6983eacc2",
              "parentUUID": "0697da5b-72fc-4d72-a5a9-023ef122b74a",
              "isHook": true,
              "skipped": false
            },
            {
              "title": "\"before each\" hook",
              "fullTitle": "expire-command test \"before each\" hook",
              "timedOut": false,
              "duration": 0,
              "state": null,
              "speed": null,
              "pass": false,
              "fail": false,
              "pending": false,
              "context": null,
              "code": "sinon.createSandbox();",
              "err": {},
              "uuid": "108eec70-e74e-4434-8161-1fa408cb25de",
              "parentUUID": "0697da5b-72fc-4d72-a5a9-023ef122b74a",
              "isHook": true,
              "skipped": false
            }
          ],
          "afterHooks": [
            {
              "title": "\"after all\" hook",
              "fullTitle": "expire-command test \"after all\" hook",
              "timedOut": false,
              "duration": 1,
              "state": null,
              "speed": null,
              "pass": false,
              "fail": false,
              "pending": false,
              "context": null,
              "code": "__awaiter(void 0, void 0, void 0, function* () {\n        yield respServer.stop();\n    })",
              "err": {},
              "uuid": "f2d09f1f-a7c5-4b83-ad58-9d3aa85755f6",
              "parentUUID": "0697da5b-72fc-4d72-a5a9-023ef122b74a",
              "isHook": true,
              "skipped": false
            },
            {
              "title": "\"after each\" hook",
              "fullTitle": "expire-command test \"after each\" hook",
              "timedOut": false,
              "duration": 0,
              "state": null,
              "speed": null,
              "pass": false,
              "fail": false,
              "pending": false,
              "context": null,
              "code": "sinon.restore();",
              "err": {},
              "uuid": "ea8b8d7b-188c-4043-9ffd-b66759a73d53",
              "parentUUID": "0697da5b-72fc-4d72-a5a9-023ef122b74a",
              "isHook": true,
[...]
                    {
                      "title": "should get the correct rank",
                      "fullTitle": "sorted-set test skip map rewrite #rank should get the correct rank",
                      "timedOut": false,
                      "duration": 2,
                      "state": "passed",
                      "speed": "fast",
                      "pass": true,
                      "fail": false,
                      "pending": false,
                      "context": null,
                      "code": "let ss = new sorted_set_1.SortedSet();\nss.add('5a600e10', 16);\nss.add('5a600e11', 6);\nss.add('5a600e12', 17);\nss.add('5a600e13', 11);\nss.add('5a600e14', 14);\nss.add('5a600e15', 19);\nss.add('5a600e16', 3);\nss.add('5a600e17', 12);\nss.add('5a600e18', 10);\nchai_1.expect(ss.rank('5a600e12')).to.equal(7);\nchai_1.expect(ss.rank('5a600e13')).to.equal(3);\nchai_1.expect(ss.rank('5a600e16')).to.equal(0);\nchai_1.expect(ss.rank('5a600e15')).to.equal(8);\nchai_1.expect(ss.rank('not in set')).to.equal(null);",
                      "err": {},
                      "uuid": "9b39f696-5f2d-4773-9c26-53955a20452c",
                      "parentUUID": "896aa1d8-df67-49de-851f-9eef5e813251",
                      "isHook": false,
                      "skipped": false
                    }
                  ],
                  "suites": [],
                  "passes": [
                    "9b39f696-5f2d-4773-9c26-53955a20452c"
                  ],
                  "failures": [],
                  "pending": [],
                  "skipped": [],
                  "duration": 2,
                  "root": false,
                  "rootEmpty": false,
                  "_timeout": 5000
                },
                {
                  "uuid": "4619813a-c422-4f76-b58d-dd35c5e85cef",
                  "title": "#rem",
                  "fullFile": "/home/lane/git/redis/test/resp/data/sorted-set.test.ts",
                  "file": "/test/resp/data/sorted-set.test.ts",
                  "beforeHooks": [],
                  "afterHooks": [],
                  "tests": [
                    {
                      "title": "should delete special elements",
                      "fullTitle": "sorted-set test skip map rewrite #rem should delete special elements",
                      "timedOut": false,
                      "duration": 1,
                      "state": "passed",
                      "speed": "fast",
                      "pass": true,
                      "fail": false,
                      "pending": false,
                      "context": null,
                      "code": "let ss = new sorted_set_1.SortedSet();\nss.add('5a600e10', 16);\nss.add('5a600e11', 6);\nss.add('5a600e12', 17);\nss.add('5a600e13', 11);\nss.add('5a600e14', 14);\nss.add('5a600e15', 19);\nss.add('5a600e16', 3);\nss.add('5a600e17', 12);\nss.add('5a600e18', 10);\nchai_1.expect(ss.rem('5a600e15')).to.equal(19);\nchai_1.expect(ss).to.have.length(8);\nchai_1.expect(ss.rem('5a600e16')).to.equal(3);\nchai_1.expect(ss).to.have.length(7);\nchai_1.expect(ss.toArray({ withScores: true })).to.eql([\n    ['5a600e11', 6],\n    ['5a600e18', 10],\n    ['5a600e13', 11],\n    ['5a600e17', 12],\n    ['5a600e14', 14],\n    ['5a600e10', 16],\n    ['5a600e12', 17],\n]);",
                      "err": {},
                      "uuid": "ffdd530e-80a0-4645-9f16-07b9173dc8d7",
                      "parentUUID": "4619813a-c422-4f76-b58d-dd35c5e85cef",
                      "isHook": false,
                      "skipped": false
                    },
                    {
                      "title": "should delete many elements",
                      "fullTitle": "sorted-set test skip map rewrite #rem should delete many elements",
                      "timedOut": false,
                      "duration": 1,
                      "state": "passed",
                      "speed": "fast",
                      "pass": true,
                      "fail": false,
                      "pending": false,
                      "context": null,
                      "code": "let ss = new sorted_set_1.SortedSet();\nss.add('5a600e10', 16);\nss.add('5a600e11', 6);\nss.add('5a600e12', 17);\nss.add('5a600e13', 11);\nss.add('5a600e14', 14);\nss.add('5a600e15', 19);\nss.add('5a600e16', 3);\nss.add('5a600e17', 12);\nss.add('5a600e18', 10);\nchai_1.expect(ss.rem('5a600e11')).to.equal(6);\nchai_1.expect(ss.rem('5a600e13')).to.equal(11);\nchai_1.expect(ss.rem('5a600e14')).to.equal(14);\nchai_1.expect(ss.rem('5a600e15')).to.equal(19);\nchai_1.expect(ss.rem('5a600e16')).to.equal(3);\nchai_1.expect(ss.rem('5a600e17')).to.equal(12);\nchai_1.expect(ss.length).to.equal(3);\nchai_1.expect(ss.toArray({ withScores: true })).to.eql([\n    ['5a600e18', 10],\n    ['5a600e10', 16],\n    ['5a600e12', 17],\n]);",
                      "err": {},
                      "uuid": "207611a3-1e4b-4fed-9eb0-2b585f981191",
                      "parentUUID": "4619813a-c422-4f76-b58d-dd35c5e85cef",
                      "isHook": false,
                      "skipped": false
                    }
                  ],
                  "suites": [],
                  "passes": [
                    "ffdd530e-80a0-4645-9f16-07b9173dc8d7",
                    "207611a3-1e4b-4fed-9eb0-2b585f981191"
                  ],
                  "failures": [],
                  "pending": [],
                  "skipped": [],
                  "duration": 2,
                  "root": false,
                  "rootEmpty": false,
                  "_timeout": 5000
                },
                {
                  "uuid": "fc4045f5-37ed-49a8-a286-7855c6e6ea19",
                  "title": "#remRangeByScore",
                  "fullFile": "/home/lane/git/redis/test/resp/data/sorted-set.test.ts",
                  "file": "/test/resp/data/sorted-set.test.ts",
                  "beforeHooks": [],
                  "afterHooks": [],
                  "tests": [
                    {
                      "title": "should strip out a range of elements",
                      "fullTitle": "sorted-set test skip map rewrite #remRangeByScore should strip out a range of elements",
                      "timedOut": false,
                      "duration": 1,
                      "state": "passed",
                      "speed": "fast",
                      "pass": true,
                      "fail": false,
                      "pending": false,
                      "context": null,
                      "code": "let ss = new sorted_set_1.SortedSet();\nss.add('5a600e10', 16);\nss.add('5a600e11', 6);\nss.add('5a600e12', 17);\nss.add('5a600e13', 11);\nss.add('5a600e14', 14);\nss.add('5a600e15', 19);\nss.add('5a600e16', 3);\nss.add('5a600e17', 12);\nss.add('5a600e18', 10);\nchai_1.expect(ss.remRangeByScore(4, 14)).to.equal(5);\nchai_1.expect(ss).to.have.length(4);\nchai_1.expect(ss.toArray({ withScores: true })).to.eql([\n    ['5a600e16', 3],\n    ['5a600e10', 16],\n    ['5a600e12', 17],\n    ['5a600e15', 19],\n]);",
                      "err": {},
                      "uuid": "678300a2-a1d9-4624-b9f0-6041d7a89100",
                      "parentUUID": "fc4045f5-37ed-49a8-a286-7855c6e6ea19",
                      "isHook": false,
                      "skipped": false
                    },
                    {
                      "title": "should strip out all the elements",
                      "fullTitle": "sorted-set test skip map rewrite #remRangeByScore should strip out all the elements",
                      "timedOut": false,
                      "duration": 1,
                      "state": "passed",
                      "speed": "fast",
                      "pass": true,
                      "fail": false,
                      "pending": false,
                      "context": null,
                      "code": "let ss = new sorted_set_1.SortedSet();\nss.add('5a600e10', 16);\nss.add('5a600e11', 6);\nss.add('5a600e12', 17);\nss.add('5a600e13', 11);\nss.add('5a600e14', 14);\nss.add('5a600e15', 19);\nss.add('5a600e16', 3);\nss.add('5a600e17', 12);\nss.add('5a600e18', 10);\nchai_1.expect(ss.remRangeByScore(3, 19)).to.equal(9);\nchai_1.expect(ss).to.have.length(0);\nchai_1.expect(ss.toArray()).to.eql([]);",
                      "err": {},
                      "uuid": "cab70eb9-4a32-4e7c-adbc-91d65e61bb21",
                      "parentUUID": "fc4045f5-37ed-49a8-a286-7855c6e6ea19",
                      "isHook": false,
                      "skipped": false
                    }
                  ],
                  "suites": [],
                  "passes": [
                    "678300a2-a1d9-4624-b9f0-6041d7a89100",
                    "cab70eb9-4a32-4e7c-adbc-91d65e61bb21"
                  ],
                  "failures": [],
                  "pending": [],
                  "skipped": [],
                  "duration": 2,
                  "root": false,
                  "rootEmpty": false,
                  "_timeout": 5000
                },
                {
                  "uuid": "6fd835b4-dc02-44ef-b1d7-914c9883f4e1",
                  "title": "#remRangeByRank",
                  "fullFile": "/home/lane/git/redis/test/resp/data/sorted-set.test.ts",
                  "file": "/test/resp/data/sorted-set.test.ts",
                  "beforeHooks": [],
                  "afterHooks": [],
                  "tests": [
                    {
                      "title": "should strip out a slice of elements",
                      "fullTitle": "sorted-set test skip map rewrite #remRangeByRank should strip out a slice of elements",
                      "timedOut": false,
                      "duration": 1,
                      "state": "passed",
                      "speed": "fast",
                      "pass": true,
                      "fail": false,
                      "pending": false,
                      "context": null,
                      "code": "let ss = new sorted_set_1.SortedSet();\nss.add('5a600e10', 16);\nss.add('5a600e11', 6);\nss.add('5a600e12', 17);\nss.add('5a600e13', 11);\nss.add('5a600e14', 14);\nss.add('5a600e15', 19);\nss.add('5a600e16', 3);\nss.add('5a600e17', 12);\nss.add('5a600e18', 10);\nchai_1.expect(ss.remRangeByRank(1, 6)).to.equal(5);\nchai_1.expect(ss).to.have.length(4);\nchai_1.expect(ss.toArray({ withScores: true })).to.eql([\n    ['5a600e16', 3],\n    ['5a600e10', 16],\n    ['5a600e12', 17],\n    ['5a600e15', 19],\n]);",
                      "err": {},
                      "uuid": "c2468481-33e8-45ca-bd86-d5790180d0cb",
                      "parentUUID": "6fd835b4-dc02-44ef-b1d7-914c9883f4e1",
                      "isHook": false,
                      "skipped": false
                    },
                    {
                      "title": "should strip out all elements",
                      "fullTitle": "sorted-set test skip map rewrite #remRangeByRank should strip out all elements",
                      "timedOut": false,
                      "duration": 0,
                      "state": "passed",
                      "speed": "fast",
                      "pass": true,
                      "fail": false,
                      "pending": false,
                      "context": null,
                      "code": "let ss = new sorted_set_1.SortedSet();\nss.add('5a600e10', 16);\nss.add('5a600e11', 6);\nss.add('5a600e12', 17);\nss.add('5a600e13', 11);\nss.add('5a600e14', 14);\nss.add('5a600e15', 19);\nss.add('5a600e16', 3);\nss.add('5a600e17', 12);\nss.add('5a600e18', 10);\nchai_1.expect(ss.remRangeByRank(0, 9)).to.equal(9);\nchai_1.expect(ss).to.have.length(0);\nchai_1.expect(ss.toArray()).to.eql([]);",
                      "err": {},
                      "uuid": "3583c6b2-2c23-40c4-bf0a-db69fd52901a",
                      "parentUUID": "6fd835b4-dc02-44ef-b1d7-914c9883f4e1",
                      "isHook": false,
                      "skipped": false
                    }
                  ],
                  "suites": [],
                  "passes": [
                    "c2468481-33e8-45ca-bd86-d5790180d0cb",
                    "3583c6b2-2c23-40c4-bf0a-db69fd52901a"
                  ],
                  "failures": [],
                  "pending": [],
                  "skipped": [],
                  "duration": 1,
                  "root": false,
                  "rootEmpty": false,
                  "_timeout": 5000
                },
                {
                  "uuid": "7c5ab0ca-3f9b-4246-8b6b-55d9df87b185",
                  "title": "#values",
                  "fullFile": "/home/lane/git/redis/test/resp/data/sorted-set.test.ts",
                  "file": "/test/resp/data/sorted-set.test.ts",
                  "beforeHooks": [],
                  "afterHooks": [],
                  "tests": [
                    {
                      "title": "should return the values",
                      "fullTitle": "sorted-set test skip map rewrite #values should return the values",
                      "timedOut": false,
                      "duration": 0,
                      "state": "passed",
                      "speed": "fast",
                      "pass": true,
                      "fail": false,
                      "pending": false,
                      "context": null,
                      "code": "let ss = new sorted_set_1.SortedSet();\nss.add('first', -1);\nss.add('third', 5);\nss.add('second', 3);\nchai_1.expect(ss.values()).to.eql([-1, 3, 5]);",
                      "err": {},
                      "uuid": "af0333dd-21e5-4bf5-af0e-34523a87cf8f",
                      "parentUUID": "7c5ab0ca-3f9b-4246-8b6b-55d9df87b185",
                      "isHook": false,
                      "skipped": false
                    }
                  ],
                  "suites": [],
                  "passes": [
                    "af0333dd-21e5-4bf5-af0e-34523a87cf8f"
                  ],
                  "failures": [],
                  "pending": [],
                  "skipped": [],
                  "duration": 0,
                  "root": false,
                  "rootEmpty": false,
                  "_timeout": 5000
                },
                {
                  "uuid": "39e16609-40a3-45af-8b68-ee72ef0e1c84",
                  "title": "unique rewrite",
                  "fullFile": "/home/lane/git/redis/test/resp/data/sorted-set.test.ts",
                  "file": "/test/resp/data/sorted-set.test.ts",
                  "beforeHooks": [],
                  "afterHooks": [],
                  "tests": [
                    {
                      "title": "should ensure values are unique",
                      "fullTitle": "sorted-set test skip map rewrite unique rewrite should ensure values are unique",
                      "timedOut": false,
                      "duration": 3,
                      "state": "passed",
                      "speed": "fast",
                      "pass": true,
                      "fail": false,
                      "pending": false,
                      "context": null,
                      "code": "const options = { unique: true };\nlet ss = new sorted_set_1.SortedSet(options);\nss.add('5a600e10', 16);\nss.add('5a600e11', 6);\nss.add('5a600e12', 17);\nss.add('5a600e13', 11);\nss.add('5a600e14', 14);\nss.add('5a600e15', 19);\nss.add('5a600e16', 3);\nss.add('5a600e17', 12);\nss.add('5a600e18', 10);\nchai_1.expect(() => {\n    ss.add('5a600e19', 11);\n}).to.throw(/unique/);\n// quick exit test\nchai_1.expect(() => {\n    ss.add('5a600dff', ss._head.next[ss._level - 1].next.value);\n}).to.throw(/unique/);\n// this test ensures the key < key check doesn't come into play\nchai_1.expect(() => {\n    ss.add('5a600dff', 11);\n}).to.throw(/unique/);\nchai_1.expect(() => {\n    ss.add('5a600e18', 10);\n}).to.not.throw();\nchai_1.expect(ss).to.have.length(9);\nchai_1.expect(ss.toArray({ withScores: true })).to.eql([\n    ['5a600e16', 3],\n    ['5a600e11', 6],\n    ['5a600e18', 10],\n    ['5a600e13', 11],\n    ['5a600e17', 12],\n    ['5a600e14', 14],\n    ['5a600e10', 16],\n    ['5a600e12', 17],\n    ['5a600e15', 19],\n]);",
                      "err": {},
                      "uuid": "bd5534e8-5db3-4c47-ae52-614f74b2a588",
                      "parentUUID": "39e16609-40a3-45af-8b68-ee72ef0e1c84",
                      "isHook": false,
                      "skipped": false
                    },
                    {
                      "title": "should revert keys if constraint broken during update",
                      "fullTitle": "sorted-set test skip map rewrite unique rewrite should revert keys if constraint broken during update",
                      "timedOut": false,
                      "duration": 1,
                      "state": "passed",
                      "speed": "fast",
                      "pass": true,
                      "fail": false,
                      "pending": false,
                      "context": null,
                      "code": "let ss = new sorted_set_1.SortedSet({ unique: true });\nss.add('5a600e10', 16);\nss.add('5a600e11', 6);\nss.add('5a600e12', 17);\nss.add('5a600e13', 11);\nss.add('5a600e14', 14);\nss.add('5a600e15', 19);\nss.add('5a600e16', 3);\nss.add('5a600e17', 12);\nss.add('5a600e18', 10);\nchai_1.expect(() => {\n    ss.add('5a600e13', 14);\n}).to.throw(/unique/);\nchai_1.expect(ss).to.have.length(9);\nchai_1.expect(ss.score('5a600e13')).to.equal(11);",
                      "err": {},
                      "uuid": "411f1630-a1bf-41c5-9faf-07da51ce6bfd",
                      "parentUUID": "39e16609-40a3-45af-8b68-ee72ef0e1c84",
                      "isHook": false,
                      "skipped": false
                    }
                  ],
                  "suites": [],
                  "passes": [
                    "bd5534e8-5db3-4c47-ae52-614f74b2a588",
                    "411f1630-a1bf-41c5-9faf-07da51ce6bfd"
                  ],
                  "failures": [],
                  "pending": [],
                  "skipped": [],
                  "duration": 4,
                  "root": false,
                  "rootEmpty": false,
                  "_timeout": 5000
                }
              ],
              "passes": [
                "6c555bd8-b572-47fe-8e5e-54bf1f855e22"
              ],
              "failures": [],
              "pending": [],
              "skipped": [],
              "duration": 3,
              "root": false,
              "rootEmpty": false,
              "_timeout": 5000
            }
          ],
          "passes": [
            "fc157f22-e9ec-4d91-b1b3-08ef6b5f986d",
            "802b98d6-8ae2-48ce-9c03-3776564ffd74",
            "0fab87ae-1a00-4550-b508-51179bf8f347",
            "5fc139fc-679a-42bd-8398-ba2821f7df06",
            "ff6da49a-3422-42d8-af0c-01677714c508",
            "85c5e916-5702-496a-ab52-4ed72b45dd66",
            "c5ee944a-39df-4b32-b577-8e1b9e49fd0e",
            "4d862f61-bc16-477e-9641-3e6ed26a25ca"
          ],
          "failures": [],
          "pending": [
            "6883333f-232c-42f3-9f67-99a46c47d7e5"
          ],
          "skipped": [],
          "duration": 8,
          "root": false,
          "rootEmpty": false,
          "_timeout": 5000
        }
      ],
      "passes": [],
      "failures": [],
      "pending": [],
      "skipped": [],
      "duration": 0,
      "root": true,
      "rootEmpty": true,
      "_timeout": 5000
    }
  ],
  "meta": {
    "mocha": {
      "version": "6.2.2"
    },
    "mochawesome": {
      "options": {
        "quiet": false,
        "reportFilename": "mochawesome",
        "saveHtml": true,
        "saveJson": true,
        "consoleReporter": "spec",
        "useInlineDiffs": false
      },
      "version": "4.1.0"
    },
    "marge": {
      "options": {
        "reportDir": "docs/mochawesome"
      },
      "version": "4.1.0"
    }
  }
}