{
  "stats": {
    "suites": 1,
    "tests": 7,
    "passes": 7,
    "pending": 0,
    "failures": 0,
    "start": "2023-12-10T15:35:18.059Z",
    "end": "2023-12-10T15:35:18.225Z",
    "duration": 166,
    "testsRegistered": 7,
    "passPercent": 100,
    "pendingPercent": 0,
    "other": 0,
    "hasOther": false,
    "skipped": 0,
    "hasSkipped": false
  },
  "results": [
    {
      "uuid": "7e8d558e-1441-4b9f-9be4-7496a71c8607",
      "title": "",
      "fullFile": "/home/lane/git/redis/test/lua/lua-bit.test.ts",
      "file": "/test/lua/lua-bit.test.ts",
      "beforeHooks": [
        {
          "title": "\"before all\" hook in \"{root}\"",
          "fullTitle": "\"before all\" hook in \"{root}\"",
          "timedOut": false,
          "duration": 1,
          "state": null,
          "speed": null,
          "pass": false,
          "fail": false,
          "pending": false,
          "context": null,
          "code": "done();",
          "err": {},
          "uuid": "e2a4c5ac-2f63-4da4-9deb-50420def85e3",
          "parentUUID": "7e8d558e-1441-4b9f-9be4-7496a71c8607",
          "isHook": true,
          "skipped": false
        }
      ],
      "afterHooks": [
        {
          "title": "\"after all\" hook in \"{root}\"",
          "fullTitle": "\"after all\" hook in \"{root}\"",
          "timedOut": false,
          "duration": 0,
          "state": null,
          "speed": null,
          "pass": false,
          "fail": false,
          "pending": false,
          "context": null,
          "code": "__awaiter(void 0, void 0, void 0, function* () {\n})",
          "err": {},
          "uuid": "d0a12c28-1c85-4423-a105-3558262641e4",
          "parentUUID": "7e8d558e-1441-4b9f-9be4-7496a71c8607",
          "isHook": true,
          "skipped": false
        }
      ],
      "tests": [],
      "suites": [
        {
          "uuid": "3f1f327d-186c-4add-8aad-3deceeaf65d5",
          "title": "lua-bit test",
          "fullFile": "/home/lane/git/redis/test/lua/lua-bit.test.ts",
          "file": "/test/lua/lua-bit.test.ts",
          "beforeHooks": [
            {
              "title": "\"before all\" hook in \"lua-bit test\"",
              "fullTitle": "lua-bit test \"before all\" hook in \"lua-bit test\"",
              "timedOut": false,
              "duration": 40,
              "state": null,
              "speed": null,
              "pass": false,
              "fail": false,
              "pending": false,
              "context": null,
              "code": "respServer = new resp_server_1.RespServer();\nrespServer.on(\"ready\", () => __awaiter(void 0, void 0, void 0, function* () {\n    yield (0, common_test_1.sendCommand)(client, [\"flushall\"]);\n    yield (0, common_test_1.sendCommand)(client, [\n        \"select\",\n        \"0\"\n    ]);\n    yield (0, common_test_1.sendCommand)(client, [\n        \"script\",\n        \"flush\"\n    ]);\n    done();\n}));\nrespServer.start();",
              "err": {},
              "uuid": "8f226cd1-c2e1-458d-8136-c908171fdaa5",
              "parentUUID": "3f1f327d-186c-4add-8aad-3deceeaf65d5",
              "isHook": true,
              "skipped": false
            },
            {
              "title": "\"before each\" hook in \"lua-bit test\"",
              "fullTitle": "lua-bit test \"before each\" hook in \"lua-bit test\"",
              "timedOut": false,
              "duration": 0,
              "state": null,
              "speed": null,
              "pass": false,
              "fail": false,
              "pending": false,
              "context": null,
              "code": "sinon.createSandbox();",
              "err": {},
              "uuid": "e93b9070-b89b-499e-807d-ebdd356d78b1",
              "parentUUID": "3f1f327d-186c-4add-8aad-3deceeaf65d5",
              "isHook": true,
              "skipped": false
            }
          ],
          "afterHooks": [
            {
              "title": "\"after all\" hook in \"lua-bit test\"",
              "fullTitle": "lua-bit test \"after all\" hook in \"lua-bit test\"",
              "timedOut": false,
              "duration": 0,
              "state": null,
              "speed": null,
              "pass": false,
              "fail": false,
              "pending": false,
              "context": null,
              "code": "__awaiter(void 0, void 0, void 0, function* () {\n        yield respServer.stop();\n    })",
              "err": {},
              "uuid": "98553cf4-9b48-4146-9e26-5581820df2cd",
              "parentUUID": "3f1f327d-186c-4add-8aad-3deceeaf65d5",
              "isHook": true,
              "skipped": false
            },
            {
              "title": "\"after each\" hook in \"lua-bit test\"",
              "fullTitle": "lua-bit test \"after each\" hook in \"lua-bit test\"",
              "timedOut": false,
              "duration": 0,
              "state": null,
              "speed": null,
              "pass": false,
              "fail": false,
              "pending": false,
              "context": null,
              "code": "sinon.restore();",
              "err": {},
              "uuid": "58a8357c-2d39-495a-a26e-71da143173d7",
              "parentUUID": "3f1f327d-186c-4add-8aad-3deceeaf65d5",
              "isHook": true,
              "skipped": false
            }
          ],
          "tests": [
            {
              "title": "should leverage the LUA bit library for bit AND op",
              "fullTitle": "lua-bit test should leverage the LUA bit library for bit AND op",
              "timedOut": false,
              "duration": 34,
              "state": "passed",
              "speed": "fast",
              "pass": true,
              "fail": false,
              "pending": false,
              "context": null,
              "code": "__awaiter(void 0, void 0, void 0, function* () {\n        response = yield (0, common_test_1.sendCommand)(client, [\n            \"eval\",\n            \"local val = bit.band(5, 1) return val \",\n            \"0\"\n        ]);\n        (0, chai_1.expect)(response).to.equal(1);\n    })",
              "err": {},
              "uuid": "c93e9454-d4ff-41dc-a71f-df7169842d77",
              "parentUUID": "3f1f327d-186c-4add-8aad-3deceeaf65d5",
              "isHook": false,
              "skipped": false
            },
            {
              "title": "should leverage the LUA bit library for bit OR op",
              "fullTitle": "lua-bit test should leverage the LUA bit library for bit OR op",
              "timedOut": false,
              "duration": 8,
              "state": "passed",
              "speed": "fast",
              "pass": true,
              "fail": false,
              "pending": false,
              "context": null,
              "code": "__awaiter(void 0, void 0, void 0, function* () {\n        response = yield (0, common_test_1.sendCommand)(client, [\n            \"eval\",\n            \"local val = bit.bor(5, 1) return val \",\n            \"0\"\n        ]);\n        (0, chai_1.expect)(response).to.equal(5);\n    })",
              "err": {},
              "uuid": "cc65bd67-6e39-44c8-a915-95cab4309bf0",
              "parentUUID": "3f1f327d-186c-4add-8aad-3deceeaf65d5",
              "isHook": false,
              "skipped": false
            },
            {
              "title": "should leverage the LUA bit library for bit XOR op",
              "fullTitle": "lua-bit test should leverage the LUA bit library for bit XOR op",
              "timedOut": false,
              "duration": 13,
              "state": "passed",
              "speed": "fast",
              "pass": true,
              "fail": false,
              "pending": false,
              "context": null,
              "code": "__awaiter(void 0, void 0, void 0, function* () {\n        response = yield (0, common_test_1.sendCommand)(client, [\n            \"eval\",\n            \"local val = bit.bxor(5, 1) return val \",\n            \"0\"\n        ]);\n        (0, chai_1.expect)(response).to.equal(4);\n    })",
              "err": {},
              "uuid": "98b5ff55-a33c-44fc-9022-530bfcab0ae5",
              "parentUUID": "3f1f327d-186c-4add-8aad-3deceeaf65d5",
              "isHook": false,
              "skipped": false
            },
            {
              "title": "should leverage the LUA bit library for bit NOT op",
              "fullTitle": "lua-bit test should leverage the LUA bit library for bit NOT op",
              "timedOut": false,
              "duration": 12,
              "state": "passed",
              "speed": "fast",
              "pass": true,
              "fail": false,
              "pending": false,
              "context": null,
              "code": "__awaiter(void 0, void 0, void 0, function* () {\n        response = yield (0, common_test_1.sendCommand)(client, [\n            \"eval\",\n            \"local val = bit.bnot(5) return val \",\n            \"0\"\n        ]);\n        (0, chai_1.expect)(response).to.equal(-6);\n    })",
              "err": {},
              "uuid": "17bf1d25-696b-4569-87ee-0cccc26558bb",
              "parentUUID": "3f1f327d-186c-4add-8aad-3deceeaf65d5",
              "isHook": false,
              "skipped": false
            },
            {
              "title": "should leverage the LUA bit library for bit LSHIFT op",
              "fullTitle": "lua-bit test should leverage the LUA bit library for bit LSHIFT op",
              "timedOut": false,
              "duration": 10,
              "state": "passed",
              "speed": "fast",
              "pass": true,
              "fail": false,
              "pending": false,
              "context": null,
              "code": "__awaiter(void 0, void 0, void 0, function* () {\n        response = yield (0, common_test_1.sendCommand)(client, [\n            \"eval\",\n            \"local val = bit.lshift(5, 1) return val \",\n            \"0\"\n        ]);\n        (0, chai_1.expect)(response).to.equal(10);\n    })",
              "err": {},
              "uuid": "7634e2d2-4417-445d-aeeb-7ebbdf28f6ac",
              "parentUUID": "3f1f327d-186c-4add-8aad-3deceeaf65d5",
              "isHook": false,
              "skipped": false
            },
            {
              "title": "should leverage the LUA bit library for bit RSHIFT op",
              "fullTitle": "lua-bit test should leverage the LUA bit library for bit RSHIFT op",
              "timedOut": false,
              "duration": 15,
              "state": "passed",
              "speed": "fast",
              "pass": true,
              "fail": false,
              "pending": false,
              "context": null,
              "code": "__awaiter(void 0, void 0, void 0, function* () {\n        let response = yield (0, common_test_1.sendCommand)(new net.Socket(), [\n            \"info\",\n            \"server\"\n        ]);\n        // Only run this test if this is unit-redis-ness\n        if (!(/redis_version:5/gim).test(response)) {\n            response = yield (0, common_test_1.sendCommand)(client, [\n                \"eval\",\n                \"local val = bit.rshift(-5, 1) return val \",\n                \"0\"\n            ]);\n            (0, chai_1.expect)(response).to.equal(-3);\n        }\n    })",
              "err": {},
              "uuid": "48ca6c40-9e69-4373-b25e-fc305a3da2d4",
              "parentUUID": "3f1f327d-186c-4add-8aad-3deceeaf65d5",
              "isHook": false,
              "skipped": false
            },
            {
              "title": "should leverage the LUA bit library for bit ARSHIFT op",
              "fullTitle": "lua-bit test should leverage the LUA bit library for bit ARSHIFT op",
              "timedOut": false,
              "duration": 22,
              "state": "passed",
              "speed": "fast",
              "pass": true,
              "fail": false,
              "pending": false,
              "context": null,
              "code": "__awaiter(void 0, void 0, void 0, function* () {\n        response = yield (0, common_test_1.sendCommand)(client, [\n            \"eval\",\n            \"local val = bit.arshift(5, 1) return val \",\n            \"0\"\n        ]);\n        (0, chai_1.expect)(response).to.equal(2);\n    })",
              "err": {},
              "uuid": "e1681ebc-225d-4742-83af-0dfe5c0eb25b",
              "parentUUID": "3f1f327d-186c-4add-8aad-3deceeaf65d5",
              "isHook": false,
              "skipped": false
            }
          ],
          "suites": [],
          "passes": [
            "c93e9454-d4ff-41dc-a71f-df7169842d77",
            "cc65bd67-6e39-44c8-a915-95cab4309bf0",
            "98b5ff55-a33c-44fc-9022-530bfcab0ae5",
            "17bf1d25-696b-4569-87ee-0cccc26558bb",
            "7634e2d2-4417-445d-aeeb-7ebbdf28f6ac",
            "48ca6c40-9e69-4373-b25e-fc305a3da2d4",
            "e1681ebc-225d-4742-83af-0dfe5c0eb25b"
          ],
          "failures": [],
          "pending": [],
          "skipped": [],
          "duration": 114,
          "root": false,
          "rootEmpty": false,
          "_timeout": 2000
        }
      ],
      "passes": [],
      "failures": [],
      "pending": [],
      "skipped": [],
      "duration": 0,
      "root": true,
      "rootEmpty": true,
      "_timeout": 2000
    }
  ],
  "meta": {
    "mocha": {
      "version": "10.2.0"
    },
    "mochawesome": {
      "options": {
        "quiet": false,
        "reportFilename": "mochawesome",
        "saveHtml": true,
        "saveJson": true,
        "consoleReporter": "spec",
        "useInlineDiffs": false,
        "code": true
      },
      "version": "7.1.3"
    },
    "marge": {
      "options": {
        "reportDir": "docs/mochawesome"
      },
      "version": "6.2.0"
    }
  }
}