{
  "stats": {
    "suites": 88,
    "tests": 281,
    "passes": 280,
    "pending": 1,
    "failures": 0,
    "start": "2020-01-14T23:20:04.624Z",
    "end": "2020-01-14T23:20:14.807Z",
    "duration": 10183,
    "testsRegistered": 281,
    "passPercent": 100,
    "pendingPercent": 0.3558718861209964,
    "other": 0,
    "hasOther": false,
    "skipped": 0,
    "hasSkipped": false
  },
  "results": [
    {
      "uuid": "ea181462-51fb-427b-a7c1-a8650a7e7ba2",
      "title": "",
      "fullFile": "",
      "file": "",
      "beforeHooks": [
        {
          "title": "\"before all\" hook",
          "fullTitle": "\"before all\" hook",
          "timedOut": false,
          "duration": 1,
          "state": null,
          "speed": null,
          "pass": false,
          "fail": false,
          "pending": false,
          "context": null,
          "code": "done();",
          "err": {},
          "uuid": "806ee8e8-9cdc-4bc8-b72c-fc7f3efbac69",
          "parentUUID": "ea181462-51fb-427b-a7c1-a8650a7e7ba2",
          "isHook": true,
          "skipped": false
        }
      ],
      "afterHooks": [
        {
          "title": "\"after all\" hook",
          "fullTitle": "\"after all\" hook",
          "timedOut": false,
          "duration": 0,
          "state": null,
          "speed": null,
          "pass": false,
          "fail": false,
          "pending": false,
          "context": null,
          "code": "__awaiter(void 0, void 0, void 0, function* () {\n})",
          "err": {},
          "uuid": "513c5e7d-20a7-4a31-b58b-c9c56ddf0cb4",
          "parentUUID": "ea181462-51fb-427b-a7c1-a8650a7e7ba2",
          "isHook": true,
          "skipped": false
        }
      ],
      "tests": [],
      "suites": [
        {
          "uuid": "455ea694-9d0b-4fb3-86dd-59cb2067a4e7",
          "title": "dictionary test",
          "fullFile": "/home/lane/git/redis/test/dictionary.test.ts",
          "file": "/test/dictionary.test.ts",
          "beforeHooks": [
            {
              "title": "\"before each\" hook",
              "fullTitle": "dictionary test \"before each\" hook",
              "timedOut": false,
              "duration": 1,
              "state": null,
              "speed": null,
              "pass": false,
              "fail": false,
              "pending": false,
              "context": null,
              "code": "dictionary = new dictionary_1.Dictionary();\nsinon.createSandbox();",
              "err": {},
              "uuid": "edc3720f-34f2-4dcb-a8ed-c62f3436788d",
              "parentUUID": "455ea694-9d0b-4fb3-86dd-59cb2067a4e7",
              "isHook": true,
              "skipped": false
            }
          ],
          "afterHooks": [
            {
              "title": "\"after all\" hook",
              "fullTitle": "dictionary test \"after all\" hook",
              "timedOut": false,
              "duration": 0,
              "state": null,
              "speed": null,
              "pass": false,
              "fail": false,
              "pending": false,
              "context": null,
              "code": "__awaiter(void 0, void 0, void 0, function* () {\n    })",
              "err": {},
              "uuid": "a54d9994-8751-4604-9add-5b7af2a7f837",
              "parentUUID": "455ea694-9d0b-4fb3-86dd-59cb2067a4e7",
              "isHook": true,
              "skipped": false
            },
            {
              "title": "\"after each\" hook",
              "fullTitle": "dictionary test \"after each\" hook",
              "timedOut": false,
              "duration": 0,
              "state": null,
              "speed": null,
              "pass": false,
              "fail": false,
              "pending": false,
              "context": null,
              "code": "sinon.restore();",
              "err": {},
              "uuid": "be62c04a-d85e-421e-b991-3aa896723536",
              "parentUUID": "455ea694-9d0b-4fb3-86dd-59cb2067a4e7",
              "isHook": true,
              "skipped": false
            }
          ],
          "tests": [
            {
              "title": "should construct",
              "fullTitle": "dictionary test should construct",
              "timedOut": false,
              "duration": 2,
              "state": "passed",
              "speed": "fast",
              "pass": true,
              "fail": false,
              "pending": false,
              "context": null,
              "code": "__awaiter(void 0, void 0, void 0, function* () {\n        chai_1.expect(dictionary.constructor.name).to.equal('Dictionary');\n    })",
              "err": {},
              "uuid": "c19e9ba0-9dc1-416a-8250-7a6df7a347f4",
              "parentUUID": "455ea694-9d0b-4fb3-86dd-59cb2067a4e7",
              "isHook": false,
              "skipped": false
            },
            {
              "title": "should implement basic put/get/remove/size/clear/contains/exists/keys/values functionality",
              "fullTitle": "dictionary test should implement basic put/get/remove/size/clear/contains/exists/keys/values functionality",
              "timedOut": false,
              "duration": 1,
              "state": "passed",
              "speed": "fast",
              "pass": true,
              "fail": false,
              "pending": false,
              "context": null,
              "code": "dictionary.put('item', 'one');\nchai_1.expect(dictionary.exists('item')).to.equal(true);\nchai_1.expect(dictionary.exists('one')).to.equal(false);\nchai_1.expect(dictionary.get('item')).to.equal('one');\nchai_1.expect(dictionary.size()).to.equal(1);\nchai_1.expect(dictionary.contains('one')).to.equal(true);\nchai_1.expect(dictionary.keys().length).to.equal(1);\nchai_1.expect(dictionary.values().length).to.equal(1);\ndictionary.put('item', 'two');\nchai_1.expect(dictionary.get('item')).to.equal('two');\ndictionary.put('one', { embedded: true });\ndictionary.remove('three');\nchai_1.expect(dictionary.size()).to.equal(2);\nlet foundTwo = false;\nfor (const each of dictionary) {\n    if (!foundTwo) {\n        chai_1.expect(each).to.equal('two');\n        foundTwo = true;\n    }\n    else {\n        chai_1.expect(each).to.eql({ embedded: true });\n    }\n}\ndictionary.remove('item');\nchai_1.expect(dictionary.size()).to.equal(1);\ndictionary.clear();\nchai_1.expect(dictionary.size()).to.equal(0);",
              "err": {},
              "uuid": "5dc220e6-6419-4595-9806-fbafb5bcb53b",
              "parentUUID": "455ea694-9d0b-4fb3-86dd-59cb2067a4e7",
              "isHook": false,
              "skipped": false
            }
          ],
          "suites": [],
          "passes": [
            "c19e9ba0-9dc1-416a-8250-7a6df7a347f4",
            "5dc220e6-6419-4595-9806-fbafb5bcb53b"
          ],
          "failures": [],
          "pending": [],
          "skipped": [],
          "duration": 3,
          "root": false,
          "rootEmpty": false,
          "_timeout": 5000
        },
        {
          "uuid": "a1f8c564-2bcd-402b-83e0-80dddb84d7d8",
          "title": "logger test",
          "fullFile": "/home/lane/git/redis/test/logger.test.ts",
          "file": "/test/logger.test.ts",
          "beforeHooks": [
            {
              "title": "\"before each\" hook",
              "fullTitle": "logger test \"before each\" hook",
              "timedOut": false,
              "duration": 0,
              "state": null,
              "speed": null,
              "pass": false,
              "fail": false,
              "pending": false,
              "context": null,
              "code": "sinon.createSandbox();",
              "err": {},
              "uuid": "db6ddff2-49f2-45db-b904-007afeadae6e",
              "parentUUID": "a1f8c564-2bcd-402b-83e0-80dddb84d7d8",
              "isHook": true,
              "skipped": false
            }
          ],
          "afterHooks": [
            {
              "title": "\"after all\" hook",
              "fullTitle": "logger test \"after all\" hook",
              "timedOut": false,
              "duration": 0,
              "state": null,
              "speed": null,
              "pass": false,
              "fail": false,
              "pending": false,
              "context": null,
              "code": "__awaiter(void 0, void 0, void 0, function* () {\n    })",
              "err": {},
              "uuid": "388c4972-2020-4639-bfd1-9cc62d2c7e85",
              "parentUUID": "a1f8c564-2bcd-402b-83e0-80dddb84d7d8",
              "isHook": true,
              "skipped": false
            },
            {
              "title": "\"after each\" hook",
              "fullTitle": "logger test \"after each\" hook",
              "timedOut": false,
              "duration": 0,
              "state": null,
              "speed": null,
              "pass": false,
              "fail": false,
              "pending": false,
              "context": null,
              "code": "sinon.restore();",
              "err": {},
              "uuid": "b54f6572-1a02-422e-856d-a06655662d8b",
              "parentUUID": "a1f8c564-2bcd-402b-83e0-80dddb84d7d8",
              "isHook": true,
              "skipped": false
            }
          ],
          "tests": [
            {
              "title": "should construct",
              "fullTitle": "logger test should construct",
              "timedOut": false,
              "duration": 1,
              "state": "passed",
              "speed": "fast",
              "pass": true,
              "fail": false,
              "pending": false,
              "context": null,
              "code": "__awaiter(void 0, void 0, void 0, function* () {\n        logger = new logger_1.Logger(module.id);\n        chai_1.expect(logger.constructor.name).to.equal('Logger');\n        logger.info(`This is an info message`);\n        logger.warn('This is a warning message');\n        logger.debug(`This is an invisible debug message`);\n    })",
              "err": {},
              "uuid": "3d6ca546-609b-4c2b-8ccb-4a0fcc02e4bb",
              "parentUUID": "a1f8c564-2bcd-402b-83e0-80dddb84d7d8",
              "isHook": false,
              "skipped": false
            },
            {
              "title": "should not construct when initialized with an empty string",
              "fullTitle": "logger test should not construct when initialized with an empty string",
              "timedOut": false,
              "duration": 0,
              "state": "passed",
              "speed": "fast",
              "pass": true,
              "fail": false,
              "pending": false,
              "context": null,
              "code": "chai_1.expect(() => {\n    logger = new logger_1.Logger('');\n}).to.throw();",
              "err": {},
              "uuid": "9bd4d7b1-8fd0-474a-945b-f1f68be6eae7",
              "parentUUID": "a1f8c564-2bcd-402b-83e0-80dddb84d7d8",
              "isHook": false,
              "skipped": false
            }
          ],
          "suites": [],
          "passes": [
            "3d6ca546-609b-4c2b-8ccb-4a0fcc02e4bb",
            "9bd4d7b1-8fd0-474a-945b-f1f68be6eae7"
          ],
          "failures": [],
          "pending": [],
          "skipped": [],
          "duration": 1,
          "root": false,
          "rootEmpty": false,
          "_timeout": 5000
        },
        {
          "uuid": "3cc3bbcb-30b6-4451-b184-7ac01e5e5e6c",
          "title": "client command test",
          "fullFile": "/home/lane/git/redis/test/resp/command/client-command.test.ts",
          "file": "/test/resp/command/client-command.test.ts",
          "beforeHooks": [
            {
              "title": "\"before all\" hook",
              "fullTitle": "client command test \"before all\" hook",
              "timedOut": false,
              "duration": 24,
              "state": null,
              "speed": null,
              "pass": false,
              "fail": false,
              "pending": false,
              "context": null,
              "code": "respServer = new resp_server_1.RespServer();\nrespServer.on('ready', () => {\n    done();\n});\nrespServer.start();",
              "err": {},
              "uuid": "c9d34967-6fdc-4a6d-a1b2-2da2f7bbf64f",
              "parentUUID": "3cc3bbcb-30b6-4451-b184-7ac01e5e5e6c",
              "isHook": true,
              "skipped": false
            },
            {
              "title": "\"before each\" hook",
              "fullTitle": "client command test \"before each\" hook",
              "timedOut": false,
              "duration": 0,
              "state": null,
              "speed": null,
              "pass": false,
              "fail": false,
              "pending": false,
              "context": null,
              "code": "sinon.createSandbox();",
              "err": {},
              "uuid": "5cc2f1f2-0f09-4af9-a423-b8e804d679c1",
              "parentUUID": "3cc3bbcb-30b6-4451-b184-7ac01e5e5e6c",
              "isHook": true,
              "skipped": false
            }
          ],
          "afterHooks": [
            {
              "title": "\"after all\" hook",
              "fullTitle": "client command test \"after all\" hook",
              "timedOut": false,
              "duration": 1,
              "state": null,
              "speed": null,
              "pass": false,
              "fail": false,
              "pending": false,
              "context": null,
              "code": "__awaiter(void 0, void 0, void 0, function* () {\n        yield respServer.stop();\n    })",
              "err": {},
              "uuid": "97fb4a31-3554-4ddb-943d-1ead5ed01992",
              "parentUUID": "3cc3bbcb-30b6-4451-b184-7ac01e5e5e6c",
              "isHook": true,
              "skipped": false
            },
            {
              "title": "\"after each\" hook",
              "fullTitle": "client command test \"after each\" hook",
              "timedOut": false,
              "duration": 0,
              "state": null,
              "speed": null,
              "pass": false,
              "fail": false,
              "pending": false,
              "context": null,
              "code": "sinon.restore();",
              "err": {},
              "uuid": "650b2409-37c2-4b67-84d3-c423efcafcd2",
              "parentUUID": "3cc3bbcb-30b6-4451-b184-7ac01e5e5e6c",
              "isHook": true,
              "skipped": false
            }
          ],
          "tests": [
            {
              "title": "should not allow more than 3 parameters",
              "fullTitle": "client command test should not allow more than 3 parameters",
              "timedOut": false,
              "duration": 14,
              "state": "passed",
              "speed": "fast",
              "pass": true,
              "fail": false,
              "pending": false,
              "context": null,
              "code": "__awaiter(void 0, void 0, void 0, function* () {\n        const response = yield common_test_1.sendCommand(client, ['client', 'one', 'two', 'three', 'four']);\n        chai_1.expect(response).to.equal('ReplyError: ERR Unknown subcommand or wrong number of arguments for \\'one\\'. Try CLIENT HELP');\n    })",
              "err": {},
              "uuid": "49b69c8e-c8be-4a45-83ea-25a7e89ed6f4",
              "parentUUID": "3cc3bbcb-30b6-4451-b184-7ac01e5e5e6c",
              "isHook": false,
              "skipped": false
            },
            {
              "title": "should fail predictably when an unknown subcommand is passed",
              "fullTitle": "client command test should fail predictably when an unknown subcommand is passed",
              "timedOut": false,
              "duration": 4,
              "state": "passed",
              "speed": "fast",
              "pass": true,
              "fail": false,
              "pending": false,
              "context": null,
              "code": "__awaiter(void 0, void 0, void 0, function* () {\n        const response = yield common_test_1.sendCommand(client, ['client', 'whatever']);\n        chai_1.expect(response).to.equal(util.format(DEFAULT_ERROR, 'whatever'));\n    })",
              "err": {},
              "uuid": "a202f514-42df-4bad-b187-bebda70cfbd0",
              "parentUUID": "3cc3bbcb-30b6-4451-b184-7ac01e5e5e6c",
              "isHook": false,
              "skipped": false
            },
            {
              "title": "should return a NIL name when called with \"GETNAME\" subcommand",
              "fullTitle": "client command test should return a NIL name when called with \"GETNAME\" subcommand",
              "timedOut": false,
              "duration": 3,
              "state": "passed",
              "speed": "fast",
              "pass": true,
              "fail": false,
              "pending": false,
              "context": null,
              "code": "__awaiter(void 0, void 0, void 0, function* () {\n        const response = yield common_test_1.sendCommand(client, ['client', 'getname']);\n        chai_1.expect(response).to.equal(null);\n    })",
              "err": {},
              "uuid": "f291a3e2-f8fa-4615-873b-776871583fea",
              "parentUUID": "3cc3bbcb-30b6-4451-b184-7ac01e5e5e6c",
              "isHook": false,
              "skipped": false
            },
            {
              "title": "should fail predictably when \"GETNAME\" is called with too many parameters",
              "fullTitle": "client command test should fail predictably when \"GETNAME\" is called with too many parameters",
              "timedOut": false,
              "duration": 2,
              "state": "passed",
              "speed": "fast",
              "pass": true,
              "fail": false,
              "pending": false,
              "context": null,
              "code": "__awaiter(void 0, void 0, void 0, function* () {\n        const response = yield common_test_1.sendCommand(client, ['client', 'getname', 'extra']);\n        chai_1.expect(response).to.equal(util.format(DEFAULT_ERROR, 'getname'));\n    })",
              "err": {},
              "uuid": "446bfc47-a909-4854-9514-a7d07dbd0c09",
              "parentUUID": "3cc3bbcb-30b6-4451-b184-7ac01e5e5e6c",
              "isHook": false,
              "skipped": false
            },
            {
              "title": "should respond with \"OK\" when \"setname\" is called with a valid name",
              "fullTitle": "client command test should respond with \"OK\" when \"setname\" is called with a valid name",
              "timedOut": false,
              "duration": 4,
              "state": "passed",
              "speed": "fast",
              "pass": true,
              "fail": false,
              "pending": false,
              "context": null,
              "code": "__awaiter(void 0, void 0, void 0, function* () {\n        let response = yield common_test_1.sendCommand(client, ['client', 'setname', 'whatever']);\n        chai_1.expect(response).to.equal('OK');\n        response = yield common_test_1.sendCommand(client, ['client', 'getname']);\n        chai_1.expect(response).to.equal('whatever');\n    })",
              "err": {},
              "uuid": "4854a1ba-7afe-4020-927e-74bbbe1ab515",
              "parentUUID": "3cc3bbcb-30b6-4451-b184-7ac01e5e5e6c",
              "isHook": false,
              "skipped": false
            },
            {
              "title": "should persist the value for \"setname\" across tests",
              "fullTitle": "client command test should persist the value for \"setname\" across tests",
              "timedOut": false,
              "duration": 2,
              "state": "passed",
              "speed": "fast",
              "pass": true,
              "fail": false,
              "pending": false,
              "context": null,
              "code": "__awaiter(void 0, void 0, void 0, function* () {\n        const response = yield common_test_1.sendCommand(client, ['client', 'getname']);\n        chai_1.expect(response).to.equal('whatever');\n    })",
              "err": {},
              "uuid": "f87541cf-c8ee-4bc0-b15a-c7fba8a6582c",
              "parentUUID": "3cc3bbcb-30b6-4451-b184-7ac01e5e5e6c",
              "isHook": false,
              "skipped": false
            },
            {
              "title": "should respond with a predictable message when \"setname\" called with too many parameters",
              "fullTitle": "client command test should respond with a predictable message when \"setname\" called with too many parameters",
              "timedOut": false,
              "duration": 2,
              "state": "passed",
              "speed": "fast",
              "pass": true,
              "fail": false,
              "pending": false,
              "context": null,
              "code": "__awaiter(void 0, void 0, void 0, function* () {\n        const response = yield common_test_1.sendCommand(client, ['client', 'setname', 'test', 'two']);\n        chai_1.expect(response).to.equal(util.format(DEFAULT_ERROR, 'setname'));\n    })",
              "err": {},
              "uuid": "6aebbed3-d983-4040-9d00-92957b2e6c07",
              "parentUUID": "3cc3bbcb-30b6-4451-b184-7ac01e5e5e6c",
              "isHook": false,
              "skipped": false
            },
            {
              "title": "should not allow whitespace in \"setname\" subcommand",
              "fullTitle": "client command test should not allow whitespace in \"setname\" subcommand",
              "timedOut": false,
              "duration": 2,
              "state": "passed",
              "speed": "fast",
              "pass": true,
              "fail": false,
              "pending": false,
              "context": null,
              "code": "__awaiter(void 0, void 0, void 0, function* () {\n        const response = yield common_test_1.sendCommand(client, ['client', 'setname', 'te\\nst']);\n        chai_1.expect(response).to.equal(`ReplyError: ERR Client names cannot contain spaces, newlines or special characters.`);\n    })",
              "err": {},
              "uuid": "99b9fc60-57dd-492b-8d5a-bac73b6966a7",
              "parentUUID": "3cc3bbcb-30b6-4451-b184-7ac01e5e5e6c",
              "isHook": false,
              "skipped": false
            },
            {
              "title": "should return the server-assigned client id",
              "fullTitle": "client command test should return the server-assigned client id",
              "timedOut": false,
              "duration": 2,
              "state": "passed",
              "speed": "fast",
              "pass": true,
              "fail": false,
              "pending": false,
              "context": null,
              "code": "__awaiter(void 0, void 0, void 0, function* () {\n        const response = yield common_test_1.sendCommand(client, ['client', 'id']);\n        chai_1.expect(response).to.be.a('number');\n        chai_1.expect(String(response).length).to.be.greaterThan(0);\n    })",
              "err": {},
              "uuid": "2ba96c9e-8663-497f-b997-3edc604b6e08",
              "parentUUID": "3cc3bbcb-30b6-4451-b184-7ac01e5e5e6c",
              "isHook": false,
              "skipped": false
            },
            {
              "title": "should respond with a predictable message when \"id\" called with too many parameters",
              "fullTitle": "client command test should respond with a predictable message when \"id\" called with too many parameters",
              "timedOut": false,
              "duration": 3,
              "state": "passed",
              "speed": "fast",
              "pass": true,
              "fail": false,
              "pending": false,
              "context": null,
              "code": "__awaiter(void 0, void 0, void 0, function* () {\n        const response = yield common_test_1.sendCommand(client, ['client', 'id', 'test', 'two']);\n        chai_1.expect(response).to.equal(util.format(DEFAULT_ERROR, 'id'));\n    })",
              "err": {},
              "uuid": "54371ba7-a811-41b1-b097-ba72d0057fa3",
              "parentUUID": "3cc3bbcb-30b6-4451-b184-7ac01e5e5e6c",
              "isHook": false,
              "skipped": false
            },
            {
              "title": "should return a bunch of information when client \"list\" subcommand is invoked",
              "fullTitle": "client command test should return a bunch of information when client \"list\" subcommand is invoked",
              "timedOut": false,
              "duration": 2,
              "state": "passed",
              "speed": "fast",
              "pass": true,
              "fail": false,
              "pending": false,
              "context": null,
              "code": "__awaiter(void 0, void 0, void 0, function* () {\n        const response = yield common_test_1.sendCommand(client, ['client', 'list']);\n        chai_1.expect(response).to.be.a('string');\n        chai_1.expect(response.length).to.be.greaterThan(0);\n        chai_1.expect(response).to.match(/ name=whatever /);\n        chai_1.expect(response).to.match(/\\bdb=0\\b/);\n    })",
              "err": {},
              "uuid": "4c5c2be5-059b-429e-bb1b-a9a1207db84c",
              "parentUUID": "3cc3bbcb-30b6-4451-b184-7ac01e5e5e6c",
              "isHook": false,
              "skipped": false
            },
            {
              "title": "should respond with a predictable message when \"list\" called with too many parameters",
              "fullTitle": "client command test should respond with a predictable message when \"list\" called with too many parameters",
              "timedOut": false,
              "duration": 2,
              "state": "passed",
              "speed": "fast",
              "pass": true,
              "fail": false,
              "pending": false,
              "context": null,
              "code": "__awaiter(void 0, void 0, void 0, function* () {\n        const response = yield common_test_1.sendCommand(client, ['client', 'list', 'test', 'two']);\n        chai_1.expect(response).to.equal('ReplyError: ERR syntax error');\n    })",
              "err": {},
              "uuid": "12a4fcc7-30f4-4b3e-9197-b8b8b9e8a048",
              "parentUUID": "3cc3bbcb-30b6-4451-b184-7ac01e5e5e6c",
              "isHook": false,
              "skipped": false
            }
          ],
          "suites": [],
          "passes": [
            "49b69c8e-c8be-4a45-83ea-25a7e89ed6f4",
            "a202f514-42df-4bad-b187-bebda70cfbd0",
            "f291a3e2-f8fa-4615-873b-776871583fea",
            "446bfc47-a909-4854-9514-a7d07dbd0c09",
            "4854a1ba-7afe-4020-927e-74bbbe1ab515",
            "f87541cf-c8ee-4bc0-b15a-c7fba8a6582c",
            "6aebbed3-d983-4040-9d00-92957b2e6c07",
            "99b9fc60-57dd-492b-8d5a-bac73b6966a7",
            "2ba96c9e-8663-497f-b997-3edc604b6e08",
            "54371ba7-a811-41b1-b097-ba72d0057fa3",
            "4c5c2be5-059b-429e-bb1b-a9a1207db84c",
            "12a4fcc7-30f4-4b3e-9197-b8b8b9e8a048"
          ],
          "failures": [],
          "pending": [],
          "skipped": [],
          "duration": 42,
          "root": false,
          "rootEmpty": false,
          "_timeout": 5000
        },
        {
          "uuid": "fb067485-9d3a-4b73-a09c-f7956cd2b494",
          "title": "flushall-command test",
          "fullFile": "/home/lane/git/redis/test/resp/command/db/flushall-command.test.ts",
          "file": "/test/resp/command/db/flushall-command.test.ts",
          "beforeHooks": [
            {
              "title": "\"before all\" hook",
              "fullTitle": "flushall-command test \"before all\" hook",
              "timedOut": false,
              "duration": 13,
              "state": null,
              "speed": null,
              "pass": false,
              "fail": false,
              "pending": false,
              "context": null,
              "code": "respServer = new resp_server_1.RespServer();\nrespServer.on('ready', () => __awaiter(void 0, void 0, void 0, function* () {\n    yield common_test_1.sendCommand(client, ['flushall']);\n    done();\n}));\nrespServer.start();",
              "err": {},
              "uuid": "c47556a2-ccda-4882-84e7-0ea10e598a7f",
              "parentUUID": "fb067485-9d3a-4b73-a09c-f7956cd2b494",
              "isHook": true,
              "skipped": false
            },
            {
              "title": "\"before each\" hook",
              "fullTitle": "flushall-command test \"before each\" hook",
              "timedOut": false,
              "duration": 3,
              "state": null,
              "speed": null,
              "pass": false,
              "fail": false,
              "pending": false,
              "context": null,
              "code": "sinon.createSandbox();",
              "err": {},
              "uuid": "656c4152-c07c-42fc-835a-9cea201a5682",
              "parentUUID": "fb067485-9d3a-4b73-a09c-f7956cd2b494",
              "isHook": true,
              "skipped": false
            }
          ],
          "afterHooks": [
            {
              "title": "\"after all\" hook",
              "fullTitle": "flushall-command test \"after all\" hook",
              "timedOut": false,
              "duration": 0,
              "state": null,
              "speed": null,
              "pass": false,
              "fail": false,
              "pending": false,
              "context": null,
              "code": "__awaiter(void 0, void 0, void 0, function* () {\n        yield respServer.stop();\n    })",
              "err": {},
              "uuid": "91da109a-5c33-44dd-a194-11453d4eb79f",
              "parentUUID": "fb067485-9d3a-4b73-a09c-f7956cd2b494",
              "isHook": true,
              "skipped": false
            },
            {
              "title": "\"after each\" hook",
              "fullTitle": "flushall-command test \"after each\" hook",
              "timedOut": false,
              "duration": 0,
              "state": null,
              "speed": null,
              "pass": false,
              "fail": false,
              "pending": false,
              "context": null,
              "code": "sinon.restore();",
              "err": {},
              "uuid": "c3829a8d-c862-4129-b361-c8bd25e7561c",
              "parentUUID": "fb067485-9d3a-4b73-a09c-f7956cd2b494",
              "isHook": true,
              "skipped": false
            }
          ],
          "tests": [
            {
              "title": "should remove all keys from all databases",
              "fullTitle": "flushall-command test should remove all keys from all databases",
              "timedOut": false,
              "duration": 177,
              "state": "passed",
              "speed": "slow",
              "pass": true,
              "fail": false,
              "pending": false,
              "context": null,
              "code": "__awaiter(void 0, void 0, void 0, function* () {\n        for (let db = 0; db < 16; db++) {\n            response = yield common_test_1.sendCommand(client, ['select', `${db}`]);\n            chai_1.expect(response).to.equal('OK');\n            response = yield common_test_1.sendCommand(client, ['set', 'dbid', `${db}`]);\n            chai_1.expect(response).to.equal('OK');\n            response = yield common_test_1.sendCommand(client, ['dbsize']);\n            console.log(`DB: ${db}: dbsize: ${response}`);\n            chai_1.expect(response).to.equal(1);\n        }\n        response = yield common_test_1.sendCommand(client, ['flushall']);\n        chai_1.expect(response).to.equal('OK');\n        for (let db = 0; db < 16; db++) {\n            response = yield common_test_1.sendCommand(client, ['select', `${db}`]);\n            chai_1.expect(response).to.equal('OK');\n            response = yield common_test_1.sendCommand(client, ['dbsize']);\n            chai_1.expect(response).to.equal(0);\n        }\n    })",
              "err": {},
              "uuid": "6e13d14b-4872-4f81-8698-e5184b685233",
              "parentUUID": "fb067485-9d3a-4b73-a09c-f7956cd2b494",
              "isHook": false,
              "skipped": false
            }
          ],
          "suites": [],
          "passes": [
            "6e13d14b-4872-4f81-8698-e5184b685233"
          ],
          "failures": [],
          "pending": [],
          "skipped": [],
          "duration": 177,
          "root": false,
          "rootEmpty": false,
          "_timeout": 5000
        },
        {
          "uuid": "8e1f4a03-c3d7-407c-98ff-f404005b3ffb",
          "title": "flushdb-command test",
          "fullFile": "/home/lane/git/redis/test/resp/command/db/flushdb-command.test.ts",
          "file": "/test/resp/command/db/flushdb-command.test.ts",
          "beforeHooks": [
            {
              "title": "\"before all\" hook",
              "fullTitle": "flushdb-command test \"before all\" hook",
              "timedOut": false,
              "duration": 11,
              "state": null,
              "speed": null,
              "pass": false,
              "fail": false,
              "pending": false,
              "context": null,
              "code": "respServer = new resp_server_1.RespServer();\nrespServer.on('ready', () => {\n    done();\n});\nrespServer.start();",
              "err": {},
              "uuid": "d02e8dc4-76b5-4154-aa45-9e5669248bc1",
              "parentUUID": "8e1f4a03-c3d7-407c-98ff-f404005b3ffb",
              "isHook": true,
              "skipped": false
            },
            {
              "title": "\"before each\" hook",
              "fullTitle": "flushdb-command test \"before each\" hook",
              "timedOut": false,
              "duration": 0,
              "state": null,
              "speed": null,
              "pass": false,
              "fail": false,
              "pending": false,
              "context": null,
              "code": "sinon.createSandbox();",
              "err": {},
              "uuid": "cf9cea85-6803-4b5e-a5e9-2a86c43399b8",
              "parentUUID": "8e1f4a03-c3d7-407c-98ff-f404005b3ffb",
              "isHook": true,
              "skipped": false
            }
          ],
          "afterHooks": [
            {
              "title": "\"after all\" hook",
              "fullTitle": "flushdb-command test \"after all\" hook",
              "timedOut": false,
              "duration": 0,
              "state": null,
              "speed": null,
              "pass": false,
              "fail": false,
              "pending": false,
              "context": null,
              "code": "__awaiter(void 0, void 0, void 0, function* () {\n        yield respServer.stop();\n    })",
              "err": {},
              "uuid": "734a4fed-350d-4ce9-85e3-1b6bee508a73",
              "parentUUID": "8e1f4a03-c3d7-407c-98ff-f404005b3ffb",
              "isHook": true,
              "skipped": false
            },
            {
              "title": "\"after each\" hook",
              "fullTitle": "flushdb-command test \"after each\" hook",
              "timedOut": false,
              "duration": 0,
              "state": null,
              "speed": null,
              "pass": false,
              "fail": false,
              "pending": false,
              "context": null,
              "code": "sinon.restore();",
              "err": {},
              "uuid": "6dd4312e-347b-4d97-8b88-5bc726f64b9f",
              "parentUUID": "8e1f4a03-c3d7-407c-98ff-f404005b3ffb",
              "isHook": true,
              "skipped": false
            }
          ],
          "tests": [
            {
              "title": "should remove all keys from only the currently selected databases",
              "fullTitle": "flushdb-command test should remove all keys from only the currently selected databases",
              "timedOut": false,
              "duration": 243,
              "state": "passed",
              "speed": "slow",
              "pass": true,
              "fail": false,
              "pending": false,
              "context": null,
              "code": "__awaiter(void 0, void 0, void 0, function* () {\n        for (let db = 0; db < 16; db++) {\n            response = yield common_test_1.sendCommand(client, ['select', `${db}`]);\n            chai_1.expect(response).to.equal('OK');\n            response = yield common_test_1.sendCommand(client, ['set', 'dbid', `${db}`]);\n            chai_1.expect(response).to.equal('OK');\n            response = yield common_test_1.sendCommand(client, ['dbsize']);\n            chai_1.expect(response).to.equal(1);\n        }\n        for (let db = 0; db < 16; db++) {\n            if (db !== 14) {\n                response = yield common_test_1.sendCommand(client, ['select', `${db}`]);\n                chai_1.expect(response).to.equal('OK');\n                response = yield common_test_1.sendCommand(client, ['flushdb']);\n                chai_1.expect(response).to.equal('OK');\n                response = yield common_test_1.sendCommand(client, ['exists', 'dbid']);\n                chai_1.expect(response).to.equal(0);\n                response = yield common_test_1.sendCommand(client, ['dbsize']);\n                chai_1.expect(response).to.equal(0);\n            }\n        }\n        response = yield common_test_1.sendCommand(client, ['select', '14']);\n        chai_1.expect(response).to.equal('OK');\n        response = yield common_test_1.sendCommand(client, ['get', 'dbid']);\n        chai_1.expect(response).to.equal('14');\n        response = yield common_test_1.sendCommand(client, ['dbsize']);\n        chai_1.expect(response).to.equal(1);\n    })",
              "err": {},
              "uuid": "41e87509-8f97-4104-838c-9d8ec66a78e2",
              "parentUUID": "8e1f4a03-c3d7-407c-98ff-f404005b3ffb",
              "isHook": false,
              "skipped": false
            }
          ],
          "suites": [],
          "passes": [
            "41e87509-8f97-4104-838c-9d8ec66a78e2"
          ],
          "failures": [],
          "pending": [],
          "skipped": [],
          "duration": 243,
          "root": false,
          "rootEmpty": false,
          "_timeout": 5000
        },
        {
          "uuid": "6246ec8c-3970-448e-b28b-60989efab7ce",
          "title": "hget command test",
          "fullFile": "/home/lane/git/redis/test/resp/command/hash/hget-command.test.ts",
          "file": "/test/resp/command/hash/hget-command.test.ts",
          "beforeHooks": [
            {
              "title": "\"before all\" hook",
              "fullTitle": "hget command test \"before all\" hook",
              "timedOut": false,
              "duration": 25,
              "state": null,
              "speed": null,
              "pass": false,
              "fail": false,
              "pending": false,
              "context": null,
              "code": "respServer = new resp_server_1.RespServer();\nrespServer.on('ready', () => {\n    done();\n});\nrespServer.start();",
              "err": {},
              "uuid": "6f70fb05-3583-40d9-acc6-1b05002f9cda",
              "parentUUID": "6246ec8c-3970-448e-b28b-60989efab7ce",
              "isHook": true,
              "skipped": false
            },
            {
              "title": "\"before each\" hook",
              "fullTitle": "hget command test \"before each\" hook",
              "timedOut": false,
              "duration": 0,
              "state": null,
              "speed": null,
              "pass": false,
              "fail": false,
              "pending": false,
              "context": null,
              "code": "sinon.createSandbox();",
              "err": {},
              "uuid": "0571ac14-241a-44ee-9e0c-2fbabebc625c",
              "parentUUID": "6246ec8c-3970-448e-b28b-60989efab7ce",
              "isHook": true,
              "skipped": false
            }
          ],
          "afterHooks": [
            {
              "title": "\"after all\" hook",
              "fullTitle": "hget command test \"after all\" hook",
              "timedOut": false,
              "duration": 1,
              "state": null,
              "speed": null,
              "pass": false,
              "fail": false,
              "pending": false,
              "context": null,
              "code": "__awaiter(void 0, void 0, void 0, function* () {\n        yield respServer.stop();\n    })",
              "err": {},
              "uuid": "de8ce3d9-55fb-437b-a6b9-c90ffedcd7c6",
              "parentUUID": "6246ec8c-3970-448e-b28b-60989efab7ce",
              "isHook": true,
              "skipped": false
            },
            {
              "title": "\"after each\" hook",
              "fullTitle": "hget command test \"after each\" hook",
              "timedOut": false,
              "duration": 0,
              "state": null,
              "speed": null,
              "pass": false,
              "fail": false,
              "pending": false,
              "context": null,
              "code": "sinon.restore();",
              "err": {},
              "uuid": "fc518c31-0e64-4dd2-8ce0-b95ab948b2f8",
              "parentUUID": "6246ec8c-3970-448e-b28b-60989efab7ce",
              "isHook": true,
              "skipped": false
            }
          ],
          "tests": [
            {
              "title": "should require exactly 2 parameters",
              "fullTitle": "hget command test should require exactly 2 parameters",
              "timedOut": false,
              "duration": 8,
              "state": "passed",
              "speed": "fast",
              "pass": true,
              "fail": false,
              "pending": false,
              "context": null,
              "code": "common_test_1.sendCommand(new net.Socket(), ['hget', 'test'])\n    .then((response1) => {\n    chai_1.expect(response1).to.equal('ReplyError: ERR wrong number of arguments for \\'hget\\' command');\n    common_test_1.sendCommand(new net.Socket(), ['hget', 'test', 'one', 'two'])\n        .then((response2) => {\n        chai_1.expect(response2).to.equal('ReplyError: ERR wrong number of arguments for \\'hget\\' command');\n        common_test_1.sendCommand(new net.Socket(), ['hget', 'test', 'one'])\n            .then((response3) => {\n            chai_1.expect(response3).to.equal(null);\n            done();\n        });\n    });\n});",
              "err": {},
              "uuid": "58e6c7c6-8412-41dc-a610-e5d006bc9334",
              "parentUUID": "6246ec8c-3970-448e-b28b-60989efab7ce",
              "isHook": false,
              "skipped": false
            },
            {
              "title": "should get a value after it has be set",
              "fullTitle": "hget command test should get a value after it has be set",
              "timedOut": false,
              "duration": 5,
              "state": "passed",
              "speed": "fast",
              "pass": true,
              "fail": false,
              "pending": false,
              "context": null,
              "code": "common_test_1.sendCommand(new net.Socket(), ['hset', 'test', 'one', 'two'])\n    .then(() => {\n    common_test_1.sendCommand(new net.Socket(), ['hget', 'test', 'one'])\n        .then((response) => {\n        chai_1.expect(response).to.equal('two');\n        done();\n    });\n});",
              "err": {},
              "uuid": "fa4283b7-8695-4eb5-921b-c629a952ef6f",
              "parentUUID": "6246ec8c-3970-448e-b28b-60989efab7ce",
              "isHook": false,
              "skipped": false
            },
            {
              "title": "should return nil string when the key exists but the field does not",
              "fullTitle": "hget command test should return nil string when the key exists but the field does not",
              "timedOut": false,
              "duration": 3,
              "state": "passed",
              "speed": "fast",
              "pass": true,
              "fail": false,
              "pending": false,
              "context": null,
              "code": "common_test_1.sendCommand(new net.Socket(), ['hget', 'test', 'two'])\n    .then((response) => {\n    chai_1.expect(response).to.equal(null);\n    done();\n});",
              "err": {},
              "uuid": "9ff14873-40c5-4b63-9f7e-06bd42d0d788",
              "parentUUID": "6246ec8c-3970-448e-b28b-60989efab7ce",
              "isHook": false,
              "skipped": false
            }
          ],
          "suites": [],
          "passes": [
            "58e6c7c6-8412-41dc-a610-e5d006bc9334",
            "fa4283b7-8695-4eb5-921b-c629a952ef6f",
            "9ff14873-40c5-4b63-9f7e-06bd42d0d788"
          ],
          "failures": [],
          "pending": [],
          "skipped": [],
          "duration": 16,
          "root": false,
          "rootEmpty": false,
          "_timeout": 5000
        },
        {
          "uuid": "9d082182-1921-4fbd-b14d-726e076f1417",
          "title": "hset command test",
          "fullFile": "/home/lane/git/redis/test/resp/command/hash/hset-command.test.ts",
          "file": "/test/resp/command/hash/hset-command.test.ts",
          "beforeHooks": [
            {
              "title": "\"before all\" hook",
              "fullTitle": "hset command test \"before all\" hook",
              "timedOut": false,
              "duration": 16,
              "state": null,
              "speed": null,
              "pass": false,
              "fail": false,
              "pending": false,
              "context": null,
              "code": "respServer = new resp_server_1.RespServer();\nrespServer.on('ready', () => __awaiter(void 0, void 0, void 0, function* () {\n    yield common_test_1.sendCommand(new net.Socket(), ['flushall']);\n    done();\n}));\nrespServer.start();",
              "err": {},
              "uuid": "f79315e5-6629-4a00-ae89-718c034b0165",
              "parentUUID": "9d082182-1921-4fbd-b14d-726e076f1417",
              "isHook": true,
              "skipped": false
            },
            {
              "title": "\"before each\" hook",
              "fullTitle": "hset command test \"before each\" hook",
              "timedOut": false,
              "duration": 0,
              "state": null,
              "speed": null,
              "pass": false,
              "fail": false,
              "pending": false,
              "context": null,
              "code": "sinon.createSandbox();",
              "err": {},
              "uuid": "449517d1-8191-4a02-b9a1-e1a2c5e75da6",
              "parentUUID": "9d082182-1921-4fbd-b14d-726e076f1417",
              "isHook": true,
              "skipped": false
            }
          ],
          "afterHooks": [
            {
              "title": "\"after all\" hook",
              "fullTitle": "hset command test \"after all\" hook",
              "timedOut": false,
              "duration": 1,
              "state": null,
              "speed": null,
              "pass": false,
              "fail": false,
              "pending": false,
              "context": null,
              "code": "__awaiter(void 0, void 0, void 0, function* () {\n        yield respServer.stop();\n    })",
              "err": {},
              "uuid": "05814273-a04f-4ffa-8985-cc88671283d2",
              "parentUUID": "9d082182-1921-4fbd-b14d-726e076f1417",
              "isHook": true,
              "skipped": false
            },
            {
              "title": "\"after each\" hook",
              "fullTitle": "hset command test \"after each\" hook",
              "timedOut": false,
              "duration": 0,
              "state": null,
              "speed": null,
              "pass": false,
              "fail": false,
              "pending": false,
              "context": null,
              "code": "sinon.restore();",
              "err": {},
              "uuid": "a60cd83a-5964-4cb9-984f-d6bb8acc05e1",
              "parentUUID": "9d082182-1921-4fbd-b14d-726e076f1417",
              "isHook": true,
              "skipped": false
            }
          ],
          "tests": [
            {
              "title": "should require a minimum of 3 parameters",
              "fullTitle": "hset command test should require a minimum of 3 parameters",
              "timedOut": false,
              "duration": 43,
              "state": "passed",
              "speed": "medium",
              "pass": true,
              "fail": false,
              "pending": false,
              "context": null,
              "code": "__awaiter(void 0, void 0, void 0, function* () {\n        const uniqueKey = safeId();\n        chai_1.expect(uniqueKey).not.to.equal(lastId);\n        lastId = uniqueKey;\n        let response = yield common_test_1.sendCommand(new net.Socket(), ['hset', uniqueKey]);\n        chai_1.expect(response).to.match(/ReplyError: ERR wrong number of arguments for \\'hset\\' command/i);\n        response = yield common_test_1.sendCommand(new net.Socket(), ['hset', uniqueKey, 'one']);\n        chai_1.expect(response).to.match(/ReplyError: ERR wrong number of arguments for \\'hm?set\\' command/i);\n        response = yield common_test_1.sendCommand(new net.Socket(), ['hset', uniqueKey, 'one', 'two']);\n        chai_1.expect(response).to.equal(1);\n    })",
              "err": {},
              "uuid": "3ed59853-1648-43d5-93bf-1dad2a2ee4e5",
              "parentUUID": "9d082182-1921-4fbd-b14d-726e076f1417",
              "isHook": false,
              "skipped": false
            },
            {
              "title": "should only accept an odd number of parameters",
              "fullTitle": "hset command test should only accept an odd number of parameters",
              "timedOut": false,
              "duration": 2,
              "state": "passed",
              "speed": "fast",
              "pass": true,
              "fail": false,
              "pending": false,
              "context": null,
              "code": "__awaiter(void 0, void 0, void 0, function* () {\n        const uniqueKey = safeId();\n        chai_1.expect(uniqueKey).not.to.equal(lastId);\n        lastId = uniqueKey;\n        const response = yield common_test_1.sendCommand(new net.Socket(), ['hset', uniqueKey, 'one2', 'two', 'fail']);\n        chai_1.expect(response).to.match(/ReplyError: ERR wrong number of arguments for hm?set/i);\n    })",
              "err": {},
              "uuid": "ccd62b0c-1453-41fa-a9ba-3433454cf1ec",
              "parentUUID": "9d082182-1921-4fbd-b14d-726e076f1417",
              "isHook": false,
              "skipped": false
            },
            {
              "title": "should only report added fields",
              "fullTitle": "hset command test should only report added fields",
              "timedOut": false,
              "duration": 6,
              "state": "passed",
              "speed": "fast",
              "pass": true,
              "fail": false,
              "pending": false,
              "context": null,
              "code": "__awaiter(void 0, void 0, void 0, function* () {\n        const uniqueKey = safeId();\n        chai_1.expect(uniqueKey).not.to.equal(lastId);\n        lastId = uniqueKey;\n        let response = yield common_test_1.sendCommand(new net.Socket(), ['hset', uniqueKey, 'one', 'six']);\n        chai_1.expect(response).to.equal(1);\n        response = yield common_test_1.sendCommand(new net.Socket(), ['hset', uniqueKey, 'one', 'anothervalue']);\n        chai_1.expect(response).to.equal(0);\n        response = yield common_test_1.sendCommand(new net.Socket(), ['hget', uniqueKey, 'one']);\n        chai_1.expect(response).to.equal('anothervalue');\n    })",
              "err": {},
              "uuid": "06c741b7-516e-4ef4-9a00-8243ab02cef0",
              "parentUUID": "9d082182-1921-4fbd-b14d-726e076f1417",
              "isHook": false,
              "skipped": false
            }
          ],
          "suites": [],
          "passes": [
            "3ed59853-1648-43d5-93bf-1dad2a2ee4e5",
            "ccd62b0c-1453-41fa-a9ba-3433454cf1ec",
            "06c741b7-516e-4ef4-9a00-8243ab02cef0"
          ],
          "failures": [],
          "pending": [],
          "skipped": [],
          "duration": 51,
          "root": false,
          "rootEmpty": false,
          "_timeout": 5000
        },
        {
          "uuid": "a639b2d7-3745-4ddb-94ba-b348f0705307",
          "title": "del-command test",
          "fullFile": "/home/lane/git/redis/test/resp/command/key/del-command.test.ts",
          "file": "/test/resp/command/key/del-command.test.ts",
          "beforeHooks": [
            {
              "title": "\"before all\" hook",
              "fullTitle": "del-command test \"before all\" hook",
              "timedOut": false,
              "duration": 23,
              "state": null,
              "speed": null,
              "pass": false,
              "fail": false,
              "pending": false,
              "context": null,
              "code": "respServer = new resp_server_1.RespServer();\nrespServer.on('ready', () => {\n    done();\n});\nrespServer.start();",
              "err": {},
              "uuid": "eb1fd6ba-8eb5-4b8d-80ab-b4e4c1de9405",
              "parentUUID": "a639b2d7-3745-4ddb-94ba-b348f0705307",
              "isHook": true,
              "skipped": false
            },
            {
              "title": "\"before each\" hook",
              "fullTitle": "del-command test \"before each\" hook",
              "timedOut": false,
              "duration": 0,
              "state": null,
              "speed": null,
              "pass": false,
              "fail": false,
              "pending": false,
              "context": null,
              "code": "sinon.createSandbox();",
              "err": {},
              "uuid": "232bf656-d3d6-4135-92b5-a3cee90e5eb7",
              "parentUUID": "a639b2d7-3745-4ddb-94ba-b348f0705307",
              "isHook": true,
              "skipped": false
            }
          ],
          "afterHooks": [
            {
              "title": "\"after all\" hook",
              "fullTitle": "del-command test \"after all\" hook",
              "timedOut": false,
              "duration": 1,
              "state": null,
              "speed": null,
              "pass": false,
              "fail": false,
              "pending": false,
              "context": null,
              "code": "__awaiter(void 0, void 0, void 0, function* () {\n        yield respServer.stop();\n    })",
              "err": {},
              "uuid": "853e5e3e-8c3b-4bec-9376-2d0d646497cd",
              "parentUUID": "a639b2d7-3745-4ddb-94ba-b348f0705307",
              "isHook": true,
              "skipped": false
            },
            {
              "title": "\"after each\" hook",
              "fullTitle": "del-command test \"after each\" hook",
              "timedOut": false,
              "duration": 0,
              "state": null,
              "speed": null,
              "pass": false,
              "fail": false,
              "pending": false,
              "context": null,
              "code": "sinon.restore();",
              "err": {},
              "uuid": "9e47616e-d4d7-4582-926e-484b1d973083",
              "parentUUID": "a639b2d7-3745-4ddb-94ba-b348f0705307",
              "isHook": true,
              "skipped": false
            }
          ],
          "tests": [
            {
              "title": "should report ZERO when called with no keys present",
              "fullTitle": "del-command test should report ZERO when called with no keys present",
              "timedOut": false,
              "duration": 3,
              "state": "passed",
              "speed": "fast",
              "pass": true,
              "fail": false,
              "pending": false,
              "context": null,
              "code": "common_test_1.sendCommand(new net.Socket(), ['del', 'key1', 'key2', 'key3'])\n    .then((response) => {\n    chai_1.expect(response).to.be.a('number');\n    chai_1.expect(response).to.equal(0);\n    done();\n});",
              "err": {},
              "uuid": "9c42cb89-5db4-47ed-b62b-c34163ad3583",
              "parentUUID": "a639b2d7-3745-4ddb-94ba-b348f0705307",
              "isHook": false,
              "skipped": false
            },
            {
              "title": "should report the number of keys actually removed",
              "fullTitle": "del-command test should report the number of keys actually removed",
              "timedOut": false,
              "duration": 8,
              "state": "passed",
              "speed": "fast",
              "pass": true,
              "fail": false,
              "pending": false,
              "context": null,
              "code": "const client = new net.Socket();\ncommon_test_1.sendCommand(client, ['set', 'key1', 'data'])\n    .then(() => {\n    common_test_1.sendCommand(client, ['set', 'key2', 'data'])\n        .then(() => {\n        common_test_1.sendCommand(client, ['set', 'key3', 'data'])\n            .then(() => {\n            common_test_1.sendCommand(client, ['del', 'key1', 'key3'])\n                .then((response) => {\n                chai_1.expect(response).to.equal(2);\n                done();\n            });\n        });\n    });\n});",
              "err": {},
              "uuid": "27359d8e-8c39-456c-ba1e-515820722a63",
              "parentUUID": "a639b2d7-3745-4ddb-94ba-b348f0705307",
              "isHook": false,
              "skipped": false
            },
            {
              "title": "should have retained key2 from the previous test",
              "fullTitle": "del-command test should have retained key2 from the previous test",
              "timedOut": false,
              "duration": 3,
              "state": "passed",
              "speed": "fast",
              "pass": true,
              "fail": false,
              "pending": false,
              "context": null,
              "code": "common_test_1.sendCommand(new net.Socket(), ['del', 'key2'])\n    .then((response) => {\n    chai_1.expect(response).to.equal(1);\n    done();\n});",
              "err": {},
              "uuid": "5f378713-b13f-49d3-a500-af112b8769bb",
              "parentUUID": "a639b2d7-3745-4ddb-94ba-b348f0705307",
              "isHook": false,
              "skipped": false
            }
          ],
          "suites": [],
          "passes": [
            "9c42cb89-5db4-47ed-b62b-c34163ad3583",
            "27359d8e-8c39-456c-ba1e-515820722a63",
            "5f378713-b13f-49d3-a500-af112b8769bb"
          ],
          "failures": [],
          "pending": [],
          "skipped": [],
          "duration": 14,
          "root": false,
          "rootEmpty": false,
          "_timeout": 5000
        },
        {
          "uuid": "c99ee4d7-daa6-40ed-966f-f4a88b8e622b",
          "title": "exists-command test",
          "fullFile": "/home/lane/git/redis/test/resp/command/key/exists-command.test.ts",
          "file": "/test/resp/command/key/exists-command.test.ts",
          "beforeHooks": [
            {
              "title": "\"before all\" hook",
              "fullTitle": "exists-command test \"before all\" hook",
              "timedOut": false,
              "duration": 6,
              "state": null,
              "speed": null,
              "pass": false,
              "fail": false,
              "pending": false,
              "context": null,
              "code": "respServer = new resp_server_1.RespServer();\nrespServer.on('ready', () => {\n    // Set a key with a millisecond TTL to validate exists respects TTL\n    common_test_1.sendCommand(new net.Socket(), ['set', 'ttlkey', 'value', 'PX', '3'])\n        .then(() => {\n        done();\n    });\n});\nrespServer.start();",
              "err": {},
              "uuid": "e8baf6bf-e1f1-42da-9325-2a02e859c361",
              "parentUUID": "c99ee4d7-daa6-40ed-966f-f4a88b8e622b",
              "isHook": true,
              "skipped": false
            },
            {
              "title": "\"before each\" hook",
              "fullTitle": "exists-command test \"before each\" hook",
              "timedOut": false,
              "duration": 0,
              "state": null,
              "speed": null,
              "pass": false,
              "fail": false,
              "pending": false,
              "context": null,
              "code": "sinon.createSandbox();",
              "err": {},
              "uuid": "cb665e65-9b6a-482a-a450-1197aba87567",
              "parentUUID": "c99ee4d7-daa6-40ed-966f-f4a88b8e622b",
              "isHook": true,
              "skipped": false
            }
          ],
          "afterHooks": [
            {
              "title": "\"after all\" hook",
              "fullTitle": "exists-command test \"after all\" hook",
              "timedOut": false,
              "duration": 0,
              "state": null,
              "speed": null,
              "pass": false,
              "fail": false,
              "pending": false,
              "context": null,
              "code": "__awaiter(void 0, void 0, void 0, function* () {\n        yield respServer.stop();\n    })",
              "err": {},
              "uuid": "75dee0f7-554b-45e1-816d-c0d0be5ee7f8",
              "parentUUID": "c99ee4d7-daa6-40ed-966f-f4a88b8e622b",
              "isHook": true,
              "skipped": false
            },
            {
              "title": "\"after each\" hook",
              "fullTitle": "exists-command test \"after each\" hook",
              "timedOut": false,
              "duration": 0,
              "state": null,
              "speed": null,
              "pass": false,
              "fail": false,
              "pending": false,
              "context": null,
              "code": "sinon.restore();",
              "err": {},
              "uuid": "e696c5e8-9bb8-4de3-852d-f76ecffa4975",
              "parentUUID": "c99ee4d7-daa6-40ed-966f-f4a88b8e622b",
              "isHook": true,
              "skipped": false
            }
          ],
          "tests": [
            {
              "title": "should report ZERO when none of the specified keys exist",
              "fullTitle": "exists-command test should report ZERO when none of the specified keys exist",
              "timedOut": false,
              "duration": 3,
              "state": "passed",
              "speed": "fast",
              "pass": true,
              "fail": false,
              "pending": false,
              "context": null,
              "code": "common_test_1.sendCommand(new net.Socket(), ['exists', 'key1', 'key2', 'key3'])\n    .then((response) => {\n    chai_1.expect(response).to.be.a('number');\n    chai_1.expect(response).to.equal(0);\n    done();\n});",
              "err": {},
              "uuid": "de797ae1-37aa-4cbb-81b5-c2f87593f019",
              "parentUUID": "c99ee4d7-daa6-40ed-966f-f4a88b8e622b",
              "isHook": false,
              "skipped": false
            },
            {
              "title": "should require at least ONE parameter",
              "fullTitle": "exists-command test should require at least ONE parameter",
              "timedOut": false,
              "duration": 2,
              "state": "passed",
              "speed": "fast",
              "pass": true,
              "fail": false,
              "pending": false,
              "context": null,
              "code": "common_test_1.sendCommand(new net.Socket(), ['exists'])\n    .then((response) => {\n    chai_1.expect(response).to.equal('ReplyError: ERR wrong number of arguments for \\'exists\\' command');\n    done();\n});",
              "err": {},
              "uuid": "4a5349ea-7050-4209-88e3-1c4b4a041382",
              "parentUUID": "c99ee4d7-daa6-40ed-966f-f4a88b8e622b",
              "isHook": false,
              "skipped": false
            },
            {
              "title": "should report GREATER THAN ZERO when checking for the same existing key multiple times",
              "fullTitle": "exists-command test should report GREATER THAN ZERO when checking for the same existing key multiple times",
              "timedOut": false,
              "duration": 3,
              "state": "passed",
              "speed": "fast",
              "pass": true,
              "fail": false,
              "pending": false,
              "context": null,
              "code": "common_test_1.sendCommand(new net.Socket(), ['set', 'key', 'value'])\n    .then(() => {\n    common_test_1.sendCommand(new net.Socket(), ['exists', 'key', 'key', 'unknownkey', 'another', 'another'])\n        .then((response) => {\n        chai_1.expect(response).to.equal(2);\n        done();\n    });\n});",
              "err": {},
              "uuid": "ec4771c3-ffcb-4620-b236-bc22599ac786",
              "parentUUID": "c99ee4d7-daa6-40ed-966f-f4a88b8e622b",
              "isHook": false,
              "skipped": false
            },
            {
              "title": "should respect the TTL value on a key",
              "fullTitle": "exists-command test should respect the TTL value on a key",
              "timedOut": false,
              "duration": 1,
              "state": "passed",
              "speed": "fast",
              "pass": true,
              "fail": false,
              "pending": false,
              "context": null,
              "code": "common_test_1.sendCommand(new net.Socket(), ['exists', 'ttlkey'])\n    .then((response) => {\n    chai_1.expect(response).to.equal(0);\n    done();\n});",
              "err": {},
              "uuid": "3513ca72-cc31-45d1-9003-01e101d19380",
              "parentUUID": "c99ee4d7-daa6-40ed-966f-f4a88b8e622b",
              "isHook": false,
              "skipped": false
            }
          ],
          "suites": [],
          "passes": [
            "de797ae1-37aa-4cbb-81b5-c2f87593f019",
            "4a5349ea-7050-4209-88e3-1c4b4a041382",
            "ec4771c3-ffcb-4620-b236-bc22599ac786",
            "3513ca72-cc31-45d1-9003-01e101d19380"
          ],
          "failures": [],
          "pending": [],
          "skipped": [],
          "duration": 9,
          "root": false,
          "rootEmpty": false,
          "_timeout": 5000
        },
        {
          "uuid": "effc4860-4945-4c23-8ada-5e834badf293",
          "title": "expire-command test",
          "fullFile": "/home/lane/git/redis/test/resp/command/key/expire-command.test.ts",
          "file": "/test/resp/command/key/expire-command.test.ts",
          "beforeHooks": [
            {
              "title": "\"before all\" hook",
              "fullTitle": "expire-command test \"before all\" hook",
              "timedOut": false,
              "duration": 3,
              "state": null,
              "speed": null,
              "pass": false,
              "fail": false,
              "pending": false,
              "context": null,
              "code": "respServer = new resp_server_1.RespServer();\nrespServer.on('ready', () => {\n    done();\n});\nrespServer.start();",
              "err": {},
              "uuid": "6f7cb1b6-6133-40e5-a7f6-63b885b0aee7",
              "parentUUID": "effc4860-4945-4c23-8ada-5e834badf293",
              "isHook": true,
              "skipped": false
            },
            {
              "title": "\"before each\" hook",
              "fullTitle": "expire-command test \"before each\" hook",
              "timedOut": false,
              "duration": 0,
              "state": null,
              "speed": null,
              "pass": false,
              "fail": false,
              "pending": false,
              "context": null,
              "code": "sinon.createSandbox();",
              "err": {},
              "uuid": "b1d9aca8-984e-461f-a7ae-75ce15931124",
              "parentUUID": "effc4860-4945-4c23-8ada-5e834badf293",
              "isHook": true,
              "skipped": false
            }
          ],
          "afterHooks": [
            {
              "title": "\"after all\" hook",
              "fullTitle": "expire-command test \"after all\" hook",
              "timedOut": false,
              "duration": 0,
              "state": null,
              "speed": null,
              "pass": false,
              "fail": false,
              "pending": false,
              "context": null,
              "code": "__awaiter(void 0, void 0, void 0, function* () {\n        yield respServer.stop();\n    })",
              "err": {},
              "uuid": "43e777d2-caee-447a-a7ab-0f32c5b5c893",
              "parentUUID": "effc4860-4945-4c23-8ada-5e834badf293",
              "isHook": true,
              "skipped": false
            },
            {
              "title": "\"after each\" hook",
              "fullTitle": "expire-command test \"after each\" hook",
              "timedOut": false,
              "duration": 0,
              "state": null,
              "speed": null,
              "pass": false,
              "fail": false,
              "pending": false,
              "context": null,
              "code": "sinon.restore();",
              "err": {},
              "uuid": "8e44db11-d009-42ec-93c9-2d87acd4b470",
              "parentUUID": "effc4860-4945-4c23-8ada-5e834badf293",
              "isHook": true,
              "skipped": false
            }
          ],
          "tests": [
            {
              "title": "should report ZERO when expire called on non-existent key",
              "fullTitle": "expire-command test should report ZERO when expire called on non-existent key",
              "timedOut": false,
              "duration": 2,
              "state": "passed",
              "speed": "fast",
              "pass": true,
              "fail": false,
              "pending": false,
              "context": null,
              "code": "__awaiter(void 0, void 0, void 0, function* () {\n        response = yield common_test_1.sendCommand(client, ['expire', 'no-key', '1000']);\n        chai_1.expect(response).to.equal(0);\n    })",
              "err": {},
              "uuid": "1d1e8766-06ac-4249-8baa-e8f2ed4dbaf0",
              "parentUUID": "effc4860-4945-4c23-8ada-5e834badf293",
              "isHook": false,
              "skipped": false
            },
            {
              "title": "should require an integer value for the ttl parameter",
              "fullTitle": "expire-command test should require an integer value for the ttl parameter",
              "timedOut": false,
              "duration": 3,
              "state": "passed",
              "speed": "fast",
              "pass": true,
              "fail": false,
              "pending": false,
              "context": null,
              "code": "__awaiter(void 0, void 0, void 0, function* () {\n        response = yield common_test_1.sendCommand(client, ['set', 'mykey', 'value']);\n        chai_1.expect(response).to.equal('OK');\n        response = yield common_test_1.sendCommand(client, ['expire', 'mykey', '10.2']);\n        chai_1.expect(response).to.equal('ReplyError: ERR value is not an integer or out of range');\n        response = yield common_test_1.sendCommand(client, ['expire', 'mykey', 'ten']);\n        chai_1.expect(response).to.equal('ReplyError: ERR value is not an integer or out of range');\n    })",
              "err": {},
              "uuid": "6bfed0ce-9edd-4af3-a1df-c443186f0b8e",
              "parentUUID": "effc4860-4945-4c23-8ada-5e834badf293",
              "isHook": false,
              "skipped": false
            },
            {
              "title": "should set the requested ttl on a key",
              "fullTitle": "expire-command test should set the requested ttl on a key",
              "timedOut": false,
              "duration": 3,
              "state": "passed",
              "speed": "fast",
              "pass": true,
              "fail": false,
              "pending": false,
              "context": null,
              "code": "__awaiter(void 0, void 0, void 0, function* () {\n        response = yield common_test_1.sendCommand(client, ['expire', 'mykey', '10000']);\n        chai_1.expect(response).to.equal(1);\n        response = yield common_test_1.sendCommand(client, ['exists', 'mykey']);\n        chai_1.expect(response).to.equal(1);\n    })",
              "err": {},
              "uuid": "e1a66991-c830-481c-8295-def18ffeccee",
              "parentUUID": "effc4860-4945-4c23-8ada-5e834badf293",
              "isHook": false,
              "skipped": false
            },
            {
              "title": "should expire a key when we set a negative ttl",
              "fullTitle": "expire-command test should expire a key when we set a negative ttl",
              "timedOut": false,
              "duration": 2,
              "state": "passed",
              "speed": "fast",
              "pass": true,
              "fail": false,
              "pending": false,
              "context": null,
              "code": "__awaiter(void 0, void 0, void 0, function* () {\n        // Note that this is not consistent with documentation\n        response = yield common_test_1.sendCommand(client, ['expire', 'mykey', '-1']);\n        chai_1.expect(response).to.equal(1);\n        response = yield common_test_1.sendCommand(client, ['exists', 'mykey']);\n        chai_1.expect(response).to.equal(0);\n    })",
              "err": {},
              "uuid": "92a78fd3-fb85-414a-b2cf-fb060c29c43d",
              "parentUUID": "effc4860-4945-4c23-8ada-5e834badf293",
              "isHook": false,
              "skipped": false
            },
            {
              "title": "should work with ZKEYs (and other key types - as yet untested)",
              "fullTitle": "expire-command test should work with ZKEYs (and other key types - as yet untested)",
              "timedOut": false,
              "duration": 2013,
              "state": "passed",
              "speed": "slow",
              "pass": true,
              "fail": false,
              "pending": false,
              "context": null,
              "code": "common_test_1.sendCommand(client, ['zadd', 'zkey', '1', 'member'])\n    .then((response) => {\n    chai_1.expect(response).to.equal(1);\n    common_test_1.sendCommand(client, ['exists', 'zkey'])\n        .then((response) => {\n        chai_1.expect(response).to.equal(1);\n        common_test_1.sendCommand(client, ['expire', 'zkey', '1'])\n            .then((response) => {\n            chai_1.expect(response).to.equal(1);\n            setTimeout(() => {\n                common_test_1.sendCommand(client, ['exists', 'zkey'])\n                    .then((response) => {\n                    chai_1.expect(response).to.equal(0, `Unexpected response ${response} should be ZERO`);\n                    done();\n                });\n            }, 2000);\n        });\n    });\n});",
              "err": {},
              "uuid": "d1901987-a4ac-4a4b-a460-03c34bcffcd4",
              "parentUUID": "effc4860-4945-4c23-8ada-5e834badf293",
              "isHook": false,
              "skipped": false
            },
            {
              "title": "should survive the RENAME operation",
              "fullTitle": "expire-command test should survive the RENAME operation",
              "timedOut": false,
              "duration": 7,
              "state": "passed",
              "speed": "fast",
              "pass": true,
              "fail": false,
              "pending": false,
              "context": null,
              "code": "__awaiter(void 0, void 0, void 0, function* () {\n        response = yield common_test_1.sendCommand(client, ['set', 'rename-test', 'value']);\n        chai_1.expect(response).to.equal('OK');\n        response = yield common_test_1.sendCommand(client, ['expire', 'rename-test', '1']);\n        chai_1.expect(response).to.equal(1);\n        response = yield common_test_1.sendCommand(client, ['rename', 'rename-test', 'new-name']);\n        chai_1.expect(response).to.equal('OK');\n        response = yield common_test_1.sendCommand(client, ['exists', 'new-name']);\n        chai_1.expect(response).to.equal(1);\n        response = yield common_test_1.sendCommand(client, ['exists', 'rename-test']);\n        chai_1.expect(response).to.equal(0);\n        yield setTimeout(() => __awaiter(void 0, void 0, void 0, function* () {\n            response = yield common_test_1.sendCommand(client, ['exists', 'new-name']);\n            chai_1.expect(response).to.equal(0);\n        }), 2000);\n    })",
              "err": {},
              "uuid": "2d6dad71-9443-4940-8620-4927bc367984",
              "parentUUID": "effc4860-4945-4c23-8ada-5e834badf293",
              "isHook": false,
              "skipped": false
            }
          ],
          "suites": [],
          "passes": [
            "1d1e8766-06ac-4249-8baa-e8f2ed4dbaf0",
            "6bfed0ce-9edd-4af3-a1df-c443186f0b8e",
            "e1a66991-c830-481c-8295-def18ffeccee",
            "92a78fd3-fb85-414a-b2cf-fb060c29c43d",
            "d1901987-a4ac-4a4b-a460-03c34bcffcd4",
            "2d6dad71-9443-4940-8620-4927bc367984"
          ],
          "failures": [],
          "pending": [],
          "skipped": [],
          "duration": 2030,
          "root": false,
          "rootEmpty": false,
          "_timeout": 5000
        },
        {
          "uuid": "b1ae4384-2af1-452c-ad6e-39304db82141",
          "title": "keys-command test",
          "fullFile": "/home/lane/git/redis/test/resp/command/key/keys-command.test.ts",
          "file": "/test/resp/command/key/keys-command.test.ts",
          "beforeHooks": [
            {
              "title": "\"before all\" hook",
              "fullTitle": "keys-command test \"before all\" hook",
              "timedOut": false,
              "duration": 6,
              "state": null,
              "speed": null,
              "pass": false,
              "fail": false,
              "pending": false,
              "context": null,
              "code": "respServer = new resp_server_1.RespServer();\nrespServer.on('ready', () => __awaiter(void 0, void 0, void 0, function* () {\n    yield common_test_1.sendCommand(client, ['flushall']);\n    done();\n}));\nrespServer.start();",
              "err": {},
              "uuid": "851d442d-cdf0-4433-a743-0d94756ce12b",
              "parentUUID": "b1ae4384-2af1-452c-ad6e-39304db82141",
              "isHook": true,
              "skipped": false
            },
            {
              "title": "\"before each\" hook",
              "fullTitle": "keys-command test \"before each\" hook",
              "timedOut": false,
              "duration": 0,
              "state": null,
              "speed": null,
              "pass": false,
              "fail": false,
              "pending": false,
              "context": null,
              "code": "sinon.createSandbox();",
              "err": {},
              "uuid": "7cfbea02-3898-40bc-b32c-c6b882951ab4",
              "parentUUID": "b1ae4384-2af1-452c-ad6e-39304db82141",
              "isHook": true,
              "skipped": false
            }
          ],
          "afterHooks": [
            {
              "title": "\"after all\" hook",
              "fullTitle": "keys-command test \"after all\" hook",
              "timedOut": false,
              "duration": 0,
              "state": null,
              "speed": null,
              "pass": false,
              "fail": false,
              "pending": false,
              "context": null,
              "code": "__awaiter(void 0, void 0, void 0, function* () {\n        yield respServer.stop();\n    })",
              "err": {},
              "uuid": "73c79b89-c826-4896-b039-6df227990920",
              "parentUUID": "b1ae4384-2af1-452c-ad6e-39304db82141",
              "isHook": true,
              "skipped": false
            },
[...]
                    {
                      "title": "should get the correct rank",
                      "fullTitle": "sorted-set test skip map rewrite #rank should get the correct rank",
                      "timedOut": false,
                      "duration": 1,
                      "state": "passed",
                      "speed": "fast",
                      "pass": true,
                      "fail": false,
                      "pending": false,
                      "context": null,
                      "code": "let ss = new sorted_set_1.SortedSet();\nss.add('5a600e10', 16);\nss.add('5a600e11', 6);\nss.add('5a600e12', 17);\nss.add('5a600e13', 11);\nss.add('5a600e14', 14);\nss.add('5a600e15', 19);\nss.add('5a600e16', 3);\nss.add('5a600e17', 12);\nss.add('5a600e18', 10);\nchai_1.expect(ss.rank('5a600e12')).to.equal(7);\nchai_1.expect(ss.rank('5a600e13')).to.equal(3);\nchai_1.expect(ss.rank('5a600e16')).to.equal(0);\nchai_1.expect(ss.rank('5a600e15')).to.equal(8);\nchai_1.expect(ss.rank('not in set')).to.equal(null);",
                      "err": {},
                      "uuid": "818abdab-6ea4-4f3a-a145-2a90216fa999",
                      "parentUUID": "333f6bef-0d2e-4a04-aeab-442907c26835",
                      "isHook": false,
                      "skipped": false
                    }
                  ],
                  "suites": [],
                  "passes": [
                    "818abdab-6ea4-4f3a-a145-2a90216fa999"
                  ],
                  "failures": [],
                  "pending": [],
                  "skipped": [],
                  "duration": 1,
                  "root": false,
                  "rootEmpty": false,
                  "_timeout": 5000
                },
                {
                  "uuid": "9f167016-e770-4be7-b14f-665d4ecdf318",
                  "title": "#rem",
                  "fullFile": "/home/lane/git/redis/test/resp/data/sorted-set.test.ts",
                  "file": "/test/resp/data/sorted-set.test.ts",
                  "beforeHooks": [],
                  "afterHooks": [],
                  "tests": [
                    {
                      "title": "should delete special elements",
                      "fullTitle": "sorted-set test skip map rewrite #rem should delete special elements",
                      "timedOut": false,
                      "duration": 0,
                      "state": "passed",
                      "speed": "fast",
                      "pass": true,
                      "fail": false,
                      "pending": false,
                      "context": null,
                      "code": "let ss = new sorted_set_1.SortedSet();\nss.add('5a600e10', 16);\nss.add('5a600e11', 6);\nss.add('5a600e12', 17);\nss.add('5a600e13', 11);\nss.add('5a600e14', 14);\nss.add('5a600e15', 19);\nss.add('5a600e16', 3);\nss.add('5a600e17', 12);\nss.add('5a600e18', 10);\nchai_1.expect(ss.rem('5a600e15')).to.equal(19);\nchai_1.expect(ss).to.have.length(8);\nchai_1.expect(ss.rem('5a600e16')).to.equal(3);\nchai_1.expect(ss).to.have.length(7);\nchai_1.expect(ss.toArray({ withScores: true })).to.eql([\n    ['5a600e11', 6],\n    ['5a600e18', 10],\n    ['5a600e13', 11],\n    ['5a600e17', 12],\n    ['5a600e14', 14],\n    ['5a600e10', 16],\n    ['5a600e12', 17],\n]);",
                      "err": {},
                      "uuid": "b0a7e044-fd37-4f98-a9b1-8d8a0014fed4",
                      "parentUUID": "9f167016-e770-4be7-b14f-665d4ecdf318",
                      "isHook": false,
                      "skipped": false
                    },
                    {
                      "title": "should delete many elements",
                      "fullTitle": "sorted-set test skip map rewrite #rem should delete many elements",
                      "timedOut": false,
                      "duration": 0,
                      "state": "passed",
                      "speed": "fast",
                      "pass": true,
                      "fail": false,
                      "pending": false,
                      "context": null,
                      "code": "let ss = new sorted_set_1.SortedSet();\nss.add('5a600e10', 16);\nss.add('5a600e11', 6);\nss.add('5a600e12', 17);\nss.add('5a600e13', 11);\nss.add('5a600e14', 14);\nss.add('5a600e15', 19);\nss.add('5a600e16', 3);\nss.add('5a600e17', 12);\nss.add('5a600e18', 10);\nchai_1.expect(ss.rem('5a600e11')).to.equal(6);\nchai_1.expect(ss.rem('5a600e13')).to.equal(11);\nchai_1.expect(ss.rem('5a600e14')).to.equal(14);\nchai_1.expect(ss.rem('5a600e15')).to.equal(19);\nchai_1.expect(ss.rem('5a600e16')).to.equal(3);\nchai_1.expect(ss.rem('5a600e17')).to.equal(12);\nchai_1.expect(ss.length).to.equal(3);\nchai_1.expect(ss.toArray({ withScores: true })).to.eql([\n    ['5a600e18', 10],\n    ['5a600e10', 16],\n    ['5a600e12', 17],\n]);",
                      "err": {},
                      "uuid": "b4b42c2b-8436-46f8-9228-68c3f77a255a",
                      "parentUUID": "9f167016-e770-4be7-b14f-665d4ecdf318",
                      "isHook": false,
                      "skipped": false
                    }
                  ],
                  "suites": [],
                  "passes": [
                    "b0a7e044-fd37-4f98-a9b1-8d8a0014fed4",
                    "b4b42c2b-8436-46f8-9228-68c3f77a255a"
                  ],
                  "failures": [],
                  "pending": [],
                  "skipped": [],
                  "duration": 0,
                  "root": false,
                  "rootEmpty": false,
                  "_timeout": 5000
                },
                {
                  "uuid": "3908bdab-bce1-4912-908a-ff271f69bb21",
                  "title": "#remRangeByScore",
                  "fullFile": "/home/lane/git/redis/test/resp/data/sorted-set.test.ts",
                  "file": "/test/resp/data/sorted-set.test.ts",
                  "beforeHooks": [],
                  "afterHooks": [],
                  "tests": [
                    {
                      "title": "should strip out a range of elements",
                      "fullTitle": "sorted-set test skip map rewrite #remRangeByScore should strip out a range of elements",
                      "timedOut": false,
                      "duration": 1,
                      "state": "passed",
                      "speed": "fast",
                      "pass": true,
                      "fail": false,
                      "pending": false,
                      "context": null,
                      "code": "let ss = new sorted_set_1.SortedSet();\nss.add('5a600e10', 16);\nss.add('5a600e11', 6);\nss.add('5a600e12', 17);\nss.add('5a600e13', 11);\nss.add('5a600e14', 14);\nss.add('5a600e15', 19);\nss.add('5a600e16', 3);\nss.add('5a600e17', 12);\nss.add('5a600e18', 10);\nchai_1.expect(ss.remRangeByScore(4, 14)).to.equal(5);\nchai_1.expect(ss).to.have.length(4);\nchai_1.expect(ss.toArray({ withScores: true })).to.eql([\n    ['5a600e16', 3],\n    ['5a600e10', 16],\n    ['5a600e12', 17],\n    ['5a600e15', 19],\n]);",
                      "err": {},
                      "uuid": "dbbc6312-df10-4f25-81cf-6950108fd42b",
                      "parentUUID": "3908bdab-bce1-4912-908a-ff271f69bb21",
                      "isHook": false,
                      "skipped": false
                    },
                    {
                      "title": "should strip out all the elements",
                      "fullTitle": "sorted-set test skip map rewrite #remRangeByScore should strip out all the elements",
                      "timedOut": false,
                      "duration": 1,
                      "state": "passed",
                      "speed": "fast",
                      "pass": true,
                      "fail": false,
                      "pending": false,
                      "context": null,
                      "code": "let ss = new sorted_set_1.SortedSet();\nss.add('5a600e10', 16);\nss.add('5a600e11', 6);\nss.add('5a600e12', 17);\nss.add('5a600e13', 11);\nss.add('5a600e14', 14);\nss.add('5a600e15', 19);\nss.add('5a600e16', 3);\nss.add('5a600e17', 12);\nss.add('5a600e18', 10);\nchai_1.expect(ss.remRangeByScore(3, 19)).to.equal(9);\nchai_1.expect(ss).to.have.length(0);\nchai_1.expect(ss.toArray()).to.eql([]);",
                      "err": {},
                      "uuid": "4042dca5-c44e-45bc-b975-b89408ad2127",
                      "parentUUID": "3908bdab-bce1-4912-908a-ff271f69bb21",
                      "isHook": false,
                      "skipped": false
                    }
                  ],
                  "suites": [],
                  "passes": [
                    "dbbc6312-df10-4f25-81cf-6950108fd42b",
                    "4042dca5-c44e-45bc-b975-b89408ad2127"
                  ],
                  "failures": [],
                  "pending": [],
                  "skipped": [],
                  "duration": 2,
                  "root": false,
                  "rootEmpty": false,
                  "_timeout": 5000
                },
                {
                  "uuid": "42754d06-1f44-4424-ae26-2001b67e5208",
                  "title": "#remRangeByRank",
                  "fullFile": "/home/lane/git/redis/test/resp/data/sorted-set.test.ts",
                  "file": "/test/resp/data/sorted-set.test.ts",
                  "beforeHooks": [],
                  "afterHooks": [],
                  "tests": [
                    {
                      "title": "should strip out a slice of elements",
                      "fullTitle": "sorted-set test skip map rewrite #remRangeByRank should strip out a slice of elements",
                      "timedOut": false,
                      "duration": 1,
                      "state": "passed",
                      "speed": "fast",
                      "pass": true,
                      "fail": false,
                      "pending": false,
                      "context": null,
                      "code": "let ss = new sorted_set_1.SortedSet();\nss.add('5a600e10', 16);\nss.add('5a600e11', 6);\nss.add('5a600e12', 17);\nss.add('5a600e13', 11);\nss.add('5a600e14', 14);\nss.add('5a600e15', 19);\nss.add('5a600e16', 3);\nss.add('5a600e17', 12);\nss.add('5a600e18', 10);\nchai_1.expect(ss.remRangeByRank(1, 6)).to.equal(5);\nchai_1.expect(ss).to.have.length(4);\nchai_1.expect(ss.toArray({ withScores: true })).to.eql([\n    ['5a600e16', 3],\n    ['5a600e10', 16],\n    ['5a600e12', 17],\n    ['5a600e15', 19],\n]);",
                      "err": {},
                      "uuid": "b1ec4081-3f8a-4774-813e-479a4b943110",
                      "parentUUID": "42754d06-1f44-4424-ae26-2001b67e5208",
                      "isHook": false,
                      "skipped": false
                    },
                    {
                      "title": "should strip out all elements",
                      "fullTitle": "sorted-set test skip map rewrite #remRangeByRank should strip out all elements",
                      "timedOut": false,
                      "duration": 1,
                      "state": "passed",
                      "speed": "fast",
                      "pass": true,
                      "fail": false,
                      "pending": false,
                      "context": null,
                      "code": "let ss = new sorted_set_1.SortedSet();\nss.add('5a600e10', 16);\nss.add('5a600e11', 6);\nss.add('5a600e12', 17);\nss.add('5a600e13', 11);\nss.add('5a600e14', 14);\nss.add('5a600e15', 19);\nss.add('5a600e16', 3);\nss.add('5a600e17', 12);\nss.add('5a600e18', 10);\nchai_1.expect(ss.remRangeByRank(0, 9)).to.equal(9);\nchai_1.expect(ss).to.have.length(0);\nchai_1.expect(ss.toArray()).to.eql([]);",
                      "err": {},
                      "uuid": "54111d0c-3ce8-487e-ac4b-c6b2a9c11a91",
                      "parentUUID": "42754d06-1f44-4424-ae26-2001b67e5208",
                      "isHook": false,
                      "skipped": false
                    }
                  ],
                  "suites": [],
                  "passes": [
                    "b1ec4081-3f8a-4774-813e-479a4b943110",
                    "54111d0c-3ce8-487e-ac4b-c6b2a9c11a91"
                  ],
                  "failures": [],
                  "pending": [],
                  "skipped": [],
                  "duration": 2,
                  "root": false,
                  "rootEmpty": false,
                  "_timeout": 5000
                },
                {
                  "uuid": "47434abc-725f-42fc-adda-29eed6728f77",
                  "title": "#values",
                  "fullFile": "/home/lane/git/redis/test/resp/data/sorted-set.test.ts",
                  "file": "/test/resp/data/sorted-set.test.ts",
                  "beforeHooks": [],
                  "afterHooks": [],
                  "tests": [
                    {
                      "title": "should return the values",
                      "fullTitle": "sorted-set test skip map rewrite #values should return the values",
                      "timedOut": false,
                      "duration": 0,
                      "state": "passed",
                      "speed": "fast",
                      "pass": true,
                      "fail": false,
                      "pending": false,
                      "context": null,
                      "code": "let ss = new sorted_set_1.SortedSet();\nss.add('first', -1);\nss.add('third', 5);\nss.add('second', 3);\nchai_1.expect(ss.values()).to.eql([-1, 3, 5]);",
                      "err": {},
                      "uuid": "45b84048-6987-4109-9c88-5dec5e3af6c0",
                      "parentUUID": "47434abc-725f-42fc-adda-29eed6728f77",
                      "isHook": false,
                      "skipped": false
                    }
                  ],
                  "suites": [],
                  "passes": [
                    "45b84048-6987-4109-9c88-5dec5e3af6c0"
                  ],
                  "failures": [],
                  "pending": [],
                  "skipped": [],
                  "duration": 0,
                  "root": false,
                  "rootEmpty": false,
                  "_timeout": 5000
                },
                {
                  "uuid": "c163e9fe-d237-4e5b-a9fb-124ce8ec657a",
                  "title": "unique rewrite",
                  "fullFile": "/home/lane/git/redis/test/resp/data/sorted-set.test.ts",
                  "file": "/test/resp/data/sorted-set.test.ts",
                  "beforeHooks": [],
                  "afterHooks": [],
                  "tests": [
                    {
                      "title": "should ensure values are unique",
                      "fullTitle": "sorted-set test skip map rewrite unique rewrite should ensure values are unique",
                      "timedOut": false,
                      "duration": 1,
                      "state": "passed",
                      "speed": "fast",
                      "pass": true,
                      "fail": false,
                      "pending": false,
                      "context": null,
                      "code": "const options = { unique: true };\nlet ss = new sorted_set_1.SortedSet(options);\nss.add('5a600e10', 16);\nss.add('5a600e11', 6);\nss.add('5a600e12', 17);\nss.add('5a600e13', 11);\nss.add('5a600e14', 14);\nss.add('5a600e15', 19);\nss.add('5a600e16', 3);\nss.add('5a600e17', 12);\nss.add('5a600e18', 10);\nchai_1.expect(() => {\n    ss.add('5a600e19', 11);\n}).to.throw(/unique/);\n// quick exit test\nchai_1.expect(() => {\n    ss.add('5a600dff', ss._head.next[ss._level - 1].next.value);\n}).to.throw(/unique/);\n// this test ensures the key < key check doesn't come into play\nchai_1.expect(() => {\n    ss.add('5a600dff', 11);\n}).to.throw(/unique/);\nchai_1.expect(() => {\n    ss.add('5a600e18', 10);\n}).to.not.throw();\nchai_1.expect(ss).to.have.length(9);\nchai_1.expect(ss.toArray({ withScores: true })).to.eql([\n    ['5a600e16', 3],\n    ['5a600e11', 6],\n    ['5a600e18', 10],\n    ['5a600e13', 11],\n    ['5a600e17', 12],\n    ['5a600e14', 14],\n    ['5a600e10', 16],\n    ['5a600e12', 17],\n    ['5a600e15', 19],\n]);",
                      "err": {},
                      "uuid": "bb6450fa-37f3-4045-9b7d-05ccb5b10c09",
                      "parentUUID": "c163e9fe-d237-4e5b-a9fb-124ce8ec657a",
                      "isHook": false,
                      "skipped": false
                    },
                    {
                      "title": "should revert keys if constraint broken during update",
                      "fullTitle": "sorted-set test skip map rewrite unique rewrite should revert keys if constraint broken during update",
                      "timedOut": false,
                      "duration": 1,
                      "state": "passed",
                      "speed": "fast",
                      "pass": true,
                      "fail": false,
                      "pending": false,
                      "context": null,
                      "code": "let ss = new sorted_set_1.SortedSet({ unique: true });\nss.add('5a600e10', 16);\nss.add('5a600e11', 6);\nss.add('5a600e12', 17);\nss.add('5a600e13', 11);\nss.add('5a600e14', 14);\nss.add('5a600e15', 19);\nss.add('5a600e16', 3);\nss.add('5a600e17', 12);\nss.add('5a600e18', 10);\nchai_1.expect(() => {\n    ss.add('5a600e13', 14);\n}).to.throw(/unique/);\nchai_1.expect(ss).to.have.length(9);\nchai_1.expect(ss.score('5a600e13')).to.equal(11);",
                      "err": {},
                      "uuid": "7190ea3e-02bb-4fbc-acd2-e0ba11978bda",
                      "parentUUID": "c163e9fe-d237-4e5b-a9fb-124ce8ec657a",
                      "isHook": false,
                      "skipped": false
                    }
                  ],
                  "suites": [],
                  "passes": [
                    "bb6450fa-37f3-4045-9b7d-05ccb5b10c09",
                    "7190ea3e-02bb-4fbc-acd2-e0ba11978bda"
                  ],
                  "failures": [],
                  "pending": [],
                  "skipped": [],
                  "duration": 2,
                  "root": false,
                  "rootEmpty": false,
                  "_timeout": 5000
                }
              ],
              "passes": [
                "6cf74786-47d4-4b72-8b5c-5443e3def6c8"
              ],
              "failures": [],
              "pending": [],
              "skipped": [],
              "duration": 2,
              "root": false,
              "rootEmpty": false,
              "_timeout": 5000
            }
          ],
          "passes": [
            "57838ad9-f790-41f6-8c69-73f5eef68b04",
            "c8aeee87-7127-4f62-ae7b-c3fd3d2d020e",
            "29e6442f-a45b-4031-82b8-861ac368f3bd",
            "fa0909c5-6bd3-4bc1-b316-98f0f8be8d7d",
            "990d9c23-293c-4fe0-8cbb-f03bca96eb4b",
            "6774857f-cdb3-4153-a185-635a0d883d10",
            "484e3173-38bb-46dc-a6b5-c82f141f2545",
            "72dfe3af-7af5-433a-8c2b-32180e040272"
          ],
          "failures": [],
          "pending": [
            "36b1e556-71f4-40fc-81a2-32941bd6446e"
          ],
          "skipped": [],
          "duration": 7,
          "root": false,
          "rootEmpty": false,
          "_timeout": 5000
        }
      ],
      "passes": [],
      "failures": [],
      "pending": [],
      "skipped": [],
      "duration": 0,
      "root": true,
      "rootEmpty": true,
      "_timeout": 5000
    }
  ],
  "meta": {
    "mocha": {
      "version": "6.2.2"
    },
    "mochawesome": {
      "options": {
        "quiet": false,
        "reportFilename": "mochawesome",
        "saveHtml": true,
        "saveJson": true,
        "consoleReporter": "spec",
        "useInlineDiffs": false
      },
      "version": "4.1.0"
    },
    "marge": {
      "options": {
        "reportDir": "docs/mochawesome"
      },
      "version": "4.1.0"
    }
  }
}