{
  "stats": {
    "suites": 38,
    "tests": 107,
    "passes": 104,
    "pending": 3,
    "failures": 0,
    "start": "2023-12-10T21:40:25.500Z",
    "end": "2023-12-10T21:40:25.645Z",
    "duration": 145,
    "testsRegistered": 107,
    "passPercent": 100,
    "pendingPercent": 2.803738317757009,
    "other": 0,
    "hasOther": false,
    "skipped": 0,
    "hasSkipped": false
  },
  "results": [
    {
      "uuid": "0b32849c-0992-4f5c-a287-a58a9917b9ab",
      "title": "",
      "fullFile": "",
      "file": "",
      "beforeHooks": [
        {
          "title": "\"before all\" hook in \"{root}\"",
          "fullTitle": "\"before all\" hook in \"{root}\"",
          "timedOut": false,
          "duration": 0,
          "state": null,
          "speed": null,
          "pass": false,
          "fail": false,
          "pending": false,
          "context": null,
          "code": "done();",
          "err": {},
          "uuid": "b26c0121-1de7-48fa-bc57-d5a4bfb772e9",
          "parentUUID": "0b32849c-0992-4f5c-a287-a58a9917b9ab",
          "isHook": true,
          "skipped": false
        }
      ],
      "afterHooks": [
        {
          "title": "\"after all\" hook in \"{root}\"",
          "fullTitle": "\"after all\" hook in \"{root}\"",
          "timedOut": false,
          "duration": 0,
          "state": null,
          "speed": null,
          "pass": false,
          "fail": false,
          "pending": false,
          "context": null,
          "code": "__awaiter(void 0, void 0, void 0, function* () {\n})",
          "err": {},
          "uuid": "63e92990-7067-417b-a818-5607b9cfc239",
          "parentUUID": "0b32849c-0992-4f5c-a287-a58a9917b9ab",
          "isHook": true,
          "skipped": false
        }
      ],
      "tests": [],
      "suites": [
        {
          "uuid": "01f643dc-8c3e-4bd1-aff6-951305d1336f",
          "title": "client command test",
          "fullFile": "/home/lane/git/unit-redis-ness/test/resp/command/client-command.test.ts",
          "file": "/test/resp/command/client-command.test.ts",
          "beforeHooks": [
            {
              "title": "\"before all\" hook in \"client command test\"",
              "fullTitle": "client command test \"before all\" hook in \"client command test\"",
              "timedOut": false,
              "duration": 7,
              "state": null,
              "speed": null,
              "pass": false,
              "fail": false,
              "pending": false,
              "context": null,
              "code": "respServer = new resp_server_1.RespServer();\nrespServer.on(\"ready\", () => {\n    done();\n});\nrespServer.start();",
              "err": {},
              "uuid": "61ca49ea-f105-4950-9f78-9fec343c05f7",
              "parentUUID": "01f643dc-8c3e-4bd1-aff6-951305d1336f",
              "isHook": true,
              "skipped": false
            },
            {
              "title": "\"before each\" hook in \"client command test\"",
              "fullTitle": "client command test \"before each\" hook in \"client command test\"",
              "timedOut": false,
              "duration": 0,
              "state": null,
              "speed": null,
              "pass": false,
              "fail": false,
              "pending": false,
              "context": null,
              "code": "sinon.createSandbox();",
              "err": {},
              "uuid": "c4a8775c-21f1-4286-9932-1d151ef61e1e",
              "parentUUID": "01f643dc-8c3e-4bd1-aff6-951305d1336f",
              "isHook": true,
              "skipped": false
            }
          ],
          "afterHooks": [
            {
              "title": "\"after all\" hook in \"client command test\"",
              "fullTitle": "client command test \"after all\" hook in \"client command test\"",
              "timedOut": false,
              "duration": 0,
              "state": null,
              "speed": null,
              "pass": false,
              "fail": false,
              "pending": false,
              "context": null,
              "code": "__awaiter(void 0, void 0, void 0, function* () {\n        yield respServer.stop();\n    })",
              "err": {},
              "uuid": "0d87c3e4-f2d4-4b2b-8495-4e0a3cf70670",
              "parentUUID": "01f643dc-8c3e-4bd1-aff6-951305d1336f",
              "isHook": true,
              "skipped": false
            },
            {
              "title": "\"after each\" hook in \"client command test\"",
              "fullTitle": "client command test \"after each\" hook in \"client command test\"",
              "timedOut": false,
              "duration": 0,
              "state": null,
              "speed": null,
              "pass": false,
              "fail": false,
              "pending": false,
              "context": null,
              "code": "sinon.restore();",
              "err": {},
              "uuid": "4c9cc297-86bd-4354-acb8-47067343ebb6",
              "parentUUID": "01f643dc-8c3e-4bd1-aff6-951305d1336f",
              "isHook": true,
              "skipped": false
            }
          ],
          "tests": [
            {
              "title": "should not allow more than 3 parameters",
              "fullTitle": "client command test should not allow more than 3 parameters",
              "timedOut": false,
              "duration": 5,
              "state": "passed",
              "speed": "fast",
              "pass": true,
              "fail": false,
              "pending": false,
              "context": null,
              "code": "__awaiter(void 0, void 0, void 0, function* () {\n        const response = yield (0, common_test_1.sendCommand)(client, [\n            \"client\",\n            \"one\",\n            \"two\",\n            \"three\",\n            \"four\"\n        ]);\n        (0, chai_1.expect)(response).to.equal(\"ReplyError: ERR Unknown subcommand or wrong number of arguments for 'one'. Try CLIENT HELP\");\n    })",
              "err": {},
              "uuid": "015c9701-f85c-454a-a85c-2c5e506cb7be",
              "parentUUID": "01f643dc-8c3e-4bd1-aff6-951305d1336f",
              "isHook": false,
              "skipped": false
            },
            {
              "title": "should fail predictably when an unknown subcommand is passed",
              "fullTitle": "client command test should fail predictably when an unknown subcommand is passed",
              "timedOut": false,
              "duration": 1,
              "state": "passed",
              "speed": "fast",
              "pass": true,
              "fail": false,
              "pending": false,
              "context": null,
              "code": "__awaiter(void 0, void 0, void 0, function* () {\n        const response = yield (0, common_test_1.sendCommand)(client, [\n            \"client\",\n            \"whatever\"\n        ]);\n        (0, chai_1.expect)(response).to.equal(util.format(DEFAULT_ERROR, \"whatever\"));\n    })",
              "err": {},
              "uuid": "d0007ccb-b0d8-420e-8fa7-f32f2d2e4f90",
              "parentUUID": "01f643dc-8c3e-4bd1-aff6-951305d1336f",
              "isHook": false,
              "skipped": false
            },
            {
              "title": "should return a NIL name when called with \"GETNAME\" subcommand",
              "fullTitle": "client command test should return a NIL name when called with \"GETNAME\" subcommand",
              "timedOut": false,
              "duration": 1,
              "state": "passed",
              "speed": "fast",
              "pass": true,
              "fail": false,
              "pending": false,
              "context": null,
              "code": "__awaiter(void 0, void 0, void 0, function* () {\n        const response = yield (0, common_test_1.sendCommand)(client, [\n            \"client\",\n            \"getname\"\n        ]);\n        (0, chai_1.expect)(response).to.equal(null);\n    })",
              "err": {},
              "uuid": "ef90f47b-a1cd-4923-a9cf-9b54679d15f8",
              "parentUUID": "01f643dc-8c3e-4bd1-aff6-951305d1336f",
              "isHook": false,
              "skipped": false
            },
            {
              "title": "should fail predictably when \"GETNAME\" is called with too many parameters",
              "fullTitle": "client command test should fail predictably when \"GETNAME\" is called with too many parameters",
              "timedOut": false,
              "duration": 0,
              "state": "passed",
              "speed": "fast",
              "pass": true,
              "fail": false,
              "pending": false,
              "context": null,
              "code": "__awaiter(void 0, void 0, void 0, function* () {\n        const response = yield (0, common_test_1.sendCommand)(client, [\n            \"client\",\n            \"getname\",\n            \"extra\"\n        ]);\n        (0, chai_1.expect)(response).to.equal(util.format(DEFAULT_ERROR, \"getname\"));\n    })",
              "err": {},
              "uuid": "2f6b7502-86af-466f-b270-837ad035cb2b",
              "parentUUID": "01f643dc-8c3e-4bd1-aff6-951305d1336f",
              "isHook": false,
              "skipped": false
            },
            {
              "title": "should respond with \"OK\" when \"setname\" is called with a valid name",
              "fullTitle": "client command test should respond with \"OK\" when \"setname\" is called with a valid name",
              "timedOut": false,
              "duration": 1,
              "state": "passed",
              "speed": "fast",
              "pass": true,
              "fail": false,
              "pending": false,
              "context": null,
              "code": "__awaiter(void 0, void 0, void 0, function* () {\n        let response = yield (0, common_test_1.sendCommand)(client, [\n            \"client\",\n            \"setname\",\n            \"whatever\"\n        ]);\n        (0, chai_1.expect)(response).to.equal(\"OK\");\n        response = yield (0, common_test_1.sendCommand)(client, [\n            \"client\",\n            \"getname\"\n        ]);\n        (0, chai_1.expect)(response).to.equal(\"whatever\");\n    })",
              "err": {},
              "uuid": "1b698561-0d8a-471c-9a58-8f465cdf56dd",
              "parentUUID": "01f643dc-8c3e-4bd1-aff6-951305d1336f",
              "isHook": false,
              "skipped": false
            },
            {
              "title": "should persist the value for \"setname\" across tests",
              "fullTitle": "client command test should persist the value for \"setname\" across tests",
              "timedOut": false,
              "duration": 0,
              "state": "passed",
              "speed": "fast",
              "pass": true,
              "fail": false,
              "pending": false,
              "context": null,
              "code": "__awaiter(void 0, void 0, void 0, function* () {\n        const response = yield (0, common_test_1.sendCommand)(client, [\n            \"client\",\n            \"getname\"\n        ]);\n        (0, chai_1.expect)(response).to.equal(\"whatever\");\n    })",
              "err": {},
              "uuid": "1add8f9b-d8f0-4fc4-8653-07afeb7f85a2",
              "parentUUID": "01f643dc-8c3e-4bd1-aff6-951305d1336f",
              "isHook": false,
              "skipped": false
            },
            {
              "title": "should respond with a predictable message when \"setname\" called with too many parameters",
              "fullTitle": "client command test should respond with a predictable message when \"setname\" called with too many parameters",
              "timedOut": false,
              "duration": 1,
              "state": "passed",
              "speed": "fast",
              "pass": true,
              "fail": false,
              "pending": false,
              "context": null,
              "code": "__awaiter(void 0, void 0, void 0, function* () {\n        const response = yield (0, common_test_1.sendCommand)(client, [\n            \"client\",\n            \"whatever\"\n        ]);\n        (0, chai_1.expect)(response).to.equal(util.format(DEFAULT_ERROR, \"whatever\"));\n    })",
              "err": {},
              "uuid": "dc43d0f3-be9a-4b07-9f4c-1bf64811ba8d",
              "parentUUID": "4ae4a8f2-89ed-4212-8ada-d6b656db614d",
              "isHook": false,
              "skipped": false
            },
            {
              "title": "should return a NIL name when called with \"GETNAME\" subcommand",
              "fullTitle": "client command test should return a NIL name when called with \"GETNAME\" subcommand",
              "timedOut": false,
              "duration": 1,
              "state": "passed",
              "speed": "fast",
              "pass": true,
              "fail": false,
              "pending": false,
              "context": null,
              "code": "__awaiter(void 0, void 0, void 0, function* () {\n        const response = yield (0, common_test_1.sendCommand)(client, [\n            \"client\",\n            \"getname\"\n        ]);\n        (0, chai_1.expect)(response).to.equal(null);\n    })",
              "err": {},
              "uuid": "039db6b3-5737-4f73-be3b-85a534191806",
              "parentUUID": "4ae4a8f2-89ed-4212-8ada-d6b656db614d",
              "isHook": false,
              "skipped": false
            },
            {
              "title": "should fail predictably when \"GETNAME\" is called with too many parameters",
              "fullTitle": "client command test should fail predictably when \"GETNAME\" is called with too many parameters",
              "timedOut": false,
              "duration": 1,
              "state": "passed",
              "speed": "fast",
              "pass": true,
              "fail": false,
              "pending": false,
              "context": null,
              "code": "__awaiter(void 0, void 0, void 0, function* () {\n        const response = yield (0, common_test_1.sendCommand)(client, [\n            \"client\",\n            \"getname\",\n            \"extra\"\n        ]);\n        (0, chai_1.expect)(response).to.equal(util.format(DEFAULT_ERROR, \"getname\"));\n    })",
              "err": {},
              "uuid": "7590e3d7-4b17-4b9c-b857-9148cca97717",
              "parentUUID": "4ae4a8f2-89ed-4212-8ada-d6b656db614d",
              "isHook": false,
              "skipped": false
            },
            {
              "title": "should respond with \"OK\" when \"setname\" is called with a valid name",
              "fullTitle": "client command test should respond with \"OK\" when \"setname\" is called with a valid name",
              "timedOut": false,
              "duration": 1,
              "state": "passed",
              "speed": "fast",
              "pass": true,
              "fail": false,
              "pending": false,
              "context": null,
              "code": "__awaiter(void 0, void 0, void 0, function* () {\n        let response = yield (0, common_test_1.sendCommand)(client, [\n            \"client\",\n            \"setname\",\n            \"whatever\"\n        ]);\n        (0, chai_1.expect)(response).to.equal(\"OK\");\n        response = yield (0, common_test_1.sendCommand)(client, [\n            \"client\",\n            \"getname\"\n        ]);\n        (0, chai_1.expect)(response).to.equal(\"whatever\");\n    })",
              "err": {},
              "uuid": "b44867c5-562d-4d4c-b3f1-6bddf876536c",
              "parentUUID": "4ae4a8f2-89ed-4212-8ada-d6b656db614d",
              "isHook": false,
              "skipped": false
            },
            {
              "title": "should persist the value for \"setname\" across tests",
              "fullTitle": "client command test should persist the value for \"setname\" across tests",
              "timedOut": false,
              "duration": 1,
              "state": "passed",
              "speed": "fast",
              "pass": true,
              "fail": false,
              "pending": false,
              "context": null,
              "code": "__awaiter(void 0, void 0, void 0, function* () {\n        const response = yield (0, common_test_1.sendCommand)(client, [\n            \"client\",\n            \"getname\"\n        ]);\n        (0, chai_1.expect)(response).to.equal(\"whatever\");\n    })",
              "err": {},
              "uuid": "368ad471-50eb-4791-a742-5d465755cc2a",
              "parentUUID": "4ae4a8f2-89ed-4212-8ada-d6b656db614d",
              "isHook": false,
              "skipped": false
            },
            {
              "title": "should respond with a predictable message when \"setname\" called with too many parameters",
              "fullTitle": "client command test should respond with a predictable message when \"setname\" called with too many parameters",
              "timedOut": false,
              "duration": 0,
              "state": "passed",
              "speed": "fast",
              "pass": true,
              "fail": false,
              "pending": false,
              "context": null,
              "code": "__awaiter(void 0, void 0, void 0, function* () {\n        const response = yield (0, common_test_1.sendCommand)(client, [\n            \"client\",\n            \"setname\",\n            \"test\",\n            \"two\"\n        ]);\n        (0, chai_1.expect)(response).to.equal(util.format(DEFAULT_ERROR, \"setname\"));\n    })",
              "err": {},
              "uuid": "6cc479ef-d461-4957-afcd-e5001a88a8ef",
              "parentUUID": "01f643dc-8c3e-4bd1-aff6-951305d1336f",
              "isHook": false,
              "skipped": false
            },
            {
              "title": "should not allow whitespace in \"setname\" subcommand",
              "fullTitle": "client command test should not allow whitespace in \"setname\" subcommand",
              "timedOut": false,
              "duration": 1,
              "state": "passed",
              "speed": "fast",
              "pass": true,
              "fail": false,
              "pending": false,
              "context": null,
              "code": "__awaiter(void 0, void 0, void 0, function* () {\n        const response = yield (0, common_test_1.sendCommand)(client, [\n            \"client\",\n            \"setname\",\n            \"te\\nst\"\n        ]);\n        (0, chai_1.expect)(response).to.equal(\"ReplyError: ERR Client names cannot contain spaces, newlines or special characters.\");\n    })",
              "err": {},
              "uuid": "732ee6e3-26fa-4fbc-ab14-3191a13d8ea8",
              "parentUUID": "01f643dc-8c3e-4bd1-aff6-951305d1336f",
              "isHook": false,
              "skipped": false
            },
            {
              "title": "should return the server-assigned client id",
              "fullTitle": "client command test should return the server-assigned client id",
              "timedOut": false,
              "duration": 1,
              "state": "passed",
              "speed": "fast",
              "pass": true,
              "fail": false,
              "pending": false,
              "context": null,
              "code": "__awaiter(void 0, void 0, void 0, function* () {\n        const response = yield (0, common_test_1.sendCommand)(client, [\n            \"client\",\n            \"id\"\n        ]);\n        (0, chai_1.expect)(response).to.be.a(\"number\");\n        (0, chai_1.expect)(String(response).length).to.be.greaterThan(0);\n    })",
              "err": {},
              "uuid": "f9cb88c7-82de-4a31-9f3d-c51da9141f9f",
              "parentUUID": "01f643dc-8c3e-4bd1-aff6-951305d1336f",
              "isHook": false,
              "skipped": false
            },
            {
              "title": "should respond with a predictable message when \"id\" called with too many parameters",
              "fullTitle": "client command test should respond with a predictable message when \"id\" called with too many parameters",
              "timedOut": false,
              "duration": 1,
              "state": "passed",
              "speed": "fast",
              "pass": true,
              "fail": false,
              "pending": false,
              "context": null,
              "code": "__awaiter(void 0, void 0, void 0, function* () {\n        const response = yield (0, common_test_1.sendCommand)(client, [\n            \"client\",\n            \"id\",\n            \"test\",\n            \"two\"\n        ]);\n        (0, chai_1.expect)(response).to.equal(util.format(DEFAULT_ERROR, \"id\"));\n    })",
              "err": {},
              "uuid": "8bb23dc8-e3d2-49bb-9dd0-c6a41e49f8a0",
              "parentUUID": "01f643dc-8c3e-4bd1-aff6-951305d1336f",
              "isHook": false,
              "skipped": false
            },
            {
              "title": "should return a bunch of information when client \"list\" subcommand is invoked",
              "fullTitle": "client command test should return a bunch of information when client \"list\" subcommand is invoked",
              "timedOut": false,
              "duration": 1,
              "state": "passed",
              "speed": "fast",
              "pass": true,
              "fail": false,
              "pending": false,
              "context": null,
              "code": "__awaiter(void 0, void 0, void 0, function* () {\n        const response = yield (0, common_test_1.sendCommand)(client, [\n            \"client\",\n            \"list\"\n        ]);\n        (0, chai_1.expect)(response).to.be.a(\"string\");\n        (0, chai_1.expect)(response.length).to.be.greaterThan(0);\n        (0, chai_1.expect)(response).to.match(/ name=whatever /);\n        (0, chai_1.expect)(response).to.match(/\\bdb=0\\b/);\n    })",
              "err": {},
              "uuid": "88b376cd-f4da-41ed-8006-73414d7a1c21",
              "parentUUID": "01f643dc-8c3e-4bd1-aff6-951305d1336f",
              "isHook": false,
              "skipped": false
            },
            {
              "title": "should respond with a predictable message when \"list\" called with too many parameters",
              "fullTitle": "client command test should respond with a predictable message when \"list\" called with too many parameters",
              "timedOut": false,
              "duration": 1,
              "state": "passed",
              "speed": "fast",
              "pass": true,
              "fail": false,
              "pending": false,
              "context": null,
              "code": "__awaiter(void 0, void 0, void 0, function* () {\n        const response = yield (0, common_test_1.sendCommand)(client, [\n            \"client\",\n            \"list\",\n            \"test\",\n            \"two\"\n        ]);\n        (0, chai_1.expect)(response).to.equal(\"ReplyError: ERR syntax error\");\n    })",
              "err": {},
              "uuid": "bf99732e-bc03-4cf5-9c84-533863767942",
              "parentUUID": "01f643dc-8c3e-4bd1-aff6-951305d1336f",
              "isHook": false,
              "skipped": false
            }
          ],
          "suites": [],
          "passes": [
            "015c9701-f85c-454a-a85c-2c5e506cb7be",
            "d0007ccb-b0d8-420e-8fa7-f32f2d2e4f90",
            "ef90f47b-a1cd-4923-a9cf-9b54679d15f8",
            "2f6b7502-86af-466f-b270-837ad035cb2b",
            "1b698561-0d8a-471c-9a58-8f465cdf56dd",
            "1add8f9b-d8f0-4fc4-8653-07afeb7f85a2",
            "6cc479ef-d461-4957-afcd-e5001a88a8ef",
            "732ee6e3-26fa-4fbc-ab14-3191a13d8ea8",
            "f9cb88c7-82de-4a31-9f3d-c51da9141f9f",
            "8bb23dc8-e3d2-49bb-9dd0-c6a41e49f8a0",
            "88b376cd-f4da-41ed-8006-73414d7a1c21",
            "bf99732e-bc03-4cf5-9c84-533863767942"
          ],
          "failures": [],
          "pending": [],
          "skipped": [],
          "duration": 14,
          "root": false,
          "rootEmpty": false,
          "_timeout": 2000
        },
        {
          "uuid": "cafea95c-6c1b-40a9-b9ce-26cb29221045",
          "title": "multi command test",
          "fullFile": "/home/lane/git/unit-redis-ness/test/resp/command/multi-command.test.ts",
          "file": "/test/resp/command/multi-command.test.ts",
          "beforeHooks": [
            {
              "title": "\"before all\" hook in \"multi command test\"",
              "fullTitle": "multi command test \"before all\" hook in \"multi command test\"",
              "timedOut": false,
              "duration": 2,
              "state": null,
              "speed": null,
              "pass": false,
              "fail": false,
              "pending": false,
              "context": null,
              "code": "respServer = new resp_server_1.RespServer();\nrespServer.on(\"ready\", () => {\n    done();\n});\nrespServer.start();",
              "err": {},
              "uuid": "93207a70-89e3-4456-ad52-79012015fa8d",
              "parentUUID": "cafea95c-6c1b-40a9-b9ce-26cb29221045",
              "isHook": true,
              "skipped": false
            },
            {
              "title": "\"before each\" hook in \"multi command test\"",
              "fullTitle": "multi command test \"before each\" hook in \"multi command test\"",
              "timedOut": false,
              "duration": 0,
              "state": null,
              "speed": null,
              "pass": false,
              "fail": false,
              "pending": false,
              "context": null,
              "code": "sinon.createSandbox();",
              "err": {},
              "uuid": "5e762447-aa4d-48ca-9b0b-25106c33780b",
              "parentUUID": "cafea95c-6c1b-40a9-b9ce-26cb29221045",
              "isHook": true,
              "skipped": false
            }
          ],
          "afterHooks": [
            {
              "title": "\"after all\" hook in \"multi command test\"",
              "fullTitle": "multi command test \"after all\" hook in \"multi command test\"",
              "timedOut": false,
              "duration": 0,
              "state": null,
              "speed": null,
              "pass": false,
              "fail": false,
              "pending": false,
              "context": null,
              "code": "__awaiter(void 0, void 0, void 0, function* () {\n        yield respServer.stop();\n    })",
              "err": {},
              "uuid": "73973ee7-164d-4e3d-9cc7-1b5709ed6a2e",
              "parentUUID": "cafea95c-6c1b-40a9-b9ce-26cb29221045",
              "isHook": true,
              "skipped": false
            },
            {
              "title": "\"after each\" hook in \"multi command test\"",
              "fullTitle": "multi command test \"after each\" hook in \"multi command test\"",
              "timedOut": false,
              "duration": 0,
              "state": null,
              "speed": null,
              "pass": false,
              "fail": false,
              "pending": false,
              "context": null,
              "code": "sinon.restore();",
              "err": {},
              "uuid": "62b044e5-5f4a-4025-bebf-62c220351cfa",
              "parentUUID": "cafea95c-6c1b-40a9-b9ce-26cb29221045",
              "isHook": true,
              "skipped": false
            }
          ],
          "tests": [
            {
              "title": "should not allow nested MULTI invocations",
              "fullTitle": "multi command test should not allow nested MULTI invocations",
              "timedOut": false,
              "duration": 1,
              "state": "passed",
              "speed": "fast",
              "pass": true,
              "fail": false,
              "pending": false,
              "context": null,
              "code": "__awaiter(void 0, void 0, void 0, function* () {\n        response = yield (0, common_test_1.sendCommand)(client, [\"multi\"]);\n        (0, chai_1.expect)(response).to.equal(\"OK\");\n        response = yield (0, common_test_1.sendCommand)(client, [\"multi\"]);\n        (0, chai_1.expect)(response).to.equal(\"ReplyError: ERR MULTI calls can not be nested\");\n    })",
              "err": {},
              "uuid": "f01a2917-e5ef-4d94-a30a-bc1c71032c4f",
              "parentUUID": "cafea95c-6c1b-40a9-b9ce-26cb29221045",
              "isHook": false,
              "skipped": false
            },
            {
              "title": "should respect the DISCARD command",
              "fullTitle": "multi command test should respect the DISCARD command",
              "timedOut": false,
              "duration": 1,
              "state": "passed",
              "speed": "fast",
              "pass": true,
              "fail": false,
              "pending": false,
              "context": null,
              "code": "__awaiter(void 0, void 0, void 0, function* () {\n        response = yield (0, common_test_1.sendCommand)(client, [\"discard\"]);\n        (0, chai_1.expect)(response).to.equal(\"OK\");\n    })",
              "err": {},
              "uuid": "799d10f4-1fcd-413f-9594-926b3075d5a5",
              "parentUUID": "cafea95c-6c1b-40a9-b9ce-26cb29221045",
              "isHook": false,
              "skipped": false
            },
            {
              "title": "should not allow DISCARD without MULTI",
              "fullTitle": "multi command test should not allow DISCARD without MULTI",
              "timedOut": false,
              "duration": 0,
              "state": "passed",
              "speed": "fast",
              "pass": true,
              "fail": false,
              "pending": false,
              "context": null,
              "code": "__awaiter(void 0, void 0, void 0, function* () {\n        response = yield (0, common_test_1.sendCommand)(client, [\"discard\"]);\n        (0, chai_1.expect)(response).to.equal(\"ReplyError: ERR DISCARD without MULTI\");\n    })",
              "err": {},
              "uuid": "b307f501-04b2-4728-8ab3-4836e6218a4c",
              "parentUUID": "cafea95c-6c1b-40a9-b9ce-26cb29221045",
              "isHook": false,
              "skipped": false
            },
            {
              "title": "should continue to validate commands after MULTI",
              "fullTitle": "multi command test should continue to validate commands after MULTI",
              "timedOut": false,
              "duration": 2,
              "state": "passed",
              "speed": "fast",
              "pass": true,
              "fail": false,
              "pending": false,
              "context": null,
              "code": "__awaiter(void 0, void 0, void 0, function* () {\n        response = yield (0, common_test_1.sendCommand)(client, [\"multi\"]);\n        (0, chai_1.expect)(response).to.equal(\"OK\");\n        response = yield (0, common_test_1.sendCommand)(client, [\n            \"unknown\",\n            \"command\"\n        ]);\n        (0, chai_1.expect)(response).to.equal(\"ReplyError: ERR unknown command `unknown`, with args beginning with: `command`, \", `${response}`);\n        response = yield (0, common_test_1.sendCommand)(client, [\n            \"lpush\",\n            \"test\",\n            \"one\",\n            \"two\",\n            \"three\"\n        ]);\n        (0, chai_1.expect)(response).to.equal(\"QUEUED\");\n    })",
              "err": {},
              "uuid": "504295f9-3e5a-4a7a-ada3-7f260f646aad",
              "parentUUID": "cafea95c-6c1b-40a9-b9ce-26cb29221045",
              "isHook": false,
              "skipped": false
            },
            {
              "title": "should EXECABORT from a previous error",
              "fullTitle": "multi command test should EXECABORT from a previous error",
              "timedOut": false,
              "duration": 0,
              "state": "passed",
              "speed": "fast",
              "pass": true,
              "fail": false,
              "pending": false,
              "context": null,
              "code": "__awaiter(void 0, void 0, void 0, function* () {\n        response = yield (0, common_test_1.sendCommand)(client, [\"exec\"]);\n        (0, chai_1.expect)(response).to.equal(\"ReplyError: EXECABORT Transaction discarded because of previous errors.\");\n    })",
              "err": {},
              "uuid": "f49fe745-4f9a-4b7e-bf52-bd707d1d46e8",
              "parentUUID": "cafea95c-6c1b-40a9-b9ce-26cb29221045",
              "isHook": false,
              "skipped": false
            },
            {
              "title": "should queue a set of commands when there is no intervening error",
              "fullTitle": "multi command test should queue a set of commands when there is no intervening error",
              "timedOut": false,
              "duration": 2,
              "state": "passed",
              "speed": "fast",
              "pass": true,
              "fail": false,
              "pending": false,
              "context": null,
              "code": "__awaiter(void 0, void 0, void 0, function* () {\n        response = yield (0, common_test_1.sendCommand)(client, [\"multi\"]);\n        (0, chai_1.expect)(response).to.equal(\"OK\");\n        response = yield (0, common_test_1.sendCommand)(client, [\n            \"lpush\",\n            \"test\",\n            \"one\",\n            \"two\",\n            \"three\"\n        ]);\n        (0, chai_1.expect)(response).to.equal(\"QUEUED\");\n        response = yield (0, common_test_1.sendCommand)(client, [\"exec\"]);\n        (0, chai_1.expect)(response).to.eql([3]);\n    })",
              "err": {},
              "uuid": "54d32d05-7862-4e69-8533-c125c75fa30c",
              "parentUUID": "cafea95c-6c1b-40a9-b9ce-26cb29221045",
              "isHook": false,
              "skipped": false
            },
            {
              "title": "should reset transaction state after executing commands",
              "fullTitle": "multi command test should reset transaction state after executing commands",
              "timedOut": false,
              "duration": 1,
              "state": "passed",
              "speed": "fast",
              "pass": true,
              "fail": false,
              "pending": false,
              "context": null,
              "code": "__awaiter(void 0, void 0, void 0, function* () {\n        response = yield (0, common_test_1.sendCommand)(client, [\"multi\"]);\n        (0, chai_1.expect)(response).to.equal(\"OK\");\n        response = yield (0, common_test_1.sendCommand)(client, [\"discard\"]);\n        (0, chai_1.expect)(response).to.equal(\"OK\");\n    })",
              "err": {},
              "uuid": "d7bc2fe1-6230-4f10-ab81-d22d887f8608",
              "parentUUID": "cafea95c-6c1b-40a9-b9ce-26cb29221045",
              "isHook": false,
              "skipped": false
            },
            {
              "title": "should return the results of multiple commands in the order provided",
              "fullTitle": "multi command test should return the results of multiple commands in the order provided",
              "timedOut": false,
              "duration": 2,
              "state": "passed",
              "speed": "fast",
              "pass": true,
              "fail": false,
              "pending": false,
              "context": null,
              "code": "__awaiter(void 0, void 0, void 0, function* () {\n        response = yield (0, common_test_1.sendCommand)(client, [\"multi\"]);\n        (0, chai_1.expect)(response).to.equal(\"OK\");\n        response = yield (0, common_test_1.sendCommand)(client, [\n            \"lpop\",\n            \"test\"\n        ]);\n        (0, chai_1.expect)(response).to.equal(\"QUEUED\");\n        response = yield (0, common_test_1.sendCommand)(client, [\n            \"lpop\",\n            \"test\"\n        ]);\n        (0, chai_1.expect)(response).to.equal(\"QUEUED\");\n        response = yield (0, common_test_1.sendCommand)(client, [\n            \"brpoplpush\",\n            \"test\",\n            \"dest\",\n            \"0\"\n        ]);\n        (0, chai_1.expect)(response).to.equal(\"QUEUED\");\n        response = yield (0, common_test_1.sendCommand)(client, [\"exec\"]);\n        (0, chai_1.expect)(response).to.eql([\n            \"three\",\n            \"two\",\n            \"one\"\n        ]);\n        response = yield (0, common_test_1.sendCommand)(client, [\n            \"exists\",\n            \"test\"\n        ]);\n        (0, chai_1.expect)(response).to.equal(0);\n        response = yield (0, common_test_1.sendCommand)(client, [\n            \"exists\",\n            \"dest\"\n        ]);\n        (0, chai_1.expect)(response).to.equal(1);\n    })",
              "err": {},
              "uuid": "260e67d1-1e5e-409b-befc-54f4740a2640",
              "parentUUID": "cafea95c-6c1b-40a9-b9ce-26cb29221045",
              "isHook": false,
              "skipped": false
            },
            {
              "title": "should validate the behavior of brpoplpush",
              "fullTitle": "multi command test should validate the behavior of brpoplpush",
              "timedOut": false,
              "duration": 2,
              "state": "passed",
              "speed": "fast",
              "pass": true,
              "fail": false,
              "pending": false,
              "context": null,
              "code": "__awaiter(void 0, void 0, void 0, function* () {\n        response = yield (0, common_test_1.sendCommand)(client, [\"flushall\"]);\n        (0, chai_1.expect)(response).to.equal(\"OK\");\n        response = yield (0, common_test_1.sendCommand)(client, [\n            \"lpush\",\n            \"test\",\n            \"one\",\n            \"two\",\n            \"three\"\n        ]);\n        (0, chai_1.expect)(response).to.equal(3);\n        response = yield (0, common_test_1.sendCommand)(client, [\n            \"lpop\",\n            \"test\"\n        ]);\n        (0, chai_1.expect)(response).to.equal(\"three\");\n        response = yield (0, common_test_1.sendCommand)(client, [\n            \"lpop\",\n            \"test\"\n        ]);\n        (0, chai_1.expect)(response).to.equal(\"two\");\n        response = yield (0, common_test_1.sendCommand)(client, [\n            \"brpoplpush\",\n            \"test\",\n            \"dest\",\n            \"0\"\n        ]);\n        (0, chai_1.expect)(response).to.equal(\"one\");\n    })",
              "err": {},
              "uuid": "7f87b41e-769f-46d0-b542-1fa0b1c5ff42",
              "parentUUID": "cafea95c-6c1b-40a9-b9ce-26cb29221045",
              "isHook": false,
              "skipped": false
            },
            {
              "title": "should fail when EXEC issued without MULTI",
              "fullTitle": "multi command test should fail when EXEC issued without MULTI",
              "timedOut": false,
              "duration": 0,
              "state": "passed",
              "speed": "fast",
              "pass": true,
              "fail": false,
              "pending": false,
              "context": null,
              "code": "__awaiter(void 0, void 0, void 0, function* () {\n        response = yield (0, common_test_1.sendCommand)(client, [\"exec\"]);\n        (0, chai_1.expect)(response).to.equal(\"ReplyError: ERR EXEC without MULTI\");\n    })",
              "err": {},
              "uuid": "f03dedf2-4bc1-4247-9ad0-b579c723ddfd",
              "parentUUID": "cafea95c-6c1b-40a9-b9ce-26cb29221045",
              "isHook": false,
              "skipped": false
            }
          ],
          "suites": [],
          "passes": [
            "f01a2917-e5ef-4d94-a30a-bc1c71032c4f",
            "799d10f4-1fcd-413f-9594-926b3075d5a5",
            "b307f501-04b2-4728-8ab3-4836e6218a4c",
            "504295f9-3e5a-4a7a-ada3-7f260f646aad",
            "f49fe745-4f9a-4b7e-bf52-bd707d1d46e8",
            "54d32d05-7862-4e69-8533-c125c75fa30c",
            "d7bc2fe1-6230-4f10-ab81-d22d887f8608",
            "260e67d1-1e5e-409b-befc-54f4740a2640",
            "7f87b41e-769f-46d0-b542-1fa0b1c5ff42",
            "f03dedf2-4bc1-4247-9ad0-b579c723ddfd"
          ],
          "failures": [],
          "pending": [],
          "skipped": [],
          "duration": 11,
          "root": false,
          "rootEmpty": false,
          "_timeout": 2000
        },
        {
          "uuid": "e7504474-0143-435c-842d-6db97282068e",
          "title": "script-command test",
          "fullFile": "/home/lane/git/unit-redis-ness/test/resp/command/script-command.test.ts",
          "file": "/test/resp/command/script-command.test.ts",
          "beforeHooks": [
            {
              "title": "\"before all\" hook in \"script-command test\"",
              "fullTitle": "script-command test \"before all\" hook in \"script-command test\"",
              "timedOut": false,
              "duration": 3,
              "state": null,
              "speed": null,
              "pass": false,
              "fail": false,
              "pending": false,
              "context": null,
              "code": "respServer = new resp_server_1.RespServer();\nrespServer.on(\"ready\", () => __awaiter(void 0, void 0, void 0, function* () {\n    yield (0, common_test_1.sendCommand)(client, [\"flushall\"]);\n    yield (0, common_test_1.sendCommand)(client, [\n        \"select\",\n        \"0\"\n    ]);\n    yield (0, common_test_1.sendCommand)(client, [\n        \"script\",\n        \"flush\"\n    ]);\n    done();\n}));\nrespServer.start();",
              "err": {},
              "uuid": "081909f4-eb50-4ebc-8bf6-3782047bdeae",
              "parentUUID": "e7504474-0143-435c-842d-6db97282068e",
              "isHook": true,
              "skipped": false
            },
            {
              "title": "\"before each\" hook in \"script-command test\"",
              "fullTitle": "script-command test \"before each\" hook in \"script-command test\"",
              "timedOut": false,
              "duration": 0,
              "state": null,
              "speed": null,
              "pass": false,
              "fail": false,
              "pending": false,
              "context": null,
              "code": "sinon.createSandbox();",
              "err": {},
              "uuid": "c9726fe3-0135-45e1-9ca1-651c861dd943",
              "parentUUID": "e7504474-0143-435c-842d-6db97282068e",
              "isHook": true,
              "skipped": false
            }
          ],
          "afterHooks": [
            {
              "title": "\"after all\" hook in \"script-command test\"",
              "fullTitle": "script-command test \"after all\" hook in \"script-command test\"",
              "timedOut": false,
              "duration": 0,
              "state": null,
              "speed": null,
              "pass": false,
              "fail": false,
              "pending": false,
              "context": null,
              "code": "__awaiter(void 0, void 0, void 0, function* () {\n        yield respServer.stop();\n    })",
              "err": {},
              "uuid": "5ac0d233-3707-4b21-bf58-068b5809a67f",
              "parentUUID": "e7504474-0143-435c-842d-6db97282068e",
              "isHook": true,
              "skipped": false
            },
            {
              "title": "\"after each\" hook in \"script-command test\"",
              "fullTitle": "script-command test \"after each\" hook in \"script-command test\"",
              "timedOut": false,
              "duration": 0,
              "state": null,
              "speed": null,
              "pass": false,
              "fail": false,
              "pending": false,
              "context": null,
              "code": "sinon.restore();",
              "err": {},
              "uuid": "e9300e91-31b9-4cac-9f35-df4a98d8c714",
              "parentUUID": "e7504474-0143-435c-842d-6db97282068e",
              "isHook": true,
              "skipped": false
            }
          ],
          "tests": [
            {
              "title": "should calcuclate the correct sha1 of a script and store the script",
              "fullTitle": "script-command test should calcuclate the correct sha1 of a script and store the script",
              "timedOut": false,
              "duration": 10,
              "state": "passed",
              "speed": "fast",
              "pass": true,
              "fail": false,
              "pending": false,
              "context": null,
              "code": "__awaiter(void 0, void 0, void 0, function* () {\n        response = yield (0, common_test_1.sendCommand)(client, [\n            \"script\",\n            \"exists\",\n            sha1\n        ]);\n        (0, chai_1.expect)(response).to.eql([0]);\n        // Validate failure on unparseable script\n        response = yield (0, common_test_1.sendCommand)(client, [\n            \"script\",\n            \"load\",\n            code\n        ]);\n        (0, chai_1.expect)(response).to.match(/ReplyError: ERR .*/);\n        // Validate success on parseable script\n        response = yield (0, common_test_1.sendCommand)(client, [\n            \"script\",\n            \"load\",\n            `${code}}`\n        ]);\n        (0, chai_1.expect)(response).to.equal(sha1);\n        // Validate a script is persisted\n        response = yield (0, common_test_1.sendCommand)(client, [\n            \"script\",\n            \"exists\",\n            sha1\n        ]);\n        (0, chai_1.expect)(response).to.eql([1]);\n        // Validate response to unknown sub command\n        response = yield (0, common_test_1.sendCommand)(client, [\n            \"script\",\n            \"test\",\n            sha1\n        ]);\n        (0, chai_1.expect)(response).to.equal(\"ReplyError: ERR Unknown subcommand or wrong number of arguments for 'test'. Try SCRIPT HELP.\");\n    })",
              "err": {},
              "uuid": "cd88f202-8b2e-4593-bb1d-c5a6252d0840",
              "parentUUID": "e7504474-0143-435c-842d-6db97282068e",
              "isHook": false,
              "skipped": false
            },
            {
              "title": "should evaluate a loaded lua script using evalsha",
              "fullTitle": "script-command test should evaluate a loaded lua script using evalsha",
              "timedOut": false,
              "duration": 1,
              "state": "passed",
              "speed": "fast",
              "pass": true,
              "fail": false,
              "pending": false,
              "context": null,
              "code": "__awaiter(void 0, void 0, void 0, function* () {\n        // Validate that NOSCRIPT is triggered\n        response = yield (0, common_test_1.sendCommand)(client, [\n            \"evalsha\",\n            `${sha1}xx`,\n            \"2\",\n            \"key1\",\n            \"key2\",\n            \"first\",\n            \"second\"\n        ]);\n        (0, chai_1.expect)(response).to.equal(\"ReplyError: NOSCRIPT No matching script. Please use EVAL.\");\n        // Validate that param 1 cannot be negative\n        response = yield (0, common_test_1.sendCommand)(client, [\n            \"evalsha\",\n            sha1,\n            \"-2\",\n            \"key1\",\n            \"key2\",\n            \"first\",\n            \"second\"\n        ]);\n        (0, chai_1.expect)(response).to.equal(\"ReplyError: ERR Number of keys can't be negative\");\n        // Validate that param 1 cannot be text\n        response = yield (0, common_test_1.sendCommand)(client, [\n            \"evalsha\",\n            sha1,\n            \"two\",\n            \"key1\",\n            \"key2\",\n            \"first\",\n            \"second\"\n        ]);\n        (0, chai_1.expect)(response).to.equal(\"ReplyError: ERR value is not an integer or out of range\");\n    })",
              "err": {},
              "uuid": "830c8a75-124c-4170-9a4f-23889314ab6a",
              "parentUUID": "e7504474-0143-435c-842d-6db97282068e",
              "isHook": false,
              "skipped": false
            },
            {
              "title": "should execute a simple script",
              "fullTitle": "script-command test should execute a simple script",
              "timedOut": false,
              "duration": 6,
              "state": "passed",
              "speed": "fast",
              "pass": true,
              "fail": false,
              "pending": false,
              "context": null,
              "code": "__awaiter(void 0, void 0, void 0, function* () {\n        // Validate that a simple script can be processed\n        response = yield (0, common_test_1.sendCommand)(client, [\n            \"EVAL\",\n            \"local val=\\\"Hello Compose\\\" return val\",\n            \"0\"\n        ]);\n        (0, chai_1.expect)(response).to.equal(\"Hello Compose\");\n    })",
              "err": {},
              "uuid": "aa695ccf-8efa-4e8a-be03-0b6665cc0128",
              "parentUUID": "e7504474-0143-435c-842d-6db97282068e",
              "isHook": false,
              "skipped": false
            },
            {
              "title": "should create and process the ARGV table",
              "fullTitle": "script-command test should create and process the ARGV table",
              "timedOut": false,
              "duration": 3,
              "state": "passed",
              "speed": "fast",
              "pass": true,
              "fail": false,
              "pending": false,
              "context": null,
              "code": "__awaiter(void 0, void 0, void 0, function* () {\n        response = yield (0, common_test_1.sendCommand)(client, [\n            \"eval\",\n            \"return ARGV[2]\",\n            \"2\",\n            \"key1\",\n            \"key2\",\n            \"first\",\n            \"second\"\n        ]);\n        (0, chai_1.expect)(response).to.eql(\"second\");\n    })",
              "err": {},
              "uuid": "51ea9126-1ec4-45d5-8686-d69297b6ad27",
              "parentUUID": "e7504474-0143-435c-842d-6db97282068e",
              "isHook": false,
              "skipped": false
            },
            {
              "title": "should create and process the KEYS table",
              "fullTitle": "script-command test should create and process the KEYS table",
              "timedOut": false,
              "duration": 3,
              "state": "passed",
              "speed": "fast",
              "pass": true,
              "fail": false,
              "pending": false,
              "context": null,
              "code": "__awaiter(void 0, void 0, void 0, function* () {\n        response = yield (0, common_test_1.sendCommand)(client, [\n            \"eval\",\n            \"return KEYS[1]\",\n            \"2\",\n            \"key1\",\n            \"key2\",\n            \"first\",\n            \"second\"\n        ]);\n        (0, chai_1.expect)(response).to.equal(\"key1\");\n    })",
              "err": {},
              "uuid": "bb80a1a9-4d42-4542-8f96-4a4bda3e0eaa",
              "parentUUID": "e7504474-0143-435c-842d-6db97282068e",
              "isHook": false,
              "skipped": false
            },
            {
              "title": "should return a NUMBER when required",
              "fullTitle": "script-command test should return a NUMBER when required",
              "timedOut": false,
              "duration": 3,
              "state": "passed",
              "speed": "fast",
              "pass": true,
              "fail": false,
              "pending": false,
              "context": null,
              "code": "__awaiter(void 0, void 0, void 0, function* () {\n        response = yield (0, common_test_1.sendCommand)(client, [\n            \"eval\",\n            \"return 123\",\n            \"2\",\n            \"key1\",\n            \"key2\",\n            \"first\",\n            \"second\"\n        ]);\n        (0, chai_1.expect)(response).to.equal(123);\n    })",
              "err": {},
              "uuid": "510f7337-b375-46ad-af5a-2bb0b923dd9f",
              "parentUUID": "e7504474-0143-435c-842d-6db97282068e",
              "isHook": false,
              "skipped": false
            },
            {
              "title": "should return NIL when there is no return value",
              "fullTitle": "script-command test should return NIL when there is no return value",
              "timedOut": false,
              "duration": 5,
              "state": "passed",
              "speed": "fast",
              "pass": true,
              "fail": false,
              "pending": false,
              "context": null,
              "code": "__awaiter(void 0, void 0, void 0, function* () {\n        response = yield (0, common_test_1.sendCommand)(client, [\n            \"eval\",\n            \"print \\\"Hello World\\\"\",\n            \"0\"\n        ]);\n        (0, chai_1.expect)(response).to.equal(null);\n    })",
              "err": {},
              "uuid": "33b17242-9eb4-4ab6-bad8-4ac85c012a51",
              "parentUUID": "e7504474-0143-435c-842d-6db97282068e",
              "isHook": false,
              "skipped": false
            },
            {
              "title": "should return a TABLE when required",
              "fullTitle": "script-command test should return a TABLE when required",
              "timedOut": false,
              "duration": 5,
              "state": "passed",
              "speed": "fast",
              "pass": true,
              "fail": false,
              "pending": false,
              "context": null,
              "code": "__awaiter(void 0, void 0, void 0, function* () {\n        response = yield (0, common_test_1.sendCommand)(client, [\n            \"eval\",\n            \"return ARGV\",\n            \"2\",\n            \"key1\",\n            \"key2\",\n            \"first\",\n            \"second\",\n            \"third\"\n        ]);\n        (0, chai_1.expect)(response).to.eql([\n            \"first\",\n            \"second\",\n            \"third\"\n        ]);\n    })",
              "err": {},
              "uuid": "685577bc-c419-4842-ae02-2ae44aae8b35",
              "parentUUID": "e7504474-0143-435c-842d-6db97282068e",
              "isHook": false,
              "skipped": false
            },
            {
              "title": "should return items in order",
              "fullTitle": "script-command test should return items in order",
              "timedOut": false,
              "duration": 3,
              "state": "passed",
              "speed": "fast",
              "pass": true,
              "fail": false,
              "pending": false,
              "context": null,
              "code": "__awaiter(void 0, void 0, void 0, function* () {\n        response = yield (0, common_test_1.sendCommand)(client, [\n            \"eval\",\n            \"return {true, \\\"test\\\", false, 10, 10.2}\",\n            \"0\"\n        ]);\n        (0, chai_1.expect)(response).to.eql([\n            1,\n            \"test\",\n            null,\n            10,\n            10\n        ]);\n    })",
              "err": {},
              "uuid": "85f4a3e1-d157-4e5f-ab62-b0a3f63ad088",
              "parentUUID": "e7504474-0143-435c-842d-6db97282068e",
              "isHook": false,
              "skipped": false
            },
            {
              "title": "should return integer and nil for true and false, respectively",
              "fullTitle": "script-command test should return integer and nil for true and false, respectively",
              "timedOut": false,
              "duration": 3,
              "state": "passed",
              "speed": "fast",
              "pass": true,
              "fail": false,
              "pending": false,
              "context": null,
              "code": "__awaiter(void 0, void 0, void 0, function* () {\n        response = yield (0, common_test_1.sendCommand)(client, [\n            \"eval\",\n            \"return { true, false, false}\",\n            \"0\"\n        ]);\n        (0, chai_1.expect)(response).to.eql([\n            1,\n            null,\n            null\n        ]);\n    })",
              "err": {},
              "uuid": "99164f60-13d8-4ada-851a-ce0827916f41",
              "parentUUID": "e7504474-0143-435c-842d-6db97282068e",
              "isHook": false,
              "skipped": false
            },
            {
              "title": "should be able to execute a representative BULL script",
              "fullTitle": "script-command test should be able to execute a representative BULL script",
              "timedOut": false,
              "duration": 0,
              "state": "pending",
              "speed": null,
              "pass": false,
              "fail": false,
              "pending": true,
              "context": null,
              "code": "",
              "err": {},
              "uuid": "3e9e9d29-f5ca-4a39-976c-6786b9b126ef",
              "parentUUID": "e7504474-0143-435c-842d-6db97282068e",
              "isHook": false,
              "skipped": false
            },
            {
              "title": "should fail when we attempt to EVAL an invalid script",
              "fullTitle": "script-command test should fail when we attempt to EVAL an invalid script",
              "timedOut": false,
              "duration": 0,
              "state": "passed",
              "speed": "fast",
              "pass": true,
              "fail": false,
              "pending": false,
              "context": null,
              "code": "__awaiter(void 0, void 0, void 0, function* () {\n        response = yield (0, common_test_1.sendCommand)(client, [\n            \"eval\",\n            \"-- Invalid\\r\\nscript\"\n        ]);\n        // Validated against redis\n        (0, chai_1.expect)(response).to.equal(\"ReplyError: ERR wrong number of arguments for 'eval' command\");\n    })",
              "err": {},
              "uuid": "6bcf423c-16b8-4f77-8ed7-4fb7e52ab44a",
              "parentUUID": "e7504474-0143-435c-842d-6db97282068e",
              "isHook": false,
              "skipped": false
            },
            {
              "title": "should be able to return a NULL value from a lua script",
              "fullTitle": "script-command test should be able to return a NULL value from a lua script",
              "timedOut": false,
              "duration": 2,
              "state": "passed",
              "speed": "fast",
              "pass": true,
              "fail": false,
              "pending": false,
              "context": null,
              "code": "__awaiter(void 0, void 0, void 0, function* () {\n        response = yield (0, common_test_1.sendCommand)(client, [\n            \"eval\",\n            \"local val = nil return val\",\n            \"0\"\n        ]);\n        (0, chai_1.expect)(response).to.equal(null);\n    })",
              "err": {},
              "uuid": "1c65e687-ecc4-4579-ae7c-177369c905a8",
              "parentUUID": "e7504474-0143-435c-842d-6db97282068e",
              "isHook": false,
              "skipped": false
            },
            {
              "title": "should not return table values after the first NIL is encountered and return integers not floats",
              "fullTitle": "script-command test should not return table values after the first NIL is encountered and return integers not floats",
              "timedOut": false,
              "duration": 0,
              "state": "pending",
              "speed": null,
              "pass": false,
              "fail": false,
              "pending": true,
              "context": null,
              "code": "",
              "err": {},
              "uuid": "bee035aa-b69a-4b5b-aaff-7a427ac06b36",
              "parentUUID": "e7504474-0143-435c-842d-6db97282068e",
              "isHook": false,
              "skipped": false
            },
            {
              "title": "should return a table with embedded calls to redis",
              "fullTitle": "script-command test should return a table with embedded calls to redis",
              "timedOut": false,
              "duration": 6,
              "state": "passed",
              "speed": "fast",
              "pass": true,
              "fail": false,
              "pending": false,
              "context": null,
              "code": "__awaiter(void 0, void 0, void 0, function* () {\n        response = yield (0, common_test_1.sendCommand)(client, [\"flushall\"]);\n        (0, chai_1.expect)(response).to.equal(\"OK\");\n        response = yield (0, common_test_1.sendCommand)(client, [\n            \"hset\",\n            embeddedkey,\n            \"one\",\n            \"1\",\n            \"two\",\n            \"2\",\n            \"three\",\n            \"3\"\n        ]);\n        (0, chai_1.expect)(response).to.equal(3);\n        response = yield (0, common_test_1.sendCommand)(client, [\n            \"hgetall\",\n            embeddedkey\n        ]);\n        (0, chai_1.expect)(response).to.eql([\n            \"one\",\n            \"1\",\n            \"two\",\n            \"2\",\n            \"three\",\n            \"3\"\n        ]);\n        response = yield (0, common_test_1.sendCommand)(client, [\n            \"eval\",\n            `local j = redis.call(\"HGETALL\", \"${embeddedkey}\") return { j, \"SAMPLE\" }`,\n            \"0\"\n        ]);\n        // Validated with redis\n        (0, chai_1.expect)(response).to.eql([\n            \"SAMPLE\",\n            [\n                \"one\",\n                \"1\",\n                \"two\",\n                \"2\",\n                \"three\",\n                \"3\"\n            ]\n        ]);\n    })",
              "err": {},
              "uuid": "c97549d9-ba98-45df-baa6-78ee652e3f1f",
              "parentUUID": "e7504474-0143-435c-842d-6db97282068e",
              "isHook": false,
              "skipped": false
            },
            {
              "title": "should support the unpack lua command",
              "fullTitle": "script-command test should support the unpack lua command",
              "timedOut": false,
              "duration": 5,
              "state": "passed",
              "speed": "fast",
              "pass": true,
              "fail": false,
              "pending": false,
              "context": null,
              "code": "__awaiter(void 0, void 0, void 0, function* () {\n        response = yield (0, common_test_1.sendCommand)(client, [\"flushall\"]);\n        (0, chai_1.expect)(response).to.equal(\"OK\");\n        response = yield (0, common_test_1.sendCommand)(client, [\n            \"hset\",\n            embeddedkey,\n            \"one\",\n            \"1\",\n            \"two\",\n            \"2\",\n            \"three\",\n            \"3\"\n        ]);\n        (0, chai_1.expect)(response).to.equal(3);\n        response = yield (0, common_test_1.sendCommand)(client, [\n            \"eval\",\n            `return { unpack(redis.call(\"hgetall\", \"${embeddedkey}\")) }`,\n            \"0\"\n        ]);\n        (0, chai_1.expect)(response).to.eql([\n            \"one\",\n            \"1\",\n            \"two\",\n            \"2\",\n            \"three\",\n            \"3\"\n        ]);\n    })",
              "err": {},
              "uuid": "285f4027-bffe-4a79-a0f9-959e428729dc",
              "parentUUID": "e7504474-0143-435c-842d-6db97282068e",
              "isHook": false,
              "skipped": false
            },
            {
              "title": "should convert values properly",
              "fullTitle": "script-command test should convert values properly",
              "timedOut": false,
              "duration": 3,
              "state": "passed",
              "speed": "fast",
              "pass": true,
              "fail": false,
              "pending": false,
              "context": null,
              "code": "__awaiter(void 0, void 0, void 0, function* () {\n        response = yield (0, common_test_1.sendCommand)(client, [\n            \"eval\",\n            \"return {1,2,{3,'Hello World!'}}\",\n            \"0\"\n        ]);\n        (0, chai_1.expect)(response).to.eql([\n            1,\n            2,\n            [\n                3,\n                \"Hello World!\"\n            ]\n        ]);\n    })",
              "err": {},
              "uuid": "f2577378-764e-4ee0-920b-ce065fbf573d",
              "parentUUID": "e7504474-0143-435c-842d-6db97282068e",
              "isHook": false,
              "skipped": false
            },
            {
              "title": "should return embedded tables from embedded calls",
              "fullTitle": "script-command test should return embedded tables from embedded calls",
              "timedOut": false,
              "duration": 2,
              "state": "passed",
              "speed": "fast",
              "pass": true,
              "fail": false,
              "pending": false,
              "context": null,
              "code": "__awaiter(void 0, void 0, void 0, function* () {\n        response = yield (0, common_test_1.sendCommand)(client, [\n            \"eval\",\n            \"return {1,2,{3,bit.bxor(5,3)}}\",\n            \"0\"\n        ]);\n        (0, chai_1.expect)(response).to.eql([\n            1,\n            2,\n            [\n                3,\n                6\n            ]\n        ]);\n    })",
              "err": {},
              "uuid": "b0b19357-2679-4708-bd8b-5f7c917592be",
              "parentUUID": "e7504474-0143-435c-842d-6db97282068e",
              "isHook": false,
              "skipped": false
            }
          ],
          "suites": [],
          "passes": [
            "cd88f202-8b2e-4593-bb1d-c5a6252d0840",
            "830c8a75-124c-4170-9a4f-23889314ab6a",
            "aa695ccf-8efa-4e8a-be03-0b6665cc0128",
            "51ea9126-1ec4-45d5-8686-d69297b6ad27",
            "bb80a1a9-4d42-4542-8f96-4a4bda3e0eaa",
            "510f7337-b375-46ad-af5a-2bb0b923dd9f",
            "33b17242-9eb4-4ab6-bad8-4ac85c012a51",
            "685577bc-c419-4842-ae02-2ae44aae8b35",
            "85f4a3e1-d157-4e5f-ab62-b0a3f63ad088",
            "99164f60-13d8-4ada-851a-ce0827916f41",
            "6bcf423c-16b8-4f77-8ed7-4fb7e52ab44a",
            "1c65e687-ecc4-4579-ae7c-177369c905a8",
            "c97549d9-ba98-45df-baa6-78ee652e3f1f",
            "285f4027-bffe-4a79-a0f9-959e428729dc",
            "f2577378-764e-4ee0-920b-ce065fbf573d",
            "b0b19357-2679-4708-bd8b-5f7c917592be"
          ],
          "failures": [],
          "pending": [
            "3e9e9d29-f5ca-4a39-976c-6786b9b126ef",
            "bee035aa-b69a-4b5b-aaff-7a427ac06b36"
          ],
          "skipped": [],
          "duration": 60,
          "root": false,
          "rootEmpty": false,
          "_timeout": 2000
        },
        {
          "uuid": "354c51ee-3b89-481f-a772-aa9fd9fa60d2",
          "title": "data-type test",
          "fullFile": "/home/lane/git/unit-redis-ness/test/resp/data/data-type.test.ts",
          "file": "/test/resp/data/data-type.test.ts",
          "beforeHooks": [
            {
              "title": "\"before each\" hook in \"data-type test\"",
              "fullTitle": "data-type test \"before each\" hook in \"data-type test\"",
              "timedOut": false,
              "duration": 0,
              "state": null,
              "speed": null,
              "pass": false,
              "fail": false,
              "pending": false,
              "context": null,
              "code": "sinon.createSandbox();",
              "err": {},
              "uuid": "c91b0fb0-502b-4f73-8291-cc677af0042e",
              "parentUUID": "354c51ee-3b89-481f-a772-aa9fd9fa60d2",
              "isHook": true,
              "skipped": false
            }
          ],
          "afterHooks": [
            {
              "title": "\"after all\" hook in \"data-type test\"",
              "fullTitle": "data-type test \"after all\" hook in \"data-type test\"",
              "timedOut": false,
              "duration": 0,
              "state": null,
              "speed": null,
              "pass": false,
              "fail": false,
              "pending": false,
              "context": null,
              "code": "__awaiter(void 0, void 0, void 0, function* () {\n    })",
              "err": {},
              "uuid": "114b1108-3062-4417-a73e-cae2aed9bc95",
              "parentUUID": "354c51ee-3b89-481f-a772-aa9fd9fa60d2",
              "isHook": true,
              "skipped": false
            },
            {
              "title": "\"after each\" hook in \"data-type test\"",
              "fullTitle": "data-type test \"after each\" hook in \"data-type test\"",
              "timedOut": false,
              "duration": 0,
              "state": null,
              "speed": null,
              "pass": false,
              "fail": false,
              "pending": false,
              "context": null,
              "code": "sinon.restore();",
              "err": {},
              "uuid": "fb0e5268-1d94-400e-9350-0b5ee83bd549",
              "parentUUID": "354c51ee-3b89-481f-a772-aa9fd9fa60d2",
              "isHook": true,
              "skipped": false
            }
          ],
          "tests": [
            {
              "title": "should enumerate data-types",
              "fullTitle": "data-type test should enumerate data-types",
              "timedOut": false,
              "duration": 0,
              "state": "passed",
              "speed": "fast",
              "pass": true,
              "fail": false,
              "pending": false,
              "context": null,
              "code": "__awaiter(void 0, void 0, void 0, function* () {\n        (0, chai_1.expect)(data_type_1.DataType.NONE).to.equal(\"none\");\n        (0, chai_1.expect)(data_type_1.DataType.STRING).to.equal(\"string\");\n        (0, chai_1.expect)(data_type_1.DataType.LIST).to.equal(\"list\");\n        (0, chai_1.expect)(data_type_1.DataType.SET).to.equal(\"set\");\n        (0, chai_1.expect)(data_type_1.DataType.ZSET).to.equal(\"zset\");\n        (0, chai_1.expect)(data_type_1.DataType.HASH).to.equal(\"hash\");\n        (0, chai_1.expect)(Object.keys(data_type_1.DataType).length).to.equal(6);\n    })",
              "err": {},
              "uuid": "cf3251e8-806d-4fb9-94f3-b5b837be9b6e",
              "parentUUID": "354c51ee-3b89-481f-a772-aa9fd9fa60d2",
              "isHook": false,
              "skipped": false
            }
          ],
          "suites": [],
          "passes": [
            "cf3251e8-806d-4fb9-94f3-b5b837be9b6e"
          ],
          "failures": [],
          "pending": [],
          "skipped": [],
          "duration": 0,
          "root": false,
          "rootEmpty": false,
          "_timeout": 2000
        },
        {
          "uuid": "1c382305-5f19-4c98-ba79-35a493a1d0c8",
          "title": "sorted-set test",
          "fullFile": "/home/lane/git/unit-redis-ness/test/resp/data/sorted-set.test.ts",
          "file": "/test/resp/data/sorted-set.test.ts",
          "beforeHooks": [
            {
              "title": "\"before each\" hook in \"sorted-set test\"",
              "fullTitle": "sorted-set test \"before each\" hook in \"sorted-set test\"",
              "timedOut": false,
              "duration": 0,
              "state": null,
              "speed": null,
              "pass": false,
              "fail": false,
              "pending": false,
              "context": null,
              "code": "sinon.createSandbox();\nss = new sorted_set_1.SortedSet();\nz = new Z();",
              "err": {},
              "uuid": "46a69022-8faf-4ade-864e-5e3a47ee18fc",
              "parentUUID": "1c382305-5f19-4c98-ba79-35a493a1d0c8",
              "isHook": true,
              "skipped": false
            }
          ],
          "afterHooks": [
            {
              "title": "\"after all\" hook in \"sorted-set test\"",
              "fullTitle": "sorted-set test \"after all\" hook in \"sorted-set test\"",
              "timedOut": false,
              "duration": 0,
              "state": null,
              "speed": null,
              "pass": false,
              "fail": false,
              "pending": false,
              "context": null,
              "code": "__awaiter(void 0, void 0, void 0, function* () {\n    })",
              "err": {},
              "uuid": "845557c6-bfed-4c43-839c-cb39598fe2ed",
              "parentUUID": "1c382305-5f19-4c98-ba79-35a493a1d0c8",
              "isHook": true,
              "skipped": false
            },
            {
              "title": "\"after each\" hook in \"sorted-set test\"",
              "fullTitle": "sorted-set test \"after each\" hook in \"sorted-set test\"",
              "timedOut": false,
              "duration": 0,
              "state": null,
              "speed": null,
              "pass": false,
              "fail": false,
              "pending": false,
              "context": null,
              "code": "sinon.restore();",
              "err": {},
              "uuid": "102de140-fc60-465a-9a95-6c1cde0291ea",
              "parentUUID": "1c382305-5f19-4c98-ba79-35a493a1d0c8",
              "isHook": true,
              "skipped": false
            }
          ],
          "tests": [
            {
              "title": "should instantiate",
              "fullTitle": "sorted-set test should instantiate",
              "timedOut": false,
              "duration": 1,
              "state": "passed",
              "speed": "fast",
              "pass": true,
              "fail": false,
              "pending": false,
              "context": null,
              "code": "__awaiter(void 0, void 0, void 0, function* () {\n        z = new Z();\n        (0, chai_1.expect)(z.constructor.name).to.equal(\"Z\");\n        ss = new sorted_set_1.SortedSet();\n        (0, chai_1.expect)(ss.constructor.name).to.equal(\"SortedSet\");\n    })",
              "err": {},
              "uuid": "e6fc4af3-e75a-4fe4-9d22-0969578ac27f",
              "parentUUID": "1c382305-5f19-4c98-ba79-35a493a1d0c8",
              "isHook": false,
              "skipped": false
            },
            {
              "title": "should add, get, and delete an entry",
              "fullTitle": "sorted-set test should add, get, and delete an entry",
              "timedOut": false,
              "duration": 0,
              "state": "passed",
              "speed": "fast",
              "pass": true,
              "fail": false,
              "pending": false,
              "context": null,
              "code": "__awaiter(void 0, void 0, void 0, function* () {\n        z = new Z();\n        ss = new sorted_set_1.SortedSet();\n        let added = z.add(\"test\", 1);\n        (0, chai_1.expect)(added).to.equal(null);\n        added = ss.add(\"test\", 1);\n        (0, chai_1.expect)(added).to.equal(null);\n        (0, chai_1.expect)(z.keys().length).to.equal(1);\n        (0, chai_1.expect)(ss.keys().length).to.equal(1);\n        let item = z.get(\"test\");\n        (0, chai_1.expect)(item.constructor.name).to.equal(\"Number\");\n        item = ss.get(\"test\");\n        (0, chai_1.expect)(item.constructor.name).to.equal(\"Number\");\n        z.del(\"test\");\n        (0, chai_1.expect)(z.keys().length).to.equal(0);\n        ss.del(\"test\");\n        (0, chai_1.expect)(ss.keys().length).to.equal(0);\n    })",
              "err": {},
              "uuid": "307ca885-a3f6-4a16-952a-f8c1675908fa",
              "parentUUID": "1c382305-5f19-4c98-ba79-35a493a1d0c8",
              "isHook": false,
              "skipped": false
            },
            {
              "title": "should throw when attempting to add __proto__ key",
              "fullTitle": "sorted-set test should throw when attempting to add __proto__ key",
              "timedOut": false,
              "duration": 0,
              "state": "passed",
              "speed": "fast",
              "pass": true,
              "fail": false,
              "pending": false,
              "context": null,
              "code": "__awaiter(void 0, void 0, void 0, function* () {\n        z = new Z();\n        ss = new sorted_set_1.SortedSet();\n        (0, chai_1.expect)(() => {\n            z.add(\"__proto__\", 0);\n        }).to.throw();\n        /*\n         * Expect(() => {\n         *   ss.add('__proto__', 0)\n         * }).to.throw();\n         */\n    })",
              "err": {},
              "uuid": "cdb1df6d-1cbd-4f0b-be44-32e7afeaec23",
              "parentUUID": "1c382305-5f19-4c98-ba79-35a493a1d0c8",
              "isHook": false,
              "skipped": false
            },
            {
              "title": "should not add an undefined or null score",
              "fullTitle": "sorted-set test should not add an undefined or null score",
              "timedOut": false,
              "duration": 0,
              "state": "passed",
              "speed": "fast",
              "pass": true,
              "fail": false,
              "pending": false,
              "context": null,
              "code": "__awaiter(void 0, void 0, void 0, function* () {\n        z = new Z();\n        ss = new sorted_set_1.SortedSet();\n        let added = z.add(\"test\", null);\n        (0, chai_1.expect)(added).to.equal(null);\n        (0, chai_1.expect)(z.keys().length).to.equal(0);\n        added = z.add(\"test\", undefined);\n        (0, chai_1.expect)(z.keys().length).to.equal(0);\n        /*\n         * Typescript prevents adding null\n         * added = ss.add('test', null);\n         * expect(added).to.equal(null);\n         * expect(ss.keys().length).to.equal(0);\n         * added = ss.add('test', undefined);\n         * expect(z.keys().length).to.equal(0);\n         */\n    })",
              "err": {},
              "uuid": "76c4aba4-5186-489d-80ec-b65a94d76385",
              "parentUUID": "1c382305-5f19-4c98-ba79-35a493a1d0c8",
              "isHook": false,
              "skipped": false
            },
            {
              "title": "should not duplicate key/value pairs",
              "fullTitle": "sorted-set test should not duplicate key/value pairs",
              "timedOut": false,
              "duration": 0,
              "state": "passed",
              "speed": "fast",
              "pass": true,
              "fail": false,
              "pending": false,
              "context": null,
              "code": "__awaiter(void 0, void 0, void 0, function* () {\n        z = new Z();\n        ss = new sorted_set_1.SortedSet();\n        let added = z.add(\"test\", 123);\n        (0, chai_1.expect)(added).to.equal(null); // This is weird\n        (0, chai_1.expect)(z.keys().length).to.equal(1);\n        added = z.add(\"test\", 123);\n        (0, chai_1.expect)(added).to.equal(123); // And weirder\n        (0, chai_1.expect)(z.keys().length).to.equal(1);\n        added = ss.add(\"test\", 123);\n        (0, chai_1.expect)(added).to.equal(null); // This is weird\n        (0, chai_1.expect)(ss.keys().length).to.equal(1);\n        added = ss.add(\"test\", 123);\n        (0, chai_1.expect)(added).to.equal(123); // And weirder\n        (0, chai_1.expect)(ss.keys().length).to.equal(1);\n    })",
              "err": {},
              "uuid": "16f3f0d3-4172-4977-872d-1234c310160f",
              "parentUUID": "1c382305-5f19-4c98-ba79-35a493a1d0c8",
              "isHook": false,
              "skipped": false
            },
            {
              "title": "should return the old rank when replacing a key",
              "fullTitle": "sorted-set test should return the old rank when replacing a key",
              "timedOut": false,
              "duration": 0,
              "state": "passed",
              "speed": "fast",
              "pass": true,
              "fail": false,
              "pending": false,
              "context": null,
[...]
              "isHook": true,
              "skipped": false
            }
          ],
          "afterHooks": [
            {
              "title": "\"after all\" hook in \"lua-bit test\"",
              "fullTitle": "lua-bit test \"after all\" hook in \"lua-bit test\"",
              "timedOut": false,
              "duration": 0,
              "state": null,
              "speed": null,
              "pass": false,
              "fail": false,
              "pending": false,
              "context": null,
              "code": "__awaiter(void 0, void 0, void 0, function* () {\n        yield respServer.stop();\n    })",
              "err": {},
              "uuid": "05aa49c7-57ac-4593-af7e-3e51f69018f4",
              "parentUUID": "5b8883fb-4028-414d-8fef-ca8169ee6987",
              "isHook": true,
              "skipped": false
            },
            {
              "title": "\"after each\" hook in \"lua-bit test\"",
              "fullTitle": "lua-bit test \"after each\" hook in \"lua-bit test\"",
              "timedOut": false,
              "duration": 0,
              "state": null,
              "speed": null,
              "pass": false,
              "fail": false,
              "pending": false,
              "context": null,
              "code": "sinon.restore();",
              "err": {},
              "uuid": "f142e552-1db1-4937-830f-6fe631364b15",
              "parentUUID": "5b8883fb-4028-414d-8fef-ca8169ee6987",
              "isHook": true,
              "skipped": false
            }
          ],
          "tests": [
            {
              "title": "should leverage the LUA bit library for bit AND op",
              "fullTitle": "lua-bit test should leverage the LUA bit library for bit AND op",
              "timedOut": false,
              "duration": 2,
              "state": "passed",
              "speed": "fast",
              "pass": true,
              "fail": false,
              "pending": false,
              "context": null,
              "code": "__awaiter(void 0, void 0, void 0, function* () {\n        response = yield (0, common_test_1.sendCommand)(client, [\n            \"eval\",\n            \"local val = bit.band(5, 1) return val \",\n            \"0\"\n        ]);\n        (0, chai_1.expect)(response).to.equal(1);\n    })",
              "err": {},
              "uuid": "be588129-417b-40f0-b999-8c7689f28a5d",
              "parentUUID": "5b8883fb-4028-414d-8fef-ca8169ee6987",
              "isHook": false,
              "skipped": false
            },
            {
              "title": "should leverage the LUA bit library for bit OR op",
              "fullTitle": "lua-bit test should leverage the LUA bit library for bit OR op",
              "timedOut": false,
              "duration": 2,
              "state": "passed",
              "speed": "fast",
              "pass": true,
              "fail": false,
              "pending": false,
              "context": null,
              "code": "__awaiter(void 0, void 0, void 0, function* () {\n        response = yield (0, common_test_1.sendCommand)(client, [\n            \"eval\",\n            \"local val = bit.bor(5, 1) return val \",\n            \"0\"\n        ]);\n        (0, chai_1.expect)(response).to.equal(5);\n    })",
              "err": {},
              "uuid": "58a4105b-dc5a-480d-ac05-b2cf8b47d8d9",
              "parentUUID": "5b8883fb-4028-414d-8fef-ca8169ee6987",
              "isHook": false,
              "skipped": false
            },
            {
              "title": "should leverage the LUA bit library for bit XOR op",
              "fullTitle": "lua-bit test should leverage the LUA bit library for bit XOR op",
              "timedOut": false,
              "duration": 1,
              "state": "passed",
              "speed": "fast",
              "pass": true,
              "fail": false,
              "pending": false,
              "context": null,
              "code": "__awaiter(void 0, void 0, void 0, function* () {\n        response = yield (0, common_test_1.sendCommand)(client, [\n            \"eval\",\n            \"local val = bit.bxor(5, 1) return val \",\n            \"0\"\n        ]);\n        (0, chai_1.expect)(response).to.equal(4);\n    })",
              "err": {},
              "uuid": "b916554b-7928-412e-bd12-5a02d098144f",
              "parentUUID": "5b8883fb-4028-414d-8fef-ca8169ee6987",
              "isHook": false,
              "skipped": false
            },
            {
              "title": "should leverage the LUA bit library for bit NOT op",
              "fullTitle": "lua-bit test should leverage the LUA bit library for bit NOT op",
              "timedOut": false,
              "duration": 1,
              "state": "passed",
              "speed": "fast",
              "pass": true,
              "fail": false,
              "pending": false,
              "context": null,
              "code": "__awaiter(void 0, void 0, void 0, function* () {\n        response = yield (0, common_test_1.sendCommand)(client, [\n            \"eval\",\n            \"local val = bit.bnot(5) return val \",\n            \"0\"\n        ]);\n        (0, chai_1.expect)(response).to.equal(-6);\n    })",
              "err": {},
              "uuid": "e1af1fd3-23b1-460e-9696-c450248abfdf",
              "parentUUID": "5b8883fb-4028-414d-8fef-ca8169ee6987",
              "isHook": false,
              "skipped": false
            },
            {
              "title": "should leverage the LUA bit library for bit LSHIFT op",
              "fullTitle": "lua-bit test should leverage the LUA bit library for bit LSHIFT op",
              "timedOut": false,
              "duration": 3,
              "state": "passed",
              "speed": "fast",
              "pass": true,
              "fail": false,
              "pending": false,
              "context": null,
              "code": "__awaiter(void 0, void 0, void 0, function* () {\n        response = yield (0, common_test_1.sendCommand)(client, [\n            \"eval\",\n            \"local val = bit.lshift(5, 1) return val \",\n            \"0\"\n        ]);\n        (0, chai_1.expect)(response).to.equal(10);\n    })",
              "err": {},
              "uuid": "5395e4cb-1e20-4722-9491-baaf26db8930",
              "parentUUID": "5b8883fb-4028-414d-8fef-ca8169ee6987",
              "isHook": false,
              "skipped": false
            },
            {
              "title": "should leverage the LUA bit library for bit RSHIFT op",
              "fullTitle": "lua-bit test should leverage the LUA bit library for bit RSHIFT op",
              "timedOut": false,
              "duration": 4,
              "state": "passed",
              "speed": "fast",
              "pass": true,
              "fail": false,
              "pending": false,
              "context": null,
              "code": "__awaiter(void 0, void 0, void 0, function* () {\n        let response = yield (0, common_test_1.sendCommand)(new net.Socket(), [\n            \"info\",\n            \"server\"\n        ]);\n        // Only run this test if this is unit-redis-ness\n        if (!(/redis_version:5/gim).test(response)) {\n            response = yield (0, common_test_1.sendCommand)(client, [\n                \"eval\",\n                \"local val = bit.rshift(-5, 1) return val \",\n                \"0\"\n            ]);\n            (0, chai_1.expect)(response).to.equal(-3);\n        }\n    })",
              "err": {},
              "uuid": "a8c5b52e-ed6e-4451-9411-f5d9a57328ca",
              "parentUUID": "5b8883fb-4028-414d-8fef-ca8169ee6987",
              "isHook": false,
              "skipped": false
            },
            {
              "title": "should leverage the LUA bit library for bit ARSHIFT op",
              "fullTitle": "lua-bit test should leverage the LUA bit library for bit ARSHIFT op",
              "timedOut": false,
              "duration": 2,
              "state": "passed",
              "speed": "fast",
              "pass": true,
              "fail": false,
              "pending": false,
              "context": null,
              "code": "__awaiter(void 0, void 0, void 0, function* () {\n        response = yield (0, common_test_1.sendCommand)(client, [\n            \"eval\",\n            \"local val = bit.arshift(5, 1) return val \",\n            \"0\"\n        ]);\n        (0, chai_1.expect)(response).to.equal(2);\n    })",
              "err": {},
              "uuid": "c7a28105-70f7-45f7-b0b6-b49605da5bad",
              "parentUUID": "5b8883fb-4028-414d-8fef-ca8169ee6987",
              "isHook": false,
              "skipped": false
            }
          ],
          "suites": [],
          "passes": [
            "be588129-417b-40f0-b999-8c7689f28a5d",
            "58a4105b-dc5a-480d-ac05-b2cf8b47d8d9",
            "b916554b-7928-412e-bd12-5a02d098144f",
            "e1af1fd3-23b1-460e-9696-c450248abfdf",
            "5395e4cb-1e20-4722-9491-baaf26db8930",
            "a8c5b52e-ed6e-4451-9411-f5d9a57328ca",
            "c7a28105-70f7-45f7-b0b6-b49605da5bad"
          ],
          "failures": [],
          "pending": [],
          "skipped": [],
          "duration": 15,
          "root": false,
          "rootEmpty": false,
          "_timeout": 2000
        },
        {
          "uuid": "b49d743a-632c-455b-bb97-e762d0f01963",
          "title": "dictionary test",
          "fullFile": "/home/lane/git/unit-redis-ness/test/dictionary.test.ts",
          "file": "/test/dictionary.test.ts",
          "beforeHooks": [
            {
              "title": "\"before each\" hook in \"dictionary test\"",
              "fullTitle": "dictionary test \"before each\" hook in \"dictionary test\"",
              "timedOut": false,
              "duration": 0,
              "state": null,
              "speed": null,
              "pass": false,
              "fail": false,
              "pending": false,
              "context": null,
              "code": "dictionary = new dictionary_1.Dictionary();\nsinon.createSandbox();",
              "err": {},
              "uuid": "ffd31acf-604a-4d62-89bd-f0da4cd6859c",
              "parentUUID": "b49d743a-632c-455b-bb97-e762d0f01963",
              "isHook": true,
              "skipped": false
            }
          ],
          "afterHooks": [
            {
              "title": "\"after all\" hook in \"dictionary test\"",
              "fullTitle": "dictionary test \"after all\" hook in \"dictionary test\"",
              "timedOut": false,
              "duration": 0,
              "state": null,
              "speed": null,
              "pass": false,
              "fail": false,
              "pending": false,
              "context": null,
              "code": "__awaiter(void 0, void 0, void 0, function* () {\n    })",
              "err": {},
              "uuid": "6ec9204c-6637-460d-88f9-3cc6a14906a7",
              "parentUUID": "b49d743a-632c-455b-bb97-e762d0f01963",
              "isHook": true,
              "skipped": false
            },
            {
              "title": "\"after each\" hook in \"dictionary test\"",
              "fullTitle": "dictionary test \"after each\" hook in \"dictionary test\"",
              "timedOut": false,
              "duration": 0,
              "state": null,
              "speed": null,
              "pass": false,
              "fail": false,
              "pending": false,
              "context": null,
              "code": "sinon.restore();",
              "err": {},
              "uuid": "a0f8fd3e-0917-47f1-9a8b-fd5cf73798bd",
              "parentUUID": "b49d743a-632c-455b-bb97-e762d0f01963",
              "isHook": true,
              "skipped": false
            }
          ],
          "tests": [
            {
              "title": "should construct",
              "fullTitle": "dictionary test should construct",
              "timedOut": false,
              "duration": 0,
              "state": "passed",
              "speed": "fast",
              "pass": true,
              "fail": false,
              "pending": false,
              "context": null,
              "code": "__awaiter(void 0, void 0, void 0, function* () {\n        (0, chai_1.expect)(dictionary.constructor.name).to.equal(\"Dictionary\");\n    })",
              "err": {},
              "uuid": "326eefb0-a8d8-4c5f-bb86-af2cb0643053",
              "parentUUID": "b49d743a-632c-455b-bb97-e762d0f01963",
              "isHook": false,
              "skipped": false
            },
            {
              "title": "should implement basic put/get/remove/size/clear/contains/exists/keys/values functionality",
              "fullTitle": "dictionary test should implement basic put/get/remove/size/clear/contains/exists/keys/values functionality",
              "timedOut": false,
              "duration": 0,
              "state": "passed",
              "speed": "fast",
              "pass": true,
              "fail": false,
              "pending": false,
              "context": null,
              "code": "dictionary.put(\"item\", \"one\");\n(0, chai_1.expect)(dictionary.exists(\"item\")).to.equal(true);\n(0, chai_1.expect)(dictionary.exists(\"one\")).to.equal(false);\n(0, chai_1.expect)(dictionary.get(\"item\")).to.equal(\"one\");\n(0, chai_1.expect)(dictionary.size()).to.equal(1);\n(0, chai_1.expect)(dictionary.contains(\"one\")).to.equal(true);\n(0, chai_1.expect)(dictionary.keys().length).to.equal(1);\n(0, chai_1.expect)(dictionary.values().length).to.equal(1);\ndictionary.put(\"item\", \"two\");\n(0, chai_1.expect)(dictionary.get(\"item\")).to.equal(\"two\");\ndictionary.put(\"one\", { \"embedded\": true });\ndictionary.remove(\"three\");\n(0, chai_1.expect)(dictionary.size()).to.equal(2);\nlet foundTwo = false;\nfor (const each of dictionary) {\n    if (!foundTwo) {\n        (0, chai_1.expect)(each).to.equal(\"two\");\n        foundTwo = true;\n    }\n    else {\n        (0, chai_1.expect)(each).to.eql({ \"embedded\": true });\n    }\n}\ndictionary.remove(\"item\");\n(0, chai_1.expect)(dictionary.size()).to.equal(1);\ndictionary.clear();\n(0, chai_1.expect)(dictionary.size()).to.equal(0);",
              "err": {},
              "uuid": "b59aebf9-f24d-4a49-bc5c-3d8923db0e6d",
              "parentUUID": "b49d743a-632c-455b-bb97-e762d0f01963",
              "isHook": false,
              "skipped": false
            }
          ],
          "suites": [],
          "passes": [
            "326eefb0-a8d8-4c5f-bb86-af2cb0643053",
            "b59aebf9-f24d-4a49-bc5c-3d8923db0e6d"
          ],
          "failures": [],
          "pending": [],
          "skipped": [],
          "duration": 0,
          "root": false,
          "rootEmpty": false,
          "_timeout": 2000
        },
        {
          "uuid": "f3f67e49-930c-4d5c-a75a-e73410114e67",
          "title": "logger test",
          "fullFile": "/home/lane/git/unit-redis-ness/test/logger.test.ts",
          "file": "/test/logger.test.ts",
          "beforeHooks": [
            {
              "title": "\"before each\" hook in \"logger test\"",
              "fullTitle": "logger test \"before each\" hook in \"logger test\"",
              "timedOut": false,
              "duration": 0,
              "state": null,
              "speed": null,
              "pass": false,
              "fail": false,
              "pending": false,
              "context": null,
              "code": "sinon.createSandbox();",
              "err": {},
              "uuid": "c300265f-29c9-4c09-9644-ff57b8e0a61e",
              "parentUUID": "f3f67e49-930c-4d5c-a75a-e73410114e67",
              "isHook": true,
              "skipped": false
            }
          ],
          "afterHooks": [
            {
              "title": "\"after all\" hook in \"logger test\"",
              "fullTitle": "logger test \"after all\" hook in \"logger test\"",
              "timedOut": false,
              "duration": 0,
              "state": null,
              "speed": null,
              "pass": false,
              "fail": false,
              "pending": false,
              "context": null,
              "code": "__awaiter(void 0, void 0, void 0, function* () {\n    })",
              "err": {},
              "uuid": "9c3b15fc-98ef-4f8a-bd73-3f217276f365",
              "parentUUID": "f3f67e49-930c-4d5c-a75a-e73410114e67",
              "isHook": true,
              "skipped": false
            },
            {
              "title": "\"after each\" hook in \"logger test\"",
              "fullTitle": "logger test \"after each\" hook in \"logger test\"",
              "timedOut": false,
              "duration": 0,
              "state": null,
              "speed": null,
              "pass": false,
              "fail": false,
              "pending": false,
              "context": null,
              "code": "sinon.restore();",
              "err": {},
              "uuid": "9a3247a5-b4d2-41c1-92b2-94939013fc34",
              "parentUUID": "f3f67e49-930c-4d5c-a75a-e73410114e67",
              "isHook": true,
              "skipped": false
            }
          ],
          "tests": [
            {
              "title": "should construct",
              "fullTitle": "logger test should construct",
              "timedOut": false,
              "duration": 0,
              "state": "passed",
              "speed": "fast",
              "pass": true,
              "fail": false,
              "pending": false,
              "context": null,
              "code": "__awaiter(void 0, void 0, void 0, function* () {\n        logger = new logger_1.Logger(module.id);\n        (0, chai_1.expect)(logger.constructor.name).to.equal(\"Logger\");\n        logger.info(\"This is an info message\");\n        logger.warn(\"This is a warning message\");\n        logger.debug(\"This is an invisible debug message\");\n    })",
              "err": {},
              "uuid": "81352c71-523c-477d-91c2-bd95a03c755e",
              "parentUUID": "f3f67e49-930c-4d5c-a75a-e73410114e67",
              "isHook": false,
              "skipped": false
            },
            {
              "title": "should not construct when initialized with an empty string",
              "fullTitle": "logger test should not construct when initialized with an empty string",
              "timedOut": false,
              "duration": 0,
              "state": "passed",
              "speed": "fast",
              "pass": true,
              "fail": false,
              "pending": false,
              "context": null,
              "code": "(0, chai_1.expect)(() => {\n    logger = new logger_1.Logger(\"\");\n}).to.throw();",
              "err": {},
              "uuid": "58e23136-8e88-44f0-9961-9af9809204b0",
              "parentUUID": "f3f67e49-930c-4d5c-a75a-e73410114e67",
              "isHook": false,
              "skipped": false
            }
          ],
          "suites": [],
          "passes": [
            "81352c71-523c-477d-91c2-bd95a03c755e",
            "58e23136-8e88-44f0-9961-9af9809204b0"
          ],
          "failures": [],
          "pending": [],
          "skipped": [],
          "duration": 0,
          "root": false,
          "rootEmpty": false,
          "_timeout": 2000
        }
      ],
      "passes": [],
      "failures": [],
      "pending": [],
      "skipped": [],
      "duration": 0,
      "root": true,
      "rootEmpty": true,
      "_timeout": 2000
    }
  ],
  "meta": {
    "mocha": {
      "version": "10.2.0"
    },
    "mochawesome": {
      "options": {
        "quiet": false,
        "reportFilename": "mochawesome",
        "saveHtml": true,
        "saveJson": true,
        "consoleReporter": "spec",
        "useInlineDiffs": false,
        "code": true
      },
      "version": "7.1.3"
    },
    "marge": {
      "options": {
        "reportDir": "docs/mochawesome"
      },
      "version": "6.2.0"
    }
  }
}