{
  "stats": {
    "suites": 38,
    "tests": 107,
    "passes": 104,
    "pending": 3,
    "failures": 0,
    "start": "2023-12-10T21:29:33.412Z",
    "end": "2023-12-10T21:29:33.556Z",
    "duration": 144,
    "testsRegistered": 107,
    "passPercent": 100,
    "pendingPercent": 2.803738317757009,
    "other": 0,
    "hasOther": false,
    "skipped": 0,
    "hasSkipped": false
  },
  "results": [
    {
      "uuid": "17481c40-2f07-425e-9397-35dd83fee2f2",
      "title": "",
      "fullFile": "",
      "file": "",
      "beforeHooks": [
        {
          "title": "\"before all\" hook in \"{root}\"",
          "fullTitle": "\"before all\" hook in \"{root}\"",
          "timedOut": false,
          "duration": 0,
          "state": null,
          "speed": null,
          "pass": false,
          "fail": false,
          "pending": false,
          "context": null,
          "code": "done();",
          "err": {},
          "uuid": "4af3ffe0-0295-449f-97b7-0d3ccdd3d2f6",
          "parentUUID": "17481c40-2f07-425e-9397-35dd83fee2f2",
          "isHook": true,
          "skipped": false
        }
      ],
      "afterHooks": [
        {
          "title": "\"after all\" hook in \"{root}\"",
          "fullTitle": "\"after all\" hook in \"{root}\"",
          "timedOut": false,
          "duration": 0,
          "state": null,
          "speed": null,
          "pass": false,
          "fail": false,
          "pending": false,
          "context": null,
          "code": "__awaiter(void 0, void 0, void 0, function* () {\n})",
          "err": {},
          "uuid": "307f62d1-2968-4c72-87c3-a76493380d1d",
          "parentUUID": "17481c40-2f07-425e-9397-35dd83fee2f2",
          "isHook": true,
          "skipped": false
        }
      ],
      "tests": [],
      "suites": [
        {
          "uuid": "4ae4a8f2-89ed-4212-8ada-d6b656db614d",
          "title": "client command test",
          "fullFile": "/home/lane/git/unit-redis-ness/test/resp/command/client-command.test.ts",
          "file": "/test/resp/command/client-command.test.ts",
          "beforeHooks": [
            {
              "title": "\"before all\" hook in \"client command test\"",
              "fullTitle": "client command test \"before all\" hook in \"client command test\"",
              "timedOut": false,
              "duration": 6,
              "state": null,
              "speed": null,
              "pass": false,
              "fail": false,
              "pending": false,
              "context": null,
              "code": "respServer = new resp_server_1.RespServer();\nrespServer.on(\"ready\", () => {\n    done();\n});\nrespServer.start();",
              "err": {},
              "uuid": "f34f3918-84c7-4973-8294-6c2227f42275",
              "parentUUID": "4ae4a8f2-89ed-4212-8ada-d6b656db614d",
              "isHook": true,
              "skipped": false
            },
            {
              "title": "\"before each\" hook in \"client command test\"",
              "fullTitle": "client command test \"before each\" hook in \"client command test\"",
              "timedOut": false,
              "duration": 0,
              "state": null,
              "speed": null,
              "pass": false,
              "fail": false,
              "pending": false,
              "context": null,
              "code": "sinon.createSandbox();",
              "err": {},
              "uuid": "c586a4d1-e43d-40e0-b435-3b0e33563654",
              "parentUUID": "4ae4a8f2-89ed-4212-8ada-d6b656db614d",
              "isHook": true,
              "skipped": false
            }
          ],
          "afterHooks": [
            {
              "title": "\"after all\" hook in \"client command test\"",
              "fullTitle": "client command test \"after all\" hook in \"client command test\"",
              "timedOut": false,
              "duration": 0,
              "state": null,
              "speed": null,
              "pass": false,
              "fail": false,
              "pending": false,
              "context": null,
              "code": "__awaiter(void 0, void 0, void 0, function* () {\n        yield respServer.stop();\n    })",
              "err": {},
              "uuid": "f53f7f01-afba-4cc6-8444-b783f879d932",
              "parentUUID": "4ae4a8f2-89ed-4212-8ada-d6b656db614d",
              "isHook": true,
              "skipped": false
            },
            {
              "title": "\"after each\" hook in \"client command test\"",
              "fullTitle": "client command test \"after each\" hook in \"client command test\"",
              "timedOut": false,
              "duration": 0,
              "state": null,
              "speed": null,
              "pass": false,
              "fail": false,
              "pending": false,
              "context": null,
              "code": "sinon.restore();",
              "err": {},
              "uuid": "3a1b4069-b53e-4f4f-bd43-9b5ab16f2e11",
              "parentUUID": "4ae4a8f2-89ed-4212-8ada-d6b656db614d",
              "isHook": true,
              "skipped": false
            }
          ],
          "tests": [
            {
              "title": "should not allow more than 3 parameters",
              "fullTitle": "client command test should not allow more than 3 parameters",
              "timedOut": false,
              "duration": 4,
              "state": "passed",
              "speed": "fast",
              "pass": true,
              "fail": false,
              "pending": false,
              "context": null,
              "code": "__awaiter(void 0, void 0, void 0, function* () {\n        const response = yield (0, common_test_1.sendCommand)(client, [\n            \"client\",\n            \"one\",\n            \"two\",\n            \"three\",\n            \"four\"\n        ]);\n        (0, chai_1.expect)(response).to.equal(\"ReplyError: ERR Unknown subcommand or wrong number of arguments for 'one'. Try CLIENT HELP\");\n    })",
              "err": {},
              "uuid": "a0d2a6c7-afc2-489f-96f3-7e94efdb482b",
              "parentUUID": "4ae4a8f2-89ed-4212-8ada-d6b656db614d",
              "isHook": false,
              "skipped": false
            },
            {
              "title": "should fail predictably when an unknown subcommand is passed",
              "fullTitle": "client command test should fail predictably when an unknown subcommand is passed",
              "timedOut": false,
              "duration": 1,
              "state": "passed",
              "speed": "fast",
              "pass": true,
              "fail": false,
              "pending": false,
              "context": null,
              "code": "__awaiter(void 0, void 0, void 0, function* () {\n        const response = yield (0, common_test_1.sendCommand)(client, [\n            \"client\",\n            \"whatever\"\n        ]);\n        (0, chai_1.expect)(response).to.equal(util.format(DEFAULT_ERROR, \"whatever\"));\n    })",
              "err": {},
              "uuid": "dc43d0f3-be9a-4b07-9f4c-1bf64811ba8d",
              "parentUUID": "4ae4a8f2-89ed-4212-8ada-d6b656db614d",
              "isHook": false,
              "skipped": false
            },
            {
              "title": "should return a NIL name when called with \"GETNAME\" subcommand",
              "fullTitle": "client command test should return a NIL name when called with \"GETNAME\" subcommand",
              "timedOut": false,
              "duration": 1,
              "state": "passed",
              "speed": "fast",
              "pass": true,
              "fail": false,
              "pending": false,
              "context": null,
              "code": "__awaiter(void 0, void 0, void 0, function* () {\n        const response = yield (0, common_test_1.sendCommand)(client, [\n            \"client\",\n            \"getname\"\n        ]);\n        (0, chai_1.expect)(response).to.equal(null);\n    })",
              "err": {},
              "uuid": "039db6b3-5737-4f73-be3b-85a534191806",
              "parentUUID": "4ae4a8f2-89ed-4212-8ada-d6b656db614d",
              "isHook": false,
              "skipped": false
            },
            {
              "title": "should fail predictably when \"GETNAME\" is called with too many parameters",
              "fullTitle": "client command test should fail predictably when \"GETNAME\" is called with too many parameters",
              "timedOut": false,
              "duration": 1,
              "state": "passed",
              "speed": "fast",
              "pass": true,
              "fail": false,
              "pending": false,
              "context": null,
              "code": "__awaiter(void 0, void 0, void 0, function* () {\n        const response = yield (0, common_test_1.sendCommand)(client, [\n            \"client\",\n            \"getname\",\n            \"extra\"\n        ]);\n        (0, chai_1.expect)(response).to.equal(util.format(DEFAULT_ERROR, \"getname\"));\n    })",
              "err": {},
              "uuid": "7590e3d7-4b17-4b9c-b857-9148cca97717",
              "parentUUID": "4ae4a8f2-89ed-4212-8ada-d6b656db614d",
              "isHook": false,
              "skipped": false
            },
            {
              "title": "should respond with \"OK\" when \"setname\" is called with a valid name",
              "fullTitle": "client command test should respond with \"OK\" when \"setname\" is called with a valid name",
              "timedOut": false,
              "duration": 1,
              "state": "passed",
              "speed": "fast",
              "pass": true,
              "fail": false,
              "pending": false,
              "context": null,
              "code": "__awaiter(void 0, void 0, void 0, function* () {\n        let response = yield (0, common_test_1.sendCommand)(client, [\n            \"client\",\n            \"setname\",\n            \"whatever\"\n        ]);\n        (0, chai_1.expect)(response).to.equal(\"OK\");\n        response = yield (0, common_test_1.sendCommand)(client, [\n            \"client\",\n            \"getname\"\n        ]);\n        (0, chai_1.expect)(response).to.equal(\"whatever\");\n    })",
              "err": {},
              "uuid": "b44867c5-562d-4d4c-b3f1-6bddf876536c",
              "parentUUID": "4ae4a8f2-89ed-4212-8ada-d6b656db614d",
              "isHook": false,
              "skipped": false
            },
            {
              "title": "should persist the value for \"setname\" across tests",
              "fullTitle": "client command test should persist the value for \"setname\" across tests",
              "timedOut": false,
              "duration": 1,
              "state": "passed",
              "speed": "fast",
              "pass": true,
              "fail": false,
              "pending": false,
              "context": null,
              "code": "__awaiter(void 0, void 0, void 0, function* () {\n        const response = yield (0, common_test_1.sendCommand)(client, [\n            \"client\",\n            \"getname\"\n        ]);\n        (0, chai_1.expect)(response).to.equal(\"whatever\");\n    })",
              "err": {},
              "uuid": "368ad471-50eb-4791-a742-5d465755cc2a",
              "parentUUID": "4ae4a8f2-89ed-4212-8ada-d6b656db614d",
              "isHook": false,
              "skipped": false
            },
            {
              "title": "should respond with a predictable message when \"setname\" called with too many parameters",
              "fullTitle": "client command test should respond with a predictable message when \"setname\" called with too many parameters",
              "timedOut": false,
              "duration": 0,
              "state": "passed",
              "speed": "fast",
              "pass": true,
              "fail": false,
              "pending": false,
              "context": null,
              "code": "__awaiter(void 0, void 0, void 0, function* () {\n        const response = yield (0, common_test_1.sendCommand)(client, [\n            \"client\",\n            \"setname\",\n            \"test\",\n            \"two\"\n        ]);\n        (0, chai_1.expect)(response).to.equal(util.format(DEFAULT_ERROR, \"setname\"));\n    })",
              "err": {},
              "uuid": "1984e8eb-c013-436b-a5c4-0636603a63bc",
              "parentUUID": "4ae4a8f2-89ed-4212-8ada-d6b656db614d",
              "isHook": false,
              "skipped": false
            },
            {
              "title": "should not allow whitespace in \"setname\" subcommand",
              "fullTitle": "client command test should not allow whitespace in \"setname\" subcommand",
              "timedOut": false,
              "duration": 1,
              "state": "passed",
              "speed": "fast",
              "pass": true,
              "fail": false,
              "pending": false,
              "context": null,
              "code": "__awaiter(void 0, void 0, void 0, function* () {\n        const response = yield (0, common_test_1.sendCommand)(client, [\n            \"client\",\n            \"setname\",\n            \"te\\nst\"\n        ]);\n        (0, chai_1.expect)(response).to.equal(\"ReplyError: ERR Client names cannot contain spaces, newlines or special characters.\");\n    })",
              "err": {},
              "uuid": "d3af3a94-d915-4cce-bfe2-450aead66f32",
              "parentUUID": "4ae4a8f2-89ed-4212-8ada-d6b656db614d",
              "isHook": false,
              "skipped": false
            },
            {
              "title": "should return the server-assigned client id",
              "fullTitle": "client command test should return the server-assigned client id",
              "timedOut": false,
              "duration": 1,
              "state": "passed",
              "speed": "fast",
              "pass": true,
              "fail": false,
              "pending": false,
              "context": null,
              "code": "__awaiter(void 0, void 0, void 0, function* () {\n        const response = yield (0, common_test_1.sendCommand)(client, [\n            \"client\",\n            \"id\"\n        ]);\n        (0, chai_1.expect)(response).to.be.a(\"number\");\n        (0, chai_1.expect)(String(response).length).to.be.greaterThan(0);\n    })",
              "err": {},
              "uuid": "cb6b60f3-50ee-400e-bdac-275bce954a2b",
              "parentUUID": "4ae4a8f2-89ed-4212-8ada-d6b656db614d",
              "isHook": false,
              "skipped": false
            },
            {
              "title": "should respond with a predictable message when \"id\" called with too many parameters",
              "fullTitle": "client command test should respond with a predictable message when \"id\" called with too many parameters",
              "timedOut": false,
              "duration": 1,
              "state": "passed",
              "speed": "fast",
              "pass": true,
              "fail": false,
              "pending": false,
              "context": null,
              "code": "__awaiter(void 0, void 0, void 0, function* () {\n        const response = yield (0, common_test_1.sendCommand)(client, [\n            \"client\",\n            \"id\",\n            \"test\",\n            \"two\"\n        ]);\n        (0, chai_1.expect)(response).to.equal(util.format(DEFAULT_ERROR, \"id\"));\n    })",
              "err": {},
              "uuid": "f768e9e2-c0aa-43af-aac8-522406bb7c90",
              "parentUUID": "4ae4a8f2-89ed-4212-8ada-d6b656db614d",
              "isHook": false,
              "skipped": false
            },
            {
              "title": "should return a bunch of information when client \"list\" subcommand is invoked",
              "fullTitle": "client command test should return a bunch of information when client \"list\" subcommand is invoked",
              "timedOut": false,
              "duration": 0,
              "state": "passed",
              "speed": "fast",
              "pass": true,
              "fail": false,
              "pending": false,
              "context": null,
              "code": "__awaiter(void 0, void 0, void 0, function* () {\n        const response = yield (0, common_test_1.sendCommand)(client, [\n            \"client\",\n            \"list\"\n        ]);\n        (0, chai_1.expect)(response).to.be.a(\"string\");\n        (0, chai_1.expect)(response.length).to.be.greaterThan(0);\n        (0, chai_1.expect)(response).to.match(/ name=whatever /);\n        (0, chai_1.expect)(response).to.match(/\\bdb=0\\b/);\n    })",
              "err": {},
              "uuid": "69ae277f-d4d5-4306-8f9f-3e61c961ec00",
              "parentUUID": "4ae4a8f2-89ed-4212-8ada-d6b656db614d",
              "isHook": false,
              "skipped": false
            },
            {
              "title": "should respond with a predictable message when \"list\" called with too many parameters",
              "fullTitle": "client command test should respond with a predictable message when \"list\" called with too many parameters",
              "timedOut": false,
              "duration": 0,
              "state": "passed",
              "speed": "fast",
              "pass": true,
              "fail": false,
              "pending": false,
              "context": null,
              "code": "__awaiter(void 0, void 0, void 0, function* () {\n        const response = yield (0, common_test_1.sendCommand)(client, [\n            \"client\",\n            \"list\",\n            \"test\",\n            \"two\"\n        ]);\n        (0, chai_1.expect)(response).to.equal(\"ReplyError: ERR syntax error\");\n    })",
              "err": {},
              "uuid": "cb8b9fe8-f25b-465e-a9ec-4dc2ef45bf60",
              "parentUUID": "4ae4a8f2-89ed-4212-8ada-d6b656db614d",
              "isHook": false,
              "skipped": false
            }
          ],
          "suites": [],
          "passes": [
            "a0d2a6c7-afc2-489f-96f3-7e94efdb482b",
            "dc43d0f3-be9a-4b07-9f4c-1bf64811ba8d",
            "039db6b3-5737-4f73-be3b-85a534191806",
            "7590e3d7-4b17-4b9c-b857-9148cca97717",
            "b44867c5-562d-4d4c-b3f1-6bddf876536c",
            "368ad471-50eb-4791-a742-5d465755cc2a",
            "1984e8eb-c013-436b-a5c4-0636603a63bc",
            "d3af3a94-d915-4cce-bfe2-450aead66f32",
            "cb6b60f3-50ee-400e-bdac-275bce954a2b",
            "f768e9e2-c0aa-43af-aac8-522406bb7c90",
            "69ae277f-d4d5-4306-8f9f-3e61c961ec00",
            "cb8b9fe8-f25b-465e-a9ec-4dc2ef45bf60"
          ],
          "failures": [],
          "pending": [],
          "skipped": [],
          "duration": 12,
          "root": false,
          "rootEmpty": false,
          "_timeout": 2000
        },
        {
          "uuid": "66b49293-da72-41a2-ab62-3cb36ddd2c27",
          "title": "multi command test",
          "fullFile": "/home/lane/git/unit-redis-ness/test/resp/command/multi-command.test.ts",
          "file": "/test/resp/command/multi-command.test.ts",
          "beforeHooks": [
            {
              "title": "\"before all\" hook in \"multi command test\"",
              "fullTitle": "multi command test \"before all\" hook in \"multi command test\"",
              "timedOut": false,
              "duration": 2,
              "state": null,
              "speed": null,
              "pass": false,
              "fail": false,
              "pending": false,
              "context": null,
              "code": "respServer = new resp_server_1.RespServer();\nrespServer.on(\"ready\", () => {\n    done();\n});\nrespServer.start();",
              "err": {},
              "uuid": "b4a10af0-a2a9-44b4-8981-845a038ba3fb",
              "parentUUID": "66b49293-da72-41a2-ab62-3cb36ddd2c27",
              "isHook": true,
              "skipped": false
            },
            {
              "title": "\"before each\" hook in \"multi command test\"",
              "fullTitle": "multi command test \"before each\" hook in \"multi command test\"",
              "timedOut": false,
              "duration": 0,
              "state": null,
              "speed": null,
              "pass": false,
              "fail": false,
              "pending": false,
              "context": null,
              "code": "sinon.createSandbox();",
              "err": {},
              "uuid": "33aa5ef2-38d7-4d63-821b-799dae122ada",
              "parentUUID": "66b49293-da72-41a2-ab62-3cb36ddd2c27",
              "isHook": true,
              "skipped": false
            }
          ],
          "afterHooks": [
            {
              "title": "\"after all\" hook in \"multi command test\"",
              "fullTitle": "multi command test \"after all\" hook in \"multi command test\"",
              "timedOut": false,
              "duration": 0,
              "state": null,
              "speed": null,
              "pass": false,
              "fail": false,
              "pending": false,
              "context": null,
              "code": "__awaiter(void 0, void 0, void 0, function* () {\n        yield respServer.stop();\n    })",
              "err": {},
              "uuid": "367cc03f-7a21-4b87-9291-afca54044ee4",
              "parentUUID": "66b49293-da72-41a2-ab62-3cb36ddd2c27",
              "isHook": true,
              "skipped": false
            },
            {
              "title": "\"after each\" hook in \"multi command test\"",
              "fullTitle": "multi command test \"after each\" hook in \"multi command test\"",
              "timedOut": false,
              "duration": 0,
              "state": null,
              "speed": null,
              "pass": false,
              "fail": false,
              "pending": false,
              "context": null,
              "code": "sinon.restore();",
              "err": {},
              "uuid": "e696b112-8227-4eec-9b73-f2e168dca48b",
              "parentUUID": "66b49293-da72-41a2-ab62-3cb36ddd2c27",
              "isHook": true,
              "skipped": false
            }
          ],
          "tests": [
            {
              "title": "should not allow nested MULTI invocations",
              "fullTitle": "multi command test should not allow nested MULTI invocations",
              "timedOut": false,
              "duration": 1,
              "state": "passed",
              "speed": "fast",
              "pass": true,
              "fail": false,
              "pending": false,
              "context": null,
              "code": "__awaiter(void 0, void 0, void 0, function* () {\n        response = yield (0, common_test_1.sendCommand)(client, [\"multi\"]);\n        (0, chai_1.expect)(response).to.equal(\"OK\");\n        response = yield (0, common_test_1.sendCommand)(client, [\"multi\"]);\n        (0, chai_1.expect)(response).to.equal(\"ReplyError: ERR MULTI calls can not be nested\");\n    })",
              "err": {},
              "uuid": "d65c3738-4b0b-4b73-9d68-a24aafa453cb",
              "parentUUID": "66b49293-da72-41a2-ab62-3cb36ddd2c27",
              "isHook": false,
              "skipped": false
            },
            {
              "title": "should respect the DISCARD command",
              "fullTitle": "multi command test should respect the DISCARD command",
              "timedOut": false,
              "duration": 1,
              "state": "passed",
              "speed": "fast",
              "pass": true,
              "fail": false,
              "pending": false,
              "context": null,
              "code": "__awaiter(void 0, void 0, void 0, function* () {\n        response = yield (0, common_test_1.sendCommand)(client, [\"discard\"]);\n        (0, chai_1.expect)(response).to.equal(\"OK\");\n    })",
              "err": {},
              "uuid": "f84f0069-3262-44e7-92a1-ffb2efc2417e",
              "parentUUID": "66b49293-da72-41a2-ab62-3cb36ddd2c27",
              "isHook": false,
              "skipped": false
            },
            {
              "title": "should not allow DISCARD without MULTI",
              "fullTitle": "multi command test should not allow DISCARD without MULTI",
              "timedOut": false,
              "duration": 0,
              "state": "passed",
              "speed": "fast",
              "pass": true,
              "fail": false,
              "pending": false,
              "context": null,
              "code": "__awaiter(void 0, void 0, void 0, function* () {\n        response = yield (0, common_test_1.sendCommand)(client, [\"discard\"]);\n        (0, chai_1.expect)(response).to.equal(\"ReplyError: ERR DISCARD without MULTI\");\n    })",
              "err": {},
              "uuid": "b3024001-3f75-4110-970f-1fc7df202ebb",
              "parentUUID": "66b49293-da72-41a2-ab62-3cb36ddd2c27",
              "isHook": false,
              "skipped": false
            },
            {
              "title": "should continue to validate commands after MULTI",
              "fullTitle": "multi command test should continue to validate commands after MULTI",
              "timedOut": false,
              "duration": 1,
              "state": "passed",
              "speed": "fast",
              "pass": true,
              "fail": false,
              "pending": false,
              "context": null,
              "code": "__awaiter(void 0, void 0, void 0, function* () {\n        response = yield (0, common_test_1.sendCommand)(client, [\"multi\"]);\n        (0, chai_1.expect)(response).to.equal(\"OK\");\n        response = yield (0, common_test_1.sendCommand)(client, [\n            \"unknown\",\n            \"command\"\n        ]);\n        (0, chai_1.expect)(response).to.equal(\"ReplyError: ERR unknown command `unknown`, with args beginning with: `command`, \", `${response}`);\n        response = yield (0, common_test_1.sendCommand)(client, [\n            \"lpush\",\n            \"test\",\n            \"one\",\n            \"two\",\n            \"three\"\n        ]);\n        (0, chai_1.expect)(response).to.equal(\"QUEUED\");\n    })",
              "err": {},
              "uuid": "8f672a2a-2957-4d06-a277-3092d23a69ca",
              "parentUUID": "66b49293-da72-41a2-ab62-3cb36ddd2c27",
              "isHook": false,
              "skipped": false
            },
            {
              "title": "should EXECABORT from a previous error",
              "fullTitle": "multi command test should EXECABORT from a previous error",
              "timedOut": false,
              "duration": 0,
              "state": "passed",
              "speed": "fast",
              "pass": true,
              "fail": false,
              "pending": false,
              "context": null,
              "code": "__awaiter(void 0, void 0, void 0, function* () {\n        response = yield (0, common_test_1.sendCommand)(client, [\"exec\"]);\n        (0, chai_1.expect)(response).to.equal(\"ReplyError: EXECABORT Transaction discarded because of previous errors.\");\n    })",
              "err": {},
              "uuid": "62ed62a3-bc64-40fc-ac0a-88c43da28f79",
              "parentUUID": "66b49293-da72-41a2-ab62-3cb36ddd2c27",
              "isHook": false,
              "skipped": false
            },
            {
              "title": "should queue a set of commands when there is no intervening error",
              "fullTitle": "multi command test should queue a set of commands when there is no intervening error",
              "timedOut": false,
              "duration": 2,
              "state": "passed",
              "speed": "fast",
              "pass": true,
              "fail": false,
              "pending": false,
              "context": null,
              "code": "__awaiter(void 0, void 0, void 0, function* () {\n        response = yield (0, common_test_1.sendCommand)(client, [\"multi\"]);\n        (0, chai_1.expect)(response).to.equal(\"OK\");\n        response = yield (0, common_test_1.sendCommand)(client, [\n            \"lpush\",\n            \"test\",\n            \"one\",\n            \"two\",\n            \"three\"\n        ]);\n        (0, chai_1.expect)(response).to.equal(\"QUEUED\");\n        response = yield (0, common_test_1.sendCommand)(client, [\"exec\"]);\n        (0, chai_1.expect)(response).to.eql([3]);\n    })",
              "err": {},
              "uuid": "8cbc9524-6ae9-488b-997c-dbab84abb924",
              "parentUUID": "66b49293-da72-41a2-ab62-3cb36ddd2c27",
              "isHook": false,
              "skipped": false
            },
            {
              "title": "should reset transaction state after executing commands",
              "fullTitle": "multi command test should reset transaction state after executing commands",
              "timedOut": false,
              "duration": 0,
              "state": "passed",
              "speed": "fast",
              "pass": true,
              "fail": false,
              "pending": false,
              "context": null,
              "code": "__awaiter(void 0, void 0, void 0, function* () {\n        response = yield (0, common_test_1.sendCommand)(client, [\"multi\"]);\n        (0, chai_1.expect)(response).to.equal(\"OK\");\n        response = yield (0, common_test_1.sendCommand)(client, [\"discard\"]);\n        (0, chai_1.expect)(response).to.equal(\"OK\");\n    })",
              "err": {},
              "uuid": "2f511224-4bf3-4fcc-8325-dc3b009640b6",
              "parentUUID": "66b49293-da72-41a2-ab62-3cb36ddd2c27",
              "isHook": false,
              "skipped": false
            },
            {
              "title": "should return the results of multiple commands in the order provided",
              "fullTitle": "multi command test should return the results of multiple commands in the order provided",
              "timedOut": false,
              "duration": 4,
              "state": "passed",
              "speed": "fast",
              "pass": true,
              "fail": false,
              "pending": false,
              "context": null,
              "code": "__awaiter(void 0, void 0, void 0, function* () {\n        response = yield (0, common_test_1.sendCommand)(client, [\"multi\"]);\n        (0, chai_1.expect)(response).to.equal(\"OK\");\n        response = yield (0, common_test_1.sendCommand)(client, [\n            \"lpop\",\n            \"test\"\n        ]);\n        (0, chai_1.expect)(response).to.equal(\"QUEUED\");\n        response = yield (0, common_test_1.sendCommand)(client, [\n            \"lpop\",\n            \"test\"\n        ]);\n        (0, chai_1.expect)(response).to.equal(\"QUEUED\");\n        response = yield (0, common_test_1.sendCommand)(client, [\n            \"brpoplpush\",\n            \"test\",\n            \"dest\",\n            \"0\"\n        ]);\n        (0, chai_1.expect)(response).to.equal(\"QUEUED\");\n        response = yield (0, common_test_1.sendCommand)(client, [\"exec\"]);\n        (0, chai_1.expect)(response).to.eql([\n            \"three\",\n            \"two\",\n            \"one\"\n        ]);\n        response = yield (0, common_test_1.sendCommand)(client, [\n            \"exists\",\n            \"test\"\n        ]);\n        (0, chai_1.expect)(response).to.equal(0);\n        response = yield (0, common_test_1.sendCommand)(client, [\n            \"exists\",\n            \"dest\"\n        ]);\n        (0, chai_1.expect)(response).to.equal(1);\n    })",
              "err": {},
              "uuid": "97b07cc4-dbe8-4e38-9b58-f3b0c60ff76e",
              "parentUUID": "66b49293-da72-41a2-ab62-3cb36ddd2c27",
              "isHook": false,
              "skipped": false
            },
            {
              "title": "should validate the behavior of brpoplpush",
              "fullTitle": "multi command test should validate the behavior of brpoplpush",
              "timedOut": false,
              "duration": 2,
              "state": "passed",
              "speed": "fast",
              "pass": true,
              "fail": false,
              "pending": false,
              "context": null,
              "code": "__awaiter(void 0, void 0, void 0, function* () {\n        response = yield (0, common_test_1.sendCommand)(client, [\"flushall\"]);\n        (0, chai_1.expect)(response).to.equal(\"OK\");\n        response = yield (0, common_test_1.sendCommand)(client, [\n            \"lpush\",\n            \"test\",\n            \"one\",\n            \"two\",\n            \"three\"\n        ]);\n        (0, chai_1.expect)(response).to.equal(3);\n        response = yield (0, common_test_1.sendCommand)(client, [\n            \"lpop\",\n            \"test\"\n        ]);\n        (0, chai_1.expect)(response).to.equal(\"three\");\n        response = yield (0, common_test_1.sendCommand)(client, [\n            \"lpop\",\n            \"test\"\n        ]);\n        (0, chai_1.expect)(response).to.equal(\"two\");\n        response = yield (0, common_test_1.sendCommand)(client, [\n            \"brpoplpush\",\n            \"test\",\n            \"dest\",\n            \"0\"\n        ]);\n        (0, chai_1.expect)(response).to.equal(\"one\");\n    })",
              "err": {},
              "uuid": "f2926fd4-6dc7-4529-aaa4-08df11ec6194",
              "parentUUID": "66b49293-da72-41a2-ab62-3cb36ddd2c27",
              "isHook": false,
              "skipped": false
            },
            {
              "title": "should fail when EXEC issued without MULTI",
              "fullTitle": "multi command test should fail when EXEC issued without MULTI",
              "timedOut": false,
              "duration": 0,
              "state": "passed",
              "speed": "fast",
              "pass": true,
              "fail": false,
              "pending": false,
              "context": null,
              "code": "__awaiter(void 0, void 0, void 0, function* () {\n        response = yield (0, common_test_1.sendCommand)(client, [\"exec\"]);\n        (0, chai_1.expect)(response).to.equal(\"ReplyError: ERR EXEC without MULTI\");\n    })",
              "err": {},
              "uuid": "3716c907-8c53-41de-94c0-8e8d05e7e5d1",
              "parentUUID": "66b49293-da72-41a2-ab62-3cb36ddd2c27",
              "isHook": false,
              "skipped": false
            }
          ],
          "suites": [],
          "passes": [
            "d65c3738-4b0b-4b73-9d68-a24aafa453cb",
            "f84f0069-3262-44e7-92a1-ffb2efc2417e",
            "b3024001-3f75-4110-970f-1fc7df202ebb",
            "8f672a2a-2957-4d06-a277-3092d23a69ca",
            "62ed62a3-bc64-40fc-ac0a-88c43da28f79",
            "8cbc9524-6ae9-488b-997c-dbab84abb924",
            "2f511224-4bf3-4fcc-8325-dc3b009640b6",
            "97b07cc4-dbe8-4e38-9b58-f3b0c60ff76e",
            "f2926fd4-6dc7-4529-aaa4-08df11ec6194",
            "3716c907-8c53-41de-94c0-8e8d05e7e5d1"
          ],
          "failures": [],
          "pending": [],
          "skipped": [],
          "duration": 11,
          "root": false,
          "rootEmpty": false,
          "_timeout": 2000
        },
        {
          "uuid": "89a78293-8c8f-418a-a99b-5b1bbbe90dad",
          "title": "script-command test",
          "fullFile": "/home/lane/git/unit-redis-ness/test/resp/command/script-command.test.ts",
          "file": "/test/resp/command/script-command.test.ts",
          "beforeHooks": [
            {
              "title": "\"before all\" hook in \"script-command test\"",
              "fullTitle": "script-command test \"before all\" hook in \"script-command test\"",
              "timedOut": false,
              "duration": 3,
              "state": null,
              "speed": null,
              "pass": false,
              "fail": false,
              "pending": false,
              "context": null,
              "code": "respServer = new resp_server_1.RespServer();\nrespServer.on(\"ready\", () => __awaiter(void 0, void 0, void 0, function* () {\n    yield (0, common_test_1.sendCommand)(client, [\"flushall\"]);\n    yield (0, common_test_1.sendCommand)(client, [\n        \"select\",\n        \"0\"\n    ]);\n    yield (0, common_test_1.sendCommand)(client, [\n        \"script\",\n        \"flush\"\n    ]);\n    done();\n}));\nrespServer.start();",
              "err": {},
              "uuid": "c1e69199-03db-4087-93a2-6ad9bc910f0a",
              "parentUUID": "89a78293-8c8f-418a-a99b-5b1bbbe90dad",
              "isHook": true,
              "skipped": false
            },
            {
              "title": "\"before each\" hook in \"script-command test\"",
              "fullTitle": "script-command test \"before each\" hook in \"script-command test\"",
              "timedOut": false,
              "duration": 0,
              "state": null,
              "speed": null,
              "pass": false,
              "fail": false,
              "pending": false,
              "context": null,
              "code": "sinon.createSandbox();",
              "err": {},
              "uuid": "0b320c76-ad57-4007-8fcb-0fc88ba67f16",
              "parentUUID": "89a78293-8c8f-418a-a99b-5b1bbbe90dad",
              "isHook": true,
              "skipped": false
            }
          ],
          "afterHooks": [
            {
              "title": "\"after all\" hook in \"script-command test\"",
              "fullTitle": "script-command test \"after all\" hook in \"script-command test\"",
              "timedOut": false,
              "duration": 0,
              "state": null,
              "speed": null,
              "pass": false,
              "fail": false,
              "pending": false,
              "context": null,
              "code": "__awaiter(void 0, void 0, void 0, function* () {\n        yield respServer.stop();\n    })",
              "err": {},
              "uuid": "2e20d3f3-381f-413a-9b2e-11eae80061a4",
              "parentUUID": "89a78293-8c8f-418a-a99b-5b1bbbe90dad",
              "isHook": true,
              "skipped": false
            },
            {
              "title": "\"after each\" hook in \"script-command test\"",
              "fullTitle": "script-command test \"after each\" hook in \"script-command test\"",
              "timedOut": false,
              "duration": 0,
              "state": null,
              "speed": null,
              "pass": false,
              "fail": false,
              "pending": false,
              "context": null,
              "code": "sinon.restore();",
              "err": {},
              "uuid": "8d05afac-eb58-456e-b93b-032d7b04d348",
              "parentUUID": "89a78293-8c8f-418a-a99b-5b1bbbe90dad",
              "isHook": true,
              "skipped": false
            }
          ],
          "tests": [
            {
              "title": "should calcuclate the correct sha1 of a script and store the script",
              "fullTitle": "script-command test should calcuclate the correct sha1 of a script and store the script",
              "timedOut": false,
              "duration": 10,
              "state": "passed",
              "speed": "fast",
              "pass": true,
              "fail": false,
              "pending": false,
              "context": null,
              "code": "__awaiter(void 0, void 0, void 0, function* () {\n        response = yield (0, common_test_1.sendCommand)(client, [\n            \"script\",\n            \"exists\",\n            sha1\n        ]);\n        (0, chai_1.expect)(response).to.eql([0]);\n        // Validate failure on unparseable script\n        response = yield (0, common_test_1.sendCommand)(client, [\n            \"script\",\n            \"load\",\n            code\n        ]);\n        (0, chai_1.expect)(response).to.match(/ReplyError: ERR .*/);\n        // Validate success on parseable script\n        response = yield (0, common_test_1.sendCommand)(client, [\n            \"script\",\n            \"load\",\n            `${code}}`\n        ]);\n        (0, chai_1.expect)(response).to.equal(sha1);\n        // Validate a script is persisted\n        response = yield (0, common_test_1.sendCommand)(client, [\n            \"script\",\n            \"exists\",\n            sha1\n        ]);\n        (0, chai_1.expect)(response).to.eql([1]);\n        // Validate response to unknown sub command\n        response = yield (0, common_test_1.sendCommand)(client, [\n            \"script\",\n            \"test\",\n            sha1\n        ]);\n        (0, chai_1.expect)(response).to.equal(\"ReplyError: ERR Unknown subcommand or wrong number of arguments for 'test'. Try SCRIPT HELP.\");\n    })",
              "err": {},
              "uuid": "83e0401e-4b01-4e2e-b0ae-bb931f3025bc",
              "parentUUID": "89a78293-8c8f-418a-a99b-5b1bbbe90dad",
              "isHook": false,
              "skipped": false
            },
            {
              "title": "should evaluate a loaded lua script using evalsha",
              "fullTitle": "script-command test should evaluate a loaded lua script using evalsha",
              "timedOut": false,
              "duration": 2,
              "state": "passed",
              "speed": "fast",
              "pass": true,
              "fail": false,
              "pending": false,
              "context": null,
              "code": "__awaiter(void 0, void 0, void 0, function* () {\n        // Validate that NOSCRIPT is triggered\n        response = yield (0, common_test_1.sendCommand)(client, [\n            \"evalsha\",\n            `${sha1}xx`,\n            \"2\",\n            \"key1\",\n            \"key2\",\n            \"first\",\n            \"second\"\n        ]);\n        (0, chai_1.expect)(response).to.equal(\"ReplyError: NOSCRIPT No matching script. Please use EVAL.\");\n        // Validate that param 1 cannot be negative\n        response = yield (0, common_test_1.sendCommand)(client, [\n            \"evalsha\",\n            sha1,\n            \"-2\",\n            \"key1\",\n            \"key2\",\n            \"first\",\n            \"second\"\n        ]);\n        (0, chai_1.expect)(response).to.equal(\"ReplyError: ERR Number of keys can't be negative\");\n        // Validate that param 1 cannot be text\n        response = yield (0, common_test_1.sendCommand)(client, [\n            \"evalsha\",\n            sha1,\n            \"two\",\n            \"key1\",\n            \"key2\",\n            \"first\",\n            \"second\"\n        ]);\n        (0, chai_1.expect)(response).to.equal(\"ReplyError: ERR value is not an integer or out of range\");\n    })",
              "err": {},
              "uuid": "0e27da3f-58d2-4fff-9ff3-10631fb96a90",
              "parentUUID": "89a78293-8c8f-418a-a99b-5b1bbbe90dad",
              "isHook": false,
              "skipped": false
            },
            {
              "title": "should execute a simple script",
              "fullTitle": "script-command test should execute a simple script",
              "timedOut": false,
              "duration": 5,
              "state": "passed",
              "speed": "fast",
              "pass": true,
              "fail": false,
              "pending": false,
              "context": null,
              "code": "__awaiter(void 0, void 0, void 0, function* () {\n        // Validate that a simple script can be processed\n        response = yield (0, common_test_1.sendCommand)(client, [\n            \"EVAL\",\n            \"local val=\\\"Hello Compose\\\" return val\",\n            \"0\"\n        ]);\n        (0, chai_1.expect)(response).to.equal(\"Hello Compose\");\n    })",
              "err": {},
              "uuid": "7332a255-0710-4a5f-b7a8-16e5e6365e51",
              "parentUUID": "89a78293-8c8f-418a-a99b-5b1bbbe90dad",
              "isHook": false,
              "skipped": false
            },
            {
              "title": "should create and process the ARGV table",
              "fullTitle": "script-command test should create and process the ARGV table",
              "timedOut": false,
              "duration": 3,
              "state": "passed",
              "speed": "fast",
              "pass": true,
              "fail": false,
              "pending": false,
              "context": null,
              "code": "__awaiter(void 0, void 0, void 0, function* () {\n        response = yield (0, common_test_1.sendCommand)(client, [\n            \"eval\",\n            \"return ARGV[2]\",\n            \"2\",\n            \"key1\",\n            \"key2\",\n            \"first\",\n            \"second\"\n        ]);\n        (0, chai_1.expect)(response).to.eql(\"second\");\n    })",
              "err": {},
              "uuid": "cd00efba-4ae7-41a8-8fba-cf72ef7ab400",
              "parentUUID": "89a78293-8c8f-418a-a99b-5b1bbbe90dad",
              "isHook": false,
              "skipped": false
            },
            {
              "title": "should create and process the KEYS table",
              "fullTitle": "script-command test should create and process the KEYS table",
              "timedOut": false,
              "duration": 3,
              "state": "passed",
              "speed": "fast",
              "pass": true,
              "fail": false,
              "pending": false,
              "context": null,
              "code": "__awaiter(void 0, void 0, void 0, function* () {\n        response = yield (0, common_test_1.sendCommand)(client, [\n            \"eval\",\n            \"return KEYS[1]\",\n            \"2\",\n            \"key1\",\n            \"key2\",\n            \"first\",\n            \"second\"\n        ]);\n        (0, chai_1.expect)(response).to.equal(\"key1\");\n    })",
              "err": {},
              "uuid": "ad4b3737-4714-4d45-bf3e-49bf30ea1358",
              "parentUUID": "89a78293-8c8f-418a-a99b-5b1bbbe90dad",
              "isHook": false,
              "skipped": false
            },
            {
              "title": "should return a NUMBER when required",
              "fullTitle": "script-command test should return a NUMBER when required",
              "timedOut": false,
              "duration": 2,
              "state": "passed",
              "speed": "fast",
              "pass": true,
              "fail": false,
              "pending": false,
              "context": null,
              "code": "__awaiter(void 0, void 0, void 0, function* () {\n        response = yield (0, common_test_1.sendCommand)(client, [\n            \"eval\",\n            \"return 123\",\n            \"2\",\n            \"key1\",\n            \"key2\",\n            \"first\",\n            \"second\"\n        ]);\n        (0, chai_1.expect)(response).to.equal(123);\n    })",
              "err": {},
              "uuid": "5bebb01b-52a9-4895-b55f-23f4bd6bdbbf",
              "parentUUID": "89a78293-8c8f-418a-a99b-5b1bbbe90dad",
              "isHook": false,
              "skipped": false
            },
            {
              "title": "should return NIL when there is no return value",
              "fullTitle": "script-command test should return NIL when there is no return value",
              "timedOut": false,
              "duration": 2,
              "state": "passed",
              "speed": "fast",
              "pass": true,
              "fail": false,
              "pending": false,
              "context": null,
              "code": "__awaiter(void 0, void 0, void 0, function* () {\n        response = yield (0, common_test_1.sendCommand)(client, [\n            \"eval\",\n            \"print \\\"Hello World\\\"\",\n            \"0\"\n        ]);\n        (0, chai_1.expect)(response).to.equal(null);\n    })",
              "err": {},
              "uuid": "306a7f90-cbfc-4047-9338-8916bb73890c",
              "parentUUID": "89a78293-8c8f-418a-a99b-5b1bbbe90dad",
              "isHook": false,
              "skipped": false
            },
            {
              "title": "should return a TABLE when required",
              "fullTitle": "script-command test should return a TABLE when required",
              "timedOut": false,
              "duration": 4,
              "state": "passed",
              "speed": "fast",
              "pass": true,
              "fail": false,
              "pending": false,
              "context": null,
              "code": "__awaiter(void 0, void 0, void 0, function* () {\n        response = yield (0, common_test_1.sendCommand)(client, [\n            \"eval\",\n            \"return ARGV\",\n            \"2\",\n            \"key1\",\n            \"key2\",\n            \"first\",\n            \"second\",\n            \"third\"\n        ]);\n        (0, chai_1.expect)(response).to.eql([\n            \"first\",\n            \"second\",\n            \"third\"\n        ]);\n    })",
              "err": {},
              "uuid": "dd81e274-6ef2-4355-9125-ec165de9694b",
              "parentUUID": "89a78293-8c8f-418a-a99b-5b1bbbe90dad",
              "isHook": false,
              "skipped": false
            },
            {
              "title": "should return items in order",
              "fullTitle": "script-command test should return items in order",
              "timedOut": false,
              "duration": 4,
              "state": "passed",
              "speed": "fast",
              "pass": true,
              "fail": false,
              "pending": false,
              "context": null,
              "code": "__awaiter(void 0, void 0, void 0, function* () {\n        response = yield (0, common_test_1.sendCommand)(client, [\n            \"eval\",\n            \"return {true, \\\"test\\\", false, 10, 10.2}\",\n            \"0\"\n        ]);\n        (0, chai_1.expect)(response).to.eql([\n            1,\n            \"test\",\n            null,\n            10,\n            10\n        ]);\n    })",
              "err": {},
              "uuid": "63e3c822-b702-4051-bbf1-e48b51315f0e",
              "parentUUID": "89a78293-8c8f-418a-a99b-5b1bbbe90dad",
              "isHook": false,
              "skipped": false
            },
            {
              "title": "should return integer and nil for true and false, respectively",
              "fullTitle": "script-command test should return integer and nil for true and false, respectively",
              "timedOut": false,
              "duration": 2,
              "state": "passed",
              "speed": "fast",
              "pass": true,
              "fail": false,
              "pending": false,
              "context": null,
              "code": "__awaiter(void 0, void 0, void 0, function* () {\n        response = yield (0, common_test_1.sendCommand)(client, [\n            \"eval\",\n            \"return { true, false, false}\",\n            \"0\"\n        ]);\n        (0, chai_1.expect)(response).to.eql([\n            1,\n            null,\n            null\n        ]);\n    })",
              "err": {},
              "uuid": "53e9b6a1-ad7b-48f7-ba22-febc8582930d",
              "parentUUID": "89a78293-8c8f-418a-a99b-5b1bbbe90dad",
              "isHook": false,
              "skipped": false
            },
            {
              "title": "should be able to execute a representative BULL script",
              "fullTitle": "script-command test should be able to execute a representative BULL script",
              "timedOut": false,
              "duration": 0,
              "state": "pending",
              "speed": null,
              "pass": false,
              "fail": false,
              "pending": true,
              "context": null,
              "code": "",
              "err": {},
              "uuid": "60b92a4b-6a28-4382-b845-540d5da4e107",
              "parentUUID": "89a78293-8c8f-418a-a99b-5b1bbbe90dad",
              "isHook": false,
              "skipped": false
            },
            {
              "title": "should fail when we attempt to EVAL an invalid script",
              "fullTitle": "script-command test should fail when we attempt to EVAL an invalid script",
              "timedOut": false,
              "duration": 1,
              "state": "passed",
              "speed": "fast",
              "pass": true,
              "fail": false,
              "pending": false,
              "context": null,
              "code": "__awaiter(void 0, void 0, void 0, function* () {\n        response = yield (0, common_test_1.sendCommand)(client, [\n            \"eval\",\n            \"-- Invalid\\r\\nscript\"\n        ]);\n        // Validated against redis\n        (0, chai_1.expect)(response).to.equal(\"ReplyError: ERR wrong number of arguments for 'eval' command\");\n    })",
              "err": {},
              "uuid": "32fc7531-ce9b-4ead-b915-feef488e18c4",
              "parentUUID": "89a78293-8c8f-418a-a99b-5b1bbbe90dad",
              "isHook": false,
              "skipped": false
            },
            {
              "title": "should be able to return a NULL value from a lua script",
              "fullTitle": "script-command test should be able to return a NULL value from a lua script",
              "timedOut": false,
              "duration": 3,
              "state": "passed",
              "speed": "fast",
              "pass": true,
              "fail": false,
              "pending": false,
              "context": null,
              "code": "__awaiter(void 0, void 0, void 0, function* () {\n        response = yield (0, common_test_1.sendCommand)(client, [\n            \"eval\",\n            \"local val = nil return val\",\n            \"0\"\n        ]);\n        (0, chai_1.expect)(response).to.equal(null);\n    })",
              "err": {},
              "uuid": "e2ad6271-7c52-4f1f-9160-29bccc0a4f24",
              "parentUUID": "89a78293-8c8f-418a-a99b-5b1bbbe90dad",
              "isHook": false,
              "skipped": false
            },
            {
              "title": "should not return table values after the first NIL is encountered and return integers not floats",
              "fullTitle": "script-command test should not return table values after the first NIL is encountered and return integers not floats",
              "timedOut": false,
              "duration": 0,
              "state": "pending",
              "speed": null,
              "pass": false,
              "fail": false,
              "pending": true,
              "context": null,
              "code": "",
              "err": {},
              "uuid": "ad2d2c2e-fe7b-4511-b654-461c31c2caf2",
              "parentUUID": "89a78293-8c8f-418a-a99b-5b1bbbe90dad",
              "isHook": false,
              "skipped": false
            },
            {
              "title": "should return a table with embedded calls to redis",
              "fullTitle": "script-command test should return a table with embedded calls to redis",
              "timedOut": false,
              "duration": 5,
              "state": "passed",
              "speed": "fast",
              "pass": true,
              "fail": false,
              "pending": false,
              "context": null,
              "code": "__awaiter(void 0, void 0, void 0, function* () {\n        response = yield (0, common_test_1.sendCommand)(client, [\"flushall\"]);\n        (0, chai_1.expect)(response).to.equal(\"OK\");\n        response = yield (0, common_test_1.sendCommand)(client, [\n            \"hset\",\n            embeddedkey,\n            \"one\",\n            \"1\",\n            \"two\",\n            \"2\",\n            \"three\",\n            \"3\"\n        ]);\n        (0, chai_1.expect)(response).to.equal(3);\n        response = yield (0, common_test_1.sendCommand)(client, [\n            \"hgetall\",\n            embeddedkey\n        ]);\n        (0, chai_1.expect)(response).to.eql([\n            \"one\",\n            \"1\",\n            \"two\",\n            \"2\",\n            \"three\",\n            \"3\"\n        ]);\n        response = yield (0, common_test_1.sendCommand)(client, [\n            \"eval\",\n            `local j = redis.call(\"HGETALL\", \"${embeddedkey}\") return { j, \"SAMPLE\" }`,\n            \"0\"\n        ]);\n        // Validated with redis\n        (0, chai_1.expect)(response).to.eql([\n            \"SAMPLE\",\n            [\n                \"one\",\n                \"1\",\n                \"two\",\n                \"2\",\n                \"three\",\n                \"3\"\n            ]\n        ]);\n    })",
              "err": {},
              "uuid": "9ad104e6-0075-4758-ad1a-94180fd0d84d",
              "parentUUID": "89a78293-8c8f-418a-a99b-5b1bbbe90dad",
              "isHook": false,
              "skipped": false
            },
            {
              "title": "should support the unpack lua command",
              "fullTitle": "script-command test should support the unpack lua command",
              "timedOut": false,
              "duration": 5,
              "state": "passed",
              "speed": "fast",
              "pass": true,
              "fail": false,
              "pending": false,
              "context": null,
              "code": "__awaiter(void 0, void 0, void 0, function* () {\n        response = yield (0, common_test_1.sendCommand)(client, [\"flushall\"]);\n        (0, chai_1.expect)(response).to.equal(\"OK\");\n        response = yield (0, common_test_1.sendCommand)(client, [\n            \"hset\",\n            embeddedkey,\n            \"one\",\n            \"1\",\n            \"two\",\n            \"2\",\n            \"three\",\n            \"3\"\n        ]);\n        (0, chai_1.expect)(response).to.equal(3);\n        response = yield (0, common_test_1.sendCommand)(client, [\n            \"eval\",\n            `return { unpack(redis.call(\"hgetall\", \"${embeddedkey}\")) }`,\n            \"0\"\n        ]);\n        (0, chai_1.expect)(response).to.eql([\n            \"one\",\n            \"1\",\n            \"two\",\n            \"2\",\n            \"three\",\n            \"3\"\n        ]);\n    })",
              "err": {},
              "uuid": "7bdb19fa-77f4-45ed-8b6e-4970d4f86d8c",
              "parentUUID": "89a78293-8c8f-418a-a99b-5b1bbbe90dad",
              "isHook": false,
              "skipped": false
            },
            {
              "title": "should convert values properly",
              "fullTitle": "script-command test should convert values properly",
              "timedOut": false,
              "duration": 3,
              "state": "passed",
              "speed": "fast",
              "pass": true,
              "fail": false,
              "pending": false,
              "context": null,
              "code": "__awaiter(void 0, void 0, void 0, function* () {\n        response = yield (0, common_test_1.sendCommand)(client, [\n            \"eval\",\n            \"return {1,2,{3,'Hello World!'}}\",\n            \"0\"\n        ]);\n        (0, chai_1.expect)(response).to.eql([\n            1,\n            2,\n            [\n                3,\n                \"Hello World!\"\n            ]\n        ]);\n    })",
              "err": {},
              "uuid": "50682d53-90cf-4260-9eeb-8ba00275b4f5",
              "parentUUID": "89a78293-8c8f-418a-a99b-5b1bbbe90dad",
              "isHook": false,
              "skipped": false
            },
            {
              "title": "should return embedded tables from embedded calls",
              "fullTitle": "script-command test should return embedded tables from embedded calls",
              "timedOut": false,
              "duration": 2,
              "state": "passed",
              "speed": "fast",
              "pass": true,
              "fail": false,
              "pending": false,
              "context": null,
              "code": "__awaiter(void 0, void 0, void 0, function* () {\n        response = yield (0, common_test_1.sendCommand)(client, [\n            \"eval\",\n            \"return {1,2,{3,bit.bxor(5,3)}}\",\n            \"0\"\n        ]);\n        (0, chai_1.expect)(response).to.eql([\n            1,\n            2,\n            [\n                3,\n                6\n            ]\n        ]);\n    })",
              "err": {},
              "uuid": "da75ed8d-bb64-41a0-969d-9c595a22f602",
              "parentUUID": "89a78293-8c8f-418a-a99b-5b1bbbe90dad",
              "isHook": false,
              "skipped": false
            }
          ],
          "suites": [],
          "passes": [
            "83e0401e-4b01-4e2e-b0ae-bb931f3025bc",
            "0e27da3f-58d2-4fff-9ff3-10631fb96a90",
            "7332a255-0710-4a5f-b7a8-16e5e6365e51",
            "cd00efba-4ae7-41a8-8fba-cf72ef7ab400",
            "ad4b3737-4714-4d45-bf3e-49bf30ea1358",
            "5bebb01b-52a9-4895-b55f-23f4bd6bdbbf",
            "306a7f90-cbfc-4047-9338-8916bb73890c",
            "dd81e274-6ef2-4355-9125-ec165de9694b",
            "63e3c822-b702-4051-bbf1-e48b51315f0e",
            "53e9b6a1-ad7b-48f7-ba22-febc8582930d",
            "32fc7531-ce9b-4ead-b915-feef488e18c4",
            "e2ad6271-7c52-4f1f-9160-29bccc0a4f24",
            "9ad104e6-0075-4758-ad1a-94180fd0d84d",
            "7bdb19fa-77f4-45ed-8b6e-4970d4f86d8c",
            "50682d53-90cf-4260-9eeb-8ba00275b4f5",
            "da75ed8d-bb64-41a0-969d-9c595a22f602"
          ],
          "failures": [],
          "pending": [
            "60b92a4b-6a28-4382-b845-540d5da4e107",
            "ad2d2c2e-fe7b-4511-b654-461c31c2caf2"
          ],
          "skipped": [],
          "duration": 56,
          "root": false,
          "rootEmpty": false,
          "_timeout": 2000
        },
        {
          "uuid": "b9ce06d7-321a-4ae0-8d75-c8806afbb059",
          "title": "data-type test",
          "fullFile": "/home/lane/git/unit-redis-ness/test/resp/data/data-type.test.ts",
          "file": "/test/resp/data/data-type.test.ts",
          "beforeHooks": [
            {
              "title": "\"before each\" hook in \"data-type test\"",
              "fullTitle": "data-type test \"before each\" hook in \"data-type test\"",
              "timedOut": false,
              "duration": 0,
              "state": null,
              "speed": null,
              "pass": false,
              "fail": false,
              "pending": false,
              "context": null,
              "code": "sinon.createSandbox();",
              "err": {},
              "uuid": "03927ae7-3e74-45e1-bb68-ca31a09ad5b4",
              "parentUUID": "b9ce06d7-321a-4ae0-8d75-c8806afbb059",
              "isHook": true,
              "skipped": false
            }
          ],
          "afterHooks": [
            {
              "title": "\"after all\" hook in \"data-type test\"",
              "fullTitle": "data-type test \"after all\" hook in \"data-type test\"",
              "timedOut": false,
              "duration": 0,
              "state": null,
              "speed": null,
              "pass": false,
              "fail": false,
              "pending": false,
              "context": null,
              "code": "__awaiter(void 0, void 0, void 0, function* () {\n    })",
              "err": {},
              "uuid": "6b03454c-8ed2-4805-833d-87e626add4fd",
              "parentUUID": "b9ce06d7-321a-4ae0-8d75-c8806afbb059",
              "isHook": true,
              "skipped": false
            },
            {
              "title": "\"after each\" hook in \"data-type test\"",
              "fullTitle": "data-type test \"after each\" hook in \"data-type test\"",
              "timedOut": false,
              "duration": 0,
              "state": null,
              "speed": null,
              "pass": false,
              "fail": false,
              "pending": false,
              "context": null,
              "code": "sinon.restore();",
              "err": {},
              "uuid": "7de1f3c5-32d7-4ac4-8431-1d7932f666ff",
              "parentUUID": "b9ce06d7-321a-4ae0-8d75-c8806afbb059",
              "isHook": true,
              "skipped": false
            }
          ],
          "tests": [
            {
              "title": "should enumerate data-types",
              "fullTitle": "data-type test should enumerate data-types",
              "timedOut": false,
              "duration": 0,
              "state": "passed",
              "speed": "fast",
              "pass": true,
              "fail": false,
              "pending": false,
              "context": null,
              "code": "__awaiter(void 0, void 0, void 0, function* () {\n        (0, chai_1.expect)(data_type_1.DataType.NONE).to.equal(\"none\");\n        (0, chai_1.expect)(data_type_1.DataType.STRING).to.equal(\"string\");\n        (0, chai_1.expect)(data_type_1.DataType.LIST).to.equal(\"list\");\n        (0, chai_1.expect)(data_type_1.DataType.SET).to.equal(\"set\");\n        (0, chai_1.expect)(data_type_1.DataType.ZSET).to.equal(\"zset\");\n        (0, chai_1.expect)(data_type_1.DataType.HASH).to.equal(\"hash\");\n        (0, chai_1.expect)(Object.keys(data_type_1.DataType).length).to.equal(6);\n    })",
              "err": {},
              "uuid": "be630a10-d046-43a0-95e9-f1b2cf665aa2",
              "parentUUID": "b9ce06d7-321a-4ae0-8d75-c8806afbb059",
              "isHook": false,
              "skipped": false
            }
          ],
          "suites": [],
          "passes": [
            "be630a10-d046-43a0-95e9-f1b2cf665aa2"
          ],
          "failures": [],
          "pending": [],
          "skipped": [],
          "duration": 0,
          "root": false,
          "rootEmpty": false,
          "_timeout": 2000
        },
        {
          "uuid": "8c3279f5-e8a2-43c9-88d2-ede77113dc84",
          "title": "sorted-set test",
          "fullFile": "/home/lane/git/unit-redis-ness/test/resp/data/sorted-set.test.ts",
          "file": "/test/resp/data/sorted-set.test.ts",
          "beforeHooks": [
            {
              "title": "\"before each\" hook in \"sorted-set test\"",
              "fullTitle": "sorted-set test \"before each\" hook in \"sorted-set test\"",
              "timedOut": false,
              "duration": 0,
              "state": null,
              "speed": null,
              "pass": false,
              "fail": false,
              "pending": false,
              "context": null,
              "code": "sinon.createSandbox();\nss = new sorted_set_1.SortedSet();\nz = new Z();",
              "err": {},
              "uuid": "85d37c27-45d8-428a-93b9-1cc46c87dac9",
              "parentUUID": "8c3279f5-e8a2-43c9-88d2-ede77113dc84",
              "isHook": true,
              "skipped": false
            }
          ],
          "afterHooks": [
            {
              "title": "\"after all\" hook in \"sorted-set test\"",
              "fullTitle": "sorted-set test \"after all\" hook in \"sorted-set test\"",
              "timedOut": false,
              "duration": 0,
              "state": null,
              "speed": null,
              "pass": false,
              "fail": false,
              "pending": false,
              "context": null,
              "code": "__awaiter(void 0, void 0, void 0, function* () {\n    })",
              "err": {},
              "uuid": "7ad2fd4f-a39e-4acf-939b-e0ffab326593",
              "parentUUID": "8c3279f5-e8a2-43c9-88d2-ede77113dc84",
              "isHook": true,
              "skipped": false
            },
            {
              "title": "\"after each\" hook in \"sorted-set test\"",
              "fullTitle": "sorted-set test \"after each\" hook in \"sorted-set test\"",
              "timedOut": false,
              "duration": 0,
              "state": null,
              "speed": null,
              "pass": false,
              "fail": false,
              "pending": false,
              "context": null,
              "code": "sinon.restore();",
              "err": {},
              "uuid": "55361e9e-ef25-474e-97bb-ceebf87f84ba",
              "parentUUID": "8c3279f5-e8a2-43c9-88d2-ede77113dc84",
              "isHook": true,
              "skipped": false
            }
          ],
          "tests": [
            {
              "title": "should instantiate",
              "fullTitle": "sorted-set test should instantiate",
              "timedOut": false,
              "duration": 0,
              "state": "passed",
              "speed": "fast",
              "pass": true,
              "fail": false,
              "pending": false,
              "context": null,
              "code": "__awaiter(void 0, void 0, void 0, function* () {\n        z = new Z();\n        (0, chai_1.expect)(z.constructor.name).to.equal(\"Z\");\n        ss = new sorted_set_1.SortedSet();\n        (0, chai_1.expect)(ss.constructor.name).to.equal(\"SortedSet\");\n    })",
              "err": {},
              "uuid": "79a1d257-8219-4e1e-967c-768d123802c3",
              "parentUUID": "8c3279f5-e8a2-43c9-88d2-ede77113dc84",
              "isHook": false,
              "skipped": false
            },
            {
              "title": "should add, get, and delete an entry",
              "fullTitle": "sorted-set test should add, get, and delete an entry",
              "timedOut": false,
              "duration": 0,
              "state": "passed",
              "speed": "fast",
              "pass": true,
              "fail": false,
              "pending": false,
              "context": null,
              "code": "__awaiter(void 0, void 0, void 0, function* () {\n        z = new Z();\n        ss = new sorted_set_1.SortedSet();\n        let added = z.add(\"test\", 1);\n        (0, chai_1.expect)(added).to.equal(null);\n        added = ss.add(\"test\", 1);\n        (0, chai_1.expect)(added).to.equal(null);\n        (0, chai_1.expect)(z.keys().length).to.equal(1);\n        (0, chai_1.expect)(ss.keys().length).to.equal(1);\n        let item = z.get(\"test\");\n        (0, chai_1.expect)(item.constructor.name).to.equal(\"Number\");\n        item = ss.get(\"test\");\n        (0, chai_1.expect)(item.constructor.name).to.equal(\"Number\");\n        z.del(\"test\");\n        (0, chai_1.expect)(z.keys().length).to.equal(0);\n        ss.del(\"test\");\n        (0, chai_1.expect)(ss.keys().length).to.equal(0);\n    })",
              "err": {},
              "uuid": "16c32d76-0e4d-4df3-a509-24eadc9daad3",
              "parentUUID": "8c3279f5-e8a2-43c9-88d2-ede77113dc84",
              "isHook": false,
              "skipped": false
            },
            {
              "title": "should throw when attempting to add __proto__ key",
              "fullTitle": "sorted-set test should throw when attempting to add __proto__ key",
              "timedOut": false,
              "duration": 1,
              "state": "passed",
              "speed": "fast",
              "pass": true,
              "fail": false,
              "pending": false,
              "context": null,
              "code": "__awaiter(void 0, void 0, void 0, function* () {\n        z = new Z();\n        ss = new sorted_set_1.SortedSet();\n        (0, chai_1.expect)(() => {\n            z.add(\"__proto__\", 0);\n        }).to.throw();\n        /*\n         * Expect(() => {\n         *   ss.add('__proto__', 0)\n         * }).to.throw();\n         */\n    })",
              "err": {},
              "uuid": "82c47cee-c575-4e2a-b7f3-b4475bd00b20",
              "parentUUID": "8c3279f5-e8a2-43c9-88d2-ede77113dc84",
              "isHook": false,
              "skipped": false
            },
            {
              "title": "should not add an undefined or null score",
              "fullTitle": "sorted-set test should not add an undefined or null score",
              "timedOut": false,
              "duration": 0,
              "state": "passed",
              "speed": "fast",
              "pass": true,
              "fail": false,
              "pending": false,
              "context": null,
              "code": "__awaiter(void 0, void 0, void 0, function* () {\n        z = new Z();\n        ss = new sorted_set_1.SortedSet();\n        let added = z.add(\"test\", null);\n        (0, chai_1.expect)(added).to.equal(null);\n        (0, chai_1.expect)(z.keys().length).to.equal(0);\n        added = z.add(\"test\", undefined);\n        (0, chai_1.expect)(z.keys().length).to.equal(0);\n        /*\n         * Typescript prevents adding null\n         * added = ss.add('test', null);\n         * expect(added).to.equal(null);\n         * expect(ss.keys().length).to.equal(0);\n         * added = ss.add('test', undefined);\n         * expect(z.keys().length).to.equal(0);\n         */\n    })",
              "err": {},
              "uuid": "3c1ed4ec-abcb-4472-bf14-ed25403871de",
              "parentUUID": "8c3279f5-e8a2-43c9-88d2-ede77113dc84",
              "isHook": false,
              "skipped": false
            },
            {
              "title": "should not duplicate key/value pairs",
              "fullTitle": "sorted-set test should not duplicate key/value pairs",
              "timedOut": false,
              "duration": 0,
              "state": "passed",
              "speed": "fast",
              "pass": true,
              "fail": false,
              "pending": false,
              "context": null,
              "code": "__awaiter(void 0, void 0, void 0, function* () {\n        z = new Z();\n        ss = new sorted_set_1.SortedSet();\n        let added = z.add(\"test\", 123);\n        (0, chai_1.expect)(added).to.equal(null); // This is weird\n        (0, chai_1.expect)(z.keys().length).to.equal(1);\n        added = z.add(\"test\", 123);\n        (0, chai_1.expect)(added).to.equal(123); // And weirder\n        (0, chai_1.expect)(z.keys().length).to.equal(1);\n        added = ss.add(\"test\", 123);\n        (0, chai_1.expect)(added).to.equal(null); // This is weird\n        (0, chai_1.expect)(ss.keys().length).to.equal(1);\n        added = ss.add(\"test\", 123);\n        (0, chai_1.expect)(added).to.equal(123); // And weirder\n        (0, chai_1.expect)(ss.keys().length).to.equal(1);\n    })",
              "err": {},
              "uuid": "23430a08-e4de-47dc-91d3-6aa14d75206d",
              "parentUUID": "8c3279f5-e8a2-43c9-88d2-ede77113dc84",
              "isHook": false,
              "skipped": false
            },
            {
              "title": "should return the old rank when replacing a key",
              "fullTitle": "sorted-set test should return the old rank when replacing a key",
              "timedOut": false,
              "duration": 0,
              "state": "passed",
              "speed": "fast",
              "pass": true,
              "fail": false,
              "pending": false,
              "context": null,
              "code": "__awaiter(void 0, void 0, void 0, function* () {\n        z = new Z();\n        ss = new sorted_set_1.SortedSet();\n        let added = z.add(\"test\", 123);\n        (0, chai_1.expect)(added).to.equal(null);\n        (0, chai_1.expect)(z.keys().length).to.equal(1);\n        added = z.add(\"test\", 321);\n        (0, chai_1.expect)(added).to.equal(123);\n        (0, chai_1.expect)(z.keys().length).to.equal(1);\n        added = z.get(\"test\");\n        (0, chai_1.expect)(added).to.equal(321);\n        added = ss.add(\"test\", 123);\n        (0, chai_1.expect)(added).to.equal(null);\n        (0, chai_1.expect)(ss.keys().length).to.equal(1);\n        added = ss.add(\"test\", 321);\n        (0, chai_1.expect)(added).to.equal(123);\n        (0, chai_1.expect)(ss.keys().length).to.equal(1);\n        added = ss.get(\"test\");\n        (0, chai_1.expect)(added).to.equal(321);\n    })",
              "err": {},
              "uuid": "9ae72ccb-56fc-473b-b529-eb573871b562",
              "parentUUID": "8c3279f5-e8a2-43c9-88d2-ede77113dc84",
              "isHook": false,
              "skipped": false
            },
            {
              "title": "should return a value when adding at least 32 values (I think - it is difficult to tell)",
              "fullTitle": "sorted-set test should return a value when adding at least 32 values (I think - it is difficult to tell)",
              "timedOut": false,
              "duration": 0,
              "state": "pending",
              "speed": null,
              "pass": false,
              "fail": false,
              "pending": true,
              "context": null,
              "code": "",
              "err": {},
              "uuid": "ac27fc1d-3098-499e-9aca-0a5566a2844b",
              "parentUUID": "8c3279f5-e8a2-43c9-88d2-ede77113dc84",
              "isHook": false,
              "skipped": false
            },
            {
              "title": "should do what the documentation says here: https://www.npmjs.com/package/redis-sorted-set",
              "fullTitle": "sorted-set test should do what the documentation says here: https://www.npmjs.com/package/redis-sorted-set",
              "timedOut": false,
              "duration": 0,
              "state": "passed",
              "speed": "fast",
              "pass": true,
              "fail": false,
              "pending": false,
              "context": null,
              "code": "__awaiter(void 0, void 0, void 0, function* () {\n        z = new Z();\n        ss = new sorted_set_1.SortedSet();\n        (0, chai_1.expect)(z.add(\"Terminator\", 8.0)).to.equal(null); // => null\n        (0, chai_1.expect)(z.add(\"District 9\", 8.0)).to.equal(null); // => null\n        (0, chai_1.expect)(z.add(\"Ex Machina\", 0.7)).to.equal(null); // => null\n        (0, chai_1.expect)(z.add(\"Ex Machina\", 7.7)).to.equal(0.7); // => 0.7\n        // Alias\n        (0, chai_1.expect)(z.set(\"The Matrix\", 8.7)).to.equal(null); // => null\n        // Average O(1)\n        (0, chai_1.expect)(z.has(\"Terminator\")).to.equal(true); // => true\n        (0, chai_1.expect)(z.has(\"Blade Runner\")).to.equal(false); // => false\n        // Average O(1)\n        (0, chai_1.expect)(z.score(\"Ex Machina\")).to.equal(7.7); // => 7.7\n        (0, chai_1.expect)(z.score(\"Blade Runner\")).to.equal(null); // => null\n        // Alias\n        (0, chai_1.expect)(z.get(\"The Matrix\")).to.equal(8.7); // => 8.7\n        // Average O(log(N))\n        (0, chai_1.expect)(z.rem(\"Ex Machina\")).to.equal(7.7); // => 7.7\n        // Average O(1)\n        (0, chai_1.expect)(z.rem(\"Ex Machina\")).to.equal(null); // => null\n        // Alias\n        (0, chai_1.expect)(z.del(\"Ex Machina\")).to.equal(null); // => null\n        /*\n         * Average O(log(N)+M) where M is the number of elements between min and max\n         * This is not working as expected\n         */\n        (0, chai_1.expect)(z.rangeByScore(7, 8)).to.eql([\n            \"District 9\",\n            \"Terminator\"\n        ]);\n        // => ['Ex Machina', 'District 9', 'Terminator']\n        (0, chai_1.expect)(z.rangeByScore(8)).to.eql([\n            \"District 9\",\n            \"Terminator\",\n            \"The Matrix\"\n        ]); // [8.0-∞)\n        // => ['District 9', 'Terminator', 'The Matrix']\n        (0, chai_1.expect)(z.rangeByScore(8, null, { \"withScores\": true })).to.eql([\n            [\n                \"District 9\",\n                8.0\n            ],\n            [\n                \"Terminator\",\n                8.0\n            ],\n            [\n                \"The Matrix\",\n                8.7\n            ]\n        ]);\n        // => [['District 9', 8.0], ['Terminator', 8.0], ['The Matrix', 8.7]]\n        /*\n         * Average O(log(N)+log(M)) where M as in rangeByScore\n         * Again - not as expected\n         */\n        (0, chai_1.expect)(z.count(7, 8)).to.equal(2); // => 3\n        /*\n         * Average O(log(N))\n         * Not working as expected\n         */\n        (0, chai_1.expect)(z.rank(\"Ex Machina\")).to.equal(null); // => 0\n        // Not working as expected\n        (0, chai_1.expect)(z.rank(\"Terminator\")).to.equal(1); // => 2\n        (0, chai_1.expect)(z.rank(\"Blade Runner\")).to.equal(null
[...]
              "isHook": true,
              "skipped": false
            }
          ],
          "afterHooks": [
            {
              "title": "\"after all\" hook in \"lua-bit test\"",
              "fullTitle": "lua-bit test \"after all\" hook in \"lua-bit test\"",
              "timedOut": false,
              "duration": 0,
              "state": null,
              "speed": null,
              "pass": false,
              "fail": false,
              "pending": false,
              "context": null,
              "code": "__awaiter(void 0, void 0, void 0, function* () {\n        yield respServer.stop();\n    })",
              "err": {},
              "uuid": "bf7579a5-9d9a-4186-8ba6-5baaf4e63f99",
              "parentUUID": "9ed422e9-27f9-4cb8-bd01-df0b52dcba22",
              "isHook": true,
              "skipped": false
            },
            {
              "title": "\"after each\" hook in \"lua-bit test\"",
              "fullTitle": "lua-bit test \"after each\" hook in \"lua-bit test\"",
              "timedOut": false,
              "duration": 0,
              "state": null,
              "speed": null,
              "pass": false,
              "fail": false,
              "pending": false,
              "context": null,
              "code": "sinon.restore();",
              "err": {},
              "uuid": "fca2a6a6-a1d8-4fc5-b8d3-7577b18e6b7b",
              "parentUUID": "9ed422e9-27f9-4cb8-bd01-df0b52dcba22",
              "isHook": true,
              "skipped": false
            }
          ],
          "tests": [
            {
              "title": "should leverage the LUA bit library for bit AND op",
              "fullTitle": "lua-bit test should leverage the LUA bit library for bit AND op",
              "timedOut": false,
              "duration": 2,
              "state": "passed",
              "speed": "fast",
              "pass": true,
              "fail": false,
              "pending": false,
              "context": null,
              "code": "__awaiter(void 0, void 0, void 0, function* () {\n        response = yield (0, common_test_1.sendCommand)(client, [\n            \"eval\",\n            \"local val = bit.band(5, 1) return val \",\n            \"0\"\n        ]);\n        (0, chai_1.expect)(response).to.equal(1);\n    })",
              "err": {},
              "uuid": "ad41c0e5-c0a3-4d38-8a74-27d7ea0fe898",
              "parentUUID": "9ed422e9-27f9-4cb8-bd01-df0b52dcba22",
              "isHook": false,
              "skipped": false
            },
            {
              "title": "should leverage the LUA bit library for bit OR op",
              "fullTitle": "lua-bit test should leverage the LUA bit library for bit OR op",
              "timedOut": false,
              "duration": 3,
              "state": "passed",
              "speed": "fast",
              "pass": true,
              "fail": false,
              "pending": false,
              "context": null,
              "code": "__awaiter(void 0, void 0, void 0, function* () {\n        response = yield (0, common_test_1.sendCommand)(client, [\n            \"eval\",\n            \"local val = bit.bor(5, 1) return val \",\n            \"0\"\n        ]);\n        (0, chai_1.expect)(response).to.equal(5);\n    })",
              "err": {},
              "uuid": "a5d9d99f-98f2-4605-8526-28d504d00575",
              "parentUUID": "9ed422e9-27f9-4cb8-bd01-df0b52dcba22",
              "isHook": false,
              "skipped": false
            },
            {
              "title": "should leverage the LUA bit library for bit XOR op",
              "fullTitle": "lua-bit test should leverage the LUA bit library for bit XOR op",
              "timedOut": false,
              "duration": 2,
              "state": "passed",
              "speed": "fast",
              "pass": true,
              "fail": false,
              "pending": false,
              "context": null,
              "code": "__awaiter(void 0, void 0, void 0, function* () {\n        response = yield (0, common_test_1.sendCommand)(client, [\n            \"eval\",\n            \"local val = bit.bxor(5, 1) return val \",\n            \"0\"\n        ]);\n        (0, chai_1.expect)(response).to.equal(4);\n    })",
              "err": {},
              "uuid": "ad147ad3-4965-44ed-a693-c45d78f7a69d",
              "parentUUID": "9ed422e9-27f9-4cb8-bd01-df0b52dcba22",
              "isHook": false,
              "skipped": false
            },
            {
              "title": "should leverage the LUA bit library for bit NOT op",
              "fullTitle": "lua-bit test should leverage the LUA bit library for bit NOT op",
              "timedOut": false,
              "duration": 1,
              "state": "passed",
              "speed": "fast",
              "pass": true,
              "fail": false,
              "pending": false,
              "context": null,
              "code": "__awaiter(void 0, void 0, void 0, function* () {\n        response = yield (0, common_test_1.sendCommand)(client, [\n            \"eval\",\n            \"local val = bit.bnot(5) return val \",\n            \"0\"\n        ]);\n        (0, chai_1.expect)(response).to.equal(-6);\n    })",
              "err": {},
              "uuid": "e1aae424-5f2e-4433-9a11-112d8e569c74",
              "parentUUID": "9ed422e9-27f9-4cb8-bd01-df0b52dcba22",
              "isHook": false,
              "skipped": false
            },
            {
              "title": "should leverage the LUA bit library for bit LSHIFT op",
              "fullTitle": "lua-bit test should leverage the LUA bit library for bit LSHIFT op",
              "timedOut": false,
              "duration": 3,
              "state": "passed",
              "speed": "fast",
              "pass": true,
              "fail": false,
              "pending": false,
              "context": null,
              "code": "__awaiter(void 0, void 0, void 0, function* () {\n        response = yield (0, common_test_1.sendCommand)(client, [\n            \"eval\",\n            \"local val = bit.lshift(5, 1) return val \",\n            \"0\"\n        ]);\n        (0, chai_1.expect)(response).to.equal(10);\n    })",
              "err": {},
              "uuid": "4f601d8c-0752-40a6-9537-bbd5ee624c72",
              "parentUUID": "9ed422e9-27f9-4cb8-bd01-df0b52dcba22",
              "isHook": false,
              "skipped": false
            },
            {
              "title": "should leverage the LUA bit library for bit RSHIFT op",
              "fullTitle": "lua-bit test should leverage the LUA bit library for bit RSHIFT op",
              "timedOut": false,
              "duration": 4,
              "state": "passed",
              "speed": "fast",
              "pass": true,
              "fail": false,
              "pending": false,
              "context": null,
              "code": "__awaiter(void 0, void 0, void 0, function* () {\n        let response = yield (0, common_test_1.sendCommand)(new net.Socket(), [\n            \"info\",\n            \"server\"\n        ]);\n        // Only run this test if this is unit-redis-ness\n        if (!(/redis_version:5/gim).test(response)) {\n            response = yield (0, common_test_1.sendCommand)(client, [\n                \"eval\",\n                \"local val = bit.rshift(-5, 1) return val \",\n                \"0\"\n            ]);\n            (0, chai_1.expect)(response).to.equal(-3);\n        }\n    })",
              "err": {},
              "uuid": "4834f76e-ebcf-4cfe-86b8-011114c6a621",
              "parentUUID": "9ed422e9-27f9-4cb8-bd01-df0b52dcba22",
              "isHook": false,
              "skipped": false
            },
            {
              "title": "should leverage the LUA bit library for bit ARSHIFT op",
              "fullTitle": "lua-bit test should leverage the LUA bit library for bit ARSHIFT op",
              "timedOut": false,
              "duration": 2,
              "state": "passed",
              "speed": "fast",
              "pass": true,
              "fail": false,
              "pending": false,
              "context": null,
              "code": "__awaiter(void 0, void 0, void 0, function* () {\n        response = yield (0, common_test_1.sendCommand)(client, [\n            \"eval\",\n            \"local val = bit.arshift(5, 1) return val \",\n            \"0\"\n        ]);\n        (0, chai_1.expect)(response).to.equal(2);\n    })",
              "err": {},
              "uuid": "bc7ccddf-610a-4ada-bb97-f016459a7cfb",
              "parentUUID": "9ed422e9-27f9-4cb8-bd01-df0b52dcba22",
              "isHook": false,
              "skipped": false
            }
          ],
          "suites": [],
          "passes": [
            "ad41c0e5-c0a3-4d38-8a74-27d7ea0fe898",
            "a5d9d99f-98f2-4605-8526-28d504d00575",
            "ad147ad3-4965-44ed-a693-c45d78f7a69d",
            "e1aae424-5f2e-4433-9a11-112d8e569c74",
            "4f601d8c-0752-40a6-9537-bbd5ee624c72",
            "4834f76e-ebcf-4cfe-86b8-011114c6a621",
            "bc7ccddf-610a-4ada-bb97-f016459a7cfb"
          ],
          "failures": [],
          "pending": [],
          "skipped": [],
          "duration": 17,
          "root": false,
          "rootEmpty": false,
          "_timeout": 2000
        },
        {
          "uuid": "b5e45114-a555-4ab9-b00f-7747200e6ac4",
          "title": "dictionary test",
          "fullFile": "/home/lane/git/unit-redis-ness/test/dictionary.test.ts",
          "file": "/test/dictionary.test.ts",
          "beforeHooks": [
            {
              "title": "\"before each\" hook in \"dictionary test\"",
              "fullTitle": "dictionary test \"before each\" hook in \"dictionary test\"",
              "timedOut": false,
              "duration": 0,
              "state": null,
              "speed": null,
              "pass": false,
              "fail": false,
              "pending": false,
              "context": null,
              "code": "dictionary = new dictionary_1.Dictionary();\nsinon.createSandbox();",
              "err": {},
              "uuid": "b3461d04-b130-44bf-b158-3911946e3c7f",
              "parentUUID": "b5e45114-a555-4ab9-b00f-7747200e6ac4",
              "isHook": true,
              "skipped": false
            }
          ],
          "afterHooks": [
            {
              "title": "\"after all\" hook in \"dictionary test\"",
              "fullTitle": "dictionary test \"after all\" hook in \"dictionary test\"",
              "timedOut": false,
              "duration": 0,
              "state": null,
              "speed": null,
              "pass": false,
              "fail": false,
              "pending": false,
              "context": null,
              "code": "__awaiter(void 0, void 0, void 0, function* () {\n    })",
              "err": {},
              "uuid": "871d5afe-73bb-4850-89a2-908dcfb8a6f3",
              "parentUUID": "b5e45114-a555-4ab9-b00f-7747200e6ac4",
              "isHook": true,
              "skipped": false
            },
            {
              "title": "\"after each\" hook in \"dictionary test\"",
              "fullTitle": "dictionary test \"after each\" hook in \"dictionary test\"",
              "timedOut": false,
              "duration": 0,
              "state": null,
              "speed": null,
              "pass": false,
              "fail": false,
              "pending": false,
              "context": null,
              "code": "sinon.restore();",
              "err": {},
              "uuid": "51d39a8f-ba9e-4dc5-b01f-25a714cd7436",
              "parentUUID": "b5e45114-a555-4ab9-b00f-7747200e6ac4",
              "isHook": true,
              "skipped": false
            }
          ],
          "tests": [
            {
              "title": "should construct",
              "fullTitle": "dictionary test should construct",
              "timedOut": false,
              "duration": 0,
              "state": "passed",
              "speed": "fast",
              "pass": true,
              "fail": false,
              "pending": false,
              "context": null,
              "code": "__awaiter(void 0, void 0, void 0, function* () {\n        (0, chai_1.expect)(dictionary.constructor.name).to.equal(\"Dictionary\");\n    })",
              "err": {},
              "uuid": "f50e4628-ca48-4665-b7fa-aad8fbc26371",
              "parentUUID": "b5e45114-a555-4ab9-b00f-7747200e6ac4",
              "isHook": false,
              "skipped": false
            },
            {
              "title": "should implement basic put/get/remove/size/clear/contains/exists/keys/values functionality",
              "fullTitle": "dictionary test should implement basic put/get/remove/size/clear/contains/exists/keys/values functionality",
              "timedOut": false,
              "duration": 1,
              "state": "passed",
              "speed": "fast",
              "pass": true,
              "fail": false,
              "pending": false,
              "context": null,
              "code": "dictionary.put(\"item\", \"one\");\n(0, chai_1.expect)(dictionary.exists(\"item\")).to.equal(true);\n(0, chai_1.expect)(dictionary.exists(\"one\")).to.equal(false);\n(0, chai_1.expect)(dictionary.get(\"item\")).to.equal(\"one\");\n(0, chai_1.expect)(dictionary.size()).to.equal(1);\n(0, chai_1.expect)(dictionary.contains(\"one\")).to.equal(true);\n(0, chai_1.expect)(dictionary.keys().length).to.equal(1);\n(0, chai_1.expect)(dictionary.values().length).to.equal(1);\ndictionary.put(\"item\", \"two\");\n(0, chai_1.expect)(dictionary.get(\"item\")).to.equal(\"two\");\ndictionary.put(\"one\", { \"embedded\": true });\ndictionary.remove(\"three\");\n(0, chai_1.expect)(dictionary.size()).to.equal(2);\nlet foundTwo = false;\nfor (const each of dictionary) {\n    if (!foundTwo) {\n        (0, chai_1.expect)(each).to.equal(\"two\");\n        foundTwo = true;\n    }\n    else {\n        (0, chai_1.expect)(each).to.eql({ \"embedded\": true });\n    }\n}\ndictionary.remove(\"item\");\n(0, chai_1.expect)(dictionary.size()).to.equal(1);\ndictionary.clear();\n(0, chai_1.expect)(dictionary.size()).to.equal(0);",
              "err": {},
              "uuid": "f46d1304-2f44-4f7a-9a3c-49fd334e6136",
              "parentUUID": "b5e45114-a555-4ab9-b00f-7747200e6ac4",
              "isHook": false,
              "skipped": false
            }
          ],
          "suites": [],
          "passes": [
            "f50e4628-ca48-4665-b7fa-aad8fbc26371",
            "f46d1304-2f44-4f7a-9a3c-49fd334e6136"
          ],
          "failures": [],
          "pending": [],
          "skipped": [],
          "duration": 1,
          "root": false,
          "rootEmpty": false,
          "_timeout": 2000
        },
        {
          "uuid": "8ac6976a-48f7-4da0-afce-53c4109787bc",
          "title": "logger test",
          "fullFile": "/home/lane/git/unit-redis-ness/test/logger.test.ts",
          "file": "/test/logger.test.ts",
          "beforeHooks": [
            {
              "title": "\"before each\" hook in \"logger test\"",
              "fullTitle": "logger test \"before each\" hook in \"logger test\"",
              "timedOut": false,
              "duration": 0,
              "state": null,
              "speed": null,
              "pass": false,
              "fail": false,
              "pending": false,
              "context": null,
              "code": "sinon.createSandbox();",
              "err": {},
              "uuid": "6af67890-cbde-4a49-baed-598f8c193146",
              "parentUUID": "8ac6976a-48f7-4da0-afce-53c4109787bc",
              "isHook": true,
              "skipped": false
            }
          ],
          "afterHooks": [
            {
              "title": "\"after all\" hook in \"logger test\"",
              "fullTitle": "logger test \"after all\" hook in \"logger test\"",
              "timedOut": false,
              "duration": 0,
              "state": null,
              "speed": null,
              "pass": false,
              "fail": false,
              "pending": false,
              "context": null,
              "code": "__awaiter(void 0, void 0, void 0, function* () {\n    })",
              "err": {},
              "uuid": "00cdd88f-a872-4b4f-b4b6-3a388efac801",
              "parentUUID": "8ac6976a-48f7-4da0-afce-53c4109787bc",
              "isHook": true,
              "skipped": false
            },
            {
              "title": "\"after each\" hook in \"logger test\"",
              "fullTitle": "logger test \"after each\" hook in \"logger test\"",
              "timedOut": false,
              "duration": 0,
              "state": null,
              "speed": null,
              "pass": false,
              "fail": false,
              "pending": false,
              "context": null,
              "code": "sinon.restore();",
              "err": {},
              "uuid": "b06eb88c-7b34-4dfa-8ec1-124e84c28f6c",
              "parentUUID": "8ac6976a-48f7-4da0-afce-53c4109787bc",
              "isHook": true,
              "skipped": false
            }
          ],
          "tests": [
            {
              "title": "should construct",
              "fullTitle": "logger test should construct",
              "timedOut": false,
              "duration": 0,
              "state": "passed",
              "speed": "fast",
              "pass": true,
              "fail": false,
              "pending": false,
              "context": null,
              "code": "__awaiter(void 0, void 0, void 0, function* () {\n        logger = new logger_1.Logger(module.id);\n        (0, chai_1.expect)(logger.constructor.name).to.equal(\"Logger\");\n        logger.info(\"This is an info message\");\n        logger.warn(\"This is a warning message\");\n        logger.debug(\"This is an invisible debug message\");\n    })",
              "err": {},
              "uuid": "c878cc90-c13f-416c-8d5a-ba1c89f4da11",
              "parentUUID": "8ac6976a-48f7-4da0-afce-53c4109787bc",
              "isHook": false,
              "skipped": false
            },
            {
              "title": "should not construct when initialized with an empty string",
              "fullTitle": "logger test should not construct when initialized with an empty string",
              "timedOut": false,
              "duration": 0,
              "state": "passed",
              "speed": "fast",
              "pass": true,
              "fail": false,
              "pending": false,
              "context": null,
              "code": "(0, chai_1.expect)(() => {\n    logger = new logger_1.Logger(\"\");\n}).to.throw();",
              "err": {},
              "uuid": "1ce11eef-9034-41f6-b436-169e05836ef1",
              "parentUUID": "8ac6976a-48f7-4da0-afce-53c4109787bc",
              "isHook": false,
              "skipped": false
            }
          ],
          "suites": [],
          "passes": [
            "c878cc90-c13f-416c-8d5a-ba1c89f4da11",
            "1ce11eef-9034-41f6-b436-169e05836ef1"
          ],
          "failures": [],
          "pending": [],
          "skipped": [],
          "duration": 0,
          "root": false,
          "rootEmpty": false,
          "_timeout": 2000
        }
      ],
      "passes": [],
      "failures": [],
      "pending": [],
      "skipped": [],
      "duration": 0,
      "root": true,
      "rootEmpty": true,
      "_timeout": 2000
    }
  ],
  "meta": {
    "mocha": {
      "version": "10.2.0"
    },
    "mochawesome": {
      "options": {
        "quiet": false,
        "reportFilename": "mochawesome",
        "saveHtml": true,
        "saveJson": true,
        "consoleReporter": "spec",
        "useInlineDiffs": false,
        "code": true
      },
      "version": "7.1.3"
    },
    "marge": {
      "options": {
        "reportDir": "docs/mochawesome"
      },
      "version": "6.2.0"
    }
  }
}