{
  "stats": {
    "suites": 88,
    "tests": 280,
    "passes": 279,
    "pending": 1,
    "failures": 0,
    "start": "2020-01-14T20:52:33.198Z",
    "end": "2020-01-14T20:52:44.293Z",
    "duration": 11095,
    "testsRegistered": 280,
    "passPercent": 100,
    "pendingPercent": 0.35714285714285715,
    "other": 0,
    "hasOther": false,
    "skipped": 0,
    "hasSkipped": false
  },
  "results": [
    {
      "uuid": "fb27efeb-3d26-4b1b-8e36-56347a7a7f1e",
      "title": "",
      "fullFile": "",
      "file": "",
      "beforeHooks": [
        {
          "title": "\"before all\" hook",
          "fullTitle": "\"before all\" hook",
          "timedOut": false,
          "duration": 1,
          "state": null,
          "speed": null,
          "pass": false,
          "fail": false,
          "pending": false,
          "context": null,
          "code": "done();",
          "err": {},
          "uuid": "443d2ff9-1023-4daa-a1ce-95e919a96b41",
          "parentUUID": "fb27efeb-3d26-4b1b-8e36-56347a7a7f1e",
          "isHook": true,
          "skipped": false
        }
      ],
      "afterHooks": [
        {
          "title": "\"after all\" hook",
          "fullTitle": "\"after all\" hook",
          "timedOut": false,
          "duration": 0,
          "state": null,
          "speed": null,
          "pass": false,
          "fail": false,
          "pending": false,
          "context": null,
          "code": "__awaiter(void 0, void 0, void 0, function* () {\n})",
          "err": {},
          "uuid": "93692fd7-4a9e-4d9b-92f7-4585b4893952",
          "parentUUID": "fb27efeb-3d26-4b1b-8e36-56347a7a7f1e",
          "isHook": true,
          "skipped": false
        }
      ],
      "tests": [],
      "suites": [
        {
          "uuid": "c79c0673-84fe-4144-afef-115596784fff",
          "title": "dictionary test",
          "fullFile": "/home/lane/git/redis/test/dictionary.test.ts",
          "file": "/test/dictionary.test.ts",
          "beforeHooks": [
            {
              "title": "\"before each\" hook",
              "fullTitle": "dictionary test \"before each\" hook",
              "timedOut": false,
              "duration": 0,
              "state": null,
              "speed": null,
              "pass": false,
              "fail": false,
              "pending": false,
              "context": null,
              "code": "dictionary = new dictionary_1.Dictionary();\nsinon.createSandbox();",
              "err": {},
              "uuid": "0cc35017-72e6-40ca-8244-6af76c0896c5",
              "parentUUID": "c79c0673-84fe-4144-afef-115596784fff",
              "isHook": true,
              "skipped": false
            }
          ],
          "afterHooks": [
            {
              "title": "\"after all\" hook",
              "fullTitle": "dictionary test \"after all\" hook",
              "timedOut": false,
              "duration": 0,
              "state": null,
              "speed": null,
              "pass": false,
              "fail": false,
              "pending": false,
              "context": null,
              "code": "__awaiter(void 0, void 0, void 0, function* () {\n    })",
              "err": {},
              "uuid": "ec34456d-f742-4c36-81b6-dd5b2fe95200",
              "parentUUID": "c79c0673-84fe-4144-afef-115596784fff",
              "isHook": true,
              "skipped": false
            },
            {
              "title": "\"after each\" hook",
              "fullTitle": "dictionary test \"after each\" hook",
              "timedOut": false,
              "duration": 0,
              "state": null,
              "speed": null,
              "pass": false,
              "fail": false,
              "pending": false,
              "context": null,
              "code": "sinon.restore();",
              "err": {},
              "uuid": "db79f4b2-c9e3-4648-9664-e4ab3ae479b9",
              "parentUUID": "c79c0673-84fe-4144-afef-115596784fff",
              "isHook": true,
              "skipped": false
            }
          ],
          "tests": [
            {
              "title": "should construct",
              "fullTitle": "dictionary test should construct",
              "timedOut": false,
              "duration": 2,
              "state": "passed",
              "speed": "fast",
              "pass": true,
              "fail": false,
              "pending": false,
              "context": null,
              "code": "__awaiter(void 0, void 0, void 0, function* () {\n        chai_1.expect(dictionary.constructor.name).to.equal('Dictionary');\n    })",
              "err": {},
              "uuid": "ca7bb3b5-95d4-47ae-9914-447b628cd674",
              "parentUUID": "c79c0673-84fe-4144-afef-115596784fff",
              "isHook": false,
              "skipped": false
            },
            {
              "title": "should implement basic put/get/remove/size/clear/contains/exists/keys/values functionality",
              "fullTitle": "dictionary test should implement basic put/get/remove/size/clear/contains/exists/keys/values functionality",
              "timedOut": false,
              "duration": 2,
              "state": "passed",
              "speed": "fast",
              "pass": true,
              "fail": false,
              "pending": false,
              "context": null,
              "code": "dictionary.put('item', 'one');\nchai_1.expect(dictionary.exists('item')).to.equal(true);\nchai_1.expect(dictionary.exists('one')).to.equal(false);\nchai_1.expect(dictionary.get('item')).to.equal('one');\nchai_1.expect(dictionary.size()).to.equal(1);\nchai_1.expect(dictionary.contains('one')).to.equal(true);\nchai_1.expect(dictionary.keys().length).to.equal(1);\nchai_1.expect(dictionary.values().length).to.equal(1);\ndictionary.put('item', 'two');\nchai_1.expect(dictionary.get('item')).to.equal('two');\ndictionary.put('one', { embedded: true });\ndictionary.remove('three');\nchai_1.expect(dictionary.size()).to.equal(2);\nlet foundTwo = false;\nfor (const each of dictionary) {\n    if (!foundTwo) {\n        chai_1.expect(each).to.equal('two');\n        foundTwo = true;\n    }\n    else {\n        chai_1.expect(each).to.eql({ embedded: true });\n    }\n}\ndictionary.remove('item');\nchai_1.expect(dictionary.size()).to.equal(1);\ndictionary.clear();\nchai_1.expect(dictionary.size()).to.equal(0);",
              "err": {},
              "uuid": "ecfaf414-362e-481c-a77d-cf6d4ca97e3f",
              "parentUUID": "c79c0673-84fe-4144-afef-115596784fff",
              "isHook": false,
              "skipped": false
            }
          ],
          "suites": [],
          "passes": [
            "ca7bb3b5-95d4-47ae-9914-447b628cd674",
            "ecfaf414-362e-481c-a77d-cf6d4ca97e3f"
          ],
          "failures": [],
          "pending": [],
          "skipped": [],
          "duration": 4,
          "root": false,
          "rootEmpty": false,
          "_timeout": 5000
        },
        {
          "uuid": "01c01422-7ec1-4ad4-a95b-e6fc19db13c0",
          "title": "logger test",
          "fullFile": "/home/lane/git/redis/test/logger.test.ts",
          "file": "/test/logger.test.ts",
          "beforeHooks": [
            {
              "title": "\"before each\" hook",
              "fullTitle": "logger test \"before each\" hook",
              "timedOut": false,
              "duration": 0,
              "state": null,
              "speed": null,
              "pass": false,
              "fail": false,
              "pending": false,
              "context": null,
              "code": "sinon.createSandbox();",
              "err": {},
              "uuid": "1d35f415-bd03-42df-9bd4-e9085cf8732d",
              "parentUUID": "01c01422-7ec1-4ad4-a95b-e6fc19db13c0",
              "isHook": true,
              "skipped": false
            }
          ],
          "afterHooks": [
            {
              "title": "\"after all\" hook",
              "fullTitle": "logger test \"after all\" hook",
              "timedOut": false,
              "duration": 0,
              "state": null,
              "speed": null,
              "pass": false,
              "fail": false,
              "pending": false,
              "context": null,
              "code": "__awaiter(void 0, void 0, void 0, function* () {\n    })",
              "err": {},
              "uuid": "2ca8332e-69d7-415b-b4be-08f31ec93204",
              "parentUUID": "01c01422-7ec1-4ad4-a95b-e6fc19db13c0",
              "isHook": true,
              "skipped": false
            },
            {
              "title": "\"after each\" hook",
              "fullTitle": "logger test \"after each\" hook",
              "timedOut": false,
              "duration": 0,
              "state": null,
              "speed": null,
              "pass": false,
              "fail": false,
              "pending": false,
              "context": null,
              "code": "sinon.restore();",
              "err": {},
              "uuid": "31308f1e-0c9a-43a4-a5a4-dfa30e639fe4",
              "parentUUID": "01c01422-7ec1-4ad4-a95b-e6fc19db13c0",
              "isHook": true,
              "skipped": false
            }
          ],
          "tests": [
            {
              "title": "should construct",
              "fullTitle": "logger test should construct",
              "timedOut": false,
              "duration": 1,
              "state": "passed",
              "speed": "fast",
              "pass": true,
              "fail": false,
              "pending": false,
              "context": null,
              "code": "__awaiter(void 0, void 0, void 0, function* () {\n        logger = new logger_1.Logger(module.id);\n        chai_1.expect(logger.constructor.name).to.equal('Logger');\n        logger.info(`This is an info message`);\n        logger.warn('This is a warning message');\n        logger.debug(`This is an invisible debug message`);\n    })",
              "err": {},
              "uuid": "868b21e4-0def-4287-b95a-44abcce3d78a",
              "parentUUID": "01c01422-7ec1-4ad4-a95b-e6fc19db13c0",
              "isHook": false,
              "skipped": false
            },
            {
              "title": "should not construct when initialized with an empty string",
              "fullTitle": "logger test should not construct when initialized with an empty string",
              "timedOut": false,
              "duration": 1,
              "state": "passed",
              "speed": "fast",
              "pass": true,
              "fail": false,
              "pending": false,
              "context": null,
              "code": "chai_1.expect(() => {\n    logger = new logger_1.Logger('');\n}).to.throw();",
              "err": {},
              "uuid": "5653a37d-478b-45c5-a72a-2320c38db70d",
              "parentUUID": "01c01422-7ec1-4ad4-a95b-e6fc19db13c0",
              "isHook": false,
              "skipped": false
            }
          ],
          "suites": [],
          "passes": [
            "868b21e4-0def-4287-b95a-44abcce3d78a",
            "5653a37d-478b-45c5-a72a-2320c38db70d"
          ],
          "failures": [],
          "pending": [],
          "skipped": [],
          "duration": 2,
          "root": false,
          "rootEmpty": false,
          "_timeout": 5000
        },
        {
          "uuid": "970ccb64-0c49-40b8-8614-0c4a663adbfe",
          "title": "client command test",
          "fullFile": "/home/lane/git/redis/test/resp/command/client-command.test.ts",
          "file": "/test/resp/command/client-command.test.ts",
          "beforeHooks": [
            {
              "title": "\"before all\" hook",
              "fullTitle": "client command test \"before all\" hook",
              "timedOut": false,
              "duration": 24,
              "state": null,
              "speed": null,
              "pass": false,
              "fail": false,
              "pending": false,
              "context": null,
              "code": "respServer = new resp_server_1.RespServer();\nrespServer.on('ready', () => {\n    done();\n});\nrespServer.start();",
              "err": {},
              "uuid": "15414cf2-b0b5-4674-b4f5-8a0db92a9a36",
              "parentUUID": "970ccb64-0c49-40b8-8614-0c4a663adbfe",
              "isHook": true,
              "skipped": false
            },
            {
              "title": "\"before each\" hook",
              "fullTitle": "client command test \"before each\" hook",
              "timedOut": false,
              "duration": 0,
              "state": null,
              "speed": null,
              "pass": false,
              "fail": false,
              "pending": false,
              "context": null,
              "code": "sinon.createSandbox();",
              "err": {},
              "uuid": "f0adefd1-04db-49fa-82d5-41664b7c746c",
              "parentUUID": "970ccb64-0c49-40b8-8614-0c4a663adbfe",
              "isHook": true,
              "skipped": false
            }
          ],
          "afterHooks": [
            {
              "title": "\"after all\" hook",
              "fullTitle": "client command test \"after all\" hook",
              "timedOut": false,
              "duration": 1,
              "state": null,
              "speed": null,
              "pass": false,
              "fail": false,
              "pending": false,
              "context": null,
              "code": "__awaiter(void 0, void 0, void 0, function* () {\n        yield respServer.stop();\n    })",
              "err": {},
              "uuid": "c5b11a41-86e8-45ea-8fe7-f2135cd8f51c",
              "parentUUID": "970ccb64-0c49-40b8-8614-0c4a663adbfe",
              "isHook": true,
              "skipped": false
            },
            {
              "title": "\"after each\" hook",
              "fullTitle": "client command test \"after each\" hook",
              "timedOut": false,
              "duration": 0,
              "state": null,
              "speed": null,
              "pass": false,
              "fail": false,
              "pending": false,
              "context": null,
              "code": "sinon.restore();",
              "err": {},
              "uuid": "f914d31f-36b2-485e-acb0-29308639c4fa",
              "parentUUID": "970ccb64-0c49-40b8-8614-0c4a663adbfe",
              "isHook": true,
              "skipped": false
            }
          ],
          "tests": [
            {
              "title": "should not allow more than 3 parameters",
              "fullTitle": "client command test should not allow more than 3 parameters",
              "timedOut": false,
              "duration": 5,
              "state": "passed",
              "speed": "fast",
              "pass": true,
              "fail": false,
              "pending": false,
              "context": null,
              "code": "__awaiter(void 0, void 0, void 0, function* () {\n        const response = yield common_test_1.sendCommand(client, ['client', 'one', 'two', 'three', 'four']);\n        chai_1.expect(response).to.equal('ReplyError: ERR Unknown subcommand or wrong number of arguments for \\'one\\'. Try CLIENT HELP');\n    })",
              "err": {},
              "uuid": "c5ba12fe-510a-41be-9162-5a37dbcc1350",
              "parentUUID": "970ccb64-0c49-40b8-8614-0c4a663adbfe",
              "isHook": false,
              "skipped": false
            },
            {
              "title": "should fail predictably when an unknown subcommand is passed",
              "fullTitle": "client command test should fail predictably when an unknown subcommand is passed",
              "timedOut": false,
              "duration": 1,
              "state": "passed",
              "speed": "fast",
              "pass": true,
              "fail": false,
              "pending": false,
              "context": null,
              "code": "__awaiter(void 0, void 0, void 0, function* () {\n        const response = yield common_test_1.sendCommand(client, ['client', 'whatever']);\n        chai_1.expect(response).to.equal(util.format(DEFAULT_ERROR, 'whatever'));\n    })",
              "err": {},
              "uuid": "55d6fe2c-9488-4052-af73-50740c4b20a6",
              "parentUUID": "970ccb64-0c49-40b8-8614-0c4a663adbfe",
              "isHook": false,
              "skipped": false
            },
            {
              "title": "should return a NIL name when called with \"GETNAME\" subcommand",
              "fullTitle": "client command test should return a NIL name when called with \"GETNAME\" subcommand",
              "timedOut": false,
              "duration": 1,
              "state": "passed",
              "speed": "fast",
              "pass": true,
              "fail": false,
              "pending": false,
              "context": null,
              "code": "__awaiter(void 0, void 0, void 0, function* () {\n        const response = yield common_test_1.sendCommand(client, ['client', 'getname']);\n        chai_1.expect(response).to.equal(null);\n    })",
              "err": {},
              "uuid": "2d0c4a6f-9186-47ee-8a55-14eaf41a2a8c",
              "parentUUID": "970ccb64-0c49-40b8-8614-0c4a663adbfe",
              "isHook": false,
              "skipped": false
            },
            {
              "title": "should fail predictably when \"GETNAME\" is called with too many parameters",
              "fullTitle": "client command test should fail predictably when \"GETNAME\" is called with too many parameters",
              "timedOut": false,
              "duration": 1,
              "state": "passed",
              "speed": "fast",
              "pass": true,
              "fail": false,
              "pending": false,
              "context": null,
              "code": "__awaiter(void 0, void 0, void 0, function* () {\n        const response = yield common_test_1.sendCommand(client, ['client', 'getname', 'extra']);\n        chai_1.expect(response).to.equal(util.format(DEFAULT_ERROR, 'getname'));\n    })",
              "err": {},
              "uuid": "e3fed927-06d8-4610-8e97-355510c9146f",
              "parentUUID": "970ccb64-0c49-40b8-8614-0c4a663adbfe",
              "isHook": false,
              "skipped": false
            },
            {
              "title": "should respond with \"OK\" when \"setname\" is called with a valid name",
              "fullTitle": "client command test should respond with \"OK\" when \"setname\" is called with a valid name",
              "timedOut": false,
              "duration": 1,
              "state": "passed",
              "speed": "fast",
              "pass": true,
              "fail": false,
              "pending": false,
              "context": null,
              "code": "__awaiter(void 0, void 0, void 0, function* () {\n        let response = yield common_test_1.sendCommand(client, ['client', 'setname', 'whatever']);\n        chai_1.expect(response).to.equal('OK');\n        response = yield common_test_1.sendCommand(client, ['client', 'getname']);\n        chai_1.expect(response).to.equal('whatever');\n    })",
              "err": {},
              "uuid": "cc34b5c3-770c-4786-9c58-2131b58c9d08",
              "parentUUID": "970ccb64-0c49-40b8-8614-0c4a663adbfe",
              "isHook": false,
              "skipped": false
            },
            {
              "title": "should persist the value for \"setname\" across tests",
              "fullTitle": "client command test should persist the value for \"setname\" across tests",
              "timedOut": false,
              "duration": 0,
              "state": "passed",
              "speed": "fast",
              "pass": true,
              "fail": false,
              "pending": false,
              "context": null,
              "code": "__awaiter(void 0, void 0, void 0, function* () {\n        const response = yield common_test_1.sendCommand(client, ['client', 'getname']);\n        chai_1.expect(response).to.equal('whatever');\n    })",
              "err": {},
              "uuid": "aebc1012-060d-47d5-a14e-a999a11be538",
              "parentUUID": "970ccb64-0c49-40b8-8614-0c4a663adbfe",
              "isHook": false,
              "skipped": false
            },
            {
              "title": "should respond with a predictable message when \"setname\" called with too many parameters",
              "fullTitle": "client command test should respond with a predictable message when \"setname\" called with too many parameters",
              "timedOut": false,
              "duration": 0,
              "state": "passed",
              "speed": "fast",
              "pass": true,
              "fail": false,
              "pending": false,
              "context": null,
              "code": "__awaiter(void 0, void 0, void 0, function* () {\n        const response = yield common_test_1.sendCommand(client, ['client', 'setname', 'test', 'two']);\n        chai_1.expect(response).to.equal(util.format(DEFAULT_ERROR, 'setname'));\n    })",
              "err": {},
              "uuid": "2247bbf5-3ab3-4a30-ad21-a7c4f0acebd8",
              "parentUUID": "970ccb64-0c49-40b8-8614-0c4a663adbfe",
              "isHook": false,
              "skipped": false
            },
            {
              "title": "should not allow whitespace in \"setname\" subcommand",
              "fullTitle": "client command test should not allow whitespace in \"setname\" subcommand",
              "timedOut": false,
              "duration": 0,
              "state": "passed",
              "speed": "fast",
              "pass": true,
              "fail": false,
              "pending": false,
              "context": null,
              "code": "__awaiter(void 0, void 0, void 0, function* () {\n        const response = yield common_test_1.sendCommand(client, ['client', 'setname', 'te\\nst']);\n        chai_1.expect(response).to.equal(`ReplyError: ERR Client names cannot contain spaces, newlines or special characters.`);\n    })",
              "err": {},
              "uuid": "8a9528ba-1347-478f-9124-d57484d94653",
              "parentUUID": "970ccb64-0c49-40b8-8614-0c4a663adbfe",
              "isHook": false,
              "skipped": false
            },
            {
              "title": "should return the server-assigned client id",
              "fullTitle": "client command test should return the server-assigned client id",
              "timedOut": false,
              "duration": 1,
              "state": "passed",
              "speed": "fast",
              "pass": true,
              "fail": false,
              "pending": false,
              "context": null,
              "code": "__awaiter(void 0, void 0, void 0, function* () {\n        const response = yield common_test_1.sendCommand(client, ['client', 'id']);\n        chai_1.expect(response).to.be.a('number');\n        chai_1.expect(String(response).length).to.be.greaterThan(0);\n    })",
              "err": {},
              "uuid": "d6455cec-02b3-4d3f-8ef9-029110400418",
              "parentUUID": "970ccb64-0c49-40b8-8614-0c4a663adbfe",
              "isHook": false,
              "skipped": false
            },
            {
              "title": "should respond with a predictable message when \"id\" called with too many parameters",
              "fullTitle": "client command test should respond with a predictable message when \"id\" called with too many parameters",
              "timedOut": false,
              "duration": 1,
              "state": "passed",
              "speed": "fast",
              "pass": true,
              "fail": false,
              "pending": false,
              "context": null,
              "code": "__awaiter(void 0, void 0, void 0, function* () {\n        const response = yield common_test_1.sendCommand(client, ['client', 'id', 'test', 'two']);\n        chai_1.expect(response).to.equal(util.format(DEFAULT_ERROR, 'id'));\n    })",
              "err": {},
              "uuid": "d646c0e6-66e3-403e-a9ca-34bbab7fe04f",
              "parentUUID": "970ccb64-0c49-40b8-8614-0c4a663adbfe",
              "isHook": false,
              "skipped": false
            },
            {
              "title": "should return a bunch of information when client \"list\" subcommand is invoked",
              "fullTitle": "client command test should return a bunch of information when client \"list\" subcommand is invoked",
              "timedOut": false,
              "duration": 1,
              "state": "passed",
              "speed": "fast",
              "pass": true,
              "fail": false,
              "pending": false,
              "context": null,
              "code": "__awaiter(void 0, void 0, void 0, function* () {\n        const response = yield common_test_1.sendCommand(client, ['client', 'list']);\n        chai_1.expect(response).to.be.a('string');\n        chai_1.expect(response.length).to.be.greaterThan(0);\n        chai_1.expect(response).to.match(/ name=whatever /);\n        chai_1.expect(response).to.match(/\\bdb=0\\b/);\n    })",
              "err": {},
              "uuid": "6b65d7c0-76ab-4908-af7f-167c0795f13d",
              "parentUUID": "970ccb64-0c49-40b8-8614-0c4a663adbfe",
              "isHook": false,
              "skipped": false
            },
            {
              "title": "should respond with a predictable message when \"list\" called with too many parameters",
              "fullTitle": "client command test should respond with a predictable message when \"list\" called with too many parameters",
              "timedOut": false,
              "duration": 1,
              "state": "passed",
              "speed": "fast",
              "pass": true,
              "fail": false,
              "pending": false,
              "context": null,
              "code": "__awaiter(void 0, void 0, void 0, function* () {\n        const response = yield common_test_1.sendCommand(client, ['client', 'list', 'test', 'two']);\n        chai_1.expect(response).to.equal('ReplyError: ERR syntax error');\n    })",
              "err": {},
              "uuid": "ead59f75-ebb3-4b2a-9b2a-c9250c2ffdeb",
              "parentUUID": "970ccb64-0c49-40b8-8614-0c4a663adbfe",
              "isHook": false,
              "skipped": false
            }
          ],
          "suites": [],
          "passes": [
            "c5ba12fe-510a-41be-9162-5a37dbcc1350",
            "55d6fe2c-9488-4052-af73-50740c4b20a6",
            "2d0c4a6f-9186-47ee-8a55-14eaf41a2a8c",
            "e3fed927-06d8-4610-8e97-355510c9146f",
            "cc34b5c3-770c-4786-9c58-2131b58c9d08",
            "aebc1012-060d-47d5-a14e-a999a11be538",
            "2247bbf5-3ab3-4a30-ad21-a7c4f0acebd8",
            "8a9528ba-1347-478f-9124-d57484d94653",
            "d6455cec-02b3-4d3f-8ef9-029110400418",
            "d646c0e6-66e3-403e-a9ca-34bbab7fe04f",
            "6b65d7c0-76ab-4908-af7f-167c0795f13d",
            "ead59f75-ebb3-4b2a-9b2a-c9250c2ffdeb"
          ],
          "failures": [],
          "pending": [],
          "skipped": [],
          "duration": 13,
          "root": false,
          "rootEmpty": false,
          "_timeout": 5000
        },
        {
          "uuid": "b5e03607-43f1-42e8-8082-0c5bb919017b",
          "title": "flushall-command test",
          "fullFile": "/home/lane/git/redis/test/resp/command/db/flushall-command.test.ts",
          "file": "/test/resp/command/db/flushall-command.test.ts",
          "beforeHooks": [
            {
              "title": "\"before all\" hook",
              "fullTitle": "flushall-command test \"before all\" hook",
              "timedOut": false,
              "duration": 104,
              "state": null,
              "speed": null,
              "pass": false,
              "fail": false,
              "pending": false,
              "context": null,
              "code": "respServer = new resp_server_1.RespServer();\nrespServer.on('ready', () => __awaiter(void 0, void 0, void 0, function* () {\n    yield common_test_1.sendCommand(client, ['flushall']);\n    done();\n}));\nrespServer.start();",
              "err": {},
              "uuid": "cba87f54-12e6-4426-a5d7-df1b035dc269",
              "parentUUID": "b5e03607-43f1-42e8-8082-0c5bb919017b",
              "isHook": true,
              "skipped": false
            },
            {
              "title": "\"before each\" hook",
              "fullTitle": "flushall-command test \"before each\" hook",
              "timedOut": false,
              "duration": 0,
              "state": null,
              "speed": null,
              "pass": false,
              "fail": false,
              "pending": false,
              "context": null,
              "code": "sinon.createSandbox();",
              "err": {},
              "uuid": "a157ae60-4c76-4afd-929b-59da4fb65c9f",
              "parentUUID": "b5e03607-43f1-42e8-8082-0c5bb919017b",
              "isHook": true,
              "skipped": false
            }
          ],
          "afterHooks": [
            {
              "title": "\"after all\" hook",
              "fullTitle": "flushall-command test \"after all\" hook",
              "timedOut": false,
              "duration": 1,
              "state": null,
              "speed": null,
              "pass": false,
              "fail": false,
              "pending": false,
              "context": null,
              "code": "__awaiter(void 0, void 0, void 0, function* () {\n        yield respServer.stop();\n    })",
              "err": {},
              "uuid": "c3e83575-38c7-4bdf-ae57-5038e6ddca1b",
              "parentUUID": "b5e03607-43f1-42e8-8082-0c5bb919017b",
              "isHook": true,
              "skipped": false
            },
            {
              "title": "\"after each\" hook",
              "fullTitle": "flushall-command test \"after each\" hook",
              "timedOut": false,
              "duration": 0,
              "state": null,
              "speed": null,
              "pass": false,
              "fail": false,
              "pending": false,
              "context": null,
              "code": "sinon.restore();",
              "err": {},
              "uuid": "dcd6917d-bb4c-4d08-96f1-167a5f716811",
              "parentUUID": "b5e03607-43f1-42e8-8082-0c5bb919017b",
              "isHook": true,
              "skipped": false
            }
          ],
          "tests": [
            {
              "title": "should remove all keys from all databases",
              "fullTitle": "flushall-command test should remove all keys from all databases",
              "timedOut": false,
              "duration": 64,
              "state": "passed",
              "speed": "medium",
              "pass": true,
              "fail": false,
              "pending": false,
              "context": null,
              "code": "__awaiter(void 0, void 0, void 0, function* () {\n        for (let db = 0; db < 16; db++) {\n            response = yield common_test_1.sendCommand(client, ['select', `${db}`]);\n            chai_1.expect(response).to.equal('OK');\n            response = yield common_test_1.sendCommand(client, ['set', 'dbid', `${db}`]);\n            chai_1.expect(response).to.equal('OK');\n            response = yield common_test_1.sendCommand(client, ['dbsize']);\n            console.log(`DB: ${db}: dbsize: ${response}`);\n            chai_1.expect(response).to.equal(1);\n        }\n        response = yield common_test_1.sendCommand(client, ['flushall']);\n        chai_1.expect(response).to.equal('OK');\n        for (let db = 0; db < 16; db++) {\n            response = yield common_test_1.sendCommand(client, ['select', `${db}`]);\n            chai_1.expect(response).to.equal('OK');\n            response = yield common_test_1.sendCommand(client, ['dbsize']);\n            chai_1.expect(response).to.equal(0);\n        }\n    })",
              "err": {},
              "uuid": "0ea10124-bce7-4607-bc72-46ac7c60773c",
              "parentUUID": "b5e03607-43f1-42e8-8082-0c5bb919017b",
              "isHook": false,
              "skipped": false
            }
          ],
          "suites": [],
          "passes": [
            "0ea10124-bce7-4607-bc72-46ac7c60773c"
          ],
          "failures": [],
          "pending": [],
          "skipped": [],
          "duration": 64,
          "root": false,
          "rootEmpty": false,
          "_timeout": 5000
        },
        {
          "uuid": "bd5e451b-e3d6-4b0d-9054-93949dbc2ca3",
          "title": "flushdb-command test",
          "fullFile": "/home/lane/git/redis/test/resp/command/db/flushdb-command.test.ts",
          "file": "/test/resp/command/db/flushdb-command.test.ts",
          "beforeHooks": [
            {
              "title": "\"before all\" hook",
              "fullTitle": "flushdb-command test \"before all\" hook",
              "timedOut": false,
              "duration": 6,
              "state": null,
              "speed": null,
              "pass": false,
              "fail": false,
              "pending": false,
              "context": null,
              "code": "respServer = new resp_server_1.RespServer();\nrespServer.on('ready', () => {\n    done();\n});\nrespServer.start();",
              "err": {},
              "uuid": "509ec2c1-1c0a-4ec6-9f2f-f176a21a3ed5",
              "parentUUID": "bd5e451b-e3d6-4b0d-9054-93949dbc2ca3",
              "isHook": true,
              "skipped": false
            },
            {
              "title": "\"before each\" hook",
              "fullTitle": "flushdb-command test \"before each\" hook",
              "timedOut": false,
              "duration": 0,
              "state": null,
              "speed": null,
              "pass": false,
              "fail": false,
              "pending": false,
              "context": null,
              "code": "sinon.createSandbox();",
              "err": {},
              "uuid": "5e760422-3cb4-4ca1-a445-9244a3a5e856",
              "parentUUID": "bd5e451b-e3d6-4b0d-9054-93949dbc2ca3",
              "isHook": true,
              "skipped": false
            }
          ],
          "afterHooks": [
            {
              "title": "\"after all\" hook",
              "fullTitle": "flushdb-command test \"after all\" hook",
              "timedOut": false,
              "duration": 0,
              "state": null,
              "speed": null,
              "pass": false,
              "fail": false,
              "pending": false,
              "context": null,
              "code": "__awaiter(void 0, void 0, void 0, function* () {\n        yield respServer.stop();\n    })",
              "err": {},
              "uuid": "2ed1007c-6291-4a8e-8cea-5f3ca392183e",
              "parentUUID": "bd5e451b-e3d6-4b0d-9054-93949dbc2ca3",
              "isHook": true,
              "skipped": false
            },
            {
              "title": "\"after each\" hook",
              "fullTitle": "flushdb-command test \"after each\" hook",
              "timedOut": false,
              "duration": 0,
              "state": null,
              "speed": null,
              "pass": false,
              "fail": false,
              "pending": false,
              "context": null,
              "code": "sinon.restore();",
              "err": {},
              "uuid": "26211e91-129a-4c99-bbb3-f3f657ac5715",
              "parentUUID": "bd5e451b-e3d6-4b0d-9054-93949dbc2ca3",
              "isHook": true,
              "skipped": false
            }
          ],
          "tests": [
            {
              "title": "should remove all keys from only the currently selected databases",
              "fullTitle": "flushdb-command test should remove all keys from only the currently selected databases",
              "timedOut": false,
              "duration": 35,
              "state": "passed",
              "speed": "fast",
              "pass": true,
              "fail": false,
              "pending": false,
              "context": null,
              "code": "__awaiter(void 0, void 0, void 0, function* () {\n        for (let db = 0; db < 16; db++) {\n            response = yield common_test_1.sendCommand(client, ['select', `${db}`]);\n            chai_1.expect(response).to.equal('OK');\n            response = yield common_test_1.sendCommand(client, ['set', 'dbid', `${db}`]);\n            chai_1.expect(response).to.equal('OK');\n            response = yield common_test_1.sendCommand(client, ['dbsize']);\n            chai_1.expect(response).to.equal(1);\n        }\n        for (let db = 0; db < 16; db++) {\n            if (db !== 14) {\n                response = yield common_test_1.sendCommand(client, ['select', `${db}`]);\n                chai_1.expect(response).to.equal('OK');\n                response = yield common_test_1.sendCommand(client, ['flushdb']);\n                chai_1.expect(response).to.equal('OK');\n                response = yield common_test_1.sendCommand(client, ['exists', 'dbid']);\n                chai_1.expect(response).to.equal(0);\n                response = yield common_test_1.sendCommand(client, ['dbsize']);\n                chai_1.expect(response).to.equal(0);\n            }\n        }\n        response = yield common_test_1.sendCommand(client, ['select', '14']);\n        chai_1.expect(response).to.equal('OK');\n        response = yield common_test_1.sendCommand(client, ['get', 'dbid']);\n        chai_1.expect(response).to.equal('14');\n        response = yield common_test_1.sendCommand(client, ['dbsize']);\n        chai_1.expect(response).to.equal(1);\n    })",
              "err": {},
              "uuid": "0b69b3ef-5331-4d6e-b398-fff88a885956",
              "parentUUID": "bd5e451b-e3d6-4b0d-9054-93949dbc2ca3",
              "isHook": false,
              "skipped": false
            }
          ],
          "suites": [],
          "passes": [
            "0b69b3ef-5331-4d6e-b398-fff88a885956"
          ],
          "failures": [],
          "pending": [],
          "skipped": [],
          "duration": 35,
          "root": false,
          "rootEmpty": false,
          "_timeout": 5000
        },
        {
          "uuid": "9e6a1f1b-5dc9-4db1-a177-8073df20615d",
          "title": "hget command test",
          "fullFile": "/home/lane/git/redis/test/resp/command/hash/hget-command.test.ts",
          "file": "/test/resp/command/hash/hget-command.test.ts",
          "beforeHooks": [
            {
              "title": "\"before all\" hook",
              "fullTitle": "hget command test \"before all\" hook",
              "timedOut": false,
              "duration": 4,
              "state": null,
              "speed": null,
              "pass": false,
              "fail": false,
              "pending": false,
              "context": null,
              "code": "respServer = new resp_server_1.RespServer();\nrespServer.on('ready', () => {\n    done();\n});\nrespServer.start();",
              "err": {},
              "uuid": "cd3c976c-387d-487c-a2b2-ad6f08778526",
              "parentUUID": "9e6a1f1b-5dc9-4db1-a177-8073df20615d",
              "isHook": true,
              "skipped": false
            },
            {
              "title": "\"before each\" hook",
              "fullTitle": "hget command test \"before each\" hook",
              "timedOut": false,
              "duration": 0,
              "state": null,
              "speed": null,
              "pass": false,
              "fail": false,
              "pending": false,
              "context": null,
              "code": "sinon.createSandbox();",
              "err": {},
              "uuid": "801a193a-1632-409b-b52b-0178ee7c86b8",
              "parentUUID": "9e6a1f1b-5dc9-4db1-a177-8073df20615d",
              "isHook": true,
              "skipped": false
            }
          ],
          "afterHooks": [
            {
              "title": "\"after all\" hook",
              "fullTitle": "hget command test \"after all\" hook",
              "timedOut": false,
              "duration": 0,
              "state": null,
              "speed": null,
              "pass": false,
              "fail": false,
              "pending": false,
              "context": null,
              "code": "__awaiter(void 0, void 0, void 0, function* () {\n        yield respServer.stop();\n    })",
              "err": {},
              "uuid": "fa43b9d8-99bc-4bb0-a2d3-2db72dbdc9e3",
              "parentUUID": "9e6a1f1b-5dc9-4db1-a177-8073df20615d",
              "isHook": true,
              "skipped": false
            },
            {
              "title": "\"after each\" hook",
              "fullTitle": "hget command test \"after each\" hook",
              "timedOut": false,
              "duration": 0,
              "state": null,
              "speed": null,
              "pass": false,
              "fail": false,
              "pending": false,
              "context": null,
              "code": "sinon.restore();",
              "err": {},
              "uuid": "be72e294-d79f-409b-b687-8864d4bc5a2b",
              "parentUUID": "9e6a1f1b-5dc9-4db1-a177-8073df20615d",
              "isHook": true,
              "skipped": false
            }
          ],
          "tests": [
            {
              "title": "should require exactly 2 parameters",
              "fullTitle": "hget command test should require exactly 2 parameters",
              "timedOut": false,
              "duration": 2,
              "state": "passed",
              "speed": "fast",
              "pass": true,
              "fail": false,
              "pending": false,
              "context": null,
              "code": "common_test_1.sendCommand(new net.Socket(), ['hget', 'test'])\n    .then((response1) => {\n    chai_1.expect(response1).to.equal('ReplyError: ERR wrong number of arguments for \\'hget\\' command');\n    common_test_1.sendCommand(new net.Socket(), ['hget', 'test', 'one', 'two'])\n        .then((response2) => {\n        chai_1.expect(response2).to.equal('ReplyError: ERR wrong number of arguments for \\'hget\\' command');\n        common_test_1.sendCommand(new net.Socket(), ['hget', 'test', 'one'])\n            .then((response3) => {\n            chai_1.expect(response3).to.equal(null);\n            done();\n        });\n    });\n});",
              "err": {},
              "uuid": "2d1b2152-07ca-417c-95f8-741111c524d5",
              "parentUUID": "9e6a1f1b-5dc9-4db1-a177-8073df20615d",
              "isHook": false,
              "skipped": false
            },
            {
              "title": "should get a value after it has be set",
              "fullTitle": "hget command test should get a value after it has be set",
              "timedOut": false,
              "duration": 2,
              "state": "passed",
              "speed": "fast",
              "pass": true,
              "fail": false,
              "pending": false,
              "context": null,
              "code": "common_test_1.sendCommand(new net.Socket(), ['hset', 'test', 'one', 'two'])\n    .then(() => {\n    common_test_1.sendCommand(new net.Socket(), ['hget', 'test', 'one'])\n        .then((response) => {\n        chai_1.expect(response).to.equal('two');\n        done();\n    });\n});",
              "err": {},
              "uuid": "7ca5ee39-09e0-4b30-bb68-e2d4a235c965",
              "parentUUID": "9e6a1f1b-5dc9-4db1-a177-8073df20615d",
              "isHook": false,
              "skipped": false
            },
            {
              "title": "should return nil string when the key exists but the field does not",
              "fullTitle": "hget command test should return nil string when the key exists but the field does not",
              "timedOut": false,
              "duration": 1,
              "state": "passed",
              "speed": "fast",
              "pass": true,
              "fail": false,
              "pending": false,
              "context": null,
              "code": "common_test_1.sendCommand(new net.Socket(), ['hget', 'test', 'two'])\n    .then((response) => {\n    chai_1.expect(response).to.equal(null);\n    done();\n});",
              "err": {},
              "uuid": "a0bdc478-d7c0-4e27-8b13-a983b1e082b7",
              "parentUUID": "9e6a1f1b-5dc9-4db1-a177-8073df20615d",
              "isHook": false,
              "skipped": false
            }
          ],
          "suites": [],
          "passes": [
            "2d1b2152-07ca-417c-95f8-741111c524d5",
            "7ca5ee39-09e0-4b30-bb68-e2d4a235c965",
            "a0bdc478-d7c0-4e27-8b13-a983b1e082b7"
          ],
          "failures": [],
          "pending": [],
          "skipped": [],
          "duration": 5,
          "root": false,
          "rootEmpty": false,
          "_timeout": 5000
        },
        {
          "uuid": "de928a42-b9ce-415c-a521-229b9526f68f",
          "title": "hset command test",
          "fullFile": "/home/lane/git/redis/test/resp/command/hash/hset-command.test.ts",
          "file": "/test/resp/command/hash/hset-command.test.ts",
          "beforeHooks": [
            {
              "title": "\"before all\" hook",
              "fullTitle": "hset command test \"before all\" hook",
              "timedOut": false,
              "duration": 50,
              "state": null,
              "speed": null,
              "pass": false,
              "fail": false,
              "pending": false,
              "context": null,
              "code": "respServer = new resp_server_1.RespServer();\nrespServer.on('ready', () => __awaiter(void 0, void 0, void 0, function* () {\n    yield common_test_1.sendCommand(new net.Socket(), ['flushall']);\n    done();\n}));\nrespServer.start();",
              "err": {},
              "uuid": "8b5bfdda-c4b0-47a7-aa0a-7ee46e19aacf",
              "parentUUID": "de928a42-b9ce-415c-a521-229b9526f68f",
              "isHook": true,
              "skipped": false
            },
            {
              "title": "\"before each\" hook",
              "fullTitle": "hset command test \"before each\" hook",
              "timedOut": false,
              "duration": 0,
              "state": null,
              "speed": null,
              "pass": false,
              "fail": false,
              "pending": false,
              "context": null,
              "code": "sinon.createSandbox();",
              "err": {},
              "uuid": "c400fa4f-be07-40db-ab29-4401dc3c77eb",
              "parentUUID": "de928a42-b9ce-415c-a521-229b9526f68f",
              "isHook": true,
              "skipped": false
            }
          ],
          "afterHooks": [
            {
              "title": "\"after all\" hook",
              "fullTitle": "hset command test \"after all\" hook",
              "timedOut": false,
              "duration": 1,
              "state": null,
              "speed": null,
              "pass": false,
              "fail": false,
              "pending": false,
              "context": null,
              "code": "__awaiter(void 0, void 0, void 0, function* () {\n        yield respServer.stop();\n    })",
              "err": {},
              "uuid": "2317cba9-44bc-4b27-8a93-7380803990a8",
              "parentUUID": "de928a42-b9ce-415c-a521-229b9526f68f",
              "isHook": true,
              "skipped": false
            },
            {
              "title": "\"after each\" hook",
              "fullTitle": "hset command test \"after each\" hook",
              "timedOut": false,
              "duration": 0,
              "state": null,
              "speed": null,
              "pass": false,
              "fail": false,
              "pending": false,
              "context": null,
              "code": "sinon.restore();",
              "err": {},
              "uuid": "d2b69d8f-e39e-40de-a947-f4ece00e0f77",
              "parentUUID": "de928a42-b9ce-415c-a521-229b9526f68f",
              "isHook": true,
              "skipped": false
            }
          ],
          "tests": [
            {
              "title": "should require a minimum of 3 parameters",
              "fullTitle": "hset command test should require a minimum of 3 parameters",
              "timedOut": false,
              "duration": 3,
              "state": "passed",
              "speed": "fast",
              "pass": true,
              "fail": false,
              "pending": false,
              "context": null,
              "code": "__awaiter(void 0, void 0, void 0, function* () {\n        const uniqueKey = safeId();\n        chai_1.expect(uniqueKey).not.to.equal(lastId);\n        lastId = uniqueKey;\n        let response = yield common_test_1.sendCommand(new net.Socket(), ['hset', uniqueKey]);\n        chai_1.expect(response).to.match(/ReplyError: ERR wrong number of arguments for \\'hset\\' command/i);\n        response = yield common_test_1.sendCommand(new net.Socket(), ['hset', uniqueKey, 'one']);\n        chai_1.expect(response).to.match(/ReplyError: ERR wrong number of arguments for \\'hm?set\\' command/i);\n        response = yield common_test_1.sendCommand(new net.Socket(), ['hset', uniqueKey, 'one', 'two']);\n        chai_1.expect(response).to.equal(1);\n    })",
              "err": {},
              "uuid": "b6b3cdc3-f51a-4f48-bb2b-4f96bf38b263",
              "parentUUID": "de928a42-b9ce-415c-a521-229b9526f68f",
              "isHook": false,
              "skipped": false
            },
            {
              "title": "should only accept an odd number of parameters",
              "fullTitle": "hset command test should only accept an odd number of parameters",
              "timedOut": false,
              "duration": 1,
              "state": "passed",
              "speed": "fast",
              "pass": true,
              "fail": false,
              "pending": false,
              "context": null,
              "code": "__awaiter(void 0, void 0, void 0, function* () {\n        const uniqueKey = safeId();\n        chai_1.expect(uniqueKey).not.to.equal(lastId);\n        lastId = uniqueKey;\n        const response = yield common_test_1.sendCommand(new net.Socket(), ['hset', uniqueKey, 'one2', 'two', 'fail']);\n        chai_1.expect(response).to.match(/ReplyError: ERR wrong number of arguments for hm?set/i);\n    })",
              "err": {},
              "uuid": "d4f94afe-e618-48a3-b376-867f18698674",
              "parentUUID": "de928a42-b9ce-415c-a521-229b9526f68f",
              "isHook": false,
              "skipped": false
            },
            {
              "title": "should only report added fields",
              "fullTitle": "hset command test should only report added fields",
              "timedOut": false,
              "duration": 2,
              "state": "passed",
              "speed": "fast",
              "pass": true,
              "fail": false,
              "pending": false,
              "context": null,
              "code": "__awaiter(void 0, void 0, void 0, function* () {\n        const uniqueKey = safeId();\n        chai_1.expect(uniqueKey).not.to.equal(lastId);\n        lastId = uniqueKey;\n        let response = yield common_test_1.sendCommand(new net.Socket(), ['hset', uniqueKey, 'one', 'six']);\n        chai_1.expect(response).to.equal(1);\n        response = yield common_test_1.sendCommand(new net.Socket(), ['hset', uniqueKey, 'one', 'anothervalue']);\n        chai_1.expect(response).to.equal(0);\n        response = yield common_test_1.sendCommand(new net.Socket(), ['hget', uniqueKey, 'one']);\n        chai_1.expect(response).to.equal('anothervalue');\n    })",
              "err": {},
              "uuid": "becc2a3c-b2f1-4255-a4a7-e04f412315c5",
              "parentUUID": "de928a42-b9ce-415c-a521-229b9526f68f",
              "isHook": false,
              "skipped": false
            }
          ],
          "suites": [],
          "passes": [
            "b6b3cdc3-f51a-4f48-bb2b-4f96bf38b263",
            "d4f94afe-e618-48a3-b376-867f18698674",
            "becc2a3c-b2f1-4255-a4a7-e04f412315c5"
          ],
          "failures": [],
          "pending": [],
          "skipped": [],
          "duration": 6,
          "root": false,
          "rootEmpty": false,
          "_timeout": 5000
        },
        {
          "uuid": "39de4b03-8fa9-486d-a607-c7a7422d2a97",
          "title": "del-command test",
          "fullFile": "/home/lane/git/redis/test/resp/command/key/del-command.test.ts",
          "file": "/test/resp/command/key/del-command.test.ts",
          "beforeHooks": [
            {
              "title": "\"before all\" hook",
              "fullTitle": "del-command test \"before all\" hook",
              "timedOut": false,
              "duration": 12,
              "state": null,
              "speed": null,
              "pass": false,
              "fail": false,
              "pending": false,
              "context": null,
              "code": "respServer = new resp_server_1.RespServer();\nrespServer.on('ready', () => {\n    done();\n});\nrespServer.start();",
              "err": {},
              "uuid": "38e058a9-d222-40bf-824d-09e9e4672c11",
              "parentUUID": "39de4b03-8fa9-486d-a607-c7a7422d2a97",
              "isHook": true,
              "skipped": false
            },
            {
              "title": "\"before each\" hook",
              "fullTitle": "del-command test \"before each\" hook",
              "timedOut": false,
              "duration": 0,
              "state": null,
              "speed": null,
              "pass": false,
              "fail": false,
              "pending": false,
              "context": null,
              "code": "sinon.createSandbox();",
              "err": {},
              "uuid": "183c3cb4-a56e-4f9d-9494-d57e62b48a9a",
              "parentUUID": "39de4b03-8fa9-486d-a607-c7a7422d2a97",
              "isHook": true,
              "skipped": false
            }
          ],
          "afterHooks": [
            {
              "title": "\"after all\" hook",
              "fullTitle": "del-command test \"after all\" hook",
              "timedOut": false,
              "duration": 1,
              "state": null,
              "speed": null,
              "pass": false,
              "fail": false,
              "pending": false,
              "context": null,
              "code": "__awaiter(void 0, void 0, void 0, function* () {\n        yield respServer.stop();\n    })",
              "err": {},
              "uuid": "b99ec855-e4cd-4604-a0e0-d3d30fb4a18f",
              "parentUUID": "39de4b03-8fa9-486d-a607-c7a7422d2a97",
              "isHook": true,
              "skipped": false
            },
            {
              "title": "\"after each\" hook",
              "fullTitle": "del-command test \"after each\" hook",
              "timedOut": false,
              "duration": 0,
              "state": null,
              "speed": null,
              "pass": false,
              "fail": false,
              "pending": false,
              "context": null,
              "code": "sinon.restore();",
              "err": {},
              "uuid": "9f96ab66-a685-4b11-aa16-b8592d1eabcc",
              "parentUUID": "39de4b03-8fa9-486d-a607-c7a7422d2a97",
              "isHook": true,
              "skipped": false
            }
          ],
          "tests": [
            {
              "title": "should report ZERO when called with no keys present",
              "fullTitle": "del-command test should report ZERO when called with no keys present",
              "timedOut": false,
              "duration": 2,
              "state": "passed",
              "speed": "fast",
              "pass": true,
              "fail": false,
              "pending": false,
              "context": null,
              "code": "common_test_1.sendCommand(new net.Socket(), ['del', 'key1', 'key2', 'key3'])\n    .then((response) => {\n    chai_1.expect(response).to.be.a('number');\n    chai_1.expect(response).to.equal(0);\n    done();\n});",
              "err": {},
              "uuid": "cae39549-651b-4b57-9834-f02ec3e4cc6a",
              "parentUUID": "39de4b03-8fa9-486d-a607-c7a7422d2a97",
              "isHook": false,
              "skipped": false
            },
            {
              "title": "should report the number of keys actually removed",
              "fullTitle": "del-command test should report the number of keys actually removed",
              "timedOut": false,
              "duration": 4,
              "state": "passed",
              "speed": "fast",
              "pass": true,
              "fail": false,
              "pending": false,
              "context": null,
              "code": "const client = new net.Socket();\ncommon_test_1.sendCommand(client, ['set', 'key1', 'data'])\n    .then(() => {\n    common_test_1.sendCommand(client, ['set', 'key2', 'data'])\n        .then(() => {\n        common_test_1.sendCommand(client, ['set', 'key3', 'data'])\n            .then(() => {\n            common_test_1.sendCommand(client, ['del', 'key1', 'key3'])\n                .then((response) => {\n                chai_1.expect(response).to.equal(2);\n                done();\n            });\n        });\n    });\n});",
              "err": {},
              "uuid": "3c02cc1b-f5ff-4f4d-b9d1-5bf5d7616ba7",
              "parentUUID": "39de4b03-8fa9-486d-a607-c7a7422d2a97",
              "isHook": false,
              "skipped": false
            },
            {
              "title": "should have retained key2 from the previous test",
              "fullTitle": "del-command test should have retained key2 from the previous test",
              "timedOut": false,
              "duration": 1,
              "state": "passed",
              "speed": "fast",
              "pass": true,
              "fail": false,
              "pending": false,
              "context": null,
              "code": "common_test_1.sendCommand(new net.Socket(), ['del', 'key2'])\n    .then((response) => {\n    chai_1.expect(response).to.equal(1);\n    done();\n});",
              "err": {},
              "uuid": "1a9b2055-9af0-4b04-84cb-49bcc8aa041e",
              "parentUUID": "39de4b03-8fa9-486d-a607-c7a7422d2a97",
              "isHook": false,
              "skipped": false
            }
          ],
          "suites": [],
          "passes": [
            "cae39549-651b-4b57-9834-f02ec3e4cc6a",
            "3c02cc1b-f5ff-4f4d-b9d1-5bf5d7616ba7",
            "1a9b2055-9af0-4b04-84cb-49bcc8aa041e"
          ],
          "failures": [],
          "pending": [],
          "skipped": [],
          "duration": 7,
          "root": false,
          "rootEmpty": false,
          "_timeout": 5000
        },
        {
          "uuid": "bda5ca8a-c873-46e0-879d-0326d345ee37",
          "title": "exists-command test",
          "fullFile": "/home/lane/git/redis/test/resp/command/key/exists-command.test.ts",
          "file": "/test/resp/command/key/exists-command.test.ts",
          "beforeHooks": [
            {
              "title": "\"before all\" hook",
              "fullTitle": "exists-command test \"before all\" hook",
              "timedOut": false,
              "duration": 7,
              "state": null,
              "speed": null,
              "pass": false,
              "fail": false,
              "pending": false,
              "context": null,
              "code": "respServer = new resp_server_1.RespServer();\nrespServer.on('ready', () => {\n    // Set a key with a millisecond TTL to validate exists respects TTL\n    common_test_1.sendCommand(new net.Socket(), ['set', 'ttlkey', 'value', 'PX', '3'])\n        .then(() => {\n        done();\n    });\n});\nrespServer.start();",
              "err": {},
              "uuid": "fe305fc1-d59c-4069-b32d-b9408a6e2f85",
              "parentUUID": "bda5ca8a-c873-46e0-879d-0326d345ee37",
              "isHook": true,
              "skipped": false
            },
            {
              "title": "\"before each\" hook",
              "fullTitle": "exists-command test \"before each\" hook",
              "timedOut": false,
              "duration": 0,
              "state": null,
              "speed": null,
              "pass": false,
              "fail": false,
              "pending": false,
              "context": null,
              "code": "sinon.createSandbox();",
              "err": {},
              "uuid": "39985a60-8891-41d1-aa23-baedc2b582ca",
              "parentUUID": "bda5ca8a-c873-46e0-879d-0326d345ee37",
              "isHook": true,
              "skipped": false
            }
          ],
          "afterHooks": [
            {
              "title": "\"after all\" hook",
              "fullTitle": "exists-command test \"after all\" hook",
              "timedOut": false,
              "duration": 1,
              "state": null,
              "speed": null,
              "pass": false,
              "fail": false,
              "pending": false,
              "context": null,
              "code": "__awaiter(void 0, void 0, void 0, function* () {\n        yield respServer.stop();\n    })",
              "err": {},
              "uuid": "0d16c223-f4a7-4738-8fcb-08f435842e23",
              "parentUUID": "bda5ca8a-c873-46e0-879d-0326d345ee37",
              "isHook": true,
              "skipped": false
            },
            {
              "title": "\"after each\" hook",
              "fullTitle": "exists-command test \"after each\" hook",
              "timedOut": false,
              "duration": 0,
              "state": null,
              "speed": null,
              "pass": false,
              "fail": false,
              "pending": false,
              "context": null,
              "code": "sinon.restore();",
              "err": {},
              "uuid": "f0ecf56f-7ada-4dba-9657-67c0928d16d4",
              "parentUUID": "bda5ca8a-c873-46e0-879d-0326d345ee37",
              "isHook": true,
              "skipped": false
            }
          ],
          "tests": [
            {
              "title": "should report ZERO when none of the specified keys exist",
              "fullTitle": "exists-command test should report ZERO when none of the specified keys exist",
              "timedOut": false,
              "duration": 1,
              "state": "passed",
              "speed": "fast",
              "pass": true,
              "fail": false,
              "pending": false,
              "context": null,
              "code": "common_test_1.sendCommand(new net.Socket(), ['exists', 'key1', 'key2', 'key3'])\n    .then((response) => {\n    chai_1.expect(response).to.be.a('number');\n    chai_1.expect(response).to.equal(0);\n    done();\n});",
              "err": {},
              "uuid": "17bda826-1473-4d43-b5f7-b309078418a3",
              "parentUUID": "bda5ca8a-c873-46e0-879d-0326d345ee37",
              "isHook": false,
              "skipped": false
            },
            {
              "title": "should require at least ONE parameter",
              "fullTitle": "exists-command test should require at least ONE parameter",
              "timedOut": false,
              "duration": 2,
              "state": "passed",
              "speed": "fast",
              "pass": true,
              "fail": false,
              "pending": false,
              "context": null,
              "code": "common_test_1.sendCommand(new net.Socket(), ['exists'])\n    .then((response) => {\n    chai_1.expect(response).to.equal('ReplyError: ERR wrong number of arguments for \\'exists\\' command');\n    done();\n});",
              "err": {},
              "uuid": "5a1054cd-7d75-4f88-a7e4-d84f857c3dc3",
              "parentUUID": "bda5ca8a-c873-46e0-879d-0326d345ee37",
              "isHook": false,
              "skipped": false
            },
            {
              "title": "should report GREATER THAN ZERO when checking for the same existing key multiple times",
              "fullTitle": "exists-command test should report GREATER THAN ZERO when checking for the same existing key multiple times",
              "timedOut": false,
              "duration": 2,
              "state": "passed",
              "speed": "fast",
              "pass": true,
              "fail": false,
              "pending": false,
              "context": null,
              "code": "common_test_1.sendCommand(new net.Socket(), ['set', 'key', 'value'])\n    .then(() => {\n    common_test_1.sendCommand(new net.Socket(), ['exists', 'key', 'key', 'unknownkey', 'another', 'another'])\n        .then((response) => {\n        chai_1.expect(response).to.equal(2);\n        done();\n    });\n});",
              "err": {},
              "uuid": "be90e09b-4f68-477d-8127-43861c290d54",
              "parentUUID": "bda5ca8a-c873-46e0-879d-0326d345ee37",
              "isHook": false,
              "skipped": false
            },
            {
              "title": "should respect the TTL value on a key",
              "fullTitle": "exists-command test should respect the TTL value on a key",
              "timedOut": false,
              "duration": 1,
              "state": "passed",
              "speed": "fast",
              "pass": true,
              "fail": false,
              "pending": false,
              "context": null,
              "code": "common_test_1.sendCommand(new net.Socket(), ['exists', 'ttlkey'])\n    .then((response) => {\n    chai_1.expect(response).to.equal(0);\n    done();\n});",
              "err": {},
              "uuid": "90416203-e250-418a-85bc-a1251f38c5a6",
              "parentUUID": "bda5ca8a-c873-46e0-879d-0326d345ee37",
              "isHook": false,
              "skipped": false
            }
          ],
          "suites": [],
          "passes": [
            "17bda826-1473-4d43-b5f7-b309078418a3",
            "5a1054cd-7d75-4f88-a7e4-d84f857c3dc3",
            "be90e09b-4f68-477d-8127-43861c290d54",
            "90416203-e250-418a-85bc-a1251f38c5a6"
          ],
          "failures": [],
          "pending": [],
          "skipped": [],
          "duration": 6,
          "root": false,
          "rootEmpty": false,
          "_timeout": 5000
        },
        {
          "uuid": "87be54c0-6f62-40b7-8d1a-65677a4b34bb",
          "title": "expire-command test",
          "fullFile": "/home/lane/git/redis/test/resp/command/key/expire-command.test.ts",
          "file": "/test/resp/command/key/expire-command.test.ts",
          "beforeHooks": [
            {
              "title": "\"before all\" hook",
              "fullTitle": "expire-command test \"before all\" hook",
              "timedOut": false,
              "duration": 5,
              "state": null,
              "speed": null,
              "pass": false,
              "fail": false,
              "pending": false,
              "context": null,
              "code": "respServer = new resp_server_1.RespServer();\nrespServer.on('ready', () => {\n    done();\n});\nrespServer.start();",
              "err": {},
              "uuid": "b30f5d4e-af6e-43d1-bdb0-192c0e807431",
              "parentUUID": "87be54c0-6f62-40b7-8d1a-65677a4b34bb",
              "isHook": true,
              "skipped": false
            },
            {
              "title": "\"before each\" hook",
              "fullTitle": "expire-command test \"before each\" hook",
              "timedOut": false,
              "duration": 0,
              "state": null,
              "speed": null,
              "pass": false,
              "fail": false,
              "pending": false,
              "context": null,
              "code": "sinon.createSandbox();",
              "err": {},
              "uuid": "f16547a0-043a-4937-b59d-5b9e15443381",
              "parentUUID": "87be54c0-6f62-40b7-8d1a-65677a4b34bb",
              "isHook": true,
              "skipped": false
            }
          ],
          "afterHooks": [
            {
              "title": "\"after all\" hook",
              "fullTitle": "expire-command test \"after all\" hook",
              "timedOut": false,
              "duration": 0,
              "state": null,
              "speed": null,
              "pass": false,
              "fail": false,
              "pending": false,
              "context": null,
              "code": "__awaiter(void 0, void 0, void 0, function* () {\n        yield respServer.stop();\n    })",
              "err": {},
              "uuid": "8641d8bd-00ce-45b2-9a51-1ac699d301b5",
              "parentUUID": "87be54c0-6f62-40b7-8d1a-65677a4b34bb",
              "isHook": true,
              "skipped": false
            },
            {
              "title": "\"after each\" hook",
              "fullTitle": "expire-command test \"after each\" hook",
              "timedOut": false,
              "duration": 0,
              "state": null,
              "speed": null,
              "pass": false,
              "fail": false,
              "pending": false,
              "context": null,
              "code": "sinon.restore();",
              "err": {},
              "uuid": "fdf1e323-0a30-470f-9b5e-bf32b34b4e85",
              "parentUUID": "87be54c0-6f62-40b7-8d1a-65677a4b34bb",
              "isHook": true,
              "skipped": false
            }
          ],
          "tests": [
            {
              "title": "should report ZERO when expire called on non-existent key",
              "fullTitle": "expire-command test should report ZERO when expire called on non-existent key",
              "timedOut": false,
              "duration": 3,
              "state": "passed",
              "speed": "fast",
              "pass": true,
              "fail": false,
              "pending": false,
              "context": null,
              "code": "__awaiter(void 0, void 0, void 0, function* () {\n        response = yield common_test_1.sendCommand(client, ['expire', 'no-key', '1000']);\n        chai_1.expect(response).to.equal(0);\n    })",
              "err": {},
              "uuid": "ad86d63c-61b3-45fd-a9b6-f78e71c72f25",
              "parentUUID": "87be54c0-6f62-40b7-8d1a-65677a4b34bb",
              "isHook": false,
              "skipped": false
            },
            {
              "title": "should require an integer value for the ttl parameter",
              "fullTitle": "expire-command test should require an integer value for the ttl parameter",
              "timedOut": false,
              "duration": 1,
              "state": "passed",
              "speed": "fast",
              "pass": true,
              "fail": false,
              "pending": false,
              "context": null,
              "code": "__awaiter(void 0, void 0, void 0, function* () {\n        response = yield common_test_1.sendCommand(client, ['set', 'mykey', 'value']);\n        chai_1.expect(response).to.equal('OK');\n        response = yield common_test_1.sendCommand(client, ['expire', 'mykey', '10.2']);\n        chai_1.expect(response).to.equal('ReplyError: ERR value is not an integer or out of range');\n        response = yield common_test_1.sendCommand(client, ['expire', 'mykey', 'ten']);\n        chai_1.expect(response).to.equal('ReplyError: ERR value is not an integer or out of range');\n    })",
              "err": {},
              "uuid": "1d16a9db-46b4-45b1-8f4d-422f99714dca",
              "parentUUID": "87be54c0-6f62-40b7-8d1a-65677a4b34bb",
              "isHook": false,
              "skipped": false
            },
            {
              "title": "should set the requested ttl on a key",
              "fullTitle": "expire-command test should set the requested ttl on a key",
              "timedOut": false,
              "duration": 0,
              "state": "passed",
              "speed": "fast",
              "pass": true,
              "fail": false,
              "pending": false,
              "context": null,
              "code": "__awaiter(void 0, void 0, void 0, function* () {\n        response = yield common_test_1.sendCommand(client, ['expire', 'mykey', '10000']);\n        chai_1.expect(response).to.equal(1);\n        response = yield common_test_1.sendCommand(client, ['exists', 'mykey']);\n        chai_1.expect(response).to.equal(1);\n    })",
              "err": {},
              "uuid": "bc9d90c3-56de-4aac-a1c3-1ed8e229077d",
              "parentUUID": "87be54c0-6f62-40b7-8d1a-65677a4b34bb",
              "isHook": false,
              "skipped": false
            },
            {
              "title": "should expire a key when we set a negative ttl",
              "fullTitle": "expire-command test should expire a key when we set a negative ttl",
              "timedOut": false,
              "duration": 0,
              "state": "passed",
              "speed": "fast",
              "pass": true,
              "fail": false,
              "pending": false,
              "context": null,
              "code": "__awaiter(void 0, void 0, void 0, function* () {\n        // Note that this is not consistent with documentation\n        response = yield common_test_1.sendCommand(client, ['expire', 'mykey', '-1']);\n        chai_1.expect(response).to.equal(1);\n        response = yield common_test_1.sendCommand(client, ['exists', 'mykey']);\n        chai_1.expect(response).to.equal(0);\n    })",
              "err": {},
              "uuid": "4704ff6a-47d9-4152-837e-20335414a8b9",
              "parentUUID": "87be54c0-6f62-40b7-8d1a-65677a4b34bb",
              "isHook": false,
              "skipped": false
            },
            {
              "title": "should work with ZKEYs (and other key types - as yet untested)",
              "fullTitle": "expire-command test should work with ZKEYs (and other key types - as yet untested)",
              "timedOut": false,
              "duration": 2006,
              "state": "passed",
              "speed": "slow",
              "pass": true,
              "fail": false,
              "pending": false,
              "context": null,
              "code": "common_test_1.sendCommand(client, ['zadd', 'zkey', '1', 'member'])\n    .then((response) => {\n    chai_1.expect(response).to.equal(1);\n    common_test_1.sendCommand(client, ['exists', 'zkey'])\n        .then((response) => {\n        chai_1.expect(response).to.equal(1);\n        common_test_1.sendCommand(client, ['expire', 'zkey', '1'])\n            .then((response) => {\n            chai_1.expect(response).to.equal(1);\n            setTimeout(() => {\n                common_test_1.sendCommand(client, ['exists', 'zkey'])\n                    .then((response) => {\n                    chai_1.expect(response).to.equal(0, `Unexpected response ${response} should be ZERO`);\n                    done();\n                });\n            }, 2000);\n        });\n    });\n});",
              "err": {},
              "uuid": "0741c0c1-907f-4db1-9943-33aa99c2a9af",
              "parentUUID": "87be54c0-6f62-40b7-8d1a-65677a4b34bb",
              "isHook": false,
              "skipped": false
            },
            {
              "title": "should survive the RENAME operation",
              "fullTitle": "expire-command test should survive the RENAME operation",
              "timedOut": false,
              "duration": 5,
              "state": "passed",
              "speed": "fast",
              "pass": true,
              "fail": false,
              "pending": false,
              "context": null,
              "code": "__awaiter(void 0, void 0, void 0, function* () {\n        response = yield common_test_1.sendCommand(client, ['set', 'rename-test', 'value']);\n        chai_1.expect(response).to.equal('OK');\n        response = yield common_test_1.sendCommand(client, ['expire', 'rename-test', '1']);\n        chai_1.expect(response).to.equal(1);\n        response = yield common_test_1.sendCommand(client, ['rename', 'rename-test', 'new-name']);\n        chai_1.expect(response).to.equal('OK');\n        response = yield common_test_1.sendCommand(client, ['exists', 'new-name']);\n        chai_1.expect(response).to.equal(1);\n        response = yield common_test_1.sendCommand(client, ['exists', 'rename-test']);\n        chai_1.expect(response).to.equal(0);\n        yield setTimeout(() => __awaiter(void 0, void 0, void 0, function* () {\n            response = yield common_test_1.sendCommand(client, ['exists', 'new-name']);\n            chai_1.expect(response).to.equal(0);\n        }), 2000);\n    })",
              "err": {},
              "uuid": "357d4e71-db3e-42d3-bfc5-3a94e48ed4bc",
              "parentUUID": "87be54c0-6f62-40b7-8d1a-65677a4b34bb",
              "isHook": false,
              "skipped": false
            }
          ],
          "suites": [],
          "passes": [
            "ad86d63c-61b3-45fd-a9b6-f78e71c72f25",
            "1d16a9db-46b4-45b1-8f4d-422f99714dca",
            "bc9d90c3-56de-4aac-a1c3-1ed8e229077d",
            "4704ff6a-47d9-4152-837e-20335414a8b9",
            "0741c0c1-907f-4db1-9943-33aa99c2a9af",
            "357d4e71-db3e-42d3-bfc5-3a94e48ed4bc"
          ],
          "failures": [],
          "pending": [],
          "skipped": [],
          "duration": 2015,
          "root": false,
          "rootEmpty": false,
          "_timeout": 5000
        },
        {
          "uuid": "373d15f2-fcf7-4119-9a4d-df91137b9f66",
          "title": "keys-command test",
          "fullFile": "/home/lane/git/redis/test/resp/command/key/keys-command.test.ts",
          "file": "/test/resp/command/key/keys-command.test.ts",
          "beforeHooks": [
            {
              "title": "\"before all\" hook",
              "fullTitle": "keys-command test \"before all\" hook",
              "timedOut": false,
              "duration": 68,
              "state": null,
              "speed": null,
              "pass": false,
              "fail": false,
              "pending": false,
              "context": null,
              "code": "respServer = new resp_server_1.RespServer();\nrespServer.on('ready', () => __awaiter(void 0, void 0, void 0, function* () {\n    yield common_test_1.sendCommand(client, ['flushall']);\n    done();\n}));\nrespServer.start();",
              "err": {},
              "uuid": "c23dcda2-182a-4bde-8dd4-6d477c5c574a",
              "parentUUID": "373d15f2-fcf7-4119-9a4d-df91137b9f66",
              "isHook": true,
              "skipped": false
            },
            {
              "title": "\"before each\" hook",
              "fullTitle": "keys-command test \"before each\" hook",
              "timedOut": false,
              "duration": 0,
              "state": null,
              "speed": null,
              "pass": false,
              "fail": false,
              "pending": false,
              "context": null,
              "code": "sinon.createSandbox();",
              "err": {},
              "uuid": "15529a22-b77f-41d6-9174-c3a53b242103",
              "parentUUID": "373d15f2-fcf7-4119-9a4d-df91137b9f66",
              "isHook": true,
              "skipped": false
            }
          ],
          "afterHooks": [
            {
              "title": "\"after all\" hook",
              "fullTitle": "keys-command test \"after all\" hook",
              "timedOut": false,
              "duration": 1,
              "state": null,
              "speed": null,
              "pass": false,
              "fail": false,
              "pending": false,
              "context": null,
              "code": "__awaiter(void 0, void 0, void 0, function* () {\n        yield respServer.stop();\n    })",
              "err": {},
              "uuid": "bab7461b-e029-4804-87aa-6237d4746054",
              "parentUUID": "373d15f2-fcf7-4119-9a4d-df91137b9f66",
              "isHook": true,
              "skipped": false
            },
[...]
                    {
                      "title": "should get the correct rank",
                      "fullTitle": "sorted-set test skip map rewrite #rank should get the correct rank",
                      "timedOut": false,
                      "duration": 0,
                      "state": "passed",
                      "speed": "fast",
                      "pass": true,
                      "fail": false,
                      "pending": false,
                      "context": null,
                      "code": "let ss = new sorted_set_1.SortedSet();\nss.add('5a600e10', 16);\nss.add('5a600e11', 6);\nss.add('5a600e12', 17);\nss.add('5a600e13', 11);\nss.add('5a600e14', 14);\nss.add('5a600e15', 19);\nss.add('5a600e16', 3);\nss.add('5a600e17', 12);\nss.add('5a600e18', 10);\nchai_1.expect(ss.rank('5a600e12')).to.equal(7);\nchai_1.expect(ss.rank('5a600e13')).to.equal(3);\nchai_1.expect(ss.rank('5a600e16')).to.equal(0);\nchai_1.expect(ss.rank('5a600e15')).to.equal(8);\nchai_1.expect(ss.rank('not in set')).to.equal(null);",
                      "err": {},
                      "uuid": "77b9c323-8091-4187-bbc2-ed9d681a0e52",
                      "parentUUID": "1706cbf8-1d4b-4a24-906e-20e83f6d6853",
                      "isHook": false,
                      "skipped": false
                    }
                  ],
                  "suites": [],
                  "passes": [
                    "77b9c323-8091-4187-bbc2-ed9d681a0e52"
                  ],
                  "failures": [],
                  "pending": [],
                  "skipped": [],
                  "duration": 0,
                  "root": false,
                  "rootEmpty": false,
                  "_timeout": 5000
                },
                {
                  "uuid": "0aee58cb-890f-4d68-827d-60a894717620",
                  "title": "#rem",
                  "fullFile": "/home/lane/git/redis/test/resp/data/sorted-set.test.ts",
                  "file": "/test/resp/data/sorted-set.test.ts",
                  "beforeHooks": [],
                  "afterHooks": [],
                  "tests": [
                    {
                      "title": "should delete special elements",
                      "fullTitle": "sorted-set test skip map rewrite #rem should delete special elements",
                      "timedOut": false,
                      "duration": 1,
                      "state": "passed",
                      "speed": "fast",
                      "pass": true,
                      "fail": false,
                      "pending": false,
                      "context": null,
                      "code": "let ss = new sorted_set_1.SortedSet();\nss.add('5a600e10', 16);\nss.add('5a600e11', 6);\nss.add('5a600e12', 17);\nss.add('5a600e13', 11);\nss.add('5a600e14', 14);\nss.add('5a600e15', 19);\nss.add('5a600e16', 3);\nss.add('5a600e17', 12);\nss.add('5a600e18', 10);\nchai_1.expect(ss.rem('5a600e15')).to.equal(19);\nchai_1.expect(ss).to.have.length(8);\nchai_1.expect(ss.rem('5a600e16')).to.equal(3);\nchai_1.expect(ss).to.have.length(7);\nchai_1.expect(ss.toArray({ withScores: true })).to.eql([\n    ['5a600e11', 6],\n    ['5a600e18', 10],\n    ['5a600e13', 11],\n    ['5a600e17', 12],\n    ['5a600e14', 14],\n    ['5a600e10', 16],\n    ['5a600e12', 17],\n]);",
                      "err": {},
                      "uuid": "efbfc77b-fb60-478e-bea1-1785252848ac",
                      "parentUUID": "0aee58cb-890f-4d68-827d-60a894717620",
                      "isHook": false,
                      "skipped": false
                    },
                    {
                      "title": "should delete many elements",
                      "fullTitle": "sorted-set test skip map rewrite #rem should delete many elements",
                      "timedOut": false,
                      "duration": 1,
                      "state": "passed",
                      "speed": "fast",
                      "pass": true,
                      "fail": false,
                      "pending": false,
                      "context": null,
                      "code": "let ss = new sorted_set_1.SortedSet();\nss.add('5a600e10', 16);\nss.add('5a600e11', 6);\nss.add('5a600e12', 17);\nss.add('5a600e13', 11);\nss.add('5a600e14', 14);\nss.add('5a600e15', 19);\nss.add('5a600e16', 3);\nss.add('5a600e17', 12);\nss.add('5a600e18', 10);\nchai_1.expect(ss.rem('5a600e11')).to.equal(6);\nchai_1.expect(ss.rem('5a600e13')).to.equal(11);\nchai_1.expect(ss.rem('5a600e14')).to.equal(14);\nchai_1.expect(ss.rem('5a600e15')).to.equal(19);\nchai_1.expect(ss.rem('5a600e16')).to.equal(3);\nchai_1.expect(ss.rem('5a600e17')).to.equal(12);\nchai_1.expect(ss.length).to.equal(3);\nchai_1.expect(ss.toArray({ withScores: true })).to.eql([\n    ['5a600e18', 10],\n    ['5a600e10', 16],\n    ['5a600e12', 17],\n]);",
                      "err": {},
                      "uuid": "f7dbf8d4-3598-4a80-9a84-7100f6deacb9",
                      "parentUUID": "0aee58cb-890f-4d68-827d-60a894717620",
                      "isHook": false,
                      "skipped": false
                    }
                  ],
                  "suites": [],
                  "passes": [
                    "efbfc77b-fb60-478e-bea1-1785252848ac",
                    "f7dbf8d4-3598-4a80-9a84-7100f6deacb9"
                  ],
                  "failures": [],
                  "pending": [],
                  "skipped": [],
                  "duration": 2,
                  "root": false,
                  "rootEmpty": false,
                  "_timeout": 5000
                },
                {
                  "uuid": "66978295-25da-4314-99a3-6f5c7556a8d1",
                  "title": "#remRangeByScore",
                  "fullFile": "/home/lane/git/redis/test/resp/data/sorted-set.test.ts",
                  "file": "/test/resp/data/sorted-set.test.ts",
                  "beforeHooks": [],
                  "afterHooks": [],
                  "tests": [
                    {
                      "title": "should strip out a range of elements",
                      "fullTitle": "sorted-set test skip map rewrite #remRangeByScore should strip out a range of elements",
                      "timedOut": false,
                      "duration": 1,
                      "state": "passed",
                      "speed": "fast",
                      "pass": true,
                      "fail": false,
                      "pending": false,
                      "context": null,
                      "code": "let ss = new sorted_set_1.SortedSet();\nss.add('5a600e10', 16);\nss.add('5a600e11', 6);\nss.add('5a600e12', 17);\nss.add('5a600e13', 11);\nss.add('5a600e14', 14);\nss.add('5a600e15', 19);\nss.add('5a600e16', 3);\nss.add('5a600e17', 12);\nss.add('5a600e18', 10);\nchai_1.expect(ss.remRangeByScore(4, 14)).to.equal(5);\nchai_1.expect(ss).to.have.length(4);\nchai_1.expect(ss.toArray({ withScores: true })).to.eql([\n    ['5a600e16', 3],\n    ['5a600e10', 16],\n    ['5a600e12', 17],\n    ['5a600e15', 19],\n]);",
                      "err": {},
                      "uuid": "65d6f8d0-9af6-4d6e-b6df-cac572165881",
                      "parentUUID": "66978295-25da-4314-99a3-6f5c7556a8d1",
                      "isHook": false,
                      "skipped": false
                    },
                    {
                      "title": "should strip out all the elements",
                      "fullTitle": "sorted-set test skip map rewrite #remRangeByScore should strip out all the elements",
                      "timedOut": false,
                      "duration": 1,
                      "state": "passed",
                      "speed": "fast",
                      "pass": true,
                      "fail": false,
                      "pending": false,
                      "context": null,
                      "code": "let ss = new sorted_set_1.SortedSet();\nss.add('5a600e10', 16);\nss.add('5a600e11', 6);\nss.add('5a600e12', 17);\nss.add('5a600e13', 11);\nss.add('5a600e14', 14);\nss.add('5a600e15', 19);\nss.add('5a600e16', 3);\nss.add('5a600e17', 12);\nss.add('5a600e18', 10);\nchai_1.expect(ss.remRangeByScore(3, 19)).to.equal(9);\nchai_1.expect(ss).to.have.length(0);\nchai_1.expect(ss.toArray()).to.eql([]);",
                      "err": {},
                      "uuid": "301c14b9-2f9c-4f43-a314-b0d211aa74ad",
                      "parentUUID": "66978295-25da-4314-99a3-6f5c7556a8d1",
                      "isHook": false,
                      "skipped": false
                    }
                  ],
                  "suites": [],
                  "passes": [
                    "65d6f8d0-9af6-4d6e-b6df-cac572165881",
                    "301c14b9-2f9c-4f43-a314-b0d211aa74ad"
                  ],
                  "failures": [],
                  "pending": [],
                  "skipped": [],
                  "duration": 2,
                  "root": false,
                  "rootEmpty": false,
                  "_timeout": 5000
                },
                {
                  "uuid": "91a3e3b7-66a0-4601-b932-6588abe72c07",
                  "title": "#remRangeByRank",
                  "fullFile": "/home/lane/git/redis/test/resp/data/sorted-set.test.ts",
                  "file": "/test/resp/data/sorted-set.test.ts",
                  "beforeHooks": [],
                  "afterHooks": [],
                  "tests": [
                    {
                      "title": "should strip out a slice of elements",
                      "fullTitle": "sorted-set test skip map rewrite #remRangeByRank should strip out a slice of elements",
                      "timedOut": false,
                      "duration": 1,
                      "state": "passed",
                      "speed": "fast",
                      "pass": true,
                      "fail": false,
                      "pending": false,
                      "context": null,
                      "code": "let ss = new sorted_set_1.SortedSet();\nss.add('5a600e10', 16);\nss.add('5a600e11', 6);\nss.add('5a600e12', 17);\nss.add('5a600e13', 11);\nss.add('5a600e14', 14);\nss.add('5a600e15', 19);\nss.add('5a600e16', 3);\nss.add('5a600e17', 12);\nss.add('5a600e18', 10);\nchai_1.expect(ss.remRangeByRank(1, 6)).to.equal(5);\nchai_1.expect(ss).to.have.length(4);\nchai_1.expect(ss.toArray({ withScores: true })).to.eql([\n    ['5a600e16', 3],\n    ['5a600e10', 16],\n    ['5a600e12', 17],\n    ['5a600e15', 19],\n]);",
                      "err": {},
                      "uuid": "3bfd651c-cf95-4987-8a05-57cd10f713dd",
                      "parentUUID": "91a3e3b7-66a0-4601-b932-6588abe72c07",
                      "isHook": false,
                      "skipped": false
                    },
                    {
                      "title": "should strip out all elements",
                      "fullTitle": "sorted-set test skip map rewrite #remRangeByRank should strip out all elements",
                      "timedOut": false,
                      "duration": 1,
                      "state": "passed",
                      "speed": "fast",
                      "pass": true,
                      "fail": false,
                      "pending": false,
                      "context": null,
                      "code": "let ss = new sorted_set_1.SortedSet();\nss.add('5a600e10', 16);\nss.add('5a600e11', 6);\nss.add('5a600e12', 17);\nss.add('5a600e13', 11);\nss.add('5a600e14', 14);\nss.add('5a600e15', 19);\nss.add('5a600e16', 3);\nss.add('5a600e17', 12);\nss.add('5a600e18', 10);\nchai_1.expect(ss.remRangeByRank(0, 9)).to.equal(9);\nchai_1.expect(ss).to.have.length(0);\nchai_1.expect(ss.toArray()).to.eql([]);",
                      "err": {},
                      "uuid": "f505b142-e408-4f0d-bfe7-cc5d6aa4ce86",
                      "parentUUID": "91a3e3b7-66a0-4601-b932-6588abe72c07",
                      "isHook": false,
                      "skipped": false
                    }
                  ],
                  "suites": [],
                  "passes": [
                    "3bfd651c-cf95-4987-8a05-57cd10f713dd",
                    "f505b142-e408-4f0d-bfe7-cc5d6aa4ce86"
                  ],
                  "failures": [],
                  "pending": [],
                  "skipped": [],
                  "duration": 2,
                  "root": false,
                  "rootEmpty": false,
                  "_timeout": 5000
                },
                {
                  "uuid": "59e098a0-b9c9-4ba8-810d-d360170b1752",
                  "title": "#values",
                  "fullFile": "/home/lane/git/redis/test/resp/data/sorted-set.test.ts",
                  "file": "/test/resp/data/sorted-set.test.ts",
                  "beforeHooks": [],
                  "afterHooks": [],
                  "tests": [
                    {
                      "title": "should return the values",
                      "fullTitle": "sorted-set test skip map rewrite #values should return the values",
                      "timedOut": false,
                      "duration": 0,
                      "state": "passed",
                      "speed": "fast",
                      "pass": true,
                      "fail": false,
                      "pending": false,
                      "context": null,
                      "code": "let ss = new sorted_set_1.SortedSet();\nss.add('first', -1);\nss.add('third', 5);\nss.add('second', 3);\nchai_1.expect(ss.values()).to.eql([-1, 3, 5]);",
                      "err": {},
                      "uuid": "0d9c9fcd-3582-4a16-9ec2-c139065f6dbb",
                      "parentUUID": "59e098a0-b9c9-4ba8-810d-d360170b1752",
                      "isHook": false,
                      "skipped": false
                    }
                  ],
                  "suites": [],
                  "passes": [
                    "0d9c9fcd-3582-4a16-9ec2-c139065f6dbb"
                  ],
                  "failures": [],
                  "pending": [],
                  "skipped": [],
                  "duration": 0,
                  "root": false,
                  "rootEmpty": false,
                  "_timeout": 5000
                },
                {
                  "uuid": "40153095-8d40-4448-ba9e-0b75a923ebc7",
                  "title": "unique rewrite",
                  "fullFile": "/home/lane/git/redis/test/resp/data/sorted-set.test.ts",
                  "file": "/test/resp/data/sorted-set.test.ts",
                  "beforeHooks": [],
                  "afterHooks": [],
                  "tests": [
                    {
                      "title": "should ensure values are unique",
                      "fullTitle": "sorted-set test skip map rewrite unique rewrite should ensure values are unique",
                      "timedOut": false,
                      "duration": 1,
                      "state": "passed",
                      "speed": "fast",
                      "pass": true,
                      "fail": false,
                      "pending": false,
                      "context": null,
                      "code": "const options = { unique: true };\nlet ss = new sorted_set_1.SortedSet(options);\nss.add('5a600e10', 16);\nss.add('5a600e11', 6);\nss.add('5a600e12', 17);\nss.add('5a600e13', 11);\nss.add('5a600e14', 14);\nss.add('5a600e15', 19);\nss.add('5a600e16', 3);\nss.add('5a600e17', 12);\nss.add('5a600e18', 10);\nchai_1.expect(() => {\n    ss.add('5a600e19', 11);\n}).to.throw(/unique/);\n// quick exit test\nchai_1.expect(() => {\n    ss.add('5a600dff', ss._head.next[ss._level - 1].next.value);\n}).to.throw(/unique/);\n// this test ensures the key < key check doesn't come into play\nchai_1.expect(() => {\n    ss.add('5a600dff', 11);\n}).to.throw(/unique/);\nchai_1.expect(() => {\n    ss.add('5a600e18', 10);\n}).to.not.throw();\nchai_1.expect(ss).to.have.length(9);\nchai_1.expect(ss.toArray({ withScores: true })).to.eql([\n    ['5a600e16', 3],\n    ['5a600e11', 6],\n    ['5a600e18', 10],\n    ['5a600e13', 11],\n    ['5a600e17', 12],\n    ['5a600e14', 14],\n    ['5a600e10', 16],\n    ['5a600e12', 17],\n    ['5a600e15', 19],\n]);",
                      "err": {},
                      "uuid": "88ae817b-2281-4ea8-8ca2-c4306fdb5a10",
                      "parentUUID": "40153095-8d40-4448-ba9e-0b75a923ebc7",
                      "isHook": false,
                      "skipped": false
                    },
                    {
                      "title": "should revert keys if constraint broken during update",
                      "fullTitle": "sorted-set test skip map rewrite unique rewrite should revert keys if constraint broken during update",
                      "timedOut": false,
                      "duration": 0,
                      "state": "passed",
                      "speed": "fast",
                      "pass": true,
                      "fail": false,
                      "pending": false,
                      "context": null,
                      "code": "let ss = new sorted_set_1.SortedSet({ unique: true });\nss.add('5a600e10', 16);\nss.add('5a600e11', 6);\nss.add('5a600e12', 17);\nss.add('5a600e13', 11);\nss.add('5a600e14', 14);\nss.add('5a600e15', 19);\nss.add('5a600e16', 3);\nss.add('5a600e17', 12);\nss.add('5a600e18', 10);\nchai_1.expect(() => {\n    ss.add('5a600e13', 14);\n}).to.throw(/unique/);\nchai_1.expect(ss).to.have.length(9);\nchai_1.expect(ss.score('5a600e13')).to.equal(11);",
                      "err": {},
                      "uuid": "d3234c83-cfa3-4aa6-b4ae-0c0463e51398",
                      "parentUUID": "40153095-8d40-4448-ba9e-0b75a923ebc7",
                      "isHook": false,
                      "skipped": false
                    }
                  ],
                  "suites": [],
                  "passes": [
                    "88ae817b-2281-4ea8-8ca2-c4306fdb5a10",
                    "d3234c83-cfa3-4aa6-b4ae-0c0463e51398"
                  ],
                  "failures": [],
                  "pending": [],
                  "skipped": [],
                  "duration": 1,
                  "root": false,
                  "rootEmpty": false,
                  "_timeout": 5000
                }
              ],
              "passes": [
                "323c7754-915f-4a35-8eb0-590c7a0154fe"
              ],
              "failures": [],
              "pending": [],
              "skipped": [],
              "duration": 2,
              "root": false,
              "rootEmpty": false,
              "_timeout": 5000
            }
          ],
          "passes": [
            "3873c19b-1286-4229-8d34-ba9530d239df",
            "dbc035af-c246-440f-aafd-6b9561440831",
            "112c1fdb-4ecf-4186-b139-13fd616ba9a2",
            "32b942c3-ea5a-4f57-8a32-8a80e72ef177",
            "41640d01-72f5-4a8a-bd86-bf6e7c82672d",
            "0c21bb73-aafb-4c91-b40f-530b411ae41e",
            "ec9640f7-7fb1-4bb5-ac2b-5974c0f35991",
            "b8b1175b-9fa9-4923-9edf-41aecfb33a76"
          ],
          "failures": [],
          "pending": [
            "963e86de-5605-4ddd-b6aa-0c5fdeaa9e20"
          ],
          "skipped": [],
          "duration": 8,
          "root": false,
          "rootEmpty": false,
          "_timeout": 5000
        }
      ],
      "passes": [],
      "failures": [],
      "pending": [],
      "skipped": [],
      "duration": 0,
      "root": true,
      "rootEmpty": true,
      "_timeout": 5000
    }
  ],
  "meta": {
    "mocha": {
      "version": "6.2.2"
    },
    "mochawesome": {
      "options": {
        "quiet": false,
        "reportFilename": "mochawesome",
        "saveHtml": true,
        "saveJson": true,
        "consoleReporter": "spec",
        "useInlineDiffs": false
      },
      "version": "4.1.0"
    },
    "marge": {
      "options": {
        "reportDir": "docs/mochawesome"
      },
      "version": "4.1.0"
    }
  }
}