{
  "stats": {
    "suites": 3,
    "tests": 20,
    "passes": 19,
    "pending": 1,
    "failures": 0,
    "start": "2023-12-09T12:39:48.012Z",
    "end": "2023-12-09T12:39:48.155Z",
    "duration": 143,
    "testsRegistered": 20,
    "passPercent": 100,
    "pendingPercent": 5,
    "other": 0,
    "hasOther": false,
    "skipped": 0,
    "hasSkipped": false
  },
  "results": [
    {
      "uuid": "1084fce7-e73c-40bc-9d0b-909bb778045c",
      "title": "",
      "fullFile": "",
      "file": "",
      "beforeHooks": [
        {
          "title": "\"before all\" hook",
          "fullTitle": "\"before all\" hook",
          "timedOut": false,
          "duration": 1,
          "state": null,
          "speed": null,
          "pass": false,
          "fail": false,
          "pending": false,
          "context": null,
          "code": "done();",
          "err": {},
          "uuid": "9d5b68bd-2c8f-4175-9ca3-8730c4b6b70d",
          "parentUUID": "1084fce7-e73c-40bc-9d0b-909bb778045c",
          "isHook": true,
          "skipped": false
        }
      ],
      "afterHooks": [
        {
          "title": "\"after all\" hook",
          "fullTitle": "\"after all\" hook",
          "timedOut": false,
          "duration": 0,
          "state": null,
          "speed": null,
          "pass": false,
          "fail": false,
          "pending": false,
          "context": null,
          "code": "__awaiter(void 0, void 0, void 0, function* () {\n})",
          "err": {},
          "uuid": "e9af5185-0b2d-44b5-a4af-7352c333788a",
          "parentUUID": "1084fce7-e73c-40bc-9d0b-909bb778045c",
          "isHook": true,
          "skipped": false
        }
      ],
      "tests": [],
      "suites": [
        {
          "uuid": "72ee4c2f-5533-483d-b24c-197a3168c3a0",
          "title": "resp-server test",
          "fullFile": "/home/lane/git/redis/test/resp/command/server/resp-server.test.ts",
          "file": "/test/resp/command/server/resp-server.test.ts",
          "beforeHooks": [
            {
              "title": "\"before each\" hook",
              "fullTitle": "resp-server test \"before each\" hook",
              "timedOut": false,
              "duration": 0,
              "state": null,
              "speed": null,
              "pass": false,
              "fail": false,
              "pending": false,
              "context": null,
              "code": "sinon.createSandbox();",
              "err": {},
              "uuid": "7b36b148-a72b-41d8-8b69-24f31343b7fe",
              "parentUUID": "72ee4c2f-5533-483d-b24c-197a3168c3a0",
              "isHook": true,
              "skipped": false
            }
          ],
          "afterHooks": [
            {
              "title": "\"after each\" hook",
              "fullTitle": "resp-server test \"after each\" hook",
              "timedOut": false,
              "duration": 0,
              "state": null,
              "speed": null,
              "pass": false,
              "fail": false,
              "pending": false,
              "context": null,
              "code": "sinon.restore();",
              "err": {},
              "uuid": "48b807c0-4ae0-454b-8db6-1e3bdac64b7f",
              "parentUUID": "72ee4c2f-5533-483d-b24c-197a3168c3a0",
              "isHook": true,
              "skipped": false
            }
          ],
          "tests": [],
          "suites": [
            {
              "uuid": "305c02f9-68b1-49b3-938d-8cbde70ef376",
              "title": "server start and stop tests",
              "fullFile": "/home/lane/git/redis/test/resp/command/server/resp-server.test.ts",
              "file": "/test/resp/command/server/resp-server.test.ts",
              "beforeHooks": [],
              "afterHooks": [],
              "tests": [
                {
                  "title": "should instantiate",
                  "fullTitle": "resp-server test server start and stop tests should instantiate",
                  "timedOut": false,
                  "duration": 31,
                  "state": "passed",
                  "speed": "fast",
                  "pass": true,
                  "fail": false,
                  "pending": false,
                  "context": null,
                  "code": "__awaiter(void 0, void 0, void 0, function* () {\n            respServer = new resp_server_1.RespServer();\n            chai_1.expect(respServer.constructor.name).to.equal('RespServer');\n        })",
                  "err": {},
                  "uuid": "2ebe2436-5cdd-4d09-8069-0d43d5ebe469",
                  "parentUUID": "305c02f9-68b1-49b3-938d-8cbde70ef376",
                  "isHook": false,
                  "skipped": false
                },
                {
                  "title": "should emit \"ready\" on startup",
                  "fullTitle": "resp-server test server start and stop tests should emit \"ready\" on startup",
                  "timedOut": false,
                  "duration": 8,
                  "state": "passed",
                  "speed": "fast",
                  "pass": true,
                  "fail": false,
                  "pending": false,
                  "context": null,
                  "code": "respServer.on('ready', () => {\n    done();\n});\nrespServer.start();",
                  "err": {},
                  "uuid": "f69efa13-4da1-4439-8f38-0d36a9cecf47",
                  "parentUUID": "305c02f9-68b1-49b3-938d-8cbde70ef376",
                  "isHook": false,
                  "skipped": false
                },
                {
                  "title": "should emit \"closed\" on shutdown",
                  "fullTitle": "resp-server test server start and stop tests should emit \"closed\" on shutdown",
                  "timedOut": false,
                  "duration": 1,
                  "state": "passed",
                  "speed": "fast",
                  "pass": true,
                  "fail": false,
                  "pending": false,
                  "context": null,
                  "code": "respServer.on('closed', () => {\n    done();\n});\nrespServer.stop();",
                  "err": {},
                  "uuid": "066ec607-3c98-497c-9dbb-d79bd306fac9",
                  "parentUUID": "305c02f9-68b1-49b3-938d-8cbde70ef376",
                  "isHook": false,
                  "skipped": false
                },
                {
                  "title": "should accept connections on default ${env.REDIS_HOST}:${env.REDIS_PORT}",
                  "fullTitle": "resp-server test server start and stop tests should accept connections on default ${env.REDIS_HOST}:${env.REDIS_PORT}",
                  "timedOut": false,
                  "duration": 17,
                  "state": "passed",
                  "speed": "fast",
                  "pass": true,
                  "fail": false,
                  "pending": false,
                  "context": null,
                  "code": "respServer = new resp_server_1.RespServer();\nrespServer.on('ready', () => {\n    const client = new net.Socket();\n    client.on('ready', (data) => {\n        respServer.on('closed', () => {\n            done();\n        });\n        respServer.stop();\n    });\n    client.on('connect', (data) => {\n    });\n    client.on('error', (err) => {\n        assert_1.fail(`Unexpected error during connection`, err.stack);\n    });\n    client.connect(Number(process.env.REDIS_PORT || 6379), process.env.REDIS_HOST || 'localhost', () => {\n    });\n});\nrespServer.start();",
                  "err": {},
                  "uuid": "fdce2b84-066e-469c-9f19-06c91d4a5a9b",
                  "parentUUID": "305c02f9-68b1-49b3-938d-8cbde70ef376",
                  "isHook": false,
                  "skipped": false
                },
                {
                  "title": "should accept connections on alternate ${env.REDIS_PORT}",
                  "fullTitle": "resp-server test server start and stop tests should accept connections on alternate ${env.REDIS_PORT}",
                  "timedOut": false,
                  "duration": 0,
                  "state": null,
                  "speed": null,
                  "pass": false,
                  "fail": false,
                  "pending": true,
                  "context": null,
                  "code": "",
                  "err": {},
                  "uuid": "819d1f29-2e39-447b-a618-f11d72fb1758",
                  "parentUUID": "305c02f9-68b1-49b3-938d-8cbde70ef376",
                  "isHook": false,
                  "skipped": false
                }
              ],
              "suites": [],
              "passes": [
                "2ebe2436-5cdd-4d09-8069-0d43d5ebe469",
                "f69efa13-4da1-4439-8f38-0d36a9cecf47",
                "066ec607-3c98-497c-9dbb-d79bd306fac9",
                "fdce2b84-066e-469c-9f19-06c91d4a5a9b"
              ],
              "failures": [],
              "pending": [
                "819d1f29-2e39-447b-a618-f11d72fb1758"
              ],
              "skipped": [],
              "duration": 57,
              "root": false,
              "rootEmpty": false,
              "_timeout": 5000
            },
            {
              "uuid": "c31c7e5d-73c8-41d3-9d83-cb402f009c2c",
              "title": "other server tests",
              "fullFile": "/home/lane/git/redis/test/resp/command/server/resp-server.test.ts",
              "file": "/test/resp/command/server/resp-server.test.ts",
              "beforeHooks": [
                {
                  "title": "\"before all\" hook",
                  "fullTitle": "resp-server test other server tests \"before all\" hook",
                  "timedOut": false,
                  "duration": 9,
                  "state": null,
                  "speed": null,
                  "pass": false,
                  "fail": false,
                  "pending": false,
                  "context": null,
                  "code": "respServer = new resp_server_1.RespServer();\nrespServer.on('ready', () => {\n    client = new net.Socket();\n    done();\n});\nrespServer.start();",
                  "err": {},
                  "uuid": "455ae383-c023-439d-af96-bac90a21fd68",
                  "parentUUID": "c31c7e5d-73c8-41d3-9d83-cb402f009c2c",
                  "isHook": true,
                  "skipped": false
                }
              ],
              "afterHooks": [
                {
                  "title": "\"after all\" hook",
                  "fullTitle": "resp-server test other server tests \"after all\" hook",
                  "timedOut": false,
                  "duration": 0,
                  "state": null,
                  "speed": null,
                  "pass": false,
                  "fail": false,
                  "pending": false,
                  "context": null,
                  "code": "__awaiter(void 0, void 0, void 0, function* () {\n            yield respServer.stop();\n        })",
                  "err": {},
                  "uuid": "746d4952-6ad6-44dc-971d-ac1fa2c9f0b0",
                  "parentUUID": "c31c7e5d-73c8-41d3-9d83-cb402f009c2c",
                  "isHook": true,
                  "skipped": false
                }
              ],
              "tests": [
                {
                  "title": "should respond properly to the \"ping\" command",
                  "fullTitle": "resp-server test other server tests should respond properly to the \"ping\" command",
                  "timedOut": false,
                  "duration": 13,
                  "state": "passed",
                  "speed": "fast",
                  "pass": true,
                  "fail": false,
                  "pending": false,
                  "context": null,
                  "code": "common_test_1.sendCommand(client, ['ping'])\n    .then((response) => {\n    chai_1.expect(response).to.equal('PONG');\n    done();\n});",
                  "err": {},
                  "uuid": "3f3036f7-f0b0-4852-a4c8-0bfeeb3d15dd",
                  "parentUUID": "c31c7e5d-73c8-41d3-9d83-cb402f009c2c",
                  "isHook": false,
                  "skipped": false
                },
                {
                  "title": "should respond properly to the \"echo\" command",
                  "fullTitle": "resp-server test other server tests should respond properly to the \"echo\" command",
                  "timedOut": false,
                  "duration": 2,
                  "state": "passed",
                  "speed": "fast",
                  "pass": true,
                  "fail": false,
                  "pending": false,
                  "context": null,
                  "code": "common_test_1.sendCommand(client, ['echo', 'test'])\n    .then((response) => {\n    chai_1.expect(response).to.equal('test');\n    done();\n});",
                  "err": {},
                  "uuid": "53577a5a-dc23-4515-8354-2c23963f07a0",
                  "parentUUID": "c31c7e5d-73c8-41d3-9d83-cb402f009c2c",
                  "isHook": false,
                  "skipped": false
                },
                {
                  "title": "should respond with \"ERR\" when echo command has no parameters",
                  "fullTitle": "resp-server test other server tests should respond with \"ERR\" when echo command has no parameters",
                  "timedOut": false,
                  "duration": 3,
                  "state": "passed",
                  "speed": "fast",
                  "pass": true,
                  "fail": false,
                  "pending": false,
                  "context": null,
                  "code": "__awaiter(void 0, void 0, void 0, function* () {\n            // Note that 'ReplyError:' is supplied by the redis parser, NOT by the code under test\n            const response = yield common_test_1.sendCommand(client, ['echo']);\n            chai_1.expect(response).to.equal('ReplyError: ERR wrong number of arguments for \\'echo\\' command');\n        })",
                  "err": {},
                  "uuid": "fcf6e618-ff43-4d89-a629-3389fb92b5f0",
                  "parentUUID": "c31c7e5d-73c8-41d3-9d83-cb402f009c2c",
                  "isHook": false,
                  "skipped": false
                },
                {
                  "title": "should respond with \"ERR\" when echo command has two or more parameters",
                  "fullTitle": "resp-server test other server tests should respond with \"ERR\" when echo command has two or more parameters",
                  "timedOut": false,
                  "duration": 1,
                  "state": "passed",
                  "speed": "fast",
                  "pass": true,
                  "fail": false,
                  "pending": false,
                  "context": null,
                  "code": "common_test_1.sendCommand(client, ['echo', 'one', 'two'])\n    .then((response) => {\n    chai_1.expect(response).to.equal('ReplyError: ERR wrong number of arguments for \\'echo\\' command');\n    done();\n});",
                  "err": {},
                  "uuid": "be51700b-e947-4859-a548-04641ee86388",
                  "parentUUID": "c31c7e5d-73c8-41d3-9d83-cb402f009c2c",
                  "isHook": false,
                  "skipped": false
                },
                {
                  "title": "should respond to the \"time\" command with an array of two strings",
                  "fullTitle": "resp-server test other server tests should respond to the \"time\" command with an array of two strings",
                  "timedOut": false,
                  "duration": 2,
                  "state": "passed",
                  "speed": "fast",
                  "pass": true,
                  "fail": false,
                  "pending": false,
                  "context": null,
                  "code": "// Note: we use hrtime which should already do what we need so we don't validate\ncommon_test_1.sendCommand(client, ['time'])\n    .then((response) => {\n    chai_1.expect(response).to.be.an('array');\n    chai_1.expect(response.length).to.equal(2);\n    chai_1.expect(parseInt(response[0], 10)).to.be.greaterThan(0);\n    chai_1.expect(parseInt(response[1], 10)).to.be.greaterThan(0);\n    done();\n});",
                  "err": {},
                  "uuid": "2bf7a44c-32d6-4000-b119-0064ba52caed",
                  "parentUUID": "c31c7e5d-73c8-41d3-9d83-cb402f009c2c",
                  "isHook": false,
                  "skipped": false
                },
                {
                  "title": "should respond with nulCommand when the command is not known",
                  "fullTitle": "resp-server test other server tests should respond with nulCommand when the command is not known",
                  "timedOut": false,
                  "duration": 1,
                  "state": "passed",
                  "speed": "fast",
                  "pass": true,
                  "fail": false,
                  "pending": false,
                  "context": null,
                  "code": "common_test_1.sendCommand(client, ['felix', 'the', 'cat'])\n    .then((response) => {\n    chai_1.expect(response).to.match(/^ReplyError: ERR unknown command.*/);\n    done();\n});",
                  "err": {},
                  "uuid": "cc974718-eb95-49fc-aba4-a5eb2f8dceb2",
                  "parentUUID": "c31c7e5d-73c8-41d3-9d83-cb402f009c2c",
                  "isHook": false,
                  "skipped": false
                },
                {
                  "title": "should implement the info command",
                  "fullTitle": "resp-server test other server tests should implement the info command",
                  "timedOut": false,
                  "duration": 5,
                  "state": "passed",
                  "speed": "fast",
                  "pass": true,
                  "fail": false,
                  "pending": false,
                  "context": null,
                  "code": "__awaiter(void 0, void 0, void 0, function* () {\n            const response = yield common_test_1.sendCommand(client, ['info']);\n            chai_1.expect(response).to.match(/^# server\\r\\nredis_version:.*/im);\n        })",
                  "err": {},
                  "uuid": "f1e05480-fab6-49d0-b739-527cd0e8c9c8",
                  "parentUUID": "c31c7e5d-73c8-41d3-9d83-cb402f009c2c",
                  "isHook": false,
                  "skipped": false
                },
                {
                  "title": "should implement the SET command",
                  "fullTitle": "resp-server test other server tests should implement the SET command",
                  "timedOut": false,
                  "duration": 4,
                  "state": "passed",
                  "speed": "fast",
                  "pass": true,
                  "fail": false,
                  "pending": false,
                  "context": null,
                  "code": "common_test_1.sendCommand(client, ['SET', 'this', 'that'])\n    .then((response) => {\n    chai_1.expect(response).to.equal('OK');\n    common_test_1.sendCommand(client, ['GET', 'this'])\n        .then((getresponse) => {\n        chai_1.expect(getresponse).to.equal('that');\n        done();\n    });\n});",
                  "err": {},
                  "uuid": "617148af-c0fd-4713-a96a-ef3d603e990c",
                  "parentUUID": "c31c7e5d-73c8-41d3-9d83-cb402f009c2c",
                  "isHook": false,
                  "skipped": false
                },
                {
                  "title": "should return nil string when GET is invoked with unknown parameters",
                  "fullTitle": "resp-server test other server tests should return nil string when GET is invoked with unknown parameters",
                  "timedOut": false,
                  "duration": 8,
                  "state": "passed",
                  "speed": "fast",
                  "pass": true,
                  "fail": false,
                  "pending": false,
                  "context": null,
                  "code": "common_test_1.sendCommand(client, ['GET', ' '])\n    .then((getresponse) => {\n    chai_1.expect(getresponse).to.equal(null);\n    done();\n});",
                  "err": {},
                  "uuid": "dd6f0089-5d14-429d-843b-724fc78dfccf",
                  "parentUUID": "c31c7e5d-73c8-41d3-9d83-cb402f009c2c",
                  "isHook": false,
                  "skipped": false
                },
                {
                  "title": "should implement the info command with a known parameter",
                  "fullTitle": "resp-server test other server tests should implement the info command with a known parameter",
                  "timedOut": false,
                  "duration": 2,
                  "state": "passed",
                  "speed": "fast",
                  "pass": true,
                  "fail": false,
                  "pending": false,
                  "context": null,
                  "code": "common_test_1.sendCommand(client, ['info', 'memory'])\n    .then((response) => {\n    chai_1.expect(response).to.match(/^# memory.*/mi);\n    done();\n});",
                  "err": {},
                  "uuid": "bd62b402-6dc8-42f0-8f08-97a317f76552",
                  "parentUUID": "c31c7e5d-73c8-41d3-9d83-cb402f009c2c",
                  "isHook": false,
                  "skipped": false
                },
                {
                  "title": "should not respond when info is called with an unknown paramter",
                  "fullTitle": "resp-server test other server tests should not respond when info is called with an unknown paramter",
                  "timedOut": false,
                  "duration": 1,
                  "state": "passed",
                  "speed": "fast",
                  "pass": true,
                  "fail": false,
                  "pending": false,
                  "context": null,
                  "code": "__awaiter(void 0, void 0, void 0, function* () {\n            const response = yield common_test_1.sendCommand(client, ['info', 'juicy']);\n            // Don't know how to send an empty - non-null string response yet\n            chai_1.expect(String(response).trim()).to.equal('');\n        })",
                  "err": {},
                  "uuid": "ac3baf2e-dd2f-4ae1-a57c-1165b9f36132",
                  "parentUUID": "c31c7e5d-73c8-41d3-9d83-cb402f009c2c",
                  "isHook": false,
                  "skipped": false
                },
                {
                  "title": "should report the number of keys in the current database",
                  "fullTitle": "resp-server test other server tests should report the number of keys in the current database",
                  "timedOut": false,
                  "duration": 2,
                  "state": "passed",
                  "speed": "fast",
                  "pass": true,
                  "fail": false,
                  "pending": false,
                  "context": null,
                  "code": "__awaiter(void 0, void 0, void 0, function* () {\n            const response = yield common_test_1.sendCommand(client, ['dbsize']);\n            chai_1.expect(response).to.be.a('number');\n            chai_1.expect(response).to.be.greaterThan(0);\n        })",
                  "err": {},
                  "uuid": "dbf6392f-8082-4b50-a56f-24d775d3ed5e",
                  "parentUUID": "c31c7e5d-73c8-41d3-9d83-cb402f009c2c",
                  "isHook": false,
                  "skipped": false
                },
                {
                  "title": "should support the \"select\" command",
                  "fullTitle": "resp-server test other server tests should support the \"select\" command",
                  "timedOut": false,
                  "duration": 3,
                  "state": "passed",
                  "speed": "fast",
                  "pass": true,
                  "fail": false,
                  "pending": false,
                  "context": null,
                  "code": "__awaiter(void 0, void 0, void 0, function* () {\n            let response = yield common_test_1.sendCommand(client, ['select', '12']);\n            chai_1.expect(response).to.equal('OK');\n            response = yield common_test_1.sendCommand(client, ['dbsize']);\n            chai_1.expect(response).to.equal(0);\n        })",
                  "err": {},
                  "uuid": "e541eada-cfbd-4b1c-9275-b770b2fa8dd3",
                  "parentUUID": "c31c7e5d-73c8-41d3-9d83-cb402f009c2c",
                  "isHook": false,
                  "skipped": false
                },
                {
                  "title": "should not allow us to select an invalid database",
                  "fullTitle": "resp-server test other server tests should not allow us to select an invalid database",
                  "timedOut": false,
                  "duration": 2,
                  "state": "passed",
                  "speed": "fast",
                  "pass": true,
                  "fail": false,
                  "pending": false,
                  "context": null,
                  "code": "__awaiter(void 0, void 0, void 0, function* () {\n            let response = yield common_test_1.sendCommand(client, ['select', 'one']);\n            chai_1.expect(response).to.equal('ReplyError: ERR invalid DB index');\n            response = yield common_test_1.sendCommand(client, ['select', '-12']);\n            chai_1.expect(response).to.equal('ReplyError: ERR DB index is out of range');\n            response = yield common_test_1.sendCommand(client, ['select', '22']);\n            chai_1.expect(response).to.equal('ReplyError: ERR DB index is out of range');\n        })",
                  "err": {},
                  "uuid": "5cd78482-0d93-4a27-841a-0079bbcaecbf",
                  "parentUUID": "c31c7e5d-73c8-41d3-9d83-cb402f009c2c",
                  "isHook": false,
                  "skipped": false
                },
                {
                  "title": "should respond properly to the \"quit\" command",
                  "fullTitle": "resp-server test other server tests should respond properly to the \"quit\" command",
                  "timedOut": false,
                  "duration": 3,
                  "state": "passed",
                  "speed": "fast",
                  "pass": true,
                  "fail": false,
                  "pending": false,
                  "context": null,
                  "code": "// Note however that the server does not disconnect us.  That is the client's job\ncommon_test_1.sendCommand(client, ['quit'])\n    .then((response) => {\n    chai_1.expect(response).to.equal('OK');\n    done();\n});",
                  "err": {},
                  "uuid": "f88ad7dd-d2f2-4b4d-bd02-0dcafcb6df54",
                  "parentUUID": "c31c7e5d-73c8-41d3-9d83-cb402f009c2c",
                  "isHook": false,
                  "skipped": false
                }
              ],
              "suites": [],
              "passes": [
                "3f3036f7-f0b0-4852-a4c8-0bfeeb3d15dd",
                "53577a5a-dc23-4515-8354-2c23963f07a0",
                "fcf6e618-ff43-4d89-a629-3389fb92b5f0",
                "be51700b-e947-4859-a548-04641ee86388",
                "2bf7a44c-32d6-4000-b119-0064ba52caed",
                "cc974718-eb95-49fc-aba4-a5eb2f8dceb2",
                "f1e05480-fab6-49d0-b739-527cd0e8c9c8",
                "617148af-c0fd-4713-a96a-ef3d603e990c",
                "dd6f0089-5d14-429d-843b-724fc78dfccf",
                "bd62b402-6dc8-42f0-8f08-97a317f76552",
                "ac3baf2e-dd2f-4ae1-a57c-1165b9f36132",
                "dbf6392f-8082-4b50-a56f-24d775d3ed5e",
                "e541eada-cfbd-4b1c-9275-b770b2fa8dd3",
                "5cd78482-0d93-4a27-841a-0079bbcaecbf",
                "f88ad7dd-d2f2-4b4d-bd02-0dcafcb6df54"
              ],
              "failures": [],
              "pending": [],
              "skipped": [],
              "duration": 52,
              "root": false,
              "rootEmpty": false,
              "_timeout": 5000
            }
          ],
          "passes": [],
          "failures": [],
          "pending": [],
          "skipped": [],
          "duration": 0,
          "root": false,
          "rootEmpty": false,
          "_timeout": 5000
        }
      ],
      "passes": [],
      "failures": [],
      "pending": [],
      "skipped": [],
      "duration": 0,
      "root": true,
      "rootEmpty": true,
      "_timeout": 5000
    }
  ],
  "meta": {
    "mocha": {
      "version": "6.2.2"
    },
    "mochawesome": {
      "options": {
        "quiet": false,
        "reportFilename": "mochawesome",
        "saveHtml": true,
        "saveJson": true,
        "consoleReporter": "spec",
        "useInlineDiffs": false
      },
      "version": "4.1.0"
    },
    "marge": {
      "options": {
        "reportDir": "docs/mochawesome"
      },
      "version": "4.1.0"
    }
  }
}