{
  "stats": {
    "suites": 69,
    "tests": 205,
    "passes": 204,
    "pending": 1,
    "failures": 0,
    "start": "2020-01-12T01:14:58.533Z",
    "end": "2020-01-12T01:15:00.924Z",
    "duration": 2391,
    "testsRegistered": 205,
    "passPercent": 100,
    "pendingPercent": 0.4878048780487805,
    "other": 0,
    "hasOther": false,
    "skipped": 0,
    "hasSkipped": false
  },
  "results": [
    {
      "uuid": "ac746cd7-508e-43d3-b521-f7265ba9d416",
      "title": "",
      "fullFile": "",
      "file": "",
      "beforeHooks": [
        {
          "title": "\"before all\" hook",
          "fullTitle": "\"before all\" hook",
          "timedOut": false,
          "duration": 0,
          "state": null,
          "speed": null,
          "pass": false,
          "fail": false,
          "pending": false,
          "context": null,
          "code": "done();",
          "err": {},
          "uuid": "be65dbcf-fa76-447c-acf2-79cbc6bd4a46",
          "parentUUID": "ac746cd7-508e-43d3-b521-f7265ba9d416",
          "isHook": true,
          "skipped": false
        }
      ],
      "afterHooks": [
        {
          "title": "\"after all\" hook",
          "fullTitle": "\"after all\" hook",
          "timedOut": false,
          "duration": 0,
          "state": null,
          "speed": null,
          "pass": false,
          "fail": false,
          "pending": false,
          "context": null,
          "code": "__awaiter(void 0, void 0, void 0, function* () {\n})",
          "err": {},
          "uuid": "a7d1c795-2f5a-46c0-bb3b-d8f3b85b3da3",
          "parentUUID": "ac746cd7-508e-43d3-b521-f7265ba9d416",
          "isHook": true,
          "skipped": false
        }
      ],
      "tests": [],
      "suites": [
        {
          "uuid": "e81da927-83ef-4256-b826-44c70d5c8dad",
          "title": "dictionary test",
          "fullFile": "/home/lane/git/redis/test/dictionary.test.ts",
          "file": "/test/dictionary.test.ts",
          "beforeHooks": [
            {
              "title": "\"before each\" hook",
              "fullTitle": "dictionary test \"before each\" hook",
              "timedOut": false,
              "duration": 0,
              "state": null,
              "speed": null,
              "pass": false,
              "fail": false,
              "pending": false,
              "context": null,
              "code": "dictionary = new dictionary_1.Dictionary();\nsinon.createSandbox();",
              "err": {},
              "uuid": "fe040a07-30f6-459f-845e-d368793ee9fe",
              "parentUUID": "e81da927-83ef-4256-b826-44c70d5c8dad",
              "isHook": true,
              "skipped": false
            }
          ],
          "afterHooks": [
            {
              "title": "\"after all\" hook",
              "fullTitle": "dictionary test \"after all\" hook",
              "timedOut": false,
              "duration": 0,
              "state": null,
              "speed": null,
              "pass": false,
              "fail": false,
              "pending": false,
              "context": null,
              "code": "__awaiter(void 0, void 0, void 0, function* () {\n    })",
              "err": {},
              "uuid": "eab2b7ad-b203-4a1e-9313-533207f9ead6",
              "parentUUID": "e81da927-83ef-4256-b826-44c70d5c8dad",
              "isHook": true,
              "skipped": false
            },
            {
              "title": "\"after each\" hook",
              "fullTitle": "dictionary test \"after each\" hook",
              "timedOut": false,
              "duration": 0,
              "state": null,
              "speed": null,
              "pass": false,
              "fail": false,
              "pending": false,
              "context": null,
              "code": "sinon.restore();",
              "err": {},
              "uuid": "b941b329-a397-4212-aa00-c195e4e0ecb1",
              "parentUUID": "e81da927-83ef-4256-b826-44c70d5c8dad",
              "isHook": true,
              "skipped": false
            }
          ],
          "tests": [
            {
              "title": "should construct",
              "fullTitle": "dictionary test should construct",
              "timedOut": false,
              "duration": 2,
              "state": "passed",
              "speed": "fast",
              "pass": true,
              "fail": false,
              "pending": false,
              "context": null,
              "code": "__awaiter(void 0, void 0, void 0, function* () {\n        chai_1.expect(dictionary.constructor.name).to.equal('Dictionary');\n    })",
              "err": {},
              "uuid": "308f349a-8319-4fd0-9908-f38b61a6efe9",
              "parentUUID": "e81da927-83ef-4256-b826-44c70d5c8dad",
              "isHook": false,
              "skipped": false
            },
            {
              "title": "should implement basic put/get/remove/size/clear/contains/exists/keys/values functionality",
              "fullTitle": "dictionary test should implement basic put/get/remove/size/clear/contains/exists/keys/values functionality",
              "timedOut": false,
              "duration": 2,
              "state": "passed",
              "speed": "fast",
              "pass": true,
              "fail": false,
              "pending": false,
              "context": null,
              "code": "dictionary.put('item', 'one');\nchai_1.expect(dictionary.exists('item')).to.equal(true);\nchai_1.expect(dictionary.exists('one')).to.equal(false);\nchai_1.expect(dictionary.get('item')).to.equal('one');\nchai_1.expect(dictionary.size()).to.equal(1);\nchai_1.expect(dictionary.contains('one')).to.equal(true);\nchai_1.expect(dictionary.keys().length).to.equal(1);\nchai_1.expect(dictionary.values().length).to.equal(1);\ndictionary.put('item', 'two');\nchai_1.expect(dictionary.get('item')).to.equal('two');\ndictionary.put('one', { embedded: true });\ndictionary.remove('three');\nchai_1.expect(dictionary.size()).to.equal(2);\nlet foundTwo = false;\nfor (const each of dictionary) {\n    if (!foundTwo) {\n        chai_1.expect(each).to.equal('two');\n        foundTwo = true;\n    }\n    else {\n        chai_1.expect(each).to.eql({ embedded: true });\n    }\n}\ndictionary.remove('item');\nchai_1.expect(dictionary.size()).to.equal(1);\ndictionary.clear();\nchai_1.expect(dictionary.size()).to.equal(0);",
              "err": {},
              "uuid": "3c705b9c-4887-432c-a751-097e66a6c48f",
              "parentUUID": "e81da927-83ef-4256-b826-44c70d5c8dad",
              "isHook": false,
              "skipped": false
            }
          ],
          "suites": [],
          "passes": [
            "308f349a-8319-4fd0-9908-f38b61a6efe9",
            "3c705b9c-4887-432c-a751-097e66a6c48f"
          ],
          "failures": [],
          "pending": [],
          "skipped": [],
          "duration": 4,
          "root": false,
          "rootEmpty": false,
          "_timeout": 5000
        },
        {
          "uuid": "3a4c5112-bd19-4a13-8b63-bc62fcb3ebc3",
          "title": "logger test",
          "fullFile": "/home/lane/git/redis/test/logger.test.ts",
          "file": "/test/logger.test.ts",
          "beforeHooks": [
            {
              "title": "\"before each\" hook",
              "fullTitle": "logger test \"before each\" hook",
              "timedOut": false,
              "duration": 0,
              "state": null,
              "speed": null,
              "pass": false,
              "fail": false,
              "pending": false,
              "context": null,
              "code": "sinon.createSandbox();",
              "err": {},
              "uuid": "261aa9a1-220b-4919-98f2-001f4e97ace6",
              "parentUUID": "3a4c5112-bd19-4a13-8b63-bc62fcb3ebc3",
              "isHook": true,
              "skipped": false
            }
          ],
          "afterHooks": [
            {
              "title": "\"after all\" hook",
              "fullTitle": "logger test \"after all\" hook",
              "timedOut": false,
              "duration": 0,
              "state": null,
              "speed": null,
              "pass": false,
              "fail": false,
              "pending": false,
              "context": null,
              "code": "__awaiter(void 0, void 0, void 0, function* () {\n    })",
              "err": {},
              "uuid": "bb36d5e0-974a-4155-98ce-91a3f8dc1ba7",
              "parentUUID": "3a4c5112-bd19-4a13-8b63-bc62fcb3ebc3",
              "isHook": true,
              "skipped": false
            },
            {
              "title": "\"after each\" hook",
              "fullTitle": "logger test \"after each\" hook",
              "timedOut": false,
              "duration": 0,
              "state": null,
              "speed": null,
              "pass": false,
              "fail": false,
              "pending": false,
              "context": null,
              "code": "sinon.restore();",
              "err": {},
              "uuid": "1d0ba3ed-dbbd-4d85-97f4-e9097647cff7",
              "parentUUID": "3a4c5112-bd19-4a13-8b63-bc62fcb3ebc3",
              "isHook": true,
              "skipped": false
            }
          ],
          "tests": [
            {
              "title": "should construct",
              "fullTitle": "logger test should construct",
              "timedOut": false,
              "duration": 0,
              "state": "passed",
              "speed": "fast",
              "pass": true,
              "fail": false,
              "pending": false,
              "context": null,
              "code": "__awaiter(void 0, void 0, void 0, function* () {\n        logger = new logger_1.Logger(module.id);\n        chai_1.expect(logger.constructor.name).to.equal('Logger');\n        logger.info(`This is an info message`);\n        logger.warn('This is a warning message');\n        logger.debug(`This is an invisible debug message`);\n    })",
              "err": {},
              "uuid": "27af6322-efa7-4b28-9f6a-bf2ac35e9351",
              "parentUUID": "3a4c5112-bd19-4a13-8b63-bc62fcb3ebc3",
              "isHook": false,
              "skipped": false
            },
            {
              "title": "should not construct when initialized with an empty string",
              "fullTitle": "logger test should not construct when initialized with an empty string",
              "timedOut": false,
              "duration": 0,
              "state": "passed",
              "speed": "fast",
              "pass": true,
              "fail": false,
              "pending": false,
              "context": null,
              "code": "chai_1.expect(() => {\n    logger = new logger_1.Logger('');\n}).to.throw();",
              "err": {},
              "uuid": "d9c335bb-be5a-4f08-8485-9fe83500ee03",
              "parentUUID": "3a4c5112-bd19-4a13-8b63-bc62fcb3ebc3",
              "isHook": false,
              "skipped": false
            }
          ],
          "suites": [],
          "passes": [
            "27af6322-efa7-4b28-9f6a-bf2ac35e9351",
            "d9c335bb-be5a-4f08-8485-9fe83500ee03"
          ],
          "failures": [],
          "pending": [],
          "skipped": [],
          "duration": 0,
          "root": false,
          "rootEmpty": false,
          "_timeout": 5000
        },
        {
          "uuid": "49851664-6549-4500-9fce-e5c3dd766bfe",
          "title": "client command test",
          "fullFile": "/home/lane/git/redis/test/resp/command/client-command.test.ts",
          "file": "/test/resp/command/client-command.test.ts",
          "beforeHooks": [
            {
              "title": "\"before all\" hook",
              "fullTitle": "client command test \"before all\" hook",
              "timedOut": false,
              "duration": 16,
              "state": null,
              "speed": null,
              "pass": false,
              "fail": false,
              "pending": false,
              "context": null,
              "code": "respServer = new resp_server_1.RespServer();\nrespServer.on('ready', () => {\n    done();\n});\nrespServer.start();",
              "err": {},
              "uuid": "d871a9af-d5ab-47ea-925a-c2e1caa547e3",
              "parentUUID": "49851664-6549-4500-9fce-e5c3dd766bfe",
              "isHook": true,
              "skipped": false
            },
            {
              "title": "\"before each\" hook",
              "fullTitle": "client command test \"before each\" hook",
              "timedOut": false,
              "duration": 0,
              "state": null,
              "speed": null,
              "pass": false,
              "fail": false,
              "pending": false,
              "context": null,
              "code": "sinon.createSandbox();",
              "err": {},
              "uuid": "4503bcda-10ab-4377-95c0-95be3800527a",
              "parentUUID": "49851664-6549-4500-9fce-e5c3dd766bfe",
              "isHook": true,
              "skipped": false
            }
          ],
          "afterHooks": [
            {
              "title": "\"after all\" hook",
              "fullTitle": "client command test \"after all\" hook",
              "timedOut": false,
              "duration": 1,
              "state": null,
              "speed": null,
              "pass": false,
              "fail": false,
              "pending": false,
              "context": null,
              "code": "__awaiter(void 0, void 0, void 0, function* () {\n        yield respServer.stop();\n    })",
              "err": {},
              "uuid": "ce015109-0eea-4cd2-b9b9-fd15b1da432c",
              "parentUUID": "49851664-6549-4500-9fce-e5c3dd766bfe",
              "isHook": true,
              "skipped": false
            },
            {
              "title": "\"after each\" hook",
              "fullTitle": "client command test \"after each\" hook",
              "timedOut": false,
              "duration": 0,
              "state": null,
              "speed": null,
              "pass": false,
              "fail": false,
              "pending": false,
              "context": null,
              "code": "sinon.restore();",
              "err": {},
              "uuid": "4e1098f0-19dc-4ad5-8fe5-066c6aaeec43",
              "parentUUID": "49851664-6549-4500-9fce-e5c3dd766bfe",
              "isHook": true,
              "skipped": false
            }
          ],
          "tests": [
            {
              "title": "should not allow more than 3 parameters",
              "fullTitle": "client command test should not allow more than 3 parameters",
              "timedOut": false,
              "duration": 14,
              "state": "passed",
              "speed": "fast",
              "pass": true,
              "fail": false,
              "pending": false,
              "context": null,
              "code": "__awaiter(void 0, void 0, void 0, function* () {\n        const response = yield common_test_1.sendCommand(client, ['client', 'one', 'two', 'three', 'four']);\n        chai_1.expect(response).to.equal('ReplyError: ERR Unknown subcommand or wrong number of arguments for \\'one\\'. Try CLIENT HELP');\n    })",
              "err": {},
              "uuid": "2166737e-6419-42a3-9007-69411617f5c7",
              "parentUUID": "49851664-6549-4500-9fce-e5c3dd766bfe",
              "isHook": false,
              "skipped": false
            },
            {
              "title": "should fail predictably when an unknown subcommand is passed",
              "fullTitle": "client command test should fail predictably when an unknown subcommand is passed",
              "timedOut": false,
              "duration": 1,
              "state": "passed",
              "speed": "fast",
              "pass": true,
              "fail": false,
              "pending": false,
              "context": null,
              "code": "__awaiter(void 0, void 0, void 0, function* () {\n        const response = yield common_test_1.sendCommand(client, ['client', 'whatever']);\n        chai_1.expect(response).to.equal(util.format(DEFAULT_ERROR, 'whatever'));\n    })",
              "err": {},
              "uuid": "06ad28f0-288f-401b-b807-388f93cf8528",
              "parentUUID": "49851664-6549-4500-9fce-e5c3dd766bfe",
              "isHook": false,
              "skipped": false
            },
            {
              "title": "should return a NIL name when called with \"GETNAME\" subcommand",
              "fullTitle": "client command test should return a NIL name when called with \"GETNAME\" subcommand",
              "timedOut": false,
              "duration": 1,
              "state": "passed",
              "speed": "fast",
              "pass": true,
              "fail": false,
              "pending": false,
              "context": null,
              "code": "__awaiter(void 0, void 0, void 0, function* () {\n        const response = yield common_test_1.sendCommand(client, ['client', 'getname']);\n        chai_1.expect(response).to.equal(null);\n    })",
              "err": {},
              "uuid": "ec1834f9-8c28-4f2d-93a8-1c47de8de887",
              "parentUUID": "49851664-6549-4500-9fce-e5c3dd766bfe",
              "isHook": false,
              "skipped": false
            },
            {
              "title": "should fail predictably when \"GETNAME\" is called with too many parameters",
              "fullTitle": "client command test should fail predictably when \"GETNAME\" is called with too many parameters",
              "timedOut": false,
              "duration": 1,
              "state": "passed",
              "speed": "fast",
              "pass": true,
              "fail": false,
              "pending": false,
              "context": null,
              "code": "__awaiter(void 0, void 0, void 0, function* () {\n        const response = yield common_test_1.sendCommand(client, ['client', 'getname', 'extra']);\n        chai_1.expect(response).to.equal(util.format(DEFAULT_ERROR, 'getname'));\n    })",
              "err": {},
              "uuid": "d358fec7-5097-403d-9af6-95c6de8e53cd",
              "parentUUID": "49851664-6549-4500-9fce-e5c3dd766bfe",
              "isHook": false,
              "skipped": false
            },
            {
              "title": "should respond with \"OK\" when \"setname\" is called with a valid name",
              "fullTitle": "client command test should respond with \"OK\" when \"setname\" is called with a valid name",
              "timedOut": false,
              "duration": 4,
              "state": "passed",
              "speed": "fast",
              "pass": true,
              "fail": false,
              "pending": false,
              "context": null,
              "code": "__awaiter(void 0, void 0, void 0, function* () {\n        let response = yield common_test_1.sendCommand(client, ['client', 'setname', 'whatever']);\n        chai_1.expect(response).to.equal('OK');\n        response = yield common_test_1.sendCommand(client, ['client', 'getname']);\n        chai_1.expect(response).to.equal('whatever');\n    })",
              "err": {},
              "uuid": "2325c5e6-7339-4745-9a93-96435d1c1248",
              "parentUUID": "49851664-6549-4500-9fce-e5c3dd766bfe",
              "isHook": false,
              "skipped": false
            },
            {
              "title": "should persist the value for \"setname\" across tests",
              "fullTitle": "client command test should persist the value for \"setname\" across tests",
              "timedOut": false,
              "duration": 2,
              "state": "passed",
              "speed": "fast",
              "pass": true,
              "fail": false,
              "pending": false,
              "context": null,
              "code": "__awaiter(void 0, void 0, void 0, function* () {\n        const response = yield common_test_1.sendCommand(client, ['client', 'getname']);\n        chai_1.expect(response).to.equal('whatever');\n    })",
              "err": {},
              "uuid": "517c62cc-1429-43f6-9267-4840cb879a1e",
              "parentUUID": "49851664-6549-4500-9fce-e5c3dd766bfe",
              "isHook": false,
              "skipped": false
            },
            {
              "title": "should respond with a predictable message when \"setname\" called with too many parameters",
              "fullTitle": "client command test should respond with a predictable message when \"setname\" called with too many parameters",
              "timedOut": false,
              "duration": 2,
              "state": "passed",
              "speed": "fast",
              "pass": true,
              "fail": false,
              "pending": false,
              "context": null,
              "code": "__awaiter(void 0, void 0, void 0, function* () {\n        const response = yield common_test_1.sendCommand(client, ['client', 'setname', 'test', 'two']);\n        chai_1.expect(response).to.equal(util.format(DEFAULT_ERROR, 'setname'));\n    })",
              "err": {},
              "uuid": "d3af18ee-7a90-4c94-b687-6222f07212e6",
              "parentUUID": "49851664-6549-4500-9fce-e5c3dd766bfe",
              "isHook": false,
              "skipped": false
            },
            {
              "title": "should not allow whitespace in \"setname\" subcommand",
              "fullTitle": "client command test should not allow whitespace in \"setname\" subcommand",
              "timedOut": false,
              "duration": 4,
              "state": "passed",
              "speed": "fast",
              "pass": true,
              "fail": false,
              "pending": false,
              "context": null,
              "code": "__awaiter(void 0, void 0, void 0, function* () {\n        const response = yield common_test_1.sendCommand(client, ['client', 'setname', 'te\\nst']);\n        chai_1.expect(response).to.equal(`ReplyError: ERR Client names cannot contain spaces, newlines or special characters.`);\n    })",
              "err": {},
              "uuid": "783a2bbb-2677-440e-b99f-856d806466ea",
              "parentUUID": "49851664-6549-4500-9fce-e5c3dd766bfe",
              "isHook": false,
              "skipped": false
            },
            {
              "title": "should return the server-assigned client id",
              "fullTitle": "client command test should return the server-assigned client id",
              "timedOut": false,
              "duration": 3,
              "state": "passed",
              "speed": "fast",
              "pass": true,
              "fail": false,
              "pending": false,
              "context": null,
              "code": "__awaiter(void 0, void 0, void 0, function* () {\n        const response = yield common_test_1.sendCommand(client, ['client', 'id']);\n        chai_1.expect(response).to.be.a('number');\n        chai_1.expect(String(response).length).to.be.greaterThan(0);\n    })",
              "err": {},
              "uuid": "57f46a0b-5788-42cb-8e05-8ed23a193adb",
              "parentUUID": "49851664-6549-4500-9fce-e5c3dd766bfe",
              "isHook": false,
              "skipped": false
            },
            {
              "title": "should respond with a predictable message when \"id\" called with too many parameters",
              "fullTitle": "client command test should respond with a predictable message when \"id\" called with too many parameters",
              "timedOut": false,
              "duration": 2,
              "state": "passed",
              "speed": "fast",
              "pass": true,
              "fail": false,
              "pending": false,
              "context": null,
              "code": "__awaiter(void 0, void 0, void 0, function* () {\n        const response = yield common_test_1.sendCommand(client, ['client', 'id', 'test', 'two']);\n        chai_1.expect(response).to.equal(util.format(DEFAULT_ERROR, 'id'));\n    })",
              "err": {},
              "uuid": "08ed8b72-2a79-40de-922e-708a8f618296",
              "parentUUID": "49851664-6549-4500-9fce-e5c3dd766bfe",
              "isHook": false,
              "skipped": false
            },
            {
              "title": "should return a bunch of information when client \"list\" subcommand is invoked",
              "fullTitle": "client command test should return a bunch of information when client \"list\" subcommand is invoked",
              "timedOut": false,
              "duration": 3,
              "state": "passed",
              "speed": "fast",
              "pass": true,
              "fail": false,
              "pending": false,
              "context": null,
              "code": "__awaiter(void 0, void 0, void 0, function* () {\n        const response = yield common_test_1.sendCommand(client, ['client', 'list']);\n        chai_1.expect(response).to.be.a('string');\n        chai_1.expect(response.length).to.be.greaterThan(0);\n        chai_1.expect(response).to.match(/ name=whatever /);\n        chai_1.expect(response).to.match(/\\bdb=0\\b/);\n    })",
              "err": {},
              "uuid": "01c517df-b86b-4ed8-b2fa-aa353b707c29",
              "parentUUID": "49851664-6549-4500-9fce-e5c3dd766bfe",
              "isHook": false,
              "skipped": false
            },
            {
              "title": "should respond with a predictable message when \"list\" called with too many parameters",
              "fullTitle": "client command test should respond with a predictable message when \"list\" called with too many parameters",
              "timedOut": false,
              "duration": 1,
              "state": "passed",
              "speed": "fast",
              "pass": true,
              "fail": false,
              "pending": false,
              "context": null,
              "code": "__awaiter(void 0, void 0, void 0, function* () {\n        const response = yield common_test_1.sendCommand(client, ['client', 'list', 'test', 'two']);\n        chai_1.expect(response).to.equal('ReplyError: ERR syntax error');\n    })",
              "err": {},
              "uuid": "a7361d89-07ff-4333-b0a8-77f8ba47ebe9",
              "parentUUID": "49851664-6549-4500-9fce-e5c3dd766bfe",
              "isHook": false,
              "skipped": false
            }
          ],
          "suites": [],
          "passes": [
            "2166737e-6419-42a3-9007-69411617f5c7",
            "06ad28f0-288f-401b-b807-388f93cf8528",
            "ec1834f9-8c28-4f2d-93a8-1c47de8de887",
            "d358fec7-5097-403d-9af6-95c6de8e53cd",
            "2325c5e6-7339-4745-9a93-96435d1c1248",
            "517c62cc-1429-43f6-9267-4840cb879a1e",
            "d3af18ee-7a90-4c94-b687-6222f07212e6",
            "783a2bbb-2677-440e-b99f-856d806466ea",
            "57f46a0b-5788-42cb-8e05-8ed23a193adb",
            "08ed8b72-2a79-40de-922e-708a8f618296",
            "01c517df-b86b-4ed8-b2fa-aa353b707c29",
            "a7361d89-07ff-4333-b0a8-77f8ba47ebe9"
          ],
          "failures": [],
          "pending": [],
          "skipped": [],
          "duration": 38,
          "root": false,
          "rootEmpty": false,
          "_timeout": 5000
        },
        {
          "uuid": "1ae02aca-8024-4014-9aad-e64af6fed2b6",
          "title": "flushall-command test",
          "fullFile": "/home/lane/git/redis/test/resp/command/db/flushall-command.test.ts",
          "file": "/test/resp/command/db/flushall-command.test.ts",
          "beforeHooks": [
            {
              "title": "\"before all\" hook",
              "fullTitle": "flushall-command test \"before all\" hook",
              "timedOut": false,
              "duration": 6,
              "state": null,
              "speed": null,
              "pass": false,
              "fail": false,
              "pending": false,
              "context": null,
              "code": "respServer = new resp_server_1.RespServer();\nrespServer.on('ready', () => __awaiter(void 0, void 0, void 0, function* () {\n    yield common_test_1.sendCommand(client, ['flushall']);\n    done();\n}));\nrespServer.start();",
              "err": {},
              "uuid": "14789130-f1f1-491a-9525-e09e1ae812ba",
              "parentUUID": "1ae02aca-8024-4014-9aad-e64af6fed2b6",
              "isHook": true,
              "skipped": false
            },
            {
              "title": "\"before each\" hook",
              "fullTitle": "flushall-command test \"before each\" hook",
              "timedOut": false,
              "duration": 0,
              "state": null,
              "speed": null,
              "pass": false,
              "fail": false,
              "pending": false,
              "context": null,
              "code": "sinon.createSandbox();",
              "err": {},
              "uuid": "dd97ade2-4aa1-4342-8210-4be82d39f57f",
              "parentUUID": "1ae02aca-8024-4014-9aad-e64af6fed2b6",
              "isHook": true,
              "skipped": false
            }
          ],
          "afterHooks": [
            {
              "title": "\"after all\" hook",
              "fullTitle": "flushall-command test \"after all\" hook",
              "timedOut": false,
              "duration": 1,
              "state": null,
              "speed": null,
              "pass": false,
              "fail": false,
              "pending": false,
              "context": null,
              "code": "__awaiter(void 0, void 0, void 0, function* () {\n        yield respServer.stop();\n    })",
              "err": {},
              "uuid": "9335fe1b-660b-44b2-a6ed-92a421add838",
              "parentUUID": "1ae02aca-8024-4014-9aad-e64af6fed2b6",
              "isHook": true,
              "skipped": false
            },
            {
              "title": "\"after each\" hook",
              "fullTitle": "flushall-command test \"after each\" hook",
              "timedOut": false,
              "duration": 0,
              "state": null,
              "speed": null,
              "pass": false,
              "fail": false,
              "pending": false,
              "context": null,
              "code": "sinon.restore();",
              "err": {},
              "uuid": "78a951e7-9fdb-4cb9-8256-63d4e9a16202",
              "parentUUID": "1ae02aca-8024-4014-9aad-e64af6fed2b6",
              "isHook": true,
              "skipped": false
            }
          ],
          "tests": [
            {
              "title": "should remove all keys from all databases",
              "fullTitle": "flushall-command test should remove all keys from all databases",
              "timedOut": false,
              "duration": 95,
              "state": "passed",
              "speed": "slow",
              "pass": true,
              "fail": false,
              "pending": false,
              "context": null,
              "code": "__awaiter(void 0, void 0, void 0, function* () {\n        for (let db = 0; db < 16; db++) {\n            response = yield common_test_1.sendCommand(client, ['select', `${db}`]);\n            chai_1.expect(response).to.equal('OK');\n            response = yield common_test_1.sendCommand(client, ['set', 'dbid', `${db}`]);\n            chai_1.expect(response).to.equal('OK');\n            response = yield common_test_1.sendCommand(client, ['dbsize']);\n            console.log(`DB: ${db}: dbsize: ${response}`);\n            chai_1.expect(response).to.equal(1);\n        }\n        response = yield common_test_1.sendCommand(client, ['flushall']);\n        chai_1.expect(response).to.equal('OK');\n        for (let db = 0; db < 16; db++) {\n            response = yield common_test_1.sendCommand(client, ['select', `${db}`]);\n            chai_1.expect(response).to.equal('OK');\n            response = yield common_test_1.sendCommand(client, ['dbsize']);\n            chai_1.expect(response).to.equal(0);\n        }\n    })",
              "err": {},
              "uuid": "9ae1e245-509b-44a6-abf8-53e9af6b3254",
              "parentUUID": "1ae02aca-8024-4014-9aad-e64af6fed2b6",
              "isHook": false,
              "skipped": false
            }
          ],
          "suites": [],
          "passes": [
            "9ae1e245-509b-44a6-abf8-53e9af6b3254"
          ],
          "failures": [],
          "pending": [],
          "skipped": [],
          "duration": 95,
          "root": false,
          "rootEmpty": false,
          "_timeout": 5000
        },
        {
          "uuid": "c9bdd5d6-f1d7-46e8-99cd-9e53cf2966c1",
          "title": "flushdb-command test",
          "fullFile": "/home/lane/git/redis/test/resp/command/db/flushdb-command.test.ts",
          "file": "/test/resp/command/db/flushdb-command.test.ts",
          "beforeHooks": [
            {
              "title": "\"before all\" hook",
              "fullTitle": "flushdb-command test \"before all\" hook",
              "timedOut": false,
              "duration": 4,
              "state": null,
              "speed": null,
              "pass": false,
              "fail": false,
              "pending": false,
              "context": null,
              "code": "respServer = new resp_server_1.RespServer();\nrespServer.on('ready', () => {\n    done();\n});\nrespServer.start();",
              "err": {},
              "uuid": "d5396720-3ba7-4a82-a726-3d7dac12bf0e",
              "parentUUID": "c9bdd5d6-f1d7-46e8-99cd-9e53cf2966c1",
              "isHook": true,
              "skipped": false
            },
            {
              "title": "\"before each\" hook",
              "fullTitle": "flushdb-command test \"before each\" hook",
              "timedOut": false,
              "duration": 0,
              "state": null,
              "speed": null,
              "pass": false,
              "fail": false,
              "pending": false,
              "context": null,
              "code": "sinon.createSandbox();",
              "err": {},
              "uuid": "057a870c-d777-482b-8c47-9f4166cbbdd7",
              "parentUUID": "c9bdd5d6-f1d7-46e8-99cd-9e53cf2966c1",
              "isHook": true,
              "skipped": false
            }
          ],
          "afterHooks": [
            {
              "title": "\"after all\" hook",
              "fullTitle": "flushdb-command test \"after all\" hook",
              "timedOut": false,
              "duration": 0,
              "state": null,
              "speed": null,
              "pass": false,
              "fail": false,
              "pending": false,
              "context": null,
              "code": "__awaiter(void 0, void 0, void 0, function* () {\n        yield respServer.stop();\n    })",
              "err": {},
              "uuid": "b3103b6f-5a31-44ee-ac4b-0f6e71aea008",
              "parentUUID": "c9bdd5d6-f1d7-46e8-99cd-9e53cf2966c1",
              "isHook": true,
              "skipped": false
            },
            {
              "title": "\"after each\" hook",
              "fullTitle": "flushdb-command test \"after each\" hook",
              "timedOut": false,
              "duration": 0,
              "state": null,
              "speed": null,
              "pass": false,
              "fail": false,
              "pending": false,
              "context": null,
              "code": "sinon.restore();",
              "err": {},
              "uuid": "adf4ca77-cd59-40d7-a5b2-4735b9c7f31d",
              "parentUUID": "c9bdd5d6-f1d7-46e8-99cd-9e53cf2966c1",
              "isHook": true,
              "skipped": false
            }
          ],
          "tests": [
            {
              "title": "should remove all keys from only the currently selected databases",
              "fullTitle": "flushdb-command test should remove all keys from only the currently selected databases",
              "timedOut": false,
              "duration": 81,
              "state": "passed",
              "speed": "slow",
              "pass": true,
              "fail": false,
              "pending": false,
              "context": null,
              "code": "__awaiter(void 0, void 0, void 0, function* () {\n        for (let db = 0; db < 16; db++) {\n            response = yield common_test_1.sendCommand(client, ['select', `${db}`]);\n            chai_1.expect(response).to.equal('OK');\n            response = yield common_test_1.sendCommand(client, ['set', 'dbid', `${db}`]);\n            chai_1.expect(response).to.equal('OK');\n            response = yield common_test_1.sendCommand(client, ['dbsize']);\n            chai_1.expect(response).to.equal(1);\n        }\n        for (let db = 0; db < 16; db++) {\n            if (db !== 14) {\n                response = yield common_test_1.sendCommand(client, ['select', `${db}`]);\n                chai_1.expect(response).to.equal('OK');\n                response = yield common_test_1.sendCommand(client, ['flushdb']);\n                chai_1.expect(response).to.equal('OK');\n                response = yield common_test_1.sendCommand(client, ['exists', 'dbid']);\n                chai_1.expect(response).to.equal(0);\n                response = yield common_test_1.sendCommand(client, ['dbsize']);\n                chai_1.expect(response).to.equal(0);\n            }\n        }\n        response = yield common_test_1.sendCommand(client, ['select', '14']);\n        chai_1.expect(response).to.equal('OK');\n        response = yield common_test_1.sendCommand(client, ['get', 'dbid']);\n        chai_1.expect(response).to.equal('14');\n        response = yield common_test_1.sendCommand(client, ['dbsize']);\n        chai_1.expect(response).to.equal(1);\n    })",
              "err": {},
              "uuid": "f97bed8f-0355-46ea-b028-50ef4f62a9c7",
              "parentUUID": "c9bdd5d6-f1d7-46e8-99cd-9e53cf2966c1",
              "isHook": false,
              "skipped": false
            }
          ],
          "suites": [],
          "passes": [
            "f97bed8f-0355-46ea-b028-50ef4f62a9c7"
          ],
          "failures": [],
          "pending": [],
          "skipped": [],
          "duration": 81,
          "root": false,
          "rootEmpty": false,
          "_timeout": 5000
        },
        {
          "uuid": "8947ebdb-f040-41bd-8144-4ffa45d1af4b",
          "title": "hget command test",
          "fullFile": "/home/lane/git/redis/test/resp/command/hash/hget-command.test.ts",
          "file": "/test/resp/command/hash/hget-command.test.ts",
          "beforeHooks": [
            {
              "title": "\"before all\" hook",
              "fullTitle": "hget command test \"before all\" hook",
              "timedOut": false,
              "duration": 4,
              "state": null,
              "speed": null,
              "pass": false,
              "fail": false,
              "pending": false,
              "context": null,
              "code": "respServer = new resp_server_1.RespServer();\nrespServer.on('ready', () => {\n    done();\n});\nrespServer.start();",
              "err": {},
              "uuid": "298a95e8-970e-41aa-9faa-6406ff5d27e6",
              "parentUUID": "8947ebdb-f040-41bd-8144-4ffa45d1af4b",
              "isHook": true,
              "skipped": false
            },
            {
              "title": "\"before each\" hook",
              "fullTitle": "hget command test \"before each\" hook",
              "timedOut": false,
              "duration": 0,
              "state": null,
              "speed": null,
              "pass": false,
              "fail": false,
              "pending": false,
              "context": null,
              "code": "sinon.createSandbox();",
              "err": {},
              "uuid": "99d098ac-4084-4cce-a045-645cd4f61add",
              "parentUUID": "8947ebdb-f040-41bd-8144-4ffa45d1af4b",
              "isHook": true,
              "skipped": false
            }
          ],
          "afterHooks": [
            {
              "title": "\"after all\" hook",
              "fullTitle": "hget command test \"after all\" hook",
              "timedOut": false,
              "duration": 0,
              "state": null,
              "speed": null,
              "pass": false,
              "fail": false,
              "pending": false,
              "context": null,
              "code": "__awaiter(void 0, void 0, void 0, function* () {\n        yield respServer.stop();\n    })",
              "err": {},
              "uuid": "7d314ee9-4314-4c01-ae14-243ec62e0d86",
              "parentUUID": "8947ebdb-f040-41bd-8144-4ffa45d1af4b",
              "isHook": true,
              "skipped": false
            },
            {
              "title": "\"after each\" hook",
              "fullTitle": "hget command test \"after each\" hook",
              "timedOut": false,
              "duration": 0,
              "state": null,
              "speed": null,
              "pass": false,
              "fail": false,
              "pending": false,
              "context": null,
              "code": "sinon.restore();",
              "err": {},
              "uuid": "b349245a-a1ed-4fc4-a63a-439988347678",
              "parentUUID": "8947ebdb-f040-41bd-8144-4ffa45d1af4b",
              "isHook": true,
              "skipped": false
            }
          ],
          "tests": [
            {
              "title": "should require exactly 2 parameters",
              "fullTitle": "hget command test should require exactly 2 parameters",
              "timedOut": false,
              "duration": 3,
              "state": "passed",
              "speed": "fast",
              "pass": true,
              "fail": false,
              "pending": false,
              "context": null,
              "code": "common_test_1.sendCommand(new net.Socket(), ['hget', 'test'])\n    .then((response1) => {\n    chai_1.expect(response1).to.equal('ReplyError: ERR wrong number of arguments for \\'hget\\' command');\n    common_test_1.sendCommand(new net.Socket(), ['hget', 'test', 'one', 'two'])\n        .then((response2) => {\n        chai_1.expect(response2).to.equal('ReplyError: ERR wrong number of arguments for \\'hget\\' command');\n        common_test_1.sendCommand(new net.Socket(), ['hget', 'test', 'one'])\n            .then((response3) => {\n            chai_1.expect(response3).to.equal(null);\n            done();\n        });\n    });\n});",
              "err": {},
              "uuid": "d962fe19-faa5-47a1-9f1d-fe200af3e48f",
              "parentUUID": "8947ebdb-f040-41bd-8144-4ffa45d1af4b",
              "isHook": false,
              "skipped": false
            },
            {
              "title": "should get a value after it has be set",
              "fullTitle": "hget command test should get a value after it has be set",
              "timedOut": false,
              "duration": 3,
              "state": "passed",
              "speed": "fast",
              "pass": true,
              "fail": false,
              "pending": false,
              "context": null,
              "code": "common_test_1.sendCommand(new net.Socket(), ['hset', 'test', 'one', 'two'])\n    .then(() => {\n    common_test_1.sendCommand(new net.Socket(), ['hget', 'test', 'one'])\n        .then((response) => {\n        chai_1.expect(response).to.equal('two');\n        done();\n    });\n});",
              "err": {},
              "uuid": "4c4d4f19-d9da-401b-a417-05d0fc250367",
              "parentUUID": "8947ebdb-f040-41bd-8144-4ffa45d1af4b",
              "isHook": false,
              "skipped": false
            },
            {
              "title": "should return nil string when the key exists but the field does not",
              "fullTitle": "hget command test should return nil string when the key exists but the field does not",
              "timedOut": false,
              "duration": 1,
              "state": "passed",
              "speed": "fast",
              "pass": true,
              "fail": false,
              "pending": false,
              "context": null,
              "code": "common_test_1.sendCommand(new net.Socket(), ['hget', 'test', 'two'])\n    .then((response) => {\n    chai_1.expect(response).to.equal(null);\n    done();\n});",
              "err": {},
              "uuid": "bde4565e-48bf-45ae-85a1-fe117ee066f8",
              "parentUUID": "8947ebdb-f040-41bd-8144-4ffa45d1af4b",
              "isHook": false,
              "skipped": false
            }
          ],
          "suites": [],
          "passes": [
            "d962fe19-faa5-47a1-9f1d-fe200af3e48f",
            "4c4d4f19-d9da-401b-a417-05d0fc250367",
            "bde4565e-48bf-45ae-85a1-fe117ee066f8"
          ],
          "failures": [],
          "pending": [],
          "skipped": [],
          "duration": 7,
          "root": false,
          "rootEmpty": false,
          "_timeout": 5000
        },
        {
          "uuid": "f67f3e78-4346-4990-94f6-2409c0a1ecfc",
          "title": "hset command test",
          "fullFile": "/home/lane/git/redis/test/resp/command/hash/hset-command.test.ts",
          "file": "/test/resp/command/hash/hset-command.test.ts",
          "beforeHooks": [
            {
              "title": "\"before all\" hook",
              "fullTitle": "hset command test \"before all\" hook",
              "timedOut": false,
              "duration": 4,
              "state": null,
              "speed": null,
              "pass": false,
              "fail": false,
              "pending": false,
              "context": null,
              "code": "respServer = new resp_server_1.RespServer();\nrespServer.on('ready', () => __awaiter(void 0, void 0, void 0, function* () {\n    yield common_test_1.sendCommand(new net.Socket(), ['flushall']);\n    done();\n}));\nrespServer.start();",
              "err": {},
              "uuid": "4ab89f1f-e389-43bf-ada3-5439ed7e8a77",
              "parentUUID": "f67f3e78-4346-4990-94f6-2409c0a1ecfc",
              "isHook": true,
              "skipped": false
            },
            {
              "title": "\"before each\" hook",
              "fullTitle": "hset command test \"before each\" hook",
              "timedOut": false,
              "duration": 0,
              "state": null,
              "speed": null,
              "pass": false,
              "fail": false,
              "pending": false,
              "context": null,
              "code": "sinon.createSandbox();",
              "err": {},
              "uuid": "6a67049d-36d8-4532-abdc-e550feac42f5",
              "parentUUID": "f67f3e78-4346-4990-94f6-2409c0a1ecfc",
              "isHook": true,
              "skipped": false
            }
          ],
          "afterHooks": [
            {
              "title": "\"after all\" hook",
              "fullTitle": "hset command test \"after all\" hook",
              "timedOut": false,
              "duration": 0,
              "state": null,
              "speed": null,
              "pass": false,
              "fail": false,
              "pending": false,
              "context": null,
              "code": "__awaiter(void 0, void 0, void 0, function* () {\n        yield respServer.stop();\n    })",
              "err": {},
              "uuid": "03acdc5b-c914-416a-9702-91b28e27a97a",
              "parentUUID": "f67f3e78-4346-4990-94f6-2409c0a1ecfc",
              "isHook": true,
              "skipped": false
            },
            {
              "title": "\"after each\" hook",
              "fullTitle": "hset command test \"after each\" hook",
              "timedOut": false,
              "duration": 0,
              "state": null,
              "speed": null,
              "pass": false,
              "fail": false,
              "pending": false,
              "context": null,
              "code": "sinon.restore();",
              "err": {},
              "uuid": "6e1079f6-bd0d-4807-ace5-94e92844b3a2",
              "parentUUID": "f67f3e78-4346-4990-94f6-2409c0a1ecfc",
              "isHook": true,
              "skipped": false
            }
          ],
          "tests": [
            {
              "title": "should require a minimum of 3 parameters",
              "fullTitle": "hset command test should require a minimum of 3 parameters",
              "timedOut": false,
              "duration": 3,
              "state": "passed",
              "speed": "fast",
              "pass": true,
              "fail": false,
              "pending": false,
              "context": null,
              "code": "__awaiter(void 0, void 0, void 0, function* () {\n        const uniqueKey = safeId();\n        chai_1.expect(uniqueKey).not.to.equal(lastId);\n        lastId = uniqueKey;\n        let response = yield common_test_1.sendCommand(new net.Socket(), ['hset', uniqueKey]);\n        chai_1.expect(response).to.match(/ReplyError: ERR wrong number of arguments for \\'hset\\' command/i);\n        response = yield common_test_1.sendCommand(new net.Socket(), ['hset', uniqueKey, 'one']);\n        chai_1.expect(response).to.match(/ReplyError: ERR wrong number of arguments for \\'hm?set\\' command/i);\n        response = yield common_test_1.sendCommand(new net.Socket(), ['hset', uniqueKey, 'one', 'two']);\n        chai_1.expect(response).to.equal(1);\n    })",
              "err": {},
              "uuid": "36f515d7-a42b-4816-819b-0374d4b73743",
              "parentUUID": "f67f3e78-4346-4990-94f6-2409c0a1ecfc",
              "isHook": false,
              "skipped": false
            },
            {
              "title": "should only accept an odd number of parameters",
              "fullTitle": "hset command test should only accept an odd number of parameters",
              "timedOut": false,
              "duration": 2,
              "state": "passed",
              "speed": "fast",
              "pass": true,
              "fail": false,
              "pending": false,
              "context": null,
              "code": "__awaiter(void 0, void 0, void 0, function* () {\n        const uniqueKey = safeId();\n        chai_1.expect(uniqueKey).not.to.equal(lastId);\n        lastId = uniqueKey;\n        const response = yield common_test_1.sendCommand(new net.Socket(), ['hset', uniqueKey, 'one2', 'two', 'fail']);\n        chai_1.expect(response).to.match(/ReplyError: ERR wrong number of arguments for hm?set/i);\n    })",
              "err": {},
              "uuid": "6abb20a8-f1e4-41c7-a51a-5d49161e998d",
              "parentUUID": "f67f3e78-4346-4990-94f6-2409c0a1ecfc",
              "isHook": false,
              "skipped": false
            },
            {
              "title": "should only report added fields",
              "fullTitle": "hset command test should only report added fields",
              "timedOut": false,
              "duration": 3,
              "state": "passed",
              "speed": "fast",
              "pass": true,
              "fail": false,
              "pending": false,
              "context": null,
              "code": "__awaiter(void 0, void 0, void 0, function* () {\n        const uniqueKey = safeId();\n        chai_1.expect(uniqueKey).not.to.equal(lastId);\n        lastId = uniqueKey;\n        let response = yield common_test_1.sendCommand(new net.Socket(), ['hset', uniqueKey, 'one', 'six']);\n        chai_1.expect(response).to.equal(1);\n        response = yield common_test_1.sendCommand(new net.Socket(), ['hset', uniqueKey, 'one', 'anothervalue']);\n        chai_1.expect(response).to.equal(0);\n        response = yield common_test_1.sendCommand(new net.Socket(), ['hget', uniqueKey, 'one']);\n        chai_1.expect(response).to.equal('anothervalue');\n    })",
              "err": {},
              "uuid": "c838fac7-e54f-4677-967d-2595c083a36a",
              "parentUUID": "f67f3e78-4346-4990-94f6-2409c0a1ecfc",
              "isHook": false,
              "skipped": false
            }
          ],
          "suites": [],
          "passes": [
            "36f515d7-a42b-4816-819b-0374d4b73743",
            "6abb20a8-f1e4-41c7-a51a-5d49161e998d",
            "c838fac7-e54f-4677-967d-2595c083a36a"
          ],
          "failures": [],
          "pending": [],
          "skipped": [],
          "duration": 8,
          "root": false,
          "rootEmpty": false,
          "_timeout": 5000
        },
        {
          "uuid": "a3c25119-7c52-497f-b4a2-2238182516b1",
          "title": "del-command test",
          "fullFile": "/home/lane/git/redis/test/resp/command/key/del-command.test.ts",
          "file": "/test/resp/command/key/del-command.test.ts",
          "beforeHooks": [
            {
              "title": "\"before all\" hook",
              "fullTitle": "del-command test \"before all\" hook",
              "timedOut": false,
              "duration": 2,
              "state": null,
              "speed": null,
              "pass": false,
              "fail": false,
              "pending": false,
              "context": null,
              "code": "respServer = new resp_server_1.RespServer();\nrespServer.on('ready', () => {\n    done();\n});\nrespServer.start();",
              "err": {},
              "uuid": "0ca8a7d4-9776-4cd4-85ff-82fd0e2a694a",
              "parentUUID": "a3c25119-7c52-497f-b4a2-2238182516b1",
              "isHook": true,
              "skipped": false
            },
            {
              "title": "\"before each\" hook",
              "fullTitle": "del-command test \"before each\" hook",
              "timedOut": false,
              "duration": 0,
              "state": null,
              "speed": null,
              "pass": false,
              "fail": false,
              "pending": false,
              "context": null,
              "code": "sinon.createSandbox();",
              "err": {},
              "uuid": "30d18ca1-bd5c-4a85-b6e0-a044937d07b1",
              "parentUUID": "a3c25119-7c52-497f-b4a2-2238182516b1",
              "isHook": true,
              "skipped": false
            }
          ],
          "afterHooks": [
            {
              "title": "\"after all\" hook",
              "fullTitle": "del-command test \"after all\" hook",
              "timedOut": false,
              "duration": 0,
              "state": null,
              "speed": null,
              "pass": false,
              "fail": false,
              "pending": false,
              "context": null,
              "code": "__awaiter(void 0, void 0, void 0, function* () {\n        yield respServer.stop();\n    })",
              "err": {},
              "uuid": "d9e382a4-e240-49f4-acf4-23a3cb984ee0",
              "parentUUID": "a3c25119-7c52-497f-b4a2-2238182516b1",
              "isHook": true,
              "skipped": false
            },
            {
              "title": "\"after each\" hook",
              "fullTitle": "del-command test \"after each\" hook",
              "timedOut": false,
              "duration": 0,
              "state": null,
              "speed": null,
              "pass": false,
              "fail": false,
              "pending": false,
              "context": null,
              "code": "sinon.restore();",
              "err": {},
              "uuid": "6b51f0ca-f5f7-49b4-9304-e32abb49d4ca",
              "parentUUID": "a3c25119-7c52-497f-b4a2-2238182516b1",
              "isHook": true,
              "skipped": false
            }
          ],
          "tests": [
            {
              "title": "should report ZERO when called with no keys present",
              "fullTitle": "del-command test should report ZERO when called with no keys present",
              "timedOut": false,
              "duration": 1,
              "state": "passed",
              "speed": "fast",
              "pass": true,
              "fail": false,
              "pending": false,
              "context": null,
              "code": "common_test_1.sendCommand(new net.Socket(), ['del', 'key1', 'key2', 'key3'])\n    .then((response) => {\n    chai_1.expect(response).to.be.a('number');\n    chai_1.expect(response).to.equal(0);\n    done();\n});",
              "err": {},
              "uuid": "090dfb6b-0e50-40fd-9a25-eb38c98b3034",
              "parentUUID": "a3c25119-7c52-497f-b4a2-2238182516b1",
              "isHook": false,
              "skipped": false
            },
            {
              "title": "should report the number of keys actually removed",
              "fullTitle": "del-command test should report the number of keys actually removed",
              "timedOut": false,
              "duration": 4,
              "state": "passed",
              "speed": "fast",
              "pass": true,
              "fail": false,
              "pending": false,
              "context": null,
              "code": "const client = new net.Socket();\ncommon_test_1.sendCommand(client, ['set', 'key1', 'data'])\n    .then(() => {\n    common_test_1.sendCommand(client, ['set', 'key2', 'data'])\n        .then(() => {\n        common_test_1.sendCommand(client, ['set', 'key3', 'data'])\n            .then(() => {\n            common_test_1.sendCommand(client, ['del', 'key1', 'key3'])\n                .then((response) => {\n                chai_1.expect(response).to.equal(2);\n                done();\n            });\n        });\n    });\n});",
              "err": {},
              "uuid": "49a3ec59-d57e-4e20-b942-44de009fa438",
              "parentUUID": "a3c25119-7c52-497f-b4a2-2238182516b1",
              "isHook": false,
              "skipped": false
            },
            {
              "title": "should have retained key2 from the previous test",
              "fullTitle": "del-command test should have retained key2 from the previous test",
              "timedOut": false,
              "duration": 1,
              "state": "passed",
              "speed": "fast",
              "pass": true,
              "fail": false,
              "pending": false,
              "context": null,
              "code": "common_test_1.sendCommand(new net.Socket(), ['del', 'key2'])\n    .then((response) => {\n    chai_1.expect(response).to.equal(1);\n    done();\n});",
              "err": {},
              "uuid": "1210ddcf-9f90-492f-8399-4ea14d825d59",
              "parentUUID": "a3c25119-7c52-497f-b4a2-2238182516b1",
              "isHook": false,
              "skipped": false
            }
          ],
          "suites": [],
          "passes": [
            "090dfb6b-0e50-40fd-9a25-eb38c98b3034",
            "49a3ec59-d57e-4e20-b942-44de009fa438",
            "1210ddcf-9f90-492f-8399-4ea14d825d59"
          ],
          "failures": [],
          "pending": [],
          "skipped": [],
          "duration": 6,
          "root": false,
          "rootEmpty": false,
          "_timeout": 5000
        },
        {
          "uuid": "691ebbc6-bad7-41d9-9130-44595ec85676",
          "title": "exists-command test",
          "fullFile": "/home/lane/git/redis/test/resp/command/key/exists-command.test.ts",
          "file": "/test/resp/command/key/exists-command.test.ts",
          "beforeHooks": [
            {
              "title": "\"before all\" hook",
              "fullTitle": "exists-command test \"before all\" hook",
              "timedOut": false,
              "duration": 5,
              "state": null,
              "speed": null,
              "pass": false,
              "fail": false,
              "pending": false,
              "context": null,
              "code": "respServer = new resp_server_1.RespServer();\nrespServer.on('ready', () => {\n    // Set a key with a millisecond TTL to validate exists respects TTL\n    common_test_1.sendCommand(new net.Socket(), ['set', 'ttlkey', 'value', 'PX', '3'])\n        .then(() => {\n        done();\n    });\n});\nrespServer.start();",
              "err": {},
              "uuid": "b4b90438-aac4-4323-97b0-e0d7aba7b086",
              "parentUUID": "691ebbc6-bad7-41d9-9130-44595ec85676",
              "isHook": true,
              "skipped": false
            },
            {
              "title": "\"before each\" hook",
              "fullTitle": "exists-command test \"before each\" hook",
              "timedOut": false,
              "duration": 0,
              "state": null,
              "speed": null,
              "pass": false,
              "fail": false,
              "pending": false,
              "context": null,
              "code": "sinon.createSandbox();",
              "err": {},
              "uuid": "8f84251b-9f83-4747-971f-feed226560a4",
              "parentUUID": "691ebbc6-bad7-41d9-9130-44595ec85676",
              "isHook": true,
              "skipped": false
            }
          ],
          "afterHooks": [
            {
              "title": "\"after all\" hook",
              "fullTitle": "exists-command test \"after all\" hook",
              "timedOut": false,
              "duration": 1,
              "state": null,
              "speed": null,
              "pass": false,
              "fail": false,
              "pending": false,
              "context": null,
              "code": "__awaiter(void 0, void 0, void 0, function* () {\n        yield respServer.stop();\n    })",
              "err": {},
              "uuid": "779cef2b-3107-496e-bd6c-090061533252",
              "parentUUID": "691ebbc6-bad7-41d9-9130-44595ec85676",
              "isHook": true,
              "skipped": false
            },
            {
              "title": "\"after each\" hook",
              "fullTitle": "exists-command test \"after each\" hook",
              "timedOut": false,
              "duration": 0,
              "state": null,
              "speed": null,
              "pass": false,
              "fail": false,
              "pending": false,
              "context": null,
              "code": "sinon.restore();",
              "err": {},
              "uuid": "1eaa494a-2bf9-4272-aea4-e8b20ea9a573",
              "parentUUID": "691ebbc6-bad7-41d9-9130-44595ec85676",
              "isHook": true,
              "skipped": false
            }
          ],
          "tests": [
            {
              "title": "should report ZERO when none of the specified keys exist",
              "fullTitle": "exists-command test should report ZERO when none of the specified keys exist",
              "timedOut": false,
              "duration": 2,
              "state": "passed",
              "speed": "fast",
              "pass": true,
              "fail": false,
              "pending": false,
              "context": null,
              "code": "common_test_1.sendCommand(new net.Socket(), ['exists', 'key1', 'key2', 'key3'])\n    .then((response) => {\n    chai_1.expect(response).to.be.a('number');\n    chai_1.expect(response).to.equal(0);\n    done();\n});",
              "err": {},
              "uuid": "f953e46f-8275-43e0-8524-719caef4e1f7",
              "parentUUID": "691ebbc6-bad7-41d9-9130-44595ec85676",
              "isHook": false,
              "skipped": false
            },
            {
              "title": "should require at least ONE parameter",
              "fullTitle": "exists-command test should require at least ONE parameter",
              "timedOut": false,
              "duration": 1,
              "state": "passed",
              "speed": "fast",
              "pass": true,
              "fail": false,
              "pending": false,
              "context": null,
              "code": "common_test_1.sendCommand(new net.Socket(), ['exists'])\n    .then((response) => {\n    chai_1.expect(response).to.equal('ReplyError: ERR wrong number of arguments for \\'exists\\' command');\n    done();\n});",
              "err": {},
              "uuid": "8d58c795-43b6-4c03-916c-7c85b52282f8",
              "parentUUID": "691ebbc6-bad7-41d9-9130-44595ec85676",
              "isHook": false,
              "skipped": false
            },
            {
              "title": "should report GREATER THAN ZERO when checking for the same existing key multiple times",
              "fullTitle": "exists-command test should report GREATER THAN ZERO when checking for the same existing key multiple times",
              "timedOut": false,
              "duration": 4,
              "state": "passed",
              "speed": "fast",
              "pass": true,
              "fail": false,
              "pending": false,
              "context": null,
              "code": "common_test_1.sendCommand(new net.Socket(), ['set', 'key', 'value'])\n    .then(() => {\n    common_test_1.sendCommand(new net.Socket(), ['exists', 'key', 'key', 'unknownkey', 'another', 'another'])\n        .then((response) => {\n        chai_1.expect(response).to.equal(2);\n        done();\n    });\n});",
              "err": {},
              "uuid": "ccf9914c-a5b3-4242-8f87-ce93d2be931b",
              "parentUUID": "691ebbc6-bad7-41d9-9130-44595ec85676",
              "isHook": false,
              "skipped": false
            },
            {
              "title": "should respect the TTL value on a key",
              "fullTitle": "exists-command test should respect the TTL value on a key",
              "timedOut": false,
              "duration": 1,
              "state": "passed",
              "speed": "fast",
              "pass": true,
              "fail": false,
              "pending": false,
              "context": null,
              "code": "common_test_1.sendCommand(new net.Socket(), ['exists', 'ttlkey'])\n    .then((response) => {\n    chai_1.expect(response).to.equal(0);\n    done();\n});",
              "err": {},
              "uuid": "15a0ff9b-4b71-42b5-a4db-23bba541a384",
              "parentUUID": "691ebbc6-bad7-41d9-9130-44595ec85676",
              "isHook": false,
              "skipped": false
            }
          ],
          "suites": [],
          "passes": [
            "f953e46f-8275-43e0-8524-719caef4e1f7",
            "8d58c795-43b6-4c03-916c-7c85b52282f8",
            "ccf9914c-a5b3-4242-8f87-ce93d2be931b",
            "15a0ff9b-4b71-42b5-a4db-23bba541a384"
          ],
          "failures": [],
          "pending": [],
          "skipped": [],
          "duration": 8,
          "root": false,
          "rootEmpty": false,
          "_timeout": 5000
        },
        {
          "uuid": "c8a14b2b-50b1-4686-87b3-0c7b9b77892e",
          "title": "expire-command test",
          "fullFile": "/home/lane/git/redis/test/resp/command/key/expire-command.test.ts",
          "file": "/test/resp/command/key/expire-command.test.ts",
          "beforeHooks": [
            {
              "title": "\"before all\" hook",
              "fullTitle": "expire-command test \"before all\" hook",
              "timedOut": false,
              "duration": 9,
              "state": null,
              "speed": null,
              "pass": false,
              "fail": false,
              "pending": false,
              "context": null,
              "code": "respServer = new resp_server_1.RespServer();\nrespServer.on('ready', () => {\n    done();\n});\nrespServer.start();",
              "err": {},
              "uuid": "14e3d8bc-b0c3-46fe-8bdd-1bfaf9fbb572",
              "parentUUID": "c8a14b2b-50b1-4686-87b3-0c7b9b77892e",
              "isHook": true,
              "skipped": false
            },
            {
              "title": "\"before each\" hook",
              "fullTitle": "expire-command test \"before each\" hook",
              "timedOut": false,
              "duration": 0,
              "state": null,
              "speed": null,
              "pass": false,
              "fail": false,
              "pending": false,
              "context": null,
              "code": "sinon.createSandbox();",
              "err": {},
              "uuid": "33a6a716-321c-4d65-8940-0a734ce62490",
              "parentUUID": "c8a14b2b-50b1-4686-87b3-0c7b9b77892e",
              "isHook": true,
              "skipped": false
            }
          ],
          "afterHooks": [
            {
              "title": "\"after all\" hook",
              "fullTitle": "expire-command test \"after all\" hook",
              "timedOut": false,
              "duration": 0,
              "state": null,
              "speed": null,
              "pass": false,
              "fail": false,
              "pending": false,
              "context": null,
              "code": "__awaiter(void 0, void 0, void 0, function* () {\n        yield respServer.stop();\n    })",
              "err": {},
              "uuid": "ae0293e0-7188-44ea-aeec-b1827f266c84",
              "parentUUID": "c8a14b2b-50b1-4686-87b3-0c7b9b77892e",
              "isHook": true,
              "skipped": false
            },
            {
              "title": "\"after each\" hook",
              "fullTitle": "expire-command test \"after each\" hook",
              "timedOut": false,
              "duration": 0,
              "state": null,
              "speed": null,
              "pass": false,
              "fail": false,
              "pending": false,
              "context": null,
              "code": "sinon.restore();",
              "err": {},
              "uuid": "520dc4c2-e5e2-40e1-8ac5-a1500854cfaa",
              "parentUUID": "c8a14b2b-50b1-4686-87b3-0c7b9b77892e",
              "isHook": true,
              "skipped": false
            }
          ],
          "tests": [
            {
              "title": "should report ZERO when expire called on non-existent key",
              "fullTitle": "expire-command test should report ZERO when expire called on non-existent key",
              "timedOut": false,
              "duration": 2,
              "state": "passed",
              "speed": "fast",
              "pass": true,
              "fail": false,
              "pending": false,
              "context": null,
              "code": "__awaiter(void 0, void 0, void 0, function* () {\n        response = yield common_test_1.sendCommand(client, ['expire', 'no-key', '1000']);\n        chai_1.expect(response).to.equal(0);\n    })",
              "err": {},
              "uuid": "361f39dc-2810-4600-b573-6bc611d7fc2e",
              "parentUUID": "c8a14b2b-50b1-4686-87b3-0c7b9b77892e",
              "isHook": false,
              "skipped": false
            },
            {
              "title": "should require an integer value for the ttl parameter",
              "fullTitle": "expire-command test should require an integer value for the ttl parameter",
              "timedOut": false,
              "duration": 3,
              "state": "passed",
              "speed": "fast",
              "pass": true,
              "fail": false,
              "pending": false,
              "context": null,
              "code": "__awaiter(void 0, void 0, void 0, function* () {\n        response = yield common_test_1.sendCommand(client, ['set', 'mykey', 'value']);\n        chai_1.expect(response).to.equal('OK');\n        response = yield common_test_1.sendCommand(client, ['expire', 'mykey', '10.2']);\n        chai_1.expect(response).to.equal('ReplyError: ERR value is not an integer or out of range');\n        response = yield common_test_1.sendCommand(client, ['expire', 'mykey', 'ten']);\n        chai_1.expect(response).to.equal('ReplyError: ERR value is not an integer or out of range');\n    })",
              "err": {},
              "uuid": "1174a594-cce8-4b87-8877-99b460a0c33a",
              "parentUUID": "c8a14b2b-50b1-4686-87b3-0c7b9b77892e",
              "isHook": false,
              "skipped": false
            },
            {
              "title": "should set the requested ttl on a key",
              "fullTitle": "expire-command test should set the requested ttl on a key",
              "timedOut": false,
              "duration": 2,
              "state": "passed",
              "speed": "fast",
              "pass": true,
              "fail": false,
              "pending": false,
              "context": null,
              "code": "__awaiter(void 0, void 0, void 0, function* () {\n        response = yield common_test_1.sendCommand(client, ['expire', 'mykey', '10000']);\n        chai_1.expect(response).to.equal(1);\n        response = yield common_test_1.sendCommand(client, ['exists', 'mykey']);\n        chai_1.expect(response).to.equal(1);\n    })",
              "err": {},
              "uuid": "3e10e5b6-2177-478d-8649-b8baf1d6bf4f",
              "parentUUID": "c8a14b2b-50b1-4686-87b3-0c7b9b77892e",
              "isHook": false,
              "skipped": false
            },
            {
              "title": "should expire a key when we set a negative ttl",
              "fullTitle": "expire-command test should expire a key when we set a negative ttl",
              "timedOut": false,
              "duration": 2,
              "state": "passed",
              "speed": "fast",
              "pass": true,
              "fail": false,
              "pending": false,
              "context": null,
              "code": "__awaiter(void 0, void 0, void 0, function* () {\n        // Note that this is not consistent with documentation\n        response = yield common_test_1.sendCommand(client, ['expire', 'mykey', '-1']);\n        chai_1.expect(response).to.equal(1);\n        response = yield common_test_1.sendCommand(client, ['exists', 'mykey']);\n        chai_1.expect(response).to.equal(0);\n    })",
              "err": {},
              "uuid": "2a2a5acc-4ff0-40e2-8761-c69da758dd92",
              "parentUUID": "c8a14b2b-50b1-4686-87b3-0c7b9b77892e",
              "isHook": false,
              "skipped": false
            },
            {
              "title": "should work with ZKEYs (and other key types - as yet untested)",
              "fullTitle": "expire-command test should work with ZKEYs (and other key types - as yet untested)",
              "timedOut": false,
              "duration": 8,
              "state": "passed",
              "speed": "fast",
              "pass": true,
              "fail": false,
              "pending": false,
              "context": null,
              "code": "__awaiter(void 0, void 0, void 0, function* () {\n        response = yield common_test_1.sendCommand(client, ['zadd', 'zkey', '1', 'member']);\n        chai_1.expect(response).to.equal(1);\n        response = yield common_test_1.sendCommand(client, ['exists', 'zkey']);\n        chai_1.expect(response).to.equal(1);\n        response = yield common_test_1.sendCommand(client, ['expire', 'zkey', '1']);\n        chai_1.expect(response).to.equal(1);\n        yield setTimeout(() => __awaiter(void 0, void 0, void 0, function* () {\n            response = yield common_test_1.sendCommand(client, ['exists', 'zkey']);\n            chai_1.expect(response).to.equal(0);\n        }), 2000);\n    })",
              "err": {},
              "uuid": "36f4bcb2-7455-4cf8-9d86-214aa1e9c47e",
              "parentUUID": "c8a14b2b-50b1-4686-87b3-0c7b9b77892e",
              "isHook": false,
              "skipped": false
            },
            {
              "title": "should survive the RENAME operation",
              "fullTitle": "expire-command test should survive the RENAME operation",
              "timedOut": false,
              "duration": 5,
              "state": "passed",
              "speed": "fast",
              "pass": true,
              "fail": false,
              "pending": false,
              "context": null,
              "code": "__awaiter(void 0, void 0, void 0, function* () {\n        response = yield common_test_1.sendCommand(client, ['set', 'rename-test', 'value']);\n        chai_1.expect(response).to.equal('OK');\n        response = yield common_test_1.sendCommand(client, ['expire', 'rename-test', '1']);\n        chai_1.expect(response).to.equal(1);\n        response = yield common_test_1.sendCommand(client, ['rename', 'rename-test', 'new-name']);\n        chai_1.expect(response).to.equal('OK');\n        response = yield common_test_1.sendCommand(client, ['exists', 'new-name']);\n        chai_1.expect(response).to.equal(1);\n        response = yield common_test_1.sendCommand(client, ['exists', 'rename-test']);\n        chai_1.expect(response).to.equal(0);\n        yield setTimeout(() => __awaiter(void 0, void 0, void 0, function* () {\n            response = yield common_test_1.sendCommand(client, ['exists', 'new-name']);\n            chai_1.expect(response).to.equal(0);\n        }), 2000);\n    })",
              "err": {},
              "uuid": "bc36bc33-ca3a-4732-8a7f-10a88cd1edbc",
              "parentUUID": "c8a14b2b-50b1-4686-87b3-0c7b9b77892e",
              "isHook": false,
              "skipped": false
            }
          ],
          "suites": [],
          "passes": [
            "361f39dc-2810-4600-b573-6bc611d7fc2e",
            "1174a594-cce8-4b87-8877-99b460a0c33a",
            "3e10e5b6-2177-478d-8649-b8baf1d6bf4f",
            "2a2a5acc-4ff0-40e2-8761-c69da758dd92",
            "36f4bcb2-7455-4cf8-9d86-214aa1e9c47e",
            "bc36bc33-ca3a-4732-8a7f-10a88cd1edbc"
          ],
          "failures": [],
          "pending": [],
          "skipped": [],
          "duration": 22,
          "root": false,
          "rootEmpty": false,
          "_timeout": 5000
        },
        {
          "uuid": "2094557f-8d30-4e75-aeb7-8042938ea6ea",
          "title": "keys-command test",
          "fullFile": "/home/lane/git/redis/test/resp/command/key/keys-command.test.ts",
          "file": "/test/resp/command/key/keys-command.test.ts",
          "beforeHooks": [
            {
              "title": "\"before all\" hook",
              "fullTitle": "keys-command test \"before all\" hook",
              "timedOut": false,
              "duration": 42,
              "state": null,
              "speed": null,
              "pass": false,
              "fail": false,
              "pending": false,
              "context": null,
              "code": "respServer = new resp_server_1.RespServer();\nrespServer.on('ready', () => __awaiter(void 0, void 0, void 0, function* () {\n    yield common_test_1.sendCommand(client, ['flushall']);\n    done();\n}));\nrespServer.start();",
              "err": {},
              "uuid": "4aa81154-b205-4f1d-b0f2-103146866b3b",
              "parentUUID": "2094557f-8d30-4e75-aeb7-8042938ea6ea",
              "isHook": true,
              "skipped": false
            },
            {
              "title": "\"before each\" hook",
              "fullTitle": "keys-command test \"before each\" hook",
              "timedOut": false,
              "duration": 0,
              "state": null,
              "speed": null,
              "pass": false,
              "fail": false,
              "pending": false,
              "context": null,
              "code": "sinon.createSandbox();",
              "err": {},
              "uuid": "dded3010-8d31-432f-91fa-e1083b18d205",
              "parentUUID": "2094557f-8d30-4e75-aeb7-8042938ea6ea",
              "isHook": true,
              "skipped": false
            }
          ],
          "afterHooks": [
            {
              "title": "\"after all\" hook",
              "fullTitle": "keys-command test \"after all\" hook",
              "timedOut": false,
              "duration": 0,
              "state": null,
              "speed": null,
              "pass": false,
              "fail": false,
              "pending": false,
              "context": null,
              "code": "__awaiter(void 0, void 0, void 0, function* () {\n        yield respServer.stop();\n    })",
              "err": {},
              "uuid": "b304f3ed-8627-49be-8490-575c7888da67",
              "parentUUID": "2094557f-8d30-4e75-aeb7-8042938ea6ea",
              "isHook": true,
              "skipped": false
            },
            {
              "title": "\"after each\" hook",
[...]
                    {
                      "title": "should get the correct rank",
                      "fullTitle": "sorted-set test skip map rewrite #rank should get the correct rank",
                      "timedOut": false,
                      "duration": 0,
                      "state": "passed",
                      "speed": "fast",
                      "pass": true,
                      "fail": false,
                      "pending": false,
                      "context": null,
                      "code": "let ss = new sorted_set_1.SortedSet();\nss.add('5a600e10', 16);\nss.add('5a600e11', 6);\nss.add('5a600e12', 17);\nss.add('5a600e13', 11);\nss.add('5a600e14', 14);\nss.add('5a600e15', 19);\nss.add('5a600e16', 3);\nss.add('5a600e17', 12);\nss.add('5a600e18', 10);\nchai_1.expect(ss.rank('5a600e12')).to.equal(7);\nchai_1.expect(ss.rank('5a600e13')).to.equal(3);\nchai_1.expect(ss.rank('5a600e16')).to.equal(0);\nchai_1.expect(ss.rank('5a600e15')).to.equal(8);\nchai_1.expect(ss.rank('not in set')).to.equal(null);",
                      "err": {},
                      "uuid": "d95661ec-c589-45ed-a583-27a055783ff5",
                      "parentUUID": "14ab8663-d3e2-4fe6-b42e-8add49381c14",
                      "isHook": false,
                      "skipped": false
                    }
                  ],
                  "suites": [],
                  "passes": [
                    "d95661ec-c589-45ed-a583-27a055783ff5"
                  ],
                  "failures": [],
                  "pending": [],
                  "skipped": [],
                  "duration": 0,
                  "root": false,
                  "rootEmpty": false,
                  "_timeout": 5000
                },
                {
                  "uuid": "60e68156-4b34-4df1-aa90-97158218d971",
                  "title": "#rem",
                  "fullFile": "/home/lane/git/redis/test/resp/data/sorted-set.test.ts",
                  "file": "/test/resp/data/sorted-set.test.ts",
                  "beforeHooks": [],
                  "afterHooks": [],
                  "tests": [
                    {
                      "title": "should delete special elements",
                      "fullTitle": "sorted-set test skip map rewrite #rem should delete special elements",
                      "timedOut": false,
                      "duration": 1,
                      "state": "passed",
                      "speed": "fast",
                      "pass": true,
                      "fail": false,
                      "pending": false,
                      "context": null,
                      "code": "let ss = new sorted_set_1.SortedSet();\nss.add('5a600e10', 16);\nss.add('5a600e11', 6);\nss.add('5a600e12', 17);\nss.add('5a600e13', 11);\nss.add('5a600e14', 14);\nss.add('5a600e15', 19);\nss.add('5a600e16', 3);\nss.add('5a600e17', 12);\nss.add('5a600e18', 10);\nchai_1.expect(ss.rem('5a600e15')).to.equal(19);\nchai_1.expect(ss).to.have.length(8);\nchai_1.expect(ss.rem('5a600e16')).to.equal(3);\nchai_1.expect(ss).to.have.length(7);\nchai_1.expect(ss.toArray({ withScores: true })).to.eql([\n    ['5a600e11', 6],\n    ['5a600e18', 10],\n    ['5a600e13', 11],\n    ['5a600e17', 12],\n    ['5a600e14', 14],\n    ['5a600e10', 16],\n    ['5a600e12', 17],\n]);",
                      "err": {},
                      "uuid": "272c16e9-d61d-41c1-a1dc-56b0ac8b30d9",
                      "parentUUID": "60e68156-4b34-4df1-aa90-97158218d971",
                      "isHook": false,
                      "skipped": false
                    },
                    {
                      "title": "should delete many elements",
                      "fullTitle": "sorted-set test skip map rewrite #rem should delete many elements",
                      "timedOut": false,
                      "duration": 0,
                      "state": "passed",
                      "speed": "fast",
                      "pass": true,
                      "fail": false,
                      "pending": false,
                      "context": null,
                      "code": "let ss = new sorted_set_1.SortedSet();\nss.add('5a600e10', 16);\nss.add('5a600e11', 6);\nss.add('5a600e12', 17);\nss.add('5a600e13', 11);\nss.add('5a600e14', 14);\nss.add('5a600e15', 19);\nss.add('5a600e16', 3);\nss.add('5a600e17', 12);\nss.add('5a600e18', 10);\nchai_1.expect(ss.rem('5a600e11')).to.equal(6);\nchai_1.expect(ss.rem('5a600e13')).to.equal(11);\nchai_1.expect(ss.rem('5a600e14')).to.equal(14);\nchai_1.expect(ss.rem('5a600e15')).to.equal(19);\nchai_1.expect(ss.rem('5a600e16')).to.equal(3);\nchai_1.expect(ss.rem('5a600e17')).to.equal(12);\nchai_1.expect(ss.length).to.equal(3);\nchai_1.expect(ss.toArray({ withScores: true })).to.eql([\n    ['5a600e18', 10],\n    ['5a600e10', 16],\n    ['5a600e12', 17],\n]);",
                      "err": {},
                      "uuid": "7ac71cc7-69a5-48dd-94ed-af1894f159a0",
                      "parentUUID": "60e68156-4b34-4df1-aa90-97158218d971",
                      "isHook": false,
                      "skipped": false
                    }
                  ],
                  "suites": [],
                  "passes": [
                    "272c16e9-d61d-41c1-a1dc-56b0ac8b30d9",
                    "7ac71cc7-69a5-48dd-94ed-af1894f159a0"
                  ],
                  "failures": [],
                  "pending": [],
                  "skipped": [],
                  "duration": 1,
                  "root": false,
                  "rootEmpty": false,
                  "_timeout": 5000
                },
                {
                  "uuid": "1064e60d-8d97-4d54-b676-ed1a755586de",
                  "title": "#remRangeByScore",
                  "fullFile": "/home/lane/git/redis/test/resp/data/sorted-set.test.ts",
                  "file": "/test/resp/data/sorted-set.test.ts",
                  "beforeHooks": [],
                  "afterHooks": [],
                  "tests": [
                    {
                      "title": "should strip out a range of elements",
                      "fullTitle": "sorted-set test skip map rewrite #remRangeByScore should strip out a range of elements",
                      "timedOut": false,
                      "duration": 0,
                      "state": "passed",
                      "speed": "fast",
                      "pass": true,
                      "fail": false,
                      "pending": false,
                      "context": null,
                      "code": "let ss = new sorted_set_1.SortedSet();\nss.add('5a600e10', 16);\nss.add('5a600e11', 6);\nss.add('5a600e12', 17);\nss.add('5a600e13', 11);\nss.add('5a600e14', 14);\nss.add('5a600e15', 19);\nss.add('5a600e16', 3);\nss.add('5a600e17', 12);\nss.add('5a600e18', 10);\nchai_1.expect(ss.remRangeByScore(4, 14)).to.equal(5);\nchai_1.expect(ss).to.have.length(4);\nchai_1.expect(ss.toArray({ withScores: true })).to.eql([\n    ['5a600e16', 3],\n    ['5a600e10', 16],\n    ['5a600e12', 17],\n    ['5a600e15', 19],\n]);",
                      "err": {},
                      "uuid": "5e5aaa6f-829e-418e-8c69-ff2b939d10b5",
                      "parentUUID": "1064e60d-8d97-4d54-b676-ed1a755586de",
                      "isHook": false,
                      "skipped": false
                    },
                    {
                      "title": "should strip out all the elements",
                      "fullTitle": "sorted-set test skip map rewrite #remRangeByScore should strip out all the elements",
                      "timedOut": false,
                      "duration": 0,
                      "state": "passed",
                      "speed": "fast",
                      "pass": true,
                      "fail": false,
                      "pending": false,
                      "context": null,
                      "code": "let ss = new sorted_set_1.SortedSet();\nss.add('5a600e10', 16);\nss.add('5a600e11', 6);\nss.add('5a600e12', 17);\nss.add('5a600e13', 11);\nss.add('5a600e14', 14);\nss.add('5a600e15', 19);\nss.add('5a600e16', 3);\nss.add('5a600e17', 12);\nss.add('5a600e18', 10);\nchai_1.expect(ss.remRangeByScore(3, 19)).to.equal(9);\nchai_1.expect(ss).to.have.length(0);\nchai_1.expect(ss.toArray()).to.eql([]);",
                      "err": {},
                      "uuid": "8afdf4e7-3d58-4529-a6b1-21867209414f",
                      "parentUUID": "1064e60d-8d97-4d54-b676-ed1a755586de",
                      "isHook": false,
                      "skipped": false
                    }
                  ],
                  "suites": [],
                  "passes": [
                    "5e5aaa6f-829e-418e-8c69-ff2b939d10b5",
                    "8afdf4e7-3d58-4529-a6b1-21867209414f"
                  ],
                  "failures": [],
                  "pending": [],
                  "skipped": [],
                  "duration": 0,
                  "root": false,
                  "rootEmpty": false,
                  "_timeout": 5000
                },
                {
                  "uuid": "6393bf03-1e94-4464-84df-92dc3eb19f1b",
                  "title": "#remRangeByRank",
                  "fullFile": "/home/lane/git/redis/test/resp/data/sorted-set.test.ts",
                  "file": "/test/resp/data/sorted-set.test.ts",
                  "beforeHooks": [],
                  "afterHooks": [],
                  "tests": [
                    {
                      "title": "should strip out a slice of elements",
                      "fullTitle": "sorted-set test skip map rewrite #remRangeByRank should strip out a slice of elements",
                      "timedOut": false,
                      "duration": 1,
                      "state": "passed",
                      "speed": "fast",
                      "pass": true,
                      "fail": false,
                      "pending": false,
                      "context": null,
                      "code": "let ss = new sorted_set_1.SortedSet();\nss.add('5a600e10', 16);\nss.add('5a600e11', 6);\nss.add('5a600e12', 17);\nss.add('5a600e13', 11);\nss.add('5a600e14', 14);\nss.add('5a600e15', 19);\nss.add('5a600e16', 3);\nss.add('5a600e17', 12);\nss.add('5a600e18', 10);\nchai_1.expect(ss.remRangeByRank(1, 6)).to.equal(5);\nchai_1.expect(ss).to.have.length(4);\nchai_1.expect(ss.toArray({ withScores: true })).to.eql([\n    ['5a600e16', 3],\n    ['5a600e10', 16],\n    ['5a600e12', 17],\n    ['5a600e15', 19],\n]);",
                      "err": {},
                      "uuid": "3036660c-e5c2-4658-a8cc-5db7fbebcd08",
                      "parentUUID": "6393bf03-1e94-4464-84df-92dc3eb19f1b",
                      "isHook": false,
                      "skipped": false
                    },
                    {
                      "title": "should strip out all elements",
                      "fullTitle": "sorted-set test skip map rewrite #remRangeByRank should strip out all elements",
                      "timedOut": false,
                      "duration": 0,
                      "state": "passed",
                      "speed": "fast",
                      "pass": true,
                      "fail": false,
                      "pending": false,
                      "context": null,
                      "code": "let ss = new sorted_set_1.SortedSet();\nss.add('5a600e10', 16);\nss.add('5a600e11', 6);\nss.add('5a600e12', 17);\nss.add('5a600e13', 11);\nss.add('5a600e14', 14);\nss.add('5a600e15', 19);\nss.add('5a600e16', 3);\nss.add('5a600e17', 12);\nss.add('5a600e18', 10);\nchai_1.expect(ss.remRangeByRank(0, 9)).to.equal(9);\nchai_1.expect(ss).to.have.length(0);\nchai_1.expect(ss.toArray()).to.eql([]);",
                      "err": {},
                      "uuid": "558d4bb3-5468-4a27-814f-bda7be7d2520",
                      "parentUUID": "6393bf03-1e94-4464-84df-92dc3eb19f1b",
                      "isHook": false,
                      "skipped": false
                    }
                  ],
                  "suites": [],
                  "passes": [
                    "3036660c-e5c2-4658-a8cc-5db7fbebcd08",
                    "558d4bb3-5468-4a27-814f-bda7be7d2520"
                  ],
                  "failures": [],
                  "pending": [],
                  "skipped": [],
                  "duration": 1,
                  "root": false,
                  "rootEmpty": false,
                  "_timeout": 5000
                },
                {
                  "uuid": "d686f7cc-f465-42d1-ad2c-745bb4300782",
                  "title": "#values",
                  "fullFile": "/home/lane/git/redis/test/resp/data/sorted-set.test.ts",
                  "file": "/test/resp/data/sorted-set.test.ts",
                  "beforeHooks": [],
                  "afterHooks": [],
                  "tests": [
                    {
                      "title": "should return the values",
                      "fullTitle": "sorted-set test skip map rewrite #values should return the values",
                      "timedOut": false,
                      "duration": 0,
                      "state": "passed",
                      "speed": "fast",
                      "pass": true,
                      "fail": false,
                      "pending": false,
                      "context": null,
                      "code": "let ss = new sorted_set_1.SortedSet();\nss.add('first', -1);\nss.add('third', 5);\nss.add('second', 3);\nchai_1.expect(ss.values()).to.eql([-1, 3, 5]);",
                      "err": {},
                      "uuid": "44546b09-ae78-4f58-afb2-a752c1536b7c",
                      "parentUUID": "d686f7cc-f465-42d1-ad2c-745bb4300782",
                      "isHook": false,
                      "skipped": false
                    }
                  ],
                  "suites": [],
                  "passes": [
                    "44546b09-ae78-4f58-afb2-a752c1536b7c"
                  ],
                  "failures": [],
                  "pending": [],
                  "skipped": [],
                  "duration": 0,
                  "root": false,
                  "rootEmpty": false,
                  "_timeout": 5000
                },
                {
                  "uuid": "5fdb5ef4-fd9f-4ca4-a961-00cc61ec293c",
                  "title": "unique rewrite",
                  "fullFile": "/home/lane/git/redis/test/resp/data/sorted-set.test.ts",
                  "file": "/test/resp/data/sorted-set.test.ts",
                  "beforeHooks": [],
                  "afterHooks": [],
                  "tests": [
                    {
                      "title": "should ensure values are unique",
                      "fullTitle": "sorted-set test skip map rewrite unique rewrite should ensure values are unique",
                      "timedOut": false,
                      "duration": 2,
                      "state": "passed",
                      "speed": "fast",
                      "pass": true,
                      "fail": false,
                      "pending": false,
                      "context": null,
                      "code": "const options = { unique: true };\nlet ss = new sorted_set_1.SortedSet(options);\nss.add('5a600e10', 16);\nss.add('5a600e11', 6);\nss.add('5a600e12', 17);\nss.add('5a600e13', 11);\nss.add('5a600e14', 14);\nss.add('5a600e15', 19);\nss.add('5a600e16', 3);\nss.add('5a600e17', 12);\nss.add('5a600e18', 10);\nchai_1.expect(() => {\n    ss.add('5a600e19', 11);\n}).to.throw(/unique/);\n// quick exit test\nchai_1.expect(() => {\n    ss.add('5a600dff', ss._head.next[ss._level - 1].next.value);\n}).to.throw(/unique/);\n// this test ensures the key < key check doesn't come into play\nchai_1.expect(() => {\n    ss.add('5a600dff', 11);\n}).to.throw(/unique/);\nchai_1.expect(() => {\n    ss.add('5a600e18', 10);\n}).to.not.throw();\nchai_1.expect(ss).to.have.length(9);\nchai_1.expect(ss.toArray({ withScores: true })).to.eql([\n    ['5a600e16', 3],\n    ['5a600e11', 6],\n    ['5a600e18', 10],\n    ['5a600e13', 11],\n    ['5a600e17', 12],\n    ['5a600e14', 14],\n    ['5a600e10', 16],\n    ['5a600e12', 17],\n    ['5a600e15', 19],\n]);",
                      "err": {},
                      "uuid": "7cacaf45-0dd6-4a95-b04b-1bbf73dc9f4f",
                      "parentUUID": "5fdb5ef4-fd9f-4ca4-a961-00cc61ec293c",
                      "isHook": false,
                      "skipped": false
                    },
                    {
                      "title": "should revert keys if constraint broken during update",
                      "fullTitle": "sorted-set test skip map rewrite unique rewrite should revert keys if constraint broken during update",
                      "timedOut": false,
                      "duration": 0,
                      "state": "passed",
                      "speed": "fast",
                      "pass": true,
                      "fail": false,
                      "pending": false,
                      "context": null,
                      "code": "let ss = new sorted_set_1.SortedSet({ unique: true });\nss.add('5a600e10', 16);\nss.add('5a600e11', 6);\nss.add('5a600e12', 17);\nss.add('5a600e13', 11);\nss.add('5a600e14', 14);\nss.add('5a600e15', 19);\nss.add('5a600e16', 3);\nss.add('5a600e17', 12);\nss.add('5a600e18', 10);\nchai_1.expect(() => {\n    ss.add('5a600e13', 14);\n}).to.throw(/unique/);\nchai_1.expect(ss).to.have.length(9);\nchai_1.expect(ss.score('5a600e13')).to.equal(11);",
                      "err": {},
                      "uuid": "b30a0031-a5fd-46b7-b296-a43b65708ca6",
                      "parentUUID": "5fdb5ef4-fd9f-4ca4-a961-00cc61ec293c",
                      "isHook": false,
                      "skipped": false
                    }
                  ],
                  "suites": [],
                  "passes": [
                    "7cacaf45-0dd6-4a95-b04b-1bbf73dc9f4f",
                    "b30a0031-a5fd-46b7-b296-a43b65708ca6"
                  ],
                  "failures": [],
                  "pending": [],
                  "skipped": [],
                  "duration": 2,
                  "root": false,
                  "rootEmpty": false,
                  "_timeout": 5000
                }
              ],
              "passes": [
                "bf721015-f8c2-47f6-bc95-62a89df1a637"
              ],
              "failures": [],
              "pending": [],
              "skipped": [],
              "duration": 2,
              "root": false,
              "rootEmpty": false,
              "_timeout": 5000
            }
          ],
          "passes": [
            "832105fd-ae3b-4d3e-8344-ba7482638e34",
            "8a4f374f-27db-4e4b-94aa-177852e0bc5a",
            "6f8ccfd4-55ac-4c9e-8020-72bcdd2d6bb7",
            "9a414162-c972-4d66-95a8-a6ee9c4faad5",
            "7342cbba-9572-44f4-8c79-1c3e41a8dfff",
            "10200b8b-75ae-4640-85e7-a334b041b3e0",
            "db1b10e8-0f4e-4039-aa37-2af3dc7a59c2",
            "b45eb92d-13eb-4f6d-adf7-a7694128ab28"
          ],
          "failures": [],
          "pending": [
            "3b421891-7dc7-4dde-ac78-777a27f8b2cf"
          ],
          "skipped": [],
          "duration": 7,
          "root": false,
          "rootEmpty": false,
          "_timeout": 5000
        }
      ],
      "passes": [],
      "failures": [],
      "pending": [],
      "skipped": [],
      "duration": 0,
      "root": true,
      "rootEmpty": true,
      "_timeout": 5000
    }
  ],
  "meta": {
    "mocha": {
      "version": "6.2.2"
    },
    "mochawesome": {
      "options": {
        "quiet": false,
        "reportFilename": "mochawesome",
        "saveHtml": true,
        "saveJson": true,
        "consoleReporter": "spec",
        "useInlineDiffs": false
      },
      "version": "4.1.0"
    },
    "marge": {
      "options": {
        "reportDir": "docs/mochawesome"
      },
      "version": "4.1.0"
    }
  }
}