{
  "stats": {
    "suites": 88,
    "tests": 281,
    "passes": 280,
    "pending": 1,
    "failures": 0,
    "start": "2020-01-14T23:29:49.541Z",
    "end": "2020-01-14T23:29:59.484Z",
    "duration": 9943,
    "testsRegistered": 281,
    "passPercent": 100,
    "pendingPercent": 0.3558718861209964,
    "other": 0,
    "hasOther": false,
    "skipped": 0,
    "hasSkipped": false
  },
  "results": [
    {
      "uuid": "bfa65ee6-bae0-4228-93b8-ec82186349d6",
      "title": "",
      "fullFile": "",
      "file": "",
      "beforeHooks": [
        {
          "title": "\"before all\" hook",
          "fullTitle": "\"before all\" hook",
          "timedOut": false,
          "duration": 0,
          "state": null,
          "speed": null,
          "pass": false,
          "fail": false,
          "pending": false,
          "context": null,
          "code": "done();",
          "err": {},
          "uuid": "a17b6bdc-c651-4392-86ee-a9e34c3b164d",
          "parentUUID": "bfa65ee6-bae0-4228-93b8-ec82186349d6",
          "isHook": true,
          "skipped": false
        }
      ],
      "afterHooks": [
        {
          "title": "\"after all\" hook",
          "fullTitle": "\"after all\" hook",
          "timedOut": false,
          "duration": 0,
          "state": null,
          "speed": null,
          "pass": false,
          "fail": false,
          "pending": false,
          "context": null,
          "code": "__awaiter(void 0, void 0, void 0, function* () {\n})",
          "err": {},
          "uuid": "d66bf3a5-3934-4af2-b93b-46f66a575d75",
          "parentUUID": "bfa65ee6-bae0-4228-93b8-ec82186349d6",
          "isHook": true,
          "skipped": false
        }
      ],
      "tests": [],
      "suites": [
        {
          "uuid": "de970ab0-dd31-4269-8c9b-0a541b1efca5",
          "title": "dictionary test",
          "fullFile": "/home/lane/git/redis/test/dictionary.test.ts",
          "file": "/test/dictionary.test.ts",
          "beforeHooks": [
            {
              "title": "\"before each\" hook",
              "fullTitle": "dictionary test \"before each\" hook",
              "timedOut": false,
              "duration": 0,
              "state": null,
              "speed": null,
              "pass": false,
              "fail": false,
              "pending": false,
              "context": null,
              "code": "dictionary = new dictionary_1.Dictionary();\nsinon.createSandbox();",
              "err": {},
              "uuid": "513e2433-3575-47f3-94e4-01cfdae95e15",
              "parentUUID": "de970ab0-dd31-4269-8c9b-0a541b1efca5",
              "isHook": true,
              "skipped": false
            }
          ],
          "afterHooks": [
            {
              "title": "\"after all\" hook",
              "fullTitle": "dictionary test \"after all\" hook",
              "timedOut": false,
              "duration": 0,
              "state": null,
              "speed": null,
              "pass": false,
              "fail": false,
              "pending": false,
              "context": null,
              "code": "__awaiter(void 0, void 0, void 0, function* () {\n    })",
              "err": {},
              "uuid": "9c078e61-7193-46ed-8d9b-ab071554a4f3",
              "parentUUID": "de970ab0-dd31-4269-8c9b-0a541b1efca5",
              "isHook": true,
              "skipped": false
            },
            {
              "title": "\"after each\" hook",
              "fullTitle": "dictionary test \"after each\" hook",
              "timedOut": false,
              "duration": 0,
              "state": null,
              "speed": null,
              "pass": false,
              "fail": false,
              "pending": false,
              "context": null,
              "code": "sinon.restore();",
              "err": {},
              "uuid": "5d2ac583-3465-451d-b834-20e77ae29acb",
              "parentUUID": "de970ab0-dd31-4269-8c9b-0a541b1efca5",
              "isHook": true,
              "skipped": false
            }
          ],
          "tests": [
            {
              "title": "should construct",
              "fullTitle": "dictionary test should construct",
              "timedOut": false,
              "duration": 2,
              "state": "passed",
              "speed": "fast",
              "pass": true,
              "fail": false,
              "pending": false,
              "context": null,
              "code": "__awaiter(void 0, void 0, void 0, function* () {\n        chai_1.expect(dictionary.constructor.name).to.equal('Dictionary');\n    })",
              "err": {},
              "uuid": "e3d2d822-85f3-414d-812f-450c6b94ddff",
              "parentUUID": "de970ab0-dd31-4269-8c9b-0a541b1efca5",
              "isHook": false,
              "skipped": false
            },
            {
              "title": "should implement basic put/get/remove/size/clear/contains/exists/keys/values functionality",
              "fullTitle": "dictionary test should implement basic put/get/remove/size/clear/contains/exists/keys/values functionality",
              "timedOut": false,
              "duration": 2,
              "state": "passed",
              "speed": "fast",
              "pass": true,
              "fail": false,
              "pending": false,
              "context": null,
              "code": "dictionary.put('item', 'one');\nchai_1.expect(dictionary.exists('item')).to.equal(true);\nchai_1.expect(dictionary.exists('one')).to.equal(false);\nchai_1.expect(dictionary.get('item')).to.equal('one');\nchai_1.expect(dictionary.size()).to.equal(1);\nchai_1.expect(dictionary.contains('one')).to.equal(true);\nchai_1.expect(dictionary.keys().length).to.equal(1);\nchai_1.expect(dictionary.values().length).to.equal(1);\ndictionary.put('item', 'two');\nchai_1.expect(dictionary.get('item')).to.equal('two');\ndictionary.put('one', { embedded: true });\ndictionary.remove('three');\nchai_1.expect(dictionary.size()).to.equal(2);\nlet foundTwo = false;\nfor (const each of dictionary) {\n    if (!foundTwo) {\n        chai_1.expect(each).to.equal('two');\n        foundTwo = true;\n    }\n    else {\n        chai_1.expect(each).to.eql({ embedded: true });\n    }\n}\ndictionary.remove('item');\nchai_1.expect(dictionary.size()).to.equal(1);\ndictionary.clear();\nchai_1.expect(dictionary.size()).to.equal(0);",
              "err": {},
              "uuid": "b99fb21e-fddd-412e-9453-2f2a278d30e1",
              "parentUUID": "de970ab0-dd31-4269-8c9b-0a541b1efca5",
              "isHook": false,
              "skipped": false
            }
          ],
          "suites": [],
          "passes": [
            "e3d2d822-85f3-414d-812f-450c6b94ddff",
            "b99fb21e-fddd-412e-9453-2f2a278d30e1"
          ],
          "failures": [],
          "pending": [],
          "skipped": [],
          "duration": 4,
          "root": false,
          "rootEmpty": false,
          "_timeout": 5000
        },
        {
          "uuid": "ff42de4e-326b-4b20-899e-7f1601c4685e",
          "title": "logger test",
          "fullFile": "/home/lane/git/redis/test/logger.test.ts",
          "file": "/test/logger.test.ts",
          "beforeHooks": [
            {
              "title": "\"before each\" hook",
              "fullTitle": "logger test \"before each\" hook",
              "timedOut": false,
              "duration": 0,
              "state": null,
              "speed": null,
              "pass": false,
              "fail": false,
              "pending": false,
              "context": null,
              "code": "sinon.createSandbox();",
              "err": {},
              "uuid": "04d4137a-2d39-4eeb-be6e-fe14d6270ec9",
              "parentUUID": "ff42de4e-326b-4b20-899e-7f1601c4685e",
              "isHook": true,
              "skipped": false
            }
          ],
          "afterHooks": [
            {
              "title": "\"after all\" hook",
              "fullTitle": "logger test \"after all\" hook",
              "timedOut": false,
              "duration": 0,
              "state": null,
              "speed": null,
              "pass": false,
              "fail": false,
              "pending": false,
              "context": null,
              "code": "__awaiter(void 0, void 0, void 0, function* () {\n    })",
              "err": {},
              "uuid": "1bc61da1-6a40-49a3-a1bd-d8ca755c4576",
              "parentUUID": "ff42de4e-326b-4b20-899e-7f1601c4685e",
              "isHook": true,
              "skipped": false
            },
            {
              "title": "\"after each\" hook",
              "fullTitle": "logger test \"after each\" hook",
              "timedOut": false,
              "duration": 0,
              "state": null,
              "speed": null,
              "pass": false,
              "fail": false,
              "pending": false,
              "context": null,
              "code": "sinon.restore();",
              "err": {},
              "uuid": "0f9c2f2c-f5ce-4b33-8ac9-22eb661a3950",
              "parentUUID": "ff42de4e-326b-4b20-899e-7f1601c4685e",
              "isHook": true,
              "skipped": false
            }
          ],
          "tests": [
            {
              "title": "should construct",
              "fullTitle": "logger test should construct",
              "timedOut": false,
              "duration": 1,
              "state": "passed",
              "speed": "fast",
              "pass": true,
              "fail": false,
              "pending": false,
              "context": null,
              "code": "__awaiter(void 0, void 0, void 0, function* () {\n        logger = new logger_1.Logger(module.id);\n        chai_1.expect(logger.constructor.name).to.equal('Logger');\n        logger.info(`This is an info message`);\n        logger.warn('This is a warning message');\n        logger.debug(`This is an invisible debug message`);\n    })",
              "err": {},
              "uuid": "a36b22d3-49ed-4f09-bd3b-8de709e8f532",
              "parentUUID": "ff42de4e-326b-4b20-899e-7f1601c4685e",
              "isHook": false,
              "skipped": false
            },
            {
              "title": "should not construct when initialized with an empty string",
              "fullTitle": "logger test should not construct when initialized with an empty string",
              "timedOut": false,
              "duration": 1,
              "state": "passed",
              "speed": "fast",
              "pass": true,
              "fail": false,
              "pending": false,
              "context": null,
              "code": "chai_1.expect(() => {\n    logger = new logger_1.Logger('');\n}).to.throw();",
              "err": {},
              "uuid": "26058ea1-d300-4ef3-8091-6975a4e4ce6f",
              "parentUUID": "ff42de4e-326b-4b20-899e-7f1601c4685e",
              "isHook": false,
              "skipped": false
            }
          ],
          "suites": [],
          "passes": [
            "a36b22d3-49ed-4f09-bd3b-8de709e8f532",
            "26058ea1-d300-4ef3-8091-6975a4e4ce6f"
          ],
          "failures": [],
          "pending": [],
          "skipped": [],
          "duration": 2,
          "root": false,
          "rootEmpty": false,
          "_timeout": 5000
        },
        {
          "uuid": "d51d162b-6c00-4001-acd6-e0fa34c98f27",
          "title": "client command test",
          "fullFile": "/home/lane/git/redis/test/resp/command/client-command.test.ts",
          "file": "/test/resp/command/client-command.test.ts",
          "beforeHooks": [
            {
              "title": "\"before all\" hook",
              "fullTitle": "client command test \"before all\" hook",
              "timedOut": false,
              "duration": 31,
              "state": null,
              "speed": null,
              "pass": false,
              "fail": false,
              "pending": false,
              "context": null,
              "code": "respServer = new resp_server_1.RespServer();\nrespServer.on('ready', () => {\n    done();\n});\nrespServer.start();",
              "err": {},
              "uuid": "028b7bc9-c192-44f5-8ed8-e27c2dd14529",
              "parentUUID": "d51d162b-6c00-4001-acd6-e0fa34c98f27",
              "isHook": true,
              "skipped": false
            },
            {
              "title": "\"before each\" hook",
              "fullTitle": "client command test \"before each\" hook",
              "timedOut": false,
              "duration": 0,
              "state": null,
              "speed": null,
              "pass": false,
              "fail": false,
              "pending": false,
              "context": null,
              "code": "sinon.createSandbox();",
              "err": {},
              "uuid": "b4c6355b-0a8d-4e9c-acc4-270c88091069",
              "parentUUID": "d51d162b-6c00-4001-acd6-e0fa34c98f27",
              "isHook": true,
              "skipped": false
            }
          ],
          "afterHooks": [
            {
              "title": "\"after all\" hook",
              "fullTitle": "client command test \"after all\" hook",
              "timedOut": false,
              "duration": 1,
              "state": null,
              "speed": null,
              "pass": false,
              "fail": false,
              "pending": false,
              "context": null,
              "code": "__awaiter(void 0, void 0, void 0, function* () {\n        yield respServer.stop();\n    })",
              "err": {},
              "uuid": "c58221f6-484c-4e7b-946d-590afa9a335f",
              "parentUUID": "d51d162b-6c00-4001-acd6-e0fa34c98f27",
              "isHook": true,
              "skipped": false
            },
            {
              "title": "\"after each\" hook",
              "fullTitle": "client command test \"after each\" hook",
              "timedOut": false,
              "duration": 0,
              "state": null,
              "speed": null,
              "pass": false,
              "fail": false,
              "pending": false,
              "context": null,
              "code": "sinon.restore();",
              "err": {},
              "uuid": "62cc76b2-438f-4793-a160-30afec6afe83",
              "parentUUID": "d51d162b-6c00-4001-acd6-e0fa34c98f27",
              "isHook": true,
              "skipped": false
            }
          ],
          "tests": [
            {
              "title": "should not allow more than 3 parameters",
              "fullTitle": "client command test should not allow more than 3 parameters",
              "timedOut": false,
              "duration": 17,
              "state": "passed",
              "speed": "fast",
              "pass": true,
              "fail": false,
              "pending": false,
              "context": null,
              "code": "__awaiter(void 0, void 0, void 0, function* () {\n        const response = yield common_test_1.sendCommand(client, ['client', 'one', 'two', 'three', 'four']);\n        chai_1.expect(response).to.equal('ReplyError: ERR Unknown subcommand or wrong number of arguments for \\'one\\'. Try CLIENT HELP');\n    })",
              "err": {},
              "uuid": "352e5694-96be-48fd-8089-8a026acf4d27",
              "parentUUID": "d51d162b-6c00-4001-acd6-e0fa34c98f27",
              "isHook": false,
              "skipped": false
            },
            {
              "title": "should fail predictably when an unknown subcommand is passed",
              "fullTitle": "client command test should fail predictably when an unknown subcommand is passed",
              "timedOut": false,
              "duration": 2,
              "state": "passed",
              "speed": "fast",
              "pass": true,
              "fail": false,
              "pending": false,
              "context": null,
              "code": "__awaiter(void 0, void 0, void 0, function* () {\n        const response = yield common_test_1.sendCommand(client, ['client', 'whatever']);\n        chai_1.expect(response).to.equal(util.format(DEFAULT_ERROR, 'whatever'));\n    })",
              "err": {},
              "uuid": "0644add9-94c9-4286-a489-23e41c1cd280",
              "parentUUID": "d51d162b-6c00-4001-acd6-e0fa34c98f27",
              "isHook": false,
              "skipped": false
            },
            {
              "title": "should return a NIL name when called with \"GETNAME\" subcommand",
              "fullTitle": "client command test should return a NIL name when called with \"GETNAME\" subcommand",
              "timedOut": false,
              "duration": 2,
              "state": "passed",
              "speed": "fast",
              "pass": true,
              "fail": false,
              "pending": false,
              "context": null,
              "code": "__awaiter(void 0, void 0, void 0, function* () {\n        const response = yield common_test_1.sendCommand(client, ['client', 'getname']);\n        chai_1.expect(response).to.equal(null);\n    })",
              "err": {},
              "uuid": "c94625bb-17ee-469f-a0e9-188abeac370f",
              "parentUUID": "d51d162b-6c00-4001-acd6-e0fa34c98f27",
              "isHook": false,
              "skipped": false
            },
            {
              "title": "should fail predictably when \"GETNAME\" is called with too many parameters",
              "fullTitle": "client command test should fail predictably when \"GETNAME\" is called with too many parameters",
              "timedOut": false,
              "duration": 2,
              "state": "passed",
              "speed": "fast",
              "pass": true,
              "fail": false,
              "pending": false,
              "context": null,
              "code": "__awaiter(void 0, void 0, void 0, function* () {\n        const response = yield common_test_1.sendCommand(client, ['client', 'getname', 'extra']);\n        chai_1.expect(response).to.equal(util.format(DEFAULT_ERROR, 'getname'));\n    })",
              "err": {},
              "uuid": "5f48910a-4ffe-4437-adaa-980aa9270a2b",
              "parentUUID": "d51d162b-6c00-4001-acd6-e0fa34c98f27",
              "isHook": false,
              "skipped": false
            },
            {
              "title": "should respond with \"OK\" when \"setname\" is called with a valid name",
              "fullTitle": "client command test should respond with \"OK\" when \"setname\" is called with a valid name",
              "timedOut": false,
              "duration": 4,
              "state": "passed",
              "speed": "fast",
              "pass": true,
              "fail": false,
              "pending": false,
              "context": null,
              "code": "__awaiter(void 0, void 0, void 0, function* () {\n        let response = yield common_test_1.sendCommand(client, ['client', 'setname', 'whatever']);\n        chai_1.expect(response).to.equal('OK');\n        response = yield common_test_1.sendCommand(client, ['client', 'getname']);\n        chai_1.expect(response).to.equal('whatever');\n    })",
              "err": {},
              "uuid": "eb7d2d35-c101-4017-bc22-86f5989aaec4",
              "parentUUID": "d51d162b-6c00-4001-acd6-e0fa34c98f27",
              "isHook": false,
              "skipped": false
            },
            {
              "title": "should persist the value for \"setname\" across tests",
              "fullTitle": "client command test should persist the value for \"setname\" across tests",
              "timedOut": false,
              "duration": 2,
              "state": "passed",
              "speed": "fast",
              "pass": true,
              "fail": false,
              "pending": false,
              "context": null,
              "code": "__awaiter(void 0, void 0, void 0, function* () {\n        const response = yield common_test_1.sendCommand(client, ['client', 'getname']);\n        chai_1.expect(response).to.equal('whatever');\n    })",
              "err": {},
              "uuid": "fb941c19-7a01-464b-89c3-ed5192d764fa",
              "parentUUID": "d51d162b-6c00-4001-acd6-e0fa34c98f27",
              "isHook": false,
              "skipped": false
            },
            {
              "title": "should respond with a predictable message when \"setname\" called with too many parameters",
              "fullTitle": "client command test should respond with a predictable message when \"setname\" called with too many parameters",
              "timedOut": false,
              "duration": 2,
              "state": "passed",
              "speed": "fast",
              "pass": true,
              "fail": false,
              "pending": false,
              "context": null,
              "code": "__awaiter(void 0, void 0, void 0, function* () {\n        const response = yield common_test_1.sendCommand(client, ['client', 'setname', 'test', 'two']);\n        chai_1.expect(response).to.equal(util.format(DEFAULT_ERROR, 'setname'));\n    })",
              "err": {},
              "uuid": "14b12f2c-bece-42c8-af7c-7ec1594b9209",
              "parentUUID": "d51d162b-6c00-4001-acd6-e0fa34c98f27",
              "isHook": false,
              "skipped": false
            },
            {
              "title": "should not allow whitespace in \"setname\" subcommand",
              "fullTitle": "client command test should not allow whitespace in \"setname\" subcommand",
              "timedOut": false,
              "duration": 2,
              "state": "passed",
              "speed": "fast",
              "pass": true,
              "fail": false,
              "pending": false,
              "context": null,
              "code": "__awaiter(void 0, void 0, void 0, function* () {\n        const response = yield common_test_1.sendCommand(client, ['client', 'setname', 'te\\nst']);\n        chai_1.expect(response).to.equal(`ReplyError: ERR Client names cannot contain spaces, newlines or special characters.`);\n    })",
              "err": {},
              "uuid": "38058326-f652-4451-ad5d-670e2f4ce9ca",
              "parentUUID": "d51d162b-6c00-4001-acd6-e0fa34c98f27",
              "isHook": false,
              "skipped": false
            },
            {
              "title": "should return the server-assigned client id",
              "fullTitle": "client command test should return the server-assigned client id",
              "timedOut": false,
              "duration": 4,
              "state": "passed",
              "speed": "fast",
              "pass": true,
              "fail": false,
              "pending": false,
              "context": null,
              "code": "__awaiter(void 0, void 0, void 0, function* () {\n        const response = yield common_test_1.sendCommand(client, ['client', 'id']);\n        chai_1.expect(response).to.be.a('number');\n        chai_1.expect(String(response).length).to.be.greaterThan(0);\n    })",
              "err": {},
              "uuid": "4070391a-976b-48c2-9bba-63608e06dc68",
              "parentUUID": "d51d162b-6c00-4001-acd6-e0fa34c98f27",
              "isHook": false,
              "skipped": false
            },
            {
              "title": "should respond with a predictable message when \"id\" called with too many parameters",
              "fullTitle": "client command test should respond with a predictable message when \"id\" called with too many parameters",
              "timedOut": false,
              "duration": 4,
              "state": "passed",
              "speed": "fast",
              "pass": true,
              "fail": false,
              "pending": false,
              "context": null,
              "code": "__awaiter(void 0, void 0, void 0, function* () {\n        const response = yield common_test_1.sendCommand(client, ['client', 'id', 'test', 'two']);\n        chai_1.expect(response).to.equal(util.format(DEFAULT_ERROR, 'id'));\n    })",
              "err": {},
              "uuid": "838b95d7-b3e8-4b54-a996-aa6097135ac8",
              "parentUUID": "d51d162b-6c00-4001-acd6-e0fa34c98f27",
              "isHook": false,
              "skipped": false
            },
            {
              "title": "should return a bunch of information when client \"list\" subcommand is invoked",
              "fullTitle": "client command test should return a bunch of information when client \"list\" subcommand is invoked",
              "timedOut": false,
              "duration": 4,
              "state": "passed",
              "speed": "fast",
              "pass": true,
              "fail": false,
              "pending": false,
              "context": null,
              "code": "__awaiter(void 0, void 0, void 0, function* () {\n        const response = yield common_test_1.sendCommand(client, ['client', 'list']);\n        chai_1.expect(response).to.be.a('string');\n        chai_1.expect(response.length).to.be.greaterThan(0);\n        chai_1.expect(response).to.match(/ name=whatever /);\n        chai_1.expect(response).to.match(/\\bdb=0\\b/);\n    })",
              "err": {},
              "uuid": "14dd037d-75a1-439b-bcca-5eacc16252f6",
              "parentUUID": "d51d162b-6c00-4001-acd6-e0fa34c98f27",
              "isHook": false,
              "skipped": false
            },
            {
              "title": "should respond with a predictable message when \"list\" called with too many parameters",
              "fullTitle": "client command test should respond with a predictable message when \"list\" called with too many parameters",
              "timedOut": false,
              "duration": 3,
              "state": "passed",
              "speed": "fast",
              "pass": true,
              "fail": false,
              "pending": false,
              "context": null,
              "code": "__awaiter(void 0, void 0, void 0, function* () {\n        const response = yield common_test_1.sendCommand(client, ['client', 'list', 'test', 'two']);\n        chai_1.expect(response).to.equal('ReplyError: ERR syntax error');\n    })",
              "err": {},
              "uuid": "643165ed-4831-44ec-8f79-c0b478aa3268",
              "parentUUID": "d51d162b-6c00-4001-acd6-e0fa34c98f27",
              "isHook": false,
              "skipped": false
            }
          ],
          "suites": [],
          "passes": [
            "352e5694-96be-48fd-8089-8a026acf4d27",
            "0644add9-94c9-4286-a489-23e41c1cd280",
            "c94625bb-17ee-469f-a0e9-188abeac370f",
            "5f48910a-4ffe-4437-adaa-980aa9270a2b",
            "eb7d2d35-c101-4017-bc22-86f5989aaec4",
            "fb941c19-7a01-464b-89c3-ed5192d764fa",
            "14b12f2c-bece-42c8-af7c-7ec1594b9209",
            "38058326-f652-4451-ad5d-670e2f4ce9ca",
            "4070391a-976b-48c2-9bba-63608e06dc68",
            "838b95d7-b3e8-4b54-a996-aa6097135ac8",
            "14dd037d-75a1-439b-bcca-5eacc16252f6",
            "643165ed-4831-44ec-8f79-c0b478aa3268"
          ],
          "failures": [],
          "pending": [],
          "skipped": [],
          "duration": 48,
          "root": false,
          "rootEmpty": false,
          "_timeout": 5000
        },
        {
          "uuid": "ac9e1dcb-8872-45a5-acdd-c5337667fb16",
          "title": "flushall-command test",
          "fullFile": "/home/lane/git/redis/test/resp/command/db/flushall-command.test.ts",
          "file": "/test/resp/command/db/flushall-command.test.ts",
          "beforeHooks": [
            {
              "title": "\"before all\" hook",
              "fullTitle": "flushall-command test \"before all\" hook",
              "timedOut": false,
              "duration": 9,
              "state": null,
              "speed": null,
              "pass": false,
              "fail": false,
              "pending": false,
              "context": null,
              "code": "respServer = new resp_server_1.RespServer();\nrespServer.on('ready', () => __awaiter(void 0, void 0, void 0, function* () {\n    yield common_test_1.sendCommand(client, ['flushall']);\n    done();\n}));\nrespServer.start();",
              "err": {},
              "uuid": "3d566843-13d6-4cb2-ade5-23655fb55bd2",
              "parentUUID": "ac9e1dcb-8872-45a5-acdd-c5337667fb16",
              "isHook": true,
              "skipped": false
            },
            {
              "title": "\"before each\" hook",
              "fullTitle": "flushall-command test \"before each\" hook",
              "timedOut": false,
              "duration": 0,
              "state": null,
              "speed": null,
              "pass": false,
              "fail": false,
              "pending": false,
              "context": null,
              "code": "sinon.createSandbox();",
              "err": {},
              "uuid": "1ba27e1a-3016-45f1-a65c-6642fccf5783",
              "parentUUID": "ac9e1dcb-8872-45a5-acdd-c5337667fb16",
              "isHook": true,
              "skipped": false
            }
          ],
          "afterHooks": [
            {
              "title": "\"after all\" hook",
              "fullTitle": "flushall-command test \"after all\" hook",
              "timedOut": false,
              "duration": 0,
              "state": null,
              "speed": null,
              "pass": false,
              "fail": false,
              "pending": false,
              "context": null,
              "code": "__awaiter(void 0, void 0, void 0, function* () {\n        yield respServer.stop();\n    })",
              "err": {},
              "uuid": "b71ddcb1-839b-4dfe-bc9d-cfec93ca7251",
              "parentUUID": "ac9e1dcb-8872-45a5-acdd-c5337667fb16",
              "isHook": true,
              "skipped": false
            },
            {
              "title": "\"after each\" hook",
              "fullTitle": "flushall-command test \"after each\" hook",
              "timedOut": false,
              "duration": 0,
              "state": null,
              "speed": null,
              "pass": false,
              "fail": false,
              "pending": false,
              "context": null,
              "code": "sinon.restore();",
              "err": {},
              "uuid": "5ae67ffb-ffda-40cc-b995-0fabb9d3eb37",
              "parentUUID": "ac9e1dcb-8872-45a5-acdd-c5337667fb16",
              "isHook": true,
              "skipped": false
            }
          ],
          "tests": [
            {
              "title": "should remove all keys from all databases",
              "fullTitle": "flushall-command test should remove all keys from all databases",
              "timedOut": false,
              "duration": 117,
              "state": "passed",
              "speed": "slow",
              "pass": true,
              "fail": false,
              "pending": false,
              "context": null,
              "code": "__awaiter(void 0, void 0, void 0, function* () {\n        for (let db = 0; db < 16; db++) {\n            response = yield common_test_1.sendCommand(client, ['select', `${db}`]);\n            chai_1.expect(response).to.equal('OK');\n            response = yield common_test_1.sendCommand(client, ['set', 'dbid', `${db}`]);\n            chai_1.expect(response).to.equal('OK');\n            response = yield common_test_1.sendCommand(client, ['dbsize']);\n            console.log(`DB: ${db}: dbsize: ${response}`);\n            chai_1.expect(response).to.equal(1);\n        }\n        response = yield common_test_1.sendCommand(client, ['flushall']);\n        chai_1.expect(response).to.equal('OK');\n        for (let db = 0; db < 16; db++) {\n            response = yield common_test_1.sendCommand(client, ['select', `${db}`]);\n            chai_1.expect(response).to.equal('OK');\n            response = yield common_test_1.sendCommand(client, ['dbsize']);\n            chai_1.expect(response).to.equal(0);\n        }\n    })",
              "err": {},
              "uuid": "b6b38c50-d2b7-4b6c-87f9-7b3a0eb4a85b",
              "parentUUID": "ac9e1dcb-8872-45a5-acdd-c5337667fb16",
              "isHook": false,
              "skipped": false
            }
          ],
          "suites": [],
          "passes": [
            "b6b38c50-d2b7-4b6c-87f9-7b3a0eb4a85b"
          ],
          "failures": [],
          "pending": [],
          "skipped": [],
          "duration": 117,
          "root": false,
          "rootEmpty": false,
          "_timeout": 5000
        },
        {
          "uuid": "2292d6bd-4bd1-42e2-b6f7-f7117a789acf",
          "title": "flushdb-command test",
          "fullFile": "/home/lane/git/redis/test/resp/command/db/flushdb-command.test.ts",
          "file": "/test/resp/command/db/flushdb-command.test.ts",
          "beforeHooks": [
            {
              "title": "\"before all\" hook",
              "fullTitle": "flushdb-command test \"before all\" hook",
              "timedOut": false,
              "duration": 4,
              "state": null,
              "speed": null,
              "pass": false,
              "fail": false,
              "pending": false,
              "context": null,
              "code": "respServer = new resp_server_1.RespServer();\nrespServer.on('ready', () => {\n    done();\n});\nrespServer.start();",
              "err": {},
              "uuid": "729c1481-d5fc-4f2d-97bd-e879fe5d20f5",
              "parentUUID": "2292d6bd-4bd1-42e2-b6f7-f7117a789acf",
              "isHook": true,
              "skipped": false
            },
            {
              "title": "\"before each\" hook",
              "fullTitle": "flushdb-command test \"before each\" hook",
              "timedOut": false,
              "duration": 0,
              "state": null,
              "speed": null,
              "pass": false,
              "fail": false,
              "pending": false,
              "context": null,
              "code": "sinon.createSandbox();",
              "err": {},
              "uuid": "6daf55f4-5ea1-400a-9aee-98729fea2b46",
              "parentUUID": "2292d6bd-4bd1-42e2-b6f7-f7117a789acf",
              "isHook": true,
              "skipped": false
            }
          ],
          "afterHooks": [
            {
              "title": "\"after all\" hook",
              "fullTitle": "flushdb-command test \"after all\" hook",
              "timedOut": false,
              "duration": 0,
              "state": null,
              "speed": null,
              "pass": false,
              "fail": false,
              "pending": false,
              "context": null,
              "code": "__awaiter(void 0, void 0, void 0, function* () {\n        yield respServer.stop();\n    })",
              "err": {},
              "uuid": "331b8217-75e4-4e46-afa6-147becf476dd",
              "parentUUID": "2292d6bd-4bd1-42e2-b6f7-f7117a789acf",
              "isHook": true,
              "skipped": false
            },
            {
              "title": "\"after each\" hook",
              "fullTitle": "flushdb-command test \"after each\" hook",
              "timedOut": false,
              "duration": 0,
              "state": null,
              "speed": null,
              "pass": false,
              "fail": false,
              "pending": false,
              "context": null,
              "code": "sinon.restore();",
              "err": {},
              "uuid": "035a8313-473d-4a3e-b76f-77cefcf8747d",
              "parentUUID": "2292d6bd-4bd1-42e2-b6f7-f7117a789acf",
              "isHook": true,
              "skipped": false
            }
          ],
          "tests": [
            {
              "title": "should remove all keys from only the currently selected databases",
              "fullTitle": "flushdb-command test should remove all keys from only the currently selected databases",
              "timedOut": false,
              "duration": 118,
              "state": "passed",
              "speed": "slow",
              "pass": true,
              "fail": false,
              "pending": false,
              "context": null,
              "code": "__awaiter(void 0, void 0, void 0, function* () {\n        for (let db = 0; db < 16; db++) {\n            response = yield common_test_1.sendCommand(client, ['select', `${db}`]);\n            chai_1.expect(response).to.equal('OK');\n            response = yield common_test_1.sendCommand(client, ['set', 'dbid', `${db}`]);\n            chai_1.expect(response).to.equal('OK');\n            response = yield common_test_1.sendCommand(client, ['dbsize']);\n            chai_1.expect(response).to.equal(1);\n        }\n        for (let db = 0; db < 16; db++) {\n            if (db !== 14) {\n                response = yield common_test_1.sendCommand(client, ['select', `${db}`]);\n                chai_1.expect(response).to.equal('OK');\n                response = yield common_test_1.sendCommand(client, ['flushdb']);\n                chai_1.expect(response).to.equal('OK');\n                response = yield common_test_1.sendCommand(client, ['exists', 'dbid']);\n                chai_1.expect(response).to.equal(0);\n                response = yield common_test_1.sendCommand(client, ['dbsize']);\n                chai_1.expect(response).to.equal(0);\n            }\n        }\n        response = yield common_test_1.sendCommand(client, ['select', '14']);\n        chai_1.expect(response).to.equal('OK');\n        response = yield common_test_1.sendCommand(client, ['get', 'dbid']);\n        chai_1.expect(response).to.equal('14');\n        response = yield common_test_1.sendCommand(client, ['dbsize']);\n        chai_1.expect(response).to.equal(1);\n    })",
              "err": {},
              "uuid": "db1f7d0b-b4d2-4336-a2b3-4f5492419e38",
              "parentUUID": "2292d6bd-4bd1-42e2-b6f7-f7117a789acf",
              "isHook": false,
              "skipped": false
            }
          ],
          "suites": [],
          "passes": [
            "db1f7d0b-b4d2-4336-a2b3-4f5492419e38"
          ],
          "failures": [],
          "pending": [],
          "skipped": [],
          "duration": 118,
          "root": false,
          "rootEmpty": false,
          "_timeout": 5000
        },
        {
          "uuid": "9cf3e9bd-7b7e-4f2a-8f60-7cde4e27251c",
          "title": "hget command test",
          "fullFile": "/home/lane/git/redis/test/resp/command/hash/hget-command.test.ts",
          "file": "/test/resp/command/hash/hget-command.test.ts",
          "beforeHooks": [
            {
              "title": "\"before all\" hook",
              "fullTitle": "hget command test \"before all\" hook",
              "timedOut": false,
              "duration": 5,
              "state": null,
              "speed": null,
              "pass": false,
              "fail": false,
              "pending": false,
              "context": null,
              "code": "respServer = new resp_server_1.RespServer();\nrespServer.on('ready', () => {\n    done();\n});\nrespServer.start();",
              "err": {},
              "uuid": "87607507-7a08-429e-b62e-facb319be2c7",
              "parentUUID": "9cf3e9bd-7b7e-4f2a-8f60-7cde4e27251c",
              "isHook": true,
              "skipped": false
            },
            {
              "title": "\"before each\" hook",
              "fullTitle": "hget command test \"before each\" hook",
              "timedOut": false,
              "duration": 0,
              "state": null,
              "speed": null,
              "pass": false,
              "fail": false,
              "pending": false,
              "context": null,
              "code": "sinon.createSandbox();",
              "err": {},
              "uuid": "f542185d-0d55-4470-ade8-37d957c7a5c5",
              "parentUUID": "9cf3e9bd-7b7e-4f2a-8f60-7cde4e27251c",
              "isHook": true,
              "skipped": false
            }
          ],
          "afterHooks": [
            {
              "title": "\"after all\" hook",
              "fullTitle": "hget command test \"after all\" hook",
              "timedOut": false,
              "duration": 1,
              "state": null,
              "speed": null,
              "pass": false,
              "fail": false,
              "pending": false,
              "context": null,
              "code": "__awaiter(void 0, void 0, void 0, function* () {\n        yield respServer.stop();\n    })",
              "err": {},
              "uuid": "46198663-c1d9-4fba-b61e-d5849c8e01fc",
              "parentUUID": "9cf3e9bd-7b7e-4f2a-8f60-7cde4e27251c",
              "isHook": true,
              "skipped": false
            },
            {
              "title": "\"after each\" hook",
              "fullTitle": "hget command test \"after each\" hook",
              "timedOut": false,
              "duration": 0,
              "state": null,
              "speed": null,
              "pass": false,
              "fail": false,
              "pending": false,
              "context": null,
              "code": "sinon.restore();",
              "err": {},
              "uuid": "b9045a97-1bae-4b65-b245-58091940c35d",
              "parentUUID": "9cf3e9bd-7b7e-4f2a-8f60-7cde4e27251c",
              "isHook": true,
              "skipped": false
            }
          ],
          "tests": [
            {
              "title": "should require exactly 2 parameters",
              "fullTitle": "hget command test should require exactly 2 parameters",
              "timedOut": false,
              "duration": 7,
              "state": "passed",
              "speed": "fast",
              "pass": true,
              "fail": false,
              "pending": false,
              "context": null,
              "code": "common_test_1.sendCommand(new net.Socket(), ['hget', 'test'])\n    .then((response1) => {\n    chai_1.expect(response1).to.equal('ReplyError: ERR wrong number of arguments for \\'hget\\' command');\n    common_test_1.sendCommand(new net.Socket(), ['hget', 'test', 'one', 'two'])\n        .then((response2) => {\n        chai_1.expect(response2).to.equal('ReplyError: ERR wrong number of arguments for \\'hget\\' command');\n        common_test_1.sendCommand(new net.Socket(), ['hget', 'test', 'one'])\n            .then((response3) => {\n            chai_1.expect(response3).to.equal(null);\n            done();\n        });\n    });\n});",
              "err": {},
              "uuid": "d8a82d41-42c6-4f7a-af7a-25bde2cfb3ab",
              "parentUUID": "9cf3e9bd-7b7e-4f2a-8f60-7cde4e27251c",
              "isHook": false,
              "skipped": false
            },
            {
              "title": "should get a value after it has be set",
              "fullTitle": "hget command test should get a value after it has be set",
              "timedOut": false,
              "duration": 5,
              "state": "passed",
              "speed": "fast",
              "pass": true,
              "fail": false,
              "pending": false,
              "context": null,
              "code": "common_test_1.sendCommand(new net.Socket(), ['hset', 'test', 'one', 'two'])\n    .then(() => {\n    common_test_1.sendCommand(new net.Socket(), ['hget', 'test', 'one'])\n        .then((response) => {\n        chai_1.expect(response).to.equal('two');\n        done();\n    });\n});",
              "err": {},
              "uuid": "c50c0627-04a1-47a0-ae68-8c8cc0ab2cfe",
              "parentUUID": "9cf3e9bd-7b7e-4f2a-8f60-7cde4e27251c",
              "isHook": false,
              "skipped": false
            },
            {
              "title": "should return nil string when the key exists but the field does not",
              "fullTitle": "hget command test should return nil string when the key exists but the field does not",
              "timedOut": false,
              "duration": 10,
              "state": "passed",
              "speed": "fast",
              "pass": true,
              "fail": false,
              "pending": false,
              "context": null,
              "code": "common_test_1.sendCommand(new net.Socket(), ['hget', 'test', 'two'])\n    .then((response) => {\n    chai_1.expect(response).to.equal(null);\n    done();\n});",
              "err": {},
              "uuid": "29785c1b-6611-49a4-bf5e-e9928d4aff6f",
              "parentUUID": "9cf3e9bd-7b7e-4f2a-8f60-7cde4e27251c",
              "isHook": false,
              "skipped": false
            }
          ],
          "suites": [],
          "passes": [
            "d8a82d41-42c6-4f7a-af7a-25bde2cfb3ab",
            "c50c0627-04a1-47a0-ae68-8c8cc0ab2cfe",
            "29785c1b-6611-49a4-bf5e-e9928d4aff6f"
          ],
          "failures": [],
          "pending": [],
          "skipped": [],
          "duration": 22,
          "root": false,
          "rootEmpty": false,
          "_timeout": 5000
        },
        {
          "uuid": "68dd515f-f8f3-4bbc-81f7-20a01a066ba2",
          "title": "hset command test",
          "fullFile": "/home/lane/git/redis/test/resp/command/hash/hset-command.test.ts",
          "file": "/test/resp/command/hash/hset-command.test.ts",
          "beforeHooks": [
            {
              "title": "\"before all\" hook",
              "fullTitle": "hset command test \"before all\" hook",
              "timedOut": false,
              "duration": 50,
              "state": null,
              "speed": null,
              "pass": false,
              "fail": false,
              "pending": false,
              "context": null,
              "code": "respServer = new resp_server_1.RespServer();\nrespServer.on('ready', () => __awaiter(void 0, void 0, void 0, function* () {\n    yield common_test_1.sendCommand(new net.Socket(), ['flushall']);\n    done();\n}));\nrespServer.start();",
              "err": {},
              "uuid": "0c555f61-310d-4f6f-9079-0c7cc145e786",
              "parentUUID": "68dd515f-f8f3-4bbc-81f7-20a01a066ba2",
              "isHook": true,
              "skipped": false
            },
            {
              "title": "\"before each\" hook",
              "fullTitle": "hset command test \"before each\" hook",
              "timedOut": false,
              "duration": 0,
              "state": null,
              "speed": null,
              "pass": false,
              "fail": false,
              "pending": false,
              "context": null,
              "code": "sinon.createSandbox();",
              "err": {},
              "uuid": "9b4d8ff6-96dd-4ce8-a40d-7d394dfdb10d",
              "parentUUID": "68dd515f-f8f3-4bbc-81f7-20a01a066ba2",
              "isHook": true,
              "skipped": false
            }
          ],
          "afterHooks": [
            {
              "title": "\"after all\" hook",
              "fullTitle": "hset command test \"after all\" hook",
              "timedOut": false,
              "duration": 0,
              "state": null,
              "speed": null,
              "pass": false,
              "fail": false,
              "pending": false,
              "context": null,
              "code": "__awaiter(void 0, void 0, void 0, function* () {\n        yield respServer.stop();\n    })",
              "err": {},
              "uuid": "c883ef5d-9a6d-4a1d-b8d8-7df109e933d2",
              "parentUUID": "68dd515f-f8f3-4bbc-81f7-20a01a066ba2",
              "isHook": true,
              "skipped": false
            },
            {
              "title": "\"after each\" hook",
              "fullTitle": "hset command test \"after each\" hook",
              "timedOut": false,
              "duration": 0,
              "state": null,
              "speed": null,
              "pass": false,
              "fail": false,
              "pending": false,
              "context": null,
              "code": "sinon.restore();",
              "err": {},
              "uuid": "485f6dce-d1f7-438a-bec5-9a67ea5de79b",
              "parentUUID": "68dd515f-f8f3-4bbc-81f7-20a01a066ba2",
              "isHook": true,
              "skipped": false
            }
          ],
          "tests": [
            {
              "title": "should require a minimum of 3 parameters",
              "fullTitle": "hset command test should require a minimum of 3 parameters",
              "timedOut": false,
              "duration": 13,
              "state": "passed",
              "speed": "fast",
              "pass": true,
              "fail": false,
              "pending": false,
              "context": null,
              "code": "__awaiter(void 0, void 0, void 0, function* () {\n        const uniqueKey = safeId();\n        chai_1.expect(uniqueKey).not.to.equal(lastId);\n        lastId = uniqueKey;\n        let response = yield common_test_1.sendCommand(new net.Socket(), ['hset', uniqueKey]);\n        chai_1.expect(response).to.match(/ReplyError: ERR wrong number of arguments for \\'hset\\' command/i);\n        response = yield common_test_1.sendCommand(new net.Socket(), ['hset', uniqueKey, 'one']);\n        chai_1.expect(response).to.match(/ReplyError: ERR wrong number of arguments for \\'hm?set\\' command/i);\n        response = yield common_test_1.sendCommand(new net.Socket(), ['hset', uniqueKey, 'one', 'two']);\n        chai_1.expect(response).to.equal(1);\n    })",
              "err": {},
              "uuid": "91a2f8e0-2433-4b4b-9eb0-7aa5e01595b4",
              "parentUUID": "68dd515f-f8f3-4bbc-81f7-20a01a066ba2",
              "isHook": false,
              "skipped": false
            },
            {
              "title": "should only accept an odd number of parameters",
              "fullTitle": "hset command test should only accept an odd number of parameters",
              "timedOut": false,
              "duration": 2,
              "state": "passed",
              "speed": "fast",
              "pass": true,
              "fail": false,
              "pending": false,
              "context": null,
              "code": "__awaiter(void 0, void 0, void 0, function* () {\n        const uniqueKey = safeId();\n        chai_1.expect(uniqueKey).not.to.equal(lastId);\n        lastId = uniqueKey;\n        const response = yield common_test_1.sendCommand(new net.Socket(), ['hset', uniqueKey, 'one2', 'two', 'fail']);\n        chai_1.expect(response).to.match(/ReplyError: ERR wrong number of arguments for hm?set/i);\n    })",
              "err": {},
              "uuid": "ba080c9d-58cb-4d88-ab0d-64023b345899",
              "parentUUID": "68dd515f-f8f3-4bbc-81f7-20a01a066ba2",
              "isHook": false,
              "skipped": false
            },
            {
              "title": "should only report added fields",
              "fullTitle": "hset command test should only report added fields",
              "timedOut": false,
              "duration": 5,
              "state": "passed",
              "speed": "fast",
              "pass": true,
              "fail": false,
              "pending": false,
              "context": null,
              "code": "__awaiter(void 0, void 0, void 0, function* () {\n        const uniqueKey = safeId();\n        chai_1.expect(uniqueKey).not.to.equal(lastId);\n        lastId = uniqueKey;\n        let response = yield common_test_1.sendCommand(new net.Socket(), ['hset', uniqueKey, 'one', 'six']);\n        chai_1.expect(response).to.equal(1);\n        response = yield common_test_1.sendCommand(new net.Socket(), ['hset', uniqueKey, 'one', 'anothervalue']);\n        chai_1.expect(response).to.equal(0);\n        response = yield common_test_1.sendCommand(new net.Socket(), ['hget', uniqueKey, 'one']);\n        chai_1.expect(response).to.equal('anothervalue');\n    })",
              "err": {},
              "uuid": "259b8a08-a4f1-45a4-b1e3-963146835776",
              "parentUUID": "68dd515f-f8f3-4bbc-81f7-20a01a066ba2",
              "isHook": false,
              "skipped": false
            }
          ],
          "suites": [],
          "passes": [
            "91a2f8e0-2433-4b4b-9eb0-7aa5e01595b4",
            "ba080c9d-58cb-4d88-ab0d-64023b345899",
            "259b8a08-a4f1-45a4-b1e3-963146835776"
          ],
          "failures": [],
          "pending": [],
          "skipped": [],
          "duration": 20,
          "root": false,
          "rootEmpty": false,
          "_timeout": 5000
        },
        {
          "uuid": "604105ef-7afa-470a-8975-c0d6cbc74553",
          "title": "del-command test",
          "fullFile": "/home/lane/git/redis/test/resp/command/key/del-command.test.ts",
          "file": "/test/resp/command/key/del-command.test.ts",
          "beforeHooks": [
            {
              "title": "\"before all\" hook",
              "fullTitle": "del-command test \"before all\" hook",
              "timedOut": false,
              "duration": 4,
              "state": null,
              "speed": null,
              "pass": false,
              "fail": false,
              "pending": false,
              "context": null,
              "code": "respServer = new resp_server_1.RespServer();\nrespServer.on('ready', () => {\n    done();\n});\nrespServer.start();",
              "err": {},
              "uuid": "40bf5e38-8c5f-4b7c-93fa-d7cb111cd5a0",
              "parentUUID": "604105ef-7afa-470a-8975-c0d6cbc74553",
              "isHook": true,
              "skipped": false
            },
            {
              "title": "\"before each\" hook",
              "fullTitle": "del-command test \"before each\" hook",
              "timedOut": false,
              "duration": 0,
              "state": null,
              "speed": null,
              "pass": false,
              "fail": false,
              "pending": false,
              "context": null,
              "code": "sinon.createSandbox();",
              "err": {},
              "uuid": "1c25aa6f-cea3-4eed-bf94-6c9d372923ac",
              "parentUUID": "604105ef-7afa-470a-8975-c0d6cbc74553",
              "isHook": true,
              "skipped": false
            }
          ],
          "afterHooks": [
            {
              "title": "\"after all\" hook",
              "fullTitle": "del-command test \"after all\" hook",
              "timedOut": false,
              "duration": 0,
              "state": null,
              "speed": null,
              "pass": false,
              "fail": false,
              "pending": false,
              "context": null,
              "code": "__awaiter(void 0, void 0, void 0, function* () {\n        yield respServer.stop();\n    })",
              "err": {},
              "uuid": "bca0d096-7cd5-41ae-9d8c-9bbafbfc1230",
              "parentUUID": "604105ef-7afa-470a-8975-c0d6cbc74553",
              "isHook": true,
              "skipped": false
            },
            {
              "title": "\"after each\" hook",
              "fullTitle": "del-command test \"after each\" hook",
              "timedOut": false,
              "duration": 0,
              "state": null,
              "speed": null,
              "pass": false,
              "fail": false,
              "pending": false,
              "context": null,
              "code": "sinon.restore();",
              "err": {},
              "uuid": "f0813bcd-00f6-449f-a5d2-751849542249",
              "parentUUID": "604105ef-7afa-470a-8975-c0d6cbc74553",
              "isHook": true,
              "skipped": false
            }
          ],
          "tests": [
            {
              "title": "should report ZERO when called with no keys present",
              "fullTitle": "del-command test should report ZERO when called with no keys present",
              "timedOut": false,
              "duration": 2,
              "state": "passed",
              "speed": "fast",
              "pass": true,
              "fail": false,
              "pending": false,
              "context": null,
              "code": "common_test_1.sendCommand(new net.Socket(), ['del', 'key1', 'key2', 'key3'])\n    .then((response) => {\n    chai_1.expect(response).to.be.a('number');\n    chai_1.expect(response).to.equal(0);\n    done();\n});",
              "err": {},
              "uuid": "305ecb7a-8519-462e-871a-7c63c254c1a0",
              "parentUUID": "604105ef-7afa-470a-8975-c0d6cbc74553",
              "isHook": false,
              "skipped": false
            },
            {
              "title": "should report the number of keys actually removed",
              "fullTitle": "del-command test should report the number of keys actually removed",
              "timedOut": false,
              "duration": 12,
              "state": "passed",
              "speed": "fast",
              "pass": true,
              "fail": false,
              "pending": false,
              "context": null,
              "code": "const client = new net.Socket();\ncommon_test_1.sendCommand(client, ['set', 'key1', 'data'])\n    .then(() => {\n    common_test_1.sendCommand(client, ['set', 'key2', 'data'])\n        .then(() => {\n        common_test_1.sendCommand(client, ['set', 'key3', 'data'])\n            .then(() => {\n            common_test_1.sendCommand(client, ['del', 'key1', 'key3'])\n                .then((response) => {\n                chai_1.expect(response).to.equal(2);\n                done();\n            });\n        });\n    });\n});",
              "err": {},
              "uuid": "7e86042e-edeb-4f3b-8543-576564852176",
              "parentUUID": "604105ef-7afa-470a-8975-c0d6cbc74553",
              "isHook": false,
              "skipped": false
            },
            {
              "title": "should have retained key2 from the previous test",
              "fullTitle": "del-command test should have retained key2 from the previous test",
              "timedOut": false,
              "duration": 2,
              "state": "passed",
              "speed": "fast",
              "pass": true,
              "fail": false,
              "pending": false,
              "context": null,
              "code": "common_test_1.sendCommand(new net.Socket(), ['del', 'key2'])\n    .then((response) => {\n    chai_1.expect(response).to.equal(1);\n    done();\n});",
              "err": {},
              "uuid": "ed17b7ea-997a-4ae7-af39-8af2ecd97b42",
              "parentUUID": "604105ef-7afa-470a-8975-c0d6cbc74553",
              "isHook": false,
              "skipped": false
            }
          ],
          "suites": [],
          "passes": [
            "305ecb7a-8519-462e-871a-7c63c254c1a0",
            "7e86042e-edeb-4f3b-8543-576564852176",
            "ed17b7ea-997a-4ae7-af39-8af2ecd97b42"
          ],
          "failures": [],
          "pending": [],
          "skipped": [],
          "duration": 16,
          "root": false,
          "rootEmpty": false,
          "_timeout": 5000
        },
        {
          "uuid": "5550e674-c595-442a-805f-e0fe04f50ea1",
          "title": "exists-command test",
          "fullFile": "/home/lane/git/redis/test/resp/command/key/exists-command.test.ts",
          "file": "/test/resp/command/key/exists-command.test.ts",
          "beforeHooks": [
            {
              "title": "\"before all\" hook",
              "fullTitle": "exists-command test \"before all\" hook",
              "timedOut": false,
              "duration": 27,
              "state": null,
              "speed": null,
              "pass": false,
              "fail": false,
              "pending": false,
              "context": null,
              "code": "respServer = new resp_server_1.RespServer();\nrespServer.on('ready', () => {\n    // Set a key with a millisecond TTL to validate exists respects TTL\n    common_test_1.sendCommand(new net.Socket(), ['set', 'ttlkey', 'value', 'PX', '3'])\n        .then(() => {\n        done();\n    });\n});\nrespServer.start();",
              "err": {},
              "uuid": "d827d072-1665-4d6a-a9d7-c9993b98c6bb",
              "parentUUID": "5550e674-c595-442a-805f-e0fe04f50ea1",
              "isHook": true,
              "skipped": false
            },
            {
              "title": "\"before each\" hook",
              "fullTitle": "exists-command test \"before each\" hook",
              "timedOut": false,
              "duration": 0,
              "state": null,
              "speed": null,
              "pass": false,
              "fail": false,
              "pending": false,
              "context": null,
              "code": "sinon.createSandbox();",
              "err": {},
              "uuid": "00a50b84-eeac-45a1-bcd5-45fd56a2efc4",
              "parentUUID": "5550e674-c595-442a-805f-e0fe04f50ea1",
              "isHook": true,
              "skipped": false
            }
          ],
          "afterHooks": [
            {
              "title": "\"after all\" hook",
              "fullTitle": "exists-command test \"after all\" hook",
              "timedOut": false,
              "duration": 0,
              "state": null,
              "speed": null,
              "pass": false,
              "fail": false,
              "pending": false,
              "context": null,
              "code": "__awaiter(void 0, void 0, void 0, function* () {\n        yield respServer.stop();\n    })",
              "err": {},
              "uuid": "ecfd2752-3e5a-4fda-850b-89252f07e974",
              "parentUUID": "5550e674-c595-442a-805f-e0fe04f50ea1",
              "isHook": true,
              "skipped": false
            },
            {
              "title": "\"after each\" hook",
              "fullTitle": "exists-command test \"after each\" hook",
              "timedOut": false,
              "duration": 0,
              "state": null,
              "speed": null,
              "pass": false,
              "fail": false,
              "pending": false,
              "context": null,
              "code": "sinon.restore();",
              "err": {},
              "uuid": "52347cd7-eb2c-4250-b06f-3d7f8aeeba4d",
              "parentUUID": "5550e674-c595-442a-805f-e0fe04f50ea1",
              "isHook": true,
              "skipped": false
            }
          ],
          "tests": [
            {
              "title": "should report ZERO when none of the specified keys exist",
              "fullTitle": "exists-command test should report ZERO when none of the specified keys exist",
              "timedOut": false,
              "duration": 2,
              "state": "passed",
              "speed": "fast",
              "pass": true,
              "fail": false,
              "pending": false,
              "context": null,
              "code": "common_test_1.sendCommand(new net.Socket(), ['exists', 'key1', 'key2', 'key3'])\n    .then((response) => {\n    chai_1.expect(response).to.be.a('number');\n    chai_1.expect(response).to.equal(0);\n    done();\n});",
              "err": {},
              "uuid": "d3160d21-66e3-4638-94be-7cf5bbfd3af9",
              "parentUUID": "5550e674-c595-442a-805f-e0fe04f50ea1",
              "isHook": false,
              "skipped": false
            },
            {
              "title": "should require at least ONE parameter",
              "fullTitle": "exists-command test should require at least ONE parameter",
              "timedOut": false,
              "duration": 2,
              "state": "passed",
              "speed": "fast",
              "pass": true,
              "fail": false,
              "pending": false,
              "context": null,
              "code": "common_test_1.sendCommand(new net.Socket(), ['exists'])\n    .then((response) => {\n    chai_1.expect(response).to.equal('ReplyError: ERR wrong number of arguments for \\'exists\\' command');\n    done();\n});",
              "err": {},
              "uuid": "3de2a6a9-876f-4970-be1a-fcc30ab0097f",
              "parentUUID": "5550e674-c595-442a-805f-e0fe04f50ea1",
              "isHook": false,
              "skipped": false
            },
            {
              "title": "should report GREATER THAN ZERO when checking for the same existing key multiple times",
              "fullTitle": "exists-command test should report GREATER THAN ZERO when checking for the same existing key multiple times",
              "timedOut": false,
              "duration": 4,
              "state": "passed",
              "speed": "fast",
              "pass": true,
              "fail": false,
              "pending": false,
              "context": null,
              "code": "common_test_1.sendCommand(new net.Socket(), ['set', 'key', 'value'])\n    .then(() => {\n    common_test_1.sendCommand(new net.Socket(), ['exists', 'key', 'key', 'unknownkey', 'another', 'another'])\n        .then((response) => {\n        chai_1.expect(response).to.equal(2);\n        done();\n    });\n});",
              "err": {},
              "uuid": "e238ffd7-6820-47be-b0b7-3ddcd354db33",
              "parentUUID": "5550e674-c595-442a-805f-e0fe04f50ea1",
              "isHook": false,
              "skipped": false
            },
            {
              "title": "should respect the TTL value on a key",
              "fullTitle": "exists-command test should respect the TTL value on a key",
              "timedOut": false,
              "duration": 2,
              "state": "passed",
              "speed": "fast",
              "pass": true,
              "fail": false,
              "pending": false,
              "context": null,
              "code": "common_test_1.sendCommand(new net.Socket(), ['exists', 'ttlkey'])\n    .then((response) => {\n    chai_1.expect(response).to.equal(0);\n    done();\n});",
              "err": {},
              "uuid": "3b4674ae-1397-43d9-bd43-17ab81584e0a",
              "parentUUID": "5550e674-c595-442a-805f-e0fe04f50ea1",
              "isHook": false,
              "skipped": false
            }
          ],
          "suites": [],
          "passes": [
            "d3160d21-66e3-4638-94be-7cf5bbfd3af9",
            "3de2a6a9-876f-4970-be1a-fcc30ab0097f",
            "e238ffd7-6820-47be-b0b7-3ddcd354db33",
            "3b4674ae-1397-43d9-bd43-17ab81584e0a"
          ],
          "failures": [],
          "pending": [],
          "skipped": [],
          "duration": 10,
          "root": false,
          "rootEmpty": false,
          "_timeout": 5000
        },
        {
          "uuid": "f368f098-ab9b-4463-8f65-7dca3c42fbe4",
          "title": "expire-command test",
          "fullFile": "/home/lane/git/redis/test/resp/command/key/expire-command.test.ts",
          "file": "/test/resp/command/key/expire-command.test.ts",
          "beforeHooks": [
            {
              "title": "\"before all\" hook",
              "fullTitle": "expire-command test \"before all\" hook",
              "timedOut": false,
              "duration": 13,
              "state": null,
              "speed": null,
              "pass": false,
              "fail": false,
              "pending": false,
              "context": null,
              "code": "respServer = new resp_server_1.RespServer();\nrespServer.on('ready', () => {\n    done();\n});\nrespServer.start();",
              "err": {},
              "uuid": "7368143c-d619-4953-a597-71d281e25f1b",
              "parentUUID": "f368f098-ab9b-4463-8f65-7dca3c42fbe4",
              "isHook": true,
              "skipped": false
            },
            {
              "title": "\"before each\" hook",
              "fullTitle": "expire-command test \"before each\" hook",
              "timedOut": false,
              "duration": 0,
              "state": null,
              "speed": null,
              "pass": false,
              "fail": false,
              "pending": false,
              "context": null,
              "code": "sinon.createSandbox();",
              "err": {},
              "uuid": "63bcdbf6-42a2-4152-af3e-1dd4af6dbee0",
              "parentUUID": "f368f098-ab9b-4463-8f65-7dca3c42fbe4",
              "isHook": true,
              "skipped": false
            }
          ],
          "afterHooks": [
            {
              "title": "\"after all\" hook",
              "fullTitle": "expire-command test \"after all\" hook",
              "timedOut": false,
              "duration": 0,
              "state": null,
              "speed": null,
              "pass": false,
              "fail": false,
              "pending": false,
              "context": null,
              "code": "__awaiter(void 0, void 0, void 0, function* () {\n        yield respServer.stop();\n    })",
              "err": {},
              "uuid": "97a4080c-24d4-4a85-bbf4-e75af21ffdc6",
              "parentUUID": "f368f098-ab9b-4463-8f65-7dca3c42fbe4",
              "isHook": true,
              "skipped": false
            },
            {
              "title": "\"after each\" hook",
              "fullTitle": "expire-command test \"after each\" hook",
              "timedOut": false,
              "duration": 0,
              "state": null,
              "speed": null,
              "pass": false,
              "fail": false,
              "pending": false,
              "context": null,
              "code": "sinon.restore();",
              "err": {},
              "uuid": "9fd0a57d-0345-46c2-ae72-e0d50c60151b",
              "parentUUID": "f368f098-ab9b-4463-8f65-7dca3c42fbe4",
              "isHook": true,
              "skipped": false
            }
          ],
          "tests": [
            {
              "title": "should report ZERO when expire called on non-existent key",
              "fullTitle": "expire-command test should report ZERO when expire called on non-existent key",
              "timedOut": false,
              "duration": 4,
              "state": "passed",
              "speed": "fast",
              "pass": true,
              "fail": false,
              "pending": false,
              "context": null,
              "code": "__awaiter(void 0, void 0, void 0, function* () {\n        response = yield common_test_1.sendCommand(client, ['expire', 'no-key', '1000']);\n        chai_1.expect(response).to.equal(0);\n    })",
              "err": {},
              "uuid": "d1f952e4-3f54-4204-8f9c-42766a74d8df",
              "parentUUID": "f368f098-ab9b-4463-8f65-7dca3c42fbe4",
              "isHook": false,
              "skipped": false
            },
            {
              "title": "should require an integer value for the ttl parameter",
              "fullTitle": "expire-command test should require an integer value for the ttl parameter",
              "timedOut": false,
              "duration": 5,
              "state": "passed",
              "speed": "fast",
              "pass": true,
              "fail": false,
              "pending": false,
              "context": null,
              "code": "__awaiter(void 0, void 0, void 0, function* () {\n        response = yield common_test_1.sendCommand(client, ['set', 'mykey', 'value']);\n        chai_1.expect(response).to.equal('OK');\n        response = yield common_test_1.sendCommand(client, ['expire', 'mykey', '10.2']);\n        chai_1.expect(response).to.equal('ReplyError: ERR value is not an integer or out of range');\n        response = yield common_test_1.sendCommand(client, ['expire', 'mykey', 'ten']);\n        chai_1.expect(response).to.equal('ReplyError: ERR value is not an integer or out of range');\n    })",
              "err": {},
              "uuid": "ca4d81a4-2f35-472b-8c44-0ff5a3eb67b1",
              "parentUUID": "f368f098-ab9b-4463-8f65-7dca3c42fbe4",
              "isHook": false,
              "skipped": false
            },
            {
              "title": "should set the requested ttl on a key",
              "fullTitle": "expire-command test should set the requested ttl on a key",
              "timedOut": false,
              "duration": 3,
              "state": "passed",
              "speed": "fast",
              "pass": true,
              "fail": false,
              "pending": false,
              "context": null,
              "code": "__awaiter(void 0, void 0, void 0, function* () {\n        response = yield common_test_1.sendCommand(client, ['expire', 'mykey', '10000']);\n        chai_1.expect(response).to.equal(1);\n        response = yield common_test_1.sendCommand(client, ['exists', 'mykey']);\n        chai_1.expect(response).to.equal(1);\n    })",
              "err": {},
              "uuid": "b1fc5c48-05fb-462a-a39c-277b2d140b71",
              "parentUUID": "f368f098-ab9b-4463-8f65-7dca3c42fbe4",
              "isHook": false,
              "skipped": false
            },
            {
              "title": "should expire a key when we set a negative ttl",
              "fullTitle": "expire-command test should expire a key when we set a negative ttl",
              "timedOut": false,
              "duration": 2,
              "state": "passed",
              "speed": "fast",
              "pass": true,
              "fail": false,
              "pending": false,
              "context": null,
              "code": "__awaiter(void 0, void 0, void 0, function* () {\n        // Note that this is not consistent with documentation\n        response = yield common_test_1.sendCommand(client, ['expire', 'mykey', '-1']);\n        chai_1.expect(response).to.equal(1);\n        response = yield common_test_1.sendCommand(client, ['exists', 'mykey']);\n        chai_1.expect(response).to.equal(0);\n    })",
              "err": {},
              "uuid": "fba504de-ef85-45c7-898d-532e46be8715",
              "parentUUID": "f368f098-ab9b-4463-8f65-7dca3c42fbe4",
              "isHook": false,
              "skipped": false
            },
            {
              "title": "should work with ZKEYs (and other key types - as yet untested)",
              "fullTitle": "expire-command test should work with ZKEYs (and other key types - as yet untested)",
              "timedOut": false,
              "duration": 2016,
              "state": "passed",
              "speed": "slow",
              "pass": true,
              "fail": false,
              "pending": false,
              "context": null,
              "code": "common_test_1.sendCommand(client, ['zadd', 'zkey', '1', 'member'])\n    .then((response) => {\n    chai_1.expect(response).to.equal(1);\n    common_test_1.sendCommand(client, ['exists', 'zkey'])\n        .then((response) => {\n        chai_1.expect(response).to.equal(1);\n        common_test_1.sendCommand(client, ['expire', 'zkey', '1'])\n            .then((response) => {\n            chai_1.expect(response).to.equal(1);\n            setTimeout(() => {\n                common_test_1.sendCommand(client, ['exists', 'zkey'])\n                    .then((response) => {\n                    chai_1.expect(response).to.equal(0, `Unexpected response ${response} should be ZERO`);\n                    done();\n                });\n            }, 2000);\n        });\n    });\n});",
              "err": {},
              "uuid": "5ff9f8de-d198-403a-ad76-9755d7e3165d",
              "parentUUID": "f368f098-ab9b-4463-8f65-7dca3c42fbe4",
              "isHook": false,
              "skipped": false
            },
            {
              "title": "should survive the RENAME operation",
              "fullTitle": "expire-command test should survive the RENAME operation",
              "timedOut": false,
              "duration": 5,
              "state": "passed",
              "speed": "fast",
              "pass": true,
              "fail": false,
              "pending": false,
              "context": null,
              "code": "__awaiter(void 0, void 0, void 0, function* () {\n        response = yield common_test_1.sendCommand(client, ['set', 'rename-test', 'value']);\n        chai_1.expect(response).to.equal('OK');\n        response = yield common_test_1.sendCommand(client, ['expire', 'rename-test', '1']);\n        chai_1.expect(response).to.equal(1);\n        response = yield common_test_1.sendCommand(client, ['rename', 'rename-test', 'new-name']);\n        chai_1.expect(response).to.equal('OK');\n        response = yield common_test_1.sendCommand(client, ['exists', 'new-name']);\n        chai_1.expect(response).to.equal(1);\n        response = yield common_test_1.sendCommand(client, ['exists', 'rename-test']);\n        chai_1.expect(response).to.equal(0);\n        yield setTimeout(() => __awaiter(void 0, void 0, void 0, function* () {\n            response = yield common_test_1.sendCommand(client, ['exists', 'new-name']);\n            chai_1.expect(response).to.equal(0);\n        }), 2000);\n    })",
              "err": {},
              "uuid": "61381ad4-1728-4490-a714-8aef1e5238dd",
              "parentUUID": "f368f098-ab9b-4463-8f65-7dca3c42fbe4",
              "isHook": false,
              "skipped": false
            }
          ],
          "suites": [],
          "passes": [
            "d1f952e4-3f54-4204-8f9c-42766a74d8df",
            "ca4d81a4-2f35-472b-8c44-0ff5a3eb67b1",
            "b1fc5c48-05fb-462a-a39c-277b2d140b71",
            "fba504de-ef85-45c7-898d-532e46be8715",
            "5ff9f8de-d198-403a-ad76-9755d7e3165d",
            "61381ad4-1728-4490-a714-8aef1e5238dd"
          ],
          "failures": [],
          "pending": [],
          "skipped": [],
          "duration": 2035,
          "root": false,
          "rootEmpty": false,
          "_timeout": 5000
        },
        {
          "uuid": "011fab31-66d2-4b74-8944-6fd6ccfd02b1",
          "title": "keys-command test",
          "fullFile": "/home/lane/git/redis/test/resp/command/key/keys-command.test.ts",
          "file": "/test/resp/command/key/keys-command.test.ts",
          "beforeHooks": [
            {
              "title": "\"before all\" hook",
              "fullTitle": "keys-command test \"before all\" hook",
              "timedOut": false,
              "duration": 4,
              "state": null,
              "speed": null,
              "pass": false,
              "fail": false,
              "pending": false,
              "context": null,
              "code": "respServer = new resp_server_1.RespServer();\nrespServer.on('ready', () => __awaiter(void 0, void 0, void 0, function* () {\n    yield common_test_1.sendCommand(client, ['flushall']);\n    done();\n}));\nrespServer.start();",
              "err": {},
              "uuid": "e4ed6e18-1c1a-4e0d-a6ce-6763dc15d8d0",
              "parentUUID": "011fab31-66d2-4b74-8944-6fd6ccfd02b1",
              "isHook": true,
              "skipped": false
            },
            {
              "title": "\"before each\" hook",
              "fullTitle": "keys-command test \"before each\" hook",
              "timedOut": false,
              "duration": 0,
              "state": null,
              "speed": null,
              "pass": false,
              "fail": false,
              "pending": false,
              "context": null,
              "code": "sinon.createSandbox();",
              "err": {},
              "uuid": "ea31a54c-2207-42c9-8773-c7c523e46387",
              "parentUUID": "011fab31-66d2-4b74-8944-6fd6ccfd02b1",
              "isHook": true,
              "skipped": false
            }
          ],
          "afterHooks": [
            {
              "title": "\"after all\" hook",
              "fullTitle": "keys-command test \"after all\" hook",
              "timedOut": false,
              "duration": 0,
              "state": null,
              "speed": null,
              "pass": false,
              "fail": false,
              "pending": false,
              "context": null,
              "code": "__awaiter(void 0, void 0, void 0, function* () {\n        yield respServer.stop();\n    })",
              "err": {},
              "uuid": "0dac3586-50dd-41d3-a53c-b98ccef684d8",
              "parentUUID": "011fab31-66d2-4b74-8944-6fd6ccfd02b1",
              "isHook": true,
              "skipped": false
            },
[...]
                    {
                      "title": "should get the correct rank",
                      "fullTitle": "sorted-set test skip map rewrite #rank should get the correct rank",
                      "timedOut": false,
                      "duration": 0,
                      "state": "passed",
                      "speed": "fast",
                      "pass": true,
                      "fail": false,
                      "pending": false,
                      "context": null,
                      "code": "let ss = new sorted_set_1.SortedSet();\nss.add('5a600e10', 16);\nss.add('5a600e11', 6);\nss.add('5a600e12', 17);\nss.add('5a600e13', 11);\nss.add('5a600e14', 14);\nss.add('5a600e15', 19);\nss.add('5a600e16', 3);\nss.add('5a600e17', 12);\nss.add('5a600e18', 10);\nchai_1.expect(ss.rank('5a600e12')).to.equal(7);\nchai_1.expect(ss.rank('5a600e13')).to.equal(3);\nchai_1.expect(ss.rank('5a600e16')).to.equal(0);\nchai_1.expect(ss.rank('5a600e15')).to.equal(8);\nchai_1.expect(ss.rank('not in set')).to.equal(null);",
                      "err": {},
                      "uuid": "4bc90586-7a68-4c8b-abf4-934d9f8d0452",
                      "parentUUID": "37043e22-bbb8-49ab-92eb-2d15a8f384a0",
                      "isHook": false,
                      "skipped": false
                    }
                  ],
                  "suites": [],
                  "passes": [
                    "4bc90586-7a68-4c8b-abf4-934d9f8d0452"
                  ],
                  "failures": [],
                  "pending": [],
                  "skipped": [],
                  "duration": 0,
                  "root": false,
                  "rootEmpty": false,
                  "_timeout": 5000
                },
                {
                  "uuid": "96fb4d88-43db-42eb-b6c2-94fe8e7e05c6",
                  "title": "#rem",
                  "fullFile": "/home/lane/git/redis/test/resp/data/sorted-set.test.ts",
                  "file": "/test/resp/data/sorted-set.test.ts",
                  "beforeHooks": [],
                  "afterHooks": [],
                  "tests": [
                    {
                      "title": "should delete special elements",
                      "fullTitle": "sorted-set test skip map rewrite #rem should delete special elements",
                      "timedOut": false,
                      "duration": 0,
                      "state": "passed",
                      "speed": "fast",
                      "pass": true,
                      "fail": false,
                      "pending": false,
                      "context": null,
                      "code": "let ss = new sorted_set_1.SortedSet();\nss.add('5a600e10', 16);\nss.add('5a600e11', 6);\nss.add('5a600e12', 17);\nss.add('5a600e13', 11);\nss.add('5a600e14', 14);\nss.add('5a600e15', 19);\nss.add('5a600e16', 3);\nss.add('5a600e17', 12);\nss.add('5a600e18', 10);\nchai_1.expect(ss.rem('5a600e15')).to.equal(19);\nchai_1.expect(ss).to.have.length(8);\nchai_1.expect(ss.rem('5a600e16')).to.equal(3);\nchai_1.expect(ss).to.have.length(7);\nchai_1.expect(ss.toArray({ withScores: true })).to.eql([\n    ['5a600e11', 6],\n    ['5a600e18', 10],\n    ['5a600e13', 11],\n    ['5a600e17', 12],\n    ['5a600e14', 14],\n    ['5a600e10', 16],\n    ['5a600e12', 17],\n]);",
                      "err": {},
                      "uuid": "b8fe1bd2-c164-4afd-8ffd-482bde01228f",
                      "parentUUID": "96fb4d88-43db-42eb-b6c2-94fe8e7e05c6",
                      "isHook": false,
                      "skipped": false
                    },
                    {
                      "title": "should delete many elements",
                      "fullTitle": "sorted-set test skip map rewrite #rem should delete many elements",
                      "timedOut": false,
                      "duration": 1,
                      "state": "passed",
                      "speed": "fast",
                      "pass": true,
                      "fail": false,
                      "pending": false,
                      "context": null,
                      "code": "let ss = new sorted_set_1.SortedSet();\nss.add('5a600e10', 16);\nss.add('5a600e11', 6);\nss.add('5a600e12', 17);\nss.add('5a600e13', 11);\nss.add('5a600e14', 14);\nss.add('5a600e15', 19);\nss.add('5a600e16', 3);\nss.add('5a600e17', 12);\nss.add('5a600e18', 10);\nchai_1.expect(ss.rem('5a600e11')).to.equal(6);\nchai_1.expect(ss.rem('5a600e13')).to.equal(11);\nchai_1.expect(ss.rem('5a600e14')).to.equal(14);\nchai_1.expect(ss.rem('5a600e15')).to.equal(19);\nchai_1.expect(ss.rem('5a600e16')).to.equal(3);\nchai_1.expect(ss.rem('5a600e17')).to.equal(12);\nchai_1.expect(ss.length).to.equal(3);\nchai_1.expect(ss.toArray({ withScores: true })).to.eql([\n    ['5a600e18', 10],\n    ['5a600e10', 16],\n    ['5a600e12', 17],\n]);",
                      "err": {},
                      "uuid": "9049cdcf-1be0-491e-a2f7-6fa80bfacdca",
                      "parentUUID": "96fb4d88-43db-42eb-b6c2-94fe8e7e05c6",
                      "isHook": false,
                      "skipped": false
                    }
                  ],
                  "suites": [],
                  "passes": [
                    "b8fe1bd2-c164-4afd-8ffd-482bde01228f",
                    "9049cdcf-1be0-491e-a2f7-6fa80bfacdca"
                  ],
                  "failures": [],
                  "pending": [],
                  "skipped": [],
                  "duration": 1,
                  "root": false,
                  "rootEmpty": false,
                  "_timeout": 5000
                },
                {
                  "uuid": "9d6e7ee5-5827-4f9c-8500-ee6038b9f897",
                  "title": "#remRangeByScore",
                  "fullFile": "/home/lane/git/redis/test/resp/data/sorted-set.test.ts",
                  "file": "/test/resp/data/sorted-set.test.ts",
                  "beforeHooks": [],
                  "afterHooks": [],
                  "tests": [
                    {
                      "title": "should strip out a range of elements",
                      "fullTitle": "sorted-set test skip map rewrite #remRangeByScore should strip out a range of elements",
                      "timedOut": false,
                      "duration": 1,
                      "state": "passed",
                      "speed": "fast",
                      "pass": true,
                      "fail": false,
                      "pending": false,
                      "context": null,
                      "code": "let ss = new sorted_set_1.SortedSet();\nss.add('5a600e10', 16);\nss.add('5a600e11', 6);\nss.add('5a600e12', 17);\nss.add('5a600e13', 11);\nss.add('5a600e14', 14);\nss.add('5a600e15', 19);\nss.add('5a600e16', 3);\nss.add('5a600e17', 12);\nss.add('5a600e18', 10);\nchai_1.expect(ss.remRangeByScore(4, 14)).to.equal(5);\nchai_1.expect(ss).to.have.length(4);\nchai_1.expect(ss.toArray({ withScores: true })).to.eql([\n    ['5a600e16', 3],\n    ['5a600e10', 16],\n    ['5a600e12', 17],\n    ['5a600e15', 19],\n]);",
                      "err": {},
                      "uuid": "df7a9e07-6d9e-4585-adef-73e93aa2d593",
                      "parentUUID": "9d6e7ee5-5827-4f9c-8500-ee6038b9f897",
                      "isHook": false,
                      "skipped": false
                    },
                    {
                      "title": "should strip out all the elements",
                      "fullTitle": "sorted-set test skip map rewrite #remRangeByScore should strip out all the elements",
                      "timedOut": false,
                      "duration": 1,
                      "state": "passed",
                      "speed": "fast",
                      "pass": true,
                      "fail": false,
                      "pending": false,
                      "context": null,
                      "code": "let ss = new sorted_set_1.SortedSet();\nss.add('5a600e10', 16);\nss.add('5a600e11', 6);\nss.add('5a600e12', 17);\nss.add('5a600e13', 11);\nss.add('5a600e14', 14);\nss.add('5a600e15', 19);\nss.add('5a600e16', 3);\nss.add('5a600e17', 12);\nss.add('5a600e18', 10);\nchai_1.expect(ss.remRangeByScore(3, 19)).to.equal(9);\nchai_1.expect(ss).to.have.length(0);\nchai_1.expect(ss.toArray()).to.eql([]);",
                      "err": {},
                      "uuid": "e74d2792-8c7c-4d5b-a439-27a5f8922992",
                      "parentUUID": "9d6e7ee5-5827-4f9c-8500-ee6038b9f897",
                      "isHook": false,
                      "skipped": false
                    }
                  ],
                  "suites": [],
                  "passes": [
                    "df7a9e07-6d9e-4585-adef-73e93aa2d593",
                    "e74d2792-8c7c-4d5b-a439-27a5f8922992"
                  ],
                  "failures": [],
                  "pending": [],
                  "skipped": [],
                  "duration": 2,
                  "root": false,
                  "rootEmpty": false,
                  "_timeout": 5000
                },
                {
                  "uuid": "44a2adb4-0b0a-4094-baef-e6a590da6cfd",
                  "title": "#remRangeByRank",
                  "fullFile": "/home/lane/git/redis/test/resp/data/sorted-set.test.ts",
                  "file": "/test/resp/data/sorted-set.test.ts",
                  "beforeHooks": [],
                  "afterHooks": [],
                  "tests": [
                    {
                      "title": "should strip out a slice of elements",
                      "fullTitle": "sorted-set test skip map rewrite #remRangeByRank should strip out a slice of elements",
                      "timedOut": false,
                      "duration": 1,
                      "state": "passed",
                      "speed": "fast",
                      "pass": true,
                      "fail": false,
                      "pending": false,
                      "context": null,
                      "code": "let ss = new sorted_set_1.SortedSet();\nss.add('5a600e10', 16);\nss.add('5a600e11', 6);\nss.add('5a600e12', 17);\nss.add('5a600e13', 11);\nss.add('5a600e14', 14);\nss.add('5a600e15', 19);\nss.add('5a600e16', 3);\nss.add('5a600e17', 12);\nss.add('5a600e18', 10);\nchai_1.expect(ss.remRangeByRank(1, 6)).to.equal(5);\nchai_1.expect(ss).to.have.length(4);\nchai_1.expect(ss.toArray({ withScores: true })).to.eql([\n    ['5a600e16', 3],\n    ['5a600e10', 16],\n    ['5a600e12', 17],\n    ['5a600e15', 19],\n]);",
                      "err": {},
                      "uuid": "3e78e1d6-1d21-4576-b951-7aafabb3ef5e",
                      "parentUUID": "44a2adb4-0b0a-4094-baef-e6a590da6cfd",
                      "isHook": false,
                      "skipped": false
                    },
                    {
                      "title": "should strip out all elements",
                      "fullTitle": "sorted-set test skip map rewrite #remRangeByRank should strip out all elements",
                      "timedOut": false,
                      "duration": 0,
                      "state": "passed",
                      "speed": "fast",
                      "pass": true,
                      "fail": false,
                      "pending": false,
                      "context": null,
                      "code": "let ss = new sorted_set_1.SortedSet();\nss.add('5a600e10', 16);\nss.add('5a600e11', 6);\nss.add('5a600e12', 17);\nss.add('5a600e13', 11);\nss.add('5a600e14', 14);\nss.add('5a600e15', 19);\nss.add('5a600e16', 3);\nss.add('5a600e17', 12);\nss.add('5a600e18', 10);\nchai_1.expect(ss.remRangeByRank(0, 9)).to.equal(9);\nchai_1.expect(ss).to.have.length(0);\nchai_1.expect(ss.toArray()).to.eql([]);",
                      "err": {},
                      "uuid": "a8dfbe5a-855b-4a8e-8f7c-0c08bfc70e97",
                      "parentUUID": "44a2adb4-0b0a-4094-baef-e6a590da6cfd",
                      "isHook": false,
                      "skipped": false
                    }
                  ],
                  "suites": [],
                  "passes": [
                    "3e78e1d6-1d21-4576-b951-7aafabb3ef5e",
                    "a8dfbe5a-855b-4a8e-8f7c-0c08bfc70e97"
                  ],
                  "failures": [],
                  "pending": [],
                  "skipped": [],
                  "duration": 1,
                  "root": false,
                  "rootEmpty": false,
                  "_timeout": 5000
                },
                {
                  "uuid": "32da5580-1481-447c-961f-e2a9e6fafc8a",
                  "title": "#values",
                  "fullFile": "/home/lane/git/redis/test/resp/data/sorted-set.test.ts",
                  "file": "/test/resp/data/sorted-set.test.ts",
                  "beforeHooks": [],
                  "afterHooks": [],
                  "tests": [
                    {
                      "title": "should return the values",
                      "fullTitle": "sorted-set test skip map rewrite #values should return the values",
                      "timedOut": false,
                      "duration": 1,
                      "state": "passed",
                      "speed": "fast",
                      "pass": true,
                      "fail": false,
                      "pending": false,
                      "context": null,
                      "code": "let ss = new sorted_set_1.SortedSet();\nss.add('first', -1);\nss.add('third', 5);\nss.add('second', 3);\nchai_1.expect(ss.values()).to.eql([-1, 3, 5]);",
                      "err": {},
                      "uuid": "87a1959f-470c-4a73-af61-16131a380964",
                      "parentUUID": "32da5580-1481-447c-961f-e2a9e6fafc8a",
                      "isHook": false,
                      "skipped": false
                    }
                  ],
                  "suites": [],
                  "passes": [
                    "87a1959f-470c-4a73-af61-16131a380964"
                  ],
                  "failures": [],
                  "pending": [],
                  "skipped": [],
                  "duration": 1,
                  "root": false,
                  "rootEmpty": false,
                  "_timeout": 5000
                },
                {
                  "uuid": "138aad08-14b5-4956-a24d-6f17e2f844ea",
                  "title": "unique rewrite",
                  "fullFile": "/home/lane/git/redis/test/resp/data/sorted-set.test.ts",
                  "file": "/test/resp/data/sorted-set.test.ts",
                  "beforeHooks": [],
                  "afterHooks": [],
                  "tests": [
                    {
                      "title": "should ensure values are unique",
                      "fullTitle": "sorted-set test skip map rewrite unique rewrite should ensure values are unique",
                      "timedOut": false,
                      "duration": 1,
                      "state": "passed",
                      "speed": "fast",
                      "pass": true,
                      "fail": false,
                      "pending": false,
                      "context": null,
                      "code": "const options = { unique: true };\nlet ss = new sorted_set_1.SortedSet(options);\nss.add('5a600e10', 16);\nss.add('5a600e11', 6);\nss.add('5a600e12', 17);\nss.add('5a600e13', 11);\nss.add('5a600e14', 14);\nss.add('5a600e15', 19);\nss.add('5a600e16', 3);\nss.add('5a600e17', 12);\nss.add('5a600e18', 10);\nchai_1.expect(() => {\n    ss.add('5a600e19', 11);\n}).to.throw(/unique/);\n// quick exit test\nchai_1.expect(() => {\n    ss.add('5a600dff', ss._head.next[ss._level - 1].next.value);\n}).to.throw(/unique/);\n// this test ensures the key < key check doesn't come into play\nchai_1.expect(() => {\n    ss.add('5a600dff', 11);\n}).to.throw(/unique/);\nchai_1.expect(() => {\n    ss.add('5a600e18', 10);\n}).to.not.throw();\nchai_1.expect(ss).to.have.length(9);\nchai_1.expect(ss.toArray({ withScores: true })).to.eql([\n    ['5a600e16', 3],\n    ['5a600e11', 6],\n    ['5a600e18', 10],\n    ['5a600e13', 11],\n    ['5a600e17', 12],\n    ['5a600e14', 14],\n    ['5a600e10', 16],\n    ['5a600e12', 17],\n    ['5a600e15', 19],\n]);",
                      "err": {},
                      "uuid": "15a29035-bb2c-4a7b-80b0-638f3d44405b",
                      "parentUUID": "138aad08-14b5-4956-a24d-6f17e2f844ea",
                      "isHook": false,
                      "skipped": false
                    },
                    {
                      "title": "should revert keys if constraint broken during update",
                      "fullTitle": "sorted-set test skip map rewrite unique rewrite should revert keys if constraint broken during update",
                      "timedOut": false,
                      "duration": 0,
                      "state": "passed",
                      "speed": "fast",
                      "pass": true,
                      "fail": false,
                      "pending": false,
                      "context": null,
                      "code": "let ss = new sorted_set_1.SortedSet({ unique: true });\nss.add('5a600e10', 16);\nss.add('5a600e11', 6);\nss.add('5a600e12', 17);\nss.add('5a600e13', 11);\nss.add('5a600e14', 14);\nss.add('5a600e15', 19);\nss.add('5a600e16', 3);\nss.add('5a600e17', 12);\nss.add('5a600e18', 10);\nchai_1.expect(() => {\n    ss.add('5a600e13', 14);\n}).to.throw(/unique/);\nchai_1.expect(ss).to.have.length(9);\nchai_1.expect(ss.score('5a600e13')).to.equal(11);",
                      "err": {},
                      "uuid": "192a9ae9-38f0-4892-9e47-0a51147328e8",
                      "parentUUID": "138aad08-14b5-4956-a24d-6f17e2f844ea",
                      "isHook": false,
                      "skipped": false
                    }
                  ],
                  "suites": [],
                  "passes": [
                    "15a29035-bb2c-4a7b-80b0-638f3d44405b",
                    "192a9ae9-38f0-4892-9e47-0a51147328e8"
                  ],
                  "failures": [],
                  "pending": [],
                  "skipped": [],
                  "duration": 1,
                  "root": false,
                  "rootEmpty": false,
                  "_timeout": 5000
                }
              ],
              "passes": [
                "66a49146-8298-49ef-a5f0-77fef4d7315b"
              ],
              "failures": [],
              "pending": [],
              "skipped": [],
              "duration": 1,
              "root": false,
              "rootEmpty": false,
              "_timeout": 5000
            }
          ],
          "passes": [
            "796196c4-f01d-4fa7-833e-7c4fbf2efec0",
            "a4e52dc3-fee0-44e9-a50f-40316ed86cb2",
            "da758090-148c-40e2-9b62-e7738338b20f",
            "bdf255b5-d050-4977-9e97-d16ba80cc03b",
            "af91fea9-84b3-475b-9263-1dc82ca0aea5",
            "1cb1bcd8-7c61-4ead-aedf-b19d8dcbabe6",
            "12514292-f85c-4e96-a564-f321517f095b",
            "16b7d16d-7a9c-4b97-be75-077d7d126999"
          ],
          "failures": [],
          "pending": [
            "99e16552-22bf-470d-a0b1-579a53f59fa5"
          ],
          "skipped": [],
          "duration": 7,
          "root": false,
          "rootEmpty": false,
          "_timeout": 5000
        }
      ],
      "passes": [],
      "failures": [],
      "pending": [],
      "skipped": [],
      "duration": 0,
      "root": true,
      "rootEmpty": true,
      "_timeout": 5000
    }
  ],
  "meta": {
    "mocha": {
      "version": "6.2.2"
    },
    "mochawesome": {
      "options": {
        "quiet": false,
        "reportFilename": "mochawesome",
        "saveHtml": true,
        "saveJson": true,
        "consoleReporter": "spec",
        "useInlineDiffs": false
      },
      "version": "4.1.0"
    },
    "marge": {
      "options": {
        "reportDir": "docs/mochawesome"
      },
      "version": "4.1.0"
    }
  }
}