{
  "stats": {
    "suites": 1,
    "tests": 7,
    "passes": 7,
    "pending": 0,
    "failures": 0,
    "start": "2023-12-10T15:25:09.180Z",
    "end": "2023-12-10T15:25:09.329Z",
    "duration": 149,
    "testsRegistered": 7,
    "passPercent": 100,
    "pendingPercent": 0,
    "other": 0,
    "hasOther": false,
    "skipped": 0,
    "hasSkipped": false
  },
  "results": [
    {
      "uuid": "f4d4795b-cc85-4ae2-a30a-4173fd3f16ab",
      "title": "",
      "fullFile": "/home/lane/git/redis/test/lua/lua-bit.test.ts",
      "file": "/test/lua/lua-bit.test.ts",
      "beforeHooks": [
        {
          "title": "\"before all\" hook in \"{root}\"",
          "fullTitle": "\"before all\" hook in \"{root}\"",
          "timedOut": false,
          "duration": 0,
          "state": null,
          "speed": null,
          "pass": false,
          "fail": false,
          "pending": false,
          "context": null,
          "code": "done();",
          "err": {},
          "uuid": "aff1a0e4-d609-4bed-b08f-bc08491b7969",
          "parentUUID": "f4d4795b-cc85-4ae2-a30a-4173fd3f16ab",
          "isHook": true,
          "skipped": false
        }
      ],
      "afterHooks": [
        {
          "title": "\"after all\" hook in \"{root}\"",
          "fullTitle": "\"after all\" hook in \"{root}\"",
          "timedOut": false,
          "duration": 0,
          "state": null,
          "speed": null,
          "pass": false,
          "fail": false,
          "pending": false,
          "context": null,
          "code": "__awaiter(void 0, void 0, void 0, function* () {\n})",
          "err": {},
          "uuid": "25ed105a-9c3a-4e92-be5d-ff7d96ae8a8a",
          "parentUUID": "f4d4795b-cc85-4ae2-a30a-4173fd3f16ab",
          "isHook": true,
          "skipped": false
        }
      ],
      "tests": [],
      "suites": [
        {
          "uuid": "aea1aae5-2f8a-4062-b917-252dd7415883",
          "title": "lua-bit test",
          "fullFile": "/home/lane/git/redis/test/lua/lua-bit.test.ts",
          "file": "/test/lua/lua-bit.test.ts",
          "beforeHooks": [
            {
              "title": "\"before all\" hook in \"lua-bit test\"",
              "fullTitle": "lua-bit test \"before all\" hook in \"lua-bit test\"",
              "timedOut": false,
              "duration": 38,
              "state": null,
              "speed": null,
              "pass": false,
              "fail": false,
              "pending": false,
              "context": null,
              "code": "respServer = new resp_server_1.RespServer();\nrespServer.on(\"ready\", () => __awaiter(void 0, void 0, void 0, function* () {\n    yield (0, common_test_1.sendCommand)(client, [\"flushall\"]);\n    yield (0, common_test_1.sendCommand)(client, [\n        \"select\",\n        \"0\"\n    ]);\n    yield (0, common_test_1.sendCommand)(client, [\n        \"script\",\n        \"flush\"\n    ]);\n    done();\n}));\nrespServer.start();",
              "err": {},
              "uuid": "22002051-bc8c-4dc7-ac79-3d08a2834f4a",
              "parentUUID": "aea1aae5-2f8a-4062-b917-252dd7415883",
              "isHook": true,
              "skipped": false
            },
            {
              "title": "\"before each\" hook in \"lua-bit test\"",
              "fullTitle": "lua-bit test \"before each\" hook in \"lua-bit test\"",
              "timedOut": false,
              "duration": 0,
              "state": null,
              "speed": null,
              "pass": false,
              "fail": false,
              "pending": false,
              "context": null,
              "code": "sinon.createSandbox();",
              "err": {},
              "uuid": "df8fa5b6-4358-4d6a-8724-5d1e6eb0654e",
              "parentUUID": "aea1aae5-2f8a-4062-b917-252dd7415883",
              "isHook": true,
              "skipped": false
            }
          ],
          "afterHooks": [
            {
              "title": "\"after all\" hook in \"lua-bit test\"",
              "fullTitle": "lua-bit test \"after all\" hook in \"lua-bit test\"",
              "timedOut": false,
              "duration": 1,
              "state": null,
              "speed": null,
              "pass": false,
              "fail": false,
              "pending": false,
              "context": null,
              "code": "__awaiter(void 0, void 0, void 0, function* () {\n        yield respServer.stop();\n    })",
              "err": {},
              "uuid": "2b54ef34-cf8a-4231-940b-f968e2e17f0a",
              "parentUUID": "aea1aae5-2f8a-4062-b917-252dd7415883",
              "isHook": true,
              "skipped": false
            },
            {
              "title": "\"after each\" hook in \"lua-bit test\"",
              "fullTitle": "lua-bit test \"after each\" hook in \"lua-bit test\"",
              "timedOut": false,
              "duration": 0,
              "state": null,
              "speed": null,
              "pass": false,
              "fail": false,
              "pending": false,
              "context": null,
              "code": "sinon.restore();",
              "err": {},
              "uuid": "e9029efb-554b-4f48-8494-3b4c8ca4b1a3",
              "parentUUID": "aea1aae5-2f8a-4062-b917-252dd7415883",
              "isHook": true,
              "skipped": false
            }
          ],
          "tests": [
            {
              "title": "should leverage the LUA bit library for bit AND op",
              "fullTitle": "lua-bit test should leverage the LUA bit library for bit AND op",
              "timedOut": false,
              "duration": 34,
              "state": "passed",
              "speed": "fast",
              "pass": true,
              "fail": false,
              "pending": false,
              "context": null,
              "code": "__awaiter(void 0, void 0, void 0, function* () {\n        response = yield (0, common_test_1.sendCommand)(client, [\n            \"eval\",\n            \"local val = bit.band(5, 1) return val \",\n            \"0\"\n        ]);\n        (0, chai_1.expect)(response).to.equal(1);\n    })",
              "err": {},
              "uuid": "8d536073-d401-4227-8ac1-03a430fae3d0",
              "parentUUID": "aea1aae5-2f8a-4062-b917-252dd7415883",
              "isHook": false,
              "skipped": false
            },
            {
              "title": "should leverage the LUA bit library for bit OR op",
              "fullTitle": "lua-bit test should leverage the LUA bit library for bit OR op",
              "timedOut": false,
              "duration": 9,
              "state": "passed",
              "speed": "fast",
              "pass": true,
              "fail": false,
              "pending": false,
              "context": null,
              "code": "__awaiter(void 0, void 0, void 0, function* () {\n        response = yield (0, common_test_1.sendCommand)(client, [\n            \"eval\",\n            \"local val = bit.bor(5, 1) return val \",\n            \"0\"\n        ]);\n        (0, chai_1.expect)(response).to.equal(5);\n    })",
              "err": {},
              "uuid": "9642d559-e8a6-4d96-9b31-c17bcab96c7f",
              "parentUUID": "aea1aae5-2f8a-4062-b917-252dd7415883",
              "isHook": false,
              "skipped": false
            },
            {
              "title": "should leverage the LUA bit library for bit XOR op",
              "fullTitle": "lua-bit test should leverage the LUA bit library for bit XOR op",
              "timedOut": false,
              "duration": 10,
              "state": "passed",
              "speed": "fast",
              "pass": true,
              "fail": false,
              "pending": false,
              "context": null,
              "code": "__awaiter(void 0, void 0, void 0, function* () {\n        response = yield (0, common_test_1.sendCommand)(client, [\n            \"eval\",\n            \"local val = bit.bxor(5, 1) return val \",\n            \"0\"\n        ]);\n        (0, chai_1.expect)(response).to.equal(4);\n    })",
              "err": {},
              "uuid": "5a9999c7-8b12-4fdb-a45f-8e52c8ceace5",
              "parentUUID": "aea1aae5-2f8a-4062-b917-252dd7415883",
              "isHook": false,
              "skipped": false
            },
            {
              "title": "should leverage the LUA bit library for bit NOT op",
              "fullTitle": "lua-bit test should leverage the LUA bit library for bit NOT op",
              "timedOut": false,
              "duration": 13,
              "state": "passed",
              "speed": "fast",
              "pass": true,
              "fail": false,
              "pending": false,
              "context": null,
              "code": "__awaiter(void 0, void 0, void 0, function* () {\n        response = yield (0, common_test_1.sendCommand)(client, [\n            \"eval\",\n            \"local val = bit.bnot(5) return val \",\n            \"0\"\n        ]);\n        (0, chai_1.expect)(response).to.equal(-6);\n    })",
              "err": {},
              "uuid": "3996cce8-c69d-4d44-aa41-ea280cd29445",
              "parentUUID": "aea1aae5-2f8a-4062-b917-252dd7415883",
              "isHook": false,
              "skipped": false
            },
            {
              "title": "should leverage the LUA bit library for bit LSHIFT op",
              "fullTitle": "lua-bit test should leverage the LUA bit library for bit LSHIFT op",
              "timedOut": false,
              "duration": 9,
              "state": "passed",
              "speed": "fast",
              "pass": true,
              "fail": false,
              "pending": false,
              "context": null,
              "code": "__awaiter(void 0, void 0, void 0, function* () {\n        response = yield (0, common_test_1.sendCommand)(client, [\n            \"eval\",\n            \"local val = bit.lshift(5, 1) return val \",\n            \"0\"\n        ]);\n        (0, chai_1.expect)(response).to.equal(10);\n    })",
              "err": {},
              "uuid": "fa591d38-292e-42bd-bcfd-75adf101dcf4",
              "parentUUID": "aea1aae5-2f8a-4062-b917-252dd7415883",
              "isHook": false,
              "skipped": false
            },
            {
              "title": "should leverage the LUA bit library for bit RSHIFT op",
              "fullTitle": "lua-bit test should leverage the LUA bit library for bit RSHIFT op",
              "timedOut": false,
              "duration": 14,
              "state": "passed",
              "speed": "fast",
              "pass": true,
              "fail": false,
              "pending": false,
              "context": null,
              "code": "__awaiter(void 0, void 0, void 0, function* () {\n        let response = yield (0, common_test_1.sendCommand)(new net.Socket(), [\n            \"info\",\n            \"server\"\n        ]);\n        // Only run this test if this is unit-redis-ness\n        if (!(/redis_version:5/gim).test(response)) {\n            response = yield (0, common_test_1.sendCommand)(client, [\n                \"eval\",\n                \"local val = bit.rshift(-5, 1) return val \",\n                \"0\"\n            ]);\n            (0, chai_1.expect)(response).to.equal(-3);\n        }\n    })",
              "err": {},
              "uuid": "afaf8e88-5420-471d-80f1-ed3a842e22db",
              "parentUUID": "aea1aae5-2f8a-4062-b917-252dd7415883",
              "isHook": false,
              "skipped": false
            },
            {
              "title": "should leverage the LUA bit library for bit ARSHIFT op",
              "fullTitle": "lua-bit test should leverage the LUA bit library for bit ARSHIFT op",
              "timedOut": false,
              "duration": 11,
              "state": "passed",
              "speed": "fast",
              "pass": true,
              "fail": false,
              "pending": false,
              "context": null,
              "code": "__awaiter(void 0, void 0, void 0, function* () {\n        response = yield (0, common_test_1.sendCommand)(client, [\n            \"eval\",\n            \"local val = bit.arshift(5, 1) return val \",\n            \"0\"\n        ]);\n        (0, chai_1.expect)(response).to.equal(2);\n    })",
              "err": {},
              "uuid": "6878dfe5-618c-4fab-90ff-a714c06c1b84",
              "parentUUID": "aea1aae5-2f8a-4062-b917-252dd7415883",
              "isHook": false,
              "skipped": false
            }
          ],
          "suites": [],
          "passes": [
            "8d536073-d401-4227-8ac1-03a430fae3d0",
            "9642d559-e8a6-4d96-9b31-c17bcab96c7f",
            "5a9999c7-8b12-4fdb-a45f-8e52c8ceace5",
            "3996cce8-c69d-4d44-aa41-ea280cd29445",
            "fa591d38-292e-42bd-bcfd-75adf101dcf4",
            "afaf8e88-5420-471d-80f1-ed3a842e22db",
            "6878dfe5-618c-4fab-90ff-a714c06c1b84"
          ],
          "failures": [],
          "pending": [],
          "skipped": [],
          "duration": 100,
          "root": false,
          "rootEmpty": false,
          "_timeout": 2000
        }
      ],
      "passes": [],
      "failures": [],
      "pending": [],
      "skipped": [],
      "duration": 0,
      "root": true,
      "rootEmpty": true,
      "_timeout": 2000
    }
  ],
  "meta": {
    "mocha": {
      "version": "10.2.0"
    },
    "mochawesome": {
      "options": {
        "quiet": false,
        "reportFilename": "mochawesome",
        "saveHtml": true,
        "saveJson": true,
        "consoleReporter": "spec",
        "useInlineDiffs": false,
        "code": true
      },
      "version": "7.1.3"
    },
    "marge": {
      "options": {
        "reportDir": "docs/mochawesome"
      },
      "version": "6.2.0"
    }
  }
}