<?xml version="1.0" ?>
<!DOCTYPE coverage SYSTEM "http://cobertura.sourceforge.net/xml/coverage-04.dtd">
<coverage lines-valid="860" lines-covered="776" line-rate="0.9023" branches-valid="224" branches-covered="179" branch-rate="0.7990999999999999" timestamp="1578274796140" complexity="0" version="0.1">
  <sources>
    <source>/home/lane/git/redis</source>
  </sources>
  <packages>
    <package name="src" line-rate="0.9783" branch-rate="0.8787999999999999">
      <classes>
        <class name="client.ts" filename="src/client.ts" line-rate="0.9655" branch-rate="0.75">
          <methods>
            <method name="(anonymous_0)" hits="101" signature="()V">
              <lines>
                <line number="12" hits="101"/>
              </lines>
            </method>
            <method name="(anonymous_1)" hits="101" signature="()V">
              <lines>
                <line number="18" hits="101"/>
              </lines>
            </method>
            <method name="(anonymous_2)" hits="101" signature="()V">
              <lines>
                <line number="20" hits="101"/>
              </lines>
            </method>
            <method name="(anonymous_3)" hits="31" signature="()V">
              <lines>
                <line number="26" hits="31"/>
              </lines>
            </method>
            <method name="(anonymous_4)" hits="70" signature="()V">
              <lines>
                <line number="31" hits="70"/>
              </lines>
            </method>
            <method name="(anonymous_5)" hits="0" signature="()V">
              <lines>
                <line number="42" hits="0"/>
              </lines>
            </method>
            <method name="(anonymous_6)" hits="54" signature="()V">
              <lines>
                <line number="46" hits="54"/>
              </lines>
            </method>
          </methods>
          <lines>
            <line number="2" hits="1" branch="false"/>
            <line number="3" hits="1" branch="false"/>
            <line number="6" hits="1" branch="false"/>
            <line number="7" hits="1" branch="false"/>
            <line number="9" hits="1" branch="false"/>
            <line number="10" hits="1" branch="false"/>
            <line number="12" hits="1" branch="false"/>
            <line number="13" hits="101" branch="false"/>
            <line number="14" hits="101" branch="false"/>
            <line number="15" hits="301" branch="false"/>
            <line number="17" hits="101" branch="false"/>
            <line number="18" hits="101" branch="false"/>
            <line number="19" hits="101" branch="false"/>
            <line number="20" hits="101" branch="false"/>
            <line number="21" hits="101" branch="false"/>
            <line number="23" hits="101" branch="false"/>
            <line number="24" hits="101" branch="false"/>
            <line number="27" hits="31" branch="false"/>
            <line number="29" hits="31" branch="false"/>
            <line number="32" hits="70" branch="false"/>
            <line number="34" hits="70" branch="false"/>
            <line number="38" hits="101" branch="false"/>
            <line number="39" hits="101" branch="false"/>
            <line number="42" hits="101" branch="false"/>
            <line number="43" hits="0" branch="false"/>
            <line number="45" hits="101" branch="true" condition-coverage="100% (4/4)"/>
            <line number="46" hits="54" branch="true" condition-coverage="50% (2/4)"/>
            <line number="47" hits="54" branch="false"/>
            <line number="50" hits="47" branch="false"/>
          </lines>
        </class>
        <class name="decorators.ts" filename="src/decorators.ts" line-rate="1" branch-rate="1">
          <methods>
            <method name="(anonymous_1)" hits="8" signature="()V">
              <lines>
                <line number="9" hits="8"/>
              </lines>
            </method>
            <method name="(anonymous_2)" hits="8" signature="()V">
              <lines>
                <line number="12" hits="8"/>
              </lines>
            </method>
            <method name="(anonymous_3)" hits="17" signature="()V">
              <lines>
                <line number="20" hits="17"/>
              </lines>
            </method>
            <method name="(anonymous_4)" hits="17" signature="()V">
              <lines>
                <line number="23" hits="17"/>
              </lines>
            </method>
            <method name="(anonymous_5)" hits="15" signature="()V">
              <lines>
                <line number="32" hits="15"/>
              </lines>
            </method>
            <method name="(anonymous_6)" hits="15" signature="()V">
              <lines>
                <line number="35" hits="15"/>
              </lines>
            </method>
            <method name="(anonymous_7)" hits="15" signature="()V">
              <lines>
                <line number="44" hits="15"/>
              </lines>
            </method>
            <method name="(anonymous_8)" hits="15" signature="()V">
              <lines>
                <line number="47" hits="15"/>
              </lines>
            </method>
          </methods>
          <lines>
            <line number="1" hits="1" branch="false"/>
            <line number="4" hits="1" branch="false"/>
            <line number="9" hits="1" branch="false"/>
            <line number="10" hits="8" branch="false"/>
            <line number="12" hits="8" branch="false"/>
            <line number="13" hits="8" branch="false"/>
            <line number="20" hits="1" branch="false"/>
            <line number="21" hits="17" branch="false"/>
            <line number="23" hits="17" branch="false"/>
            <line number="24" hits="17" branch="false"/>
            <line number="32" hits="1" branch="false"/>
            <line number="33" hits="15" branch="false"/>
            <line number="35" hits="15" branch="false"/>
            <line number="36" hits="15" branch="false"/>
            <line number="44" hits="1" branch="false"/>
            <line number="45" hits="15" branch="false"/>
            <line number="47" hits="15" branch="false"/>
            <line number="48" hits="15" branch="false"/>
          </lines>
        </class>
        <class name="dictionary.ts" filename="src/dictionary.ts" line-rate="1" branch-rate="1">
          <methods>
            <method name="(anonymous_0)" hits="124" signature="()V">
              <lines>
                <line number="9" hits="124"/>
              </lines>
            </method>
            <method name="(anonymous_1)" hits="2" signature="()V">
              <lines>
                <line number="21" hits="2"/>
              </lines>
            </method>
            <method name="(anonymous_2)" hits="5" signature="()V">
              <lines>
                <line number="28" hits="5"/>
              </lines>
            </method>
            <method name="(anonymous_3)" hits="1" signature="()V">
              <lines>
                <line number="46" hits="1"/>
              </lines>
            </method>
            <method name="(anonymous_4)" hits="1" signature="()V">
              <lines>
                <line number="47" hits="1"/>
              </lines>
            </method>
            <method name="(anonymous_5)" hits="1" signature="()V">
              <lines>
                <line number="56" hits="1"/>
              </lines>
            </method>
            <method name="(anonymous_6)" hits="2" signature="()V">
              <lines>
                <line number="64" hits="2"/>
              </lines>
            </method>
            <method name="(anonymous_7)" hits="924" signature="()V">
              <lines>
                <line number="72" hits="924"/>
              </lines>
            </method>
            <method name="(anonymous_8)" hits="3" signature="()V">
              <lines>
                <line number="79" hits="3"/>
              </lines>
            </method>
            <method name="(anonymous_9)" hits="355" signature="()V">
              <lines>
                <line number="89" hits="355"/>
              </lines>
            </method>
            <method name="(anonymous_10)" hits="13" signature="()V">
              <lines>
                <line number="98" hits="13"/>
              </lines>
            </method>
            <method name="(anonymous_11)" hits="4" signature="()V">
              <lines>
                <line number="109" hits="4"/>
              </lines>
            </method>
            <method name="(anonymous_12)" hits="2" signature="()V">
              <lines>
                <line number="116" hits="2"/>
              </lines>
            </method>
          </methods>
          <lines>
            <line number="9" hits="1" branch="false"/>
            <line number="10" hits="124" branch="false"/>
            <line number="22" hits="2" branch="false"/>
            <line number="23" hits="2" branch="false"/>
            <line number="24" hits="2" branch="false"/>
            <line number="29" hits="5" branch="true" condition-coverage="100% (2/2)"/>
            <line number="30" hits="3" branch="false"/>
            <line number="35" hits="2" branch="false"/>
            <line number="47" hits="1" branch="false"/>
            <line number="48" hits="1" branch="false"/>
            <line number="57" hits="1" branch="false"/>
            <line number="65" hits="2" branch="false"/>
            <line number="73" hits="924" branch="false"/>
            <line number="80" hits="3" branch="false"/>
            <line number="90" hits="355" branch="false"/>
            <line number="91" hits="355" branch="false"/>
            <line number="99" hits="13" branch="false"/>
            <line number="100" hits="13" branch="true" condition-coverage="100% (2/2)"/>
            <line number="101" hits="9" branch="false"/>
            <line number="103" hits="13" branch="false"/>
            <line number="110" hits="4" branch="false"/>
            <line number="117" hits="2" branch="false"/>
          </lines>
        </class>
        <class name="logger.ts" filename="src/logger.ts" line-rate="0.9565" branch-rate="0.9048">
          <methods>
            <method name="(anonymous_1)" hits="670" signature="()V">
              <lines>
                <line number="19" hits="670"/>
              </lines>
            </method>
            <method name="(anonymous_2)" hits="287" signature="()V">
              <lines>
                <line number="28" hits="287"/>
              </lines>
            </method>
            <method name="(anonymous_3)" hits="2471" signature="()V">
              <lines>
                <line number="37" hits="2471"/>
              </lines>
            </method>
            <method name="(anonymous_4)" hits="106" signature="()V">
              <lines>
                <line number="44" hits="106"/>
              </lines>
            </method>
            <method name="(anonymous_5)" hits="2864" signature="()V">
              <lines>
                <line number="53" hits="2864"/>
              </lines>
            </method>
          </methods>
          <lines>
            <line number="1" hits="1" branch="false"/>
            <line number="13" hits="1" branch="false"/>
            <line number="19" hits="670" branch="false"/>
            <line number="20" hits="670" branch="true" condition-coverage="100% (2/2)"/>
            <line number="21" hits="669" branch="true" condition-coverage="50% (1/2)"/>
            <line number="22" hits="669" branch="false"/>
            <line number="24" hits="1" branch="false"/>
            <line number="26" hits="669" branch="false"/>
            <line number="28" hits="670" branch="false"/>
            <line number="29" hits="287" branch="true" condition-coverage="80% (4/5)"/>
            <line number="31" hits="0" branch="false"/>
            <line number="34" hits="287" branch="false"/>
            <line number="37" hits="670" branch="false"/>
            <line number="38" hits="2471" branch="true" condition-coverage="100% (5/5)"/>
            <line number="39" hits="487" branch="false"/>
            <line number="41" hits="1984" branch="false"/>
            <line number="44" hits="670" branch="false"/>
            <line number="45" hits="106" branch="true" condition-coverage="100% (5/5)"/>
            <line number="47" hits="6" branch="false"/>
            <line number="50" hits="100" branch="false"/>
            <line number="54" hits="2864" branch="true" condition-coverage="100% (2/2)"/>
            <line number="55" hits="393" branch="false"/>
            <line number="59" hits="2471" branch="false"/>
          </lines>
        </class>
      </classes>
    </package>
    <package name="src.resp.data" line-rate="0.6235" branch-rate="0.4474">
      <classes>
        <class name="data-type.ts" filename="src/resp/data/data-type.ts" line-rate="1" branch-rate="1">
          <methods>
            <method name="(anonymous_0)" hits="1" signature="()V">
              <lines>
                <line number="1" hits="1"/>
              </lines>
            </method>
          </methods>
          <lines>
            <line number="1" hits="1" branch="true" condition-coverage="100% (2/2)"/>
            <line number="2" hits="1" branch="false"/>
            <line number="3" hits="1" branch="false"/>
            <line number="4" hits="1" branch="false"/>
            <line number="5" hits="1" branch="false"/>
            <line number="6" hits="1" branch="false"/>
            <line number="7" hits="1" branch="false"/>
          </lines>
        </class>
        <class name="database-value.ts" filename="src/resp/data/database-value.ts" line-rate="0.4878" branch-rate="0.21050000000000002">
          <methods>
            <method name="(anonymous_0)" hits="42" signature="()V">
              <lines>
                <line number="99" hits="42"/>
              </lines>
            </method>
            <method name="(anonymous_1)" hits="6" signature="()V">
              <lines>
                <line number="16" hits="6"/>
              </lines>
            </method>
            <method name="(anonymous_2)" hits="1" signature="()V">
              <lines>
                <line number="20" hits="1"/>
              </lines>
            </method>
            <method name="(anonymous_3)" hits="1" signature="()V">
              <lines>
                <line number="32" hits="1"/>
              </lines>
            </method>
            <method name="(anonymous_4)" hits="1" signature="()V">
              <lines>
                <line number="35" hits="1"/>
              </lines>
            </method>
            <method name="(anonymous_5)" hits="0" signature="()V">
              <lines>
                <line number="60" hits="0"/>
              </lines>
            </method>
            <method name="(anonymous_6)" hits="40" signature="()V">
              <lines>
                <line number="109" hits="40"/>
              </lines>
            </method>
            <method name="(anonymous_7)" hits="36" signature="()V">
              <lines>
                <line number="113" hits="36"/>
              </lines>
            </method>
            <method name="(anonymous_8)" hits="0" signature="()V">
              <lines>
                <line number="117" hits="0"/>
              </lines>
            </method>
            <method name="(anonymous_9)" hits="0" signature="()V">
              <lines>
                <line number="121" hits="0"/>
              </lines>
            </method>
            <method name="(anonymous_10)" hits="9" signature="()V">
              <lines>
                <line number="131" hits="9"/>
              </lines>
            </method>
            <method name="(anonymous_11)" hits="0" signature="()V">
              <lines>
                <line number="135" hits="0"/>
              </lines>
            </method>
            <method name="(anonymous_12)" hits="0" signature="()V">
              <lines>
                <line number="146" hits="0"/>
              </lines>
            </method>
            <method name="(anonymous_13)" hits="0" signature="()V">
              <lines>
                <line number="150" hits="0"/>
              </lines>
            </method>
            <method name="(anonymous_14)" hits="5" signature="()V">
              <lines>
                <line number="157" hits="5"/>
              </lines>
            </method>
            <method name="(anonymous_15)" hits="0" signature="()V">
              <lines>
                <line number="164" hits="0"/>
              </lines>
            </method>
            <method name="(anonymous_16)" hits="0" signature="()V">
              <lines>
                <line number="176" hits="0"/>
              </lines>
            </method>
            <method name="(anonymous_17)" hits="0" signature="()V">
              <lines>
                <line number="183" hits="0"/>
              </lines>
            </method>
            <method name="(anonymous_18)" hits="45" signature="()V">
              <lines>
                <line number="187" hits="45"/>
              </lines>
            </method>
            <method name="(anonymous_19)" hits="0" signature="()V">
              <lines>
                <line number="192" hits="0"/>
              </lines>
            </method>
            <method name="(anonymous_20)" hits="69" signature="()V">
              <lines>
                <line number="205" hits="69"/>
              </lines>
            </method>
            <method name="(anonymous_21)" hits="0" signature="()V">
              <lines>
                <line number="209" hits="0"/>
              </lines>
            </method>
          </methods>
          <lines>
            <line number="1" hits="1" branch="false"/>
            <line number="3" hits="1" branch="false"/>
            <line number="5" hits="1" branch="false"/>
            <line number="6" hits="1" branch="false"/>
            <line number="7" hits="1" branch="false"/>
            <line number="8" hits="1" branch="false"/>
            <line number="9" hits="1" branch="false"/>
            <line number="17" hits="6" branch="false"/>
            <line number="21" hits="1" branch="false"/>
            <line number="33" hits="1" branch="false"/>
            <line number="36" hits="1" branch="false"/>
            <line number="61" hits="0" branch="false"/>
            <line number="99" hits="42" branch="false"/>
            <line number="100" hits="42" branch="true" condition-coverage="75% (3/4)"/>
            <line number="101" hits="0" branch="false"/>
            <line number="110" hits="40" branch="false"/>
            <line number="114" hits="36" branch="false"/>
            <line number="118" hits="0" branch="false"/>
            <line number="123" hits="0" branch="false"/>
            <line number="132" hits="9" branch="false"/>
            <line number="136" hits="0" branch="false"/>
            <line number="138" hits="0" branch="false"/>
            <line number="140" hits="0" branch="false"/>
            <line number="142" hits="0" branch="false"/>
            <line number="147" hits="0" branch="true" condition-coverage="0% (0/2)"/>
            <line number="151" hits="0" branch="true" condition-coverage="0% (0/2)"/>
            <line number="152" hits="0" branch="false"/>
            <line number="154" hits="0" branch="false"/>
            <line number="158" hits="5" branch="true" condition-coverage="50% (1/2)"/>
            <line number="159" hits="0" branch="false"/>
            <line number="161" hits="5" branch="false"/>
            <line number="165" hits="0" branch="true" condition-coverage="0% (0/2)"/>
            <line number="168" hits="0" branch="false"/>
            <line number="170" hits="0" branch="false"/>
            <line number="177" hits="0" branch="false"/>
            <line number="184" hits="0" branch="false"/>
            <line number="188" hits="45" branch="false"/>
            <line number="193" hits="0" branch="true" condition-coverage="0% (0/2)"/>
            <line number="206" hits="69" branch="false"/>
            <line number="210" hits="0" branch="true" condition-coverage="0% (0/2)"/>
            <line number="211" hits="0" branch="false"/>
          </lines>
        </class>
        <class name="database.ts" filename="src/resp/data/database.ts" line-rate="0.7027" branch-rate="0.6470999999999999">
          <methods>
            <method name="(anonymous_0)" hits="12" signature="()V">
              <lines>
                <line number="6" hits="12"/>
              </lines>
            </method>
            <method name="(anonymous_1)" hits="0" signature="()V">
              <lines>
                <line number="9" hits="0"/>
              </lines>
            </method>
            <method name="(anonymous_2)" hits="9" signature="()V">
              <lines>
                <line number="13" hits="9"/>
              </lines>
            </method>
            <method name="(anonymous_3)" hits="137" signature="()V">
              <lines>
                <line number="17" hits="137"/>
              </lines>
            </method>
            <method name="(anonymous_4)" hits="2" signature="()V">
              <lines>
                <line number="50" hits="2"/>
              </lines>
            </method>
            <method name="(anonymous_5)" hits="1" signature="()V">
              <lines>
                <line number="57" hits="1"/>
              </lines>
            </method>
            <method name="(anonymous_6)" hits="0" signature="()V">
              <lines>
                <line number="77" hits="0"/>
              </lines>
            </method>
            <method name="(anonymous_7)" hits="91" signature="()V">
              <lines>
                <line number="85" hits="91"/>
              </lines>
            </method>
            <method name="(anonymous_8)" hits="0" signature="()V">
              <lines>
                <line number="98" hits="0"/>
              </lines>
            </method>
          </methods>
          <lines>
            <line number="1" hits="1" branch="false"/>
            <line number="2" hits="1" branch="false"/>
            <line number="3" hits="1" branch="false"/>
            <line number="6" hits="1" branch="false"/>
            <line number="7" hits="12" branch="false"/>
            <line number="10" hits="0" branch="false"/>
            <line number="14" hits="9" branch="false"/>
            <line number="15" hits="9" branch="false"/>
            <line number="18" hits="137" branch="false"/>
            <line number="19" hits="137" branch="true" condition-coverage="100% (5/5)"/>
            <line number="20" hits="5" branch="false"/>
            <line number="21" hits="5" branch="false"/>
            <line number="23" hits="132" branch="false"/>
            <line number="51" hits="2" branch="false"/>
            <line number="52" hits="2" branch="true" condition-coverage="100% (2/2)"/>
            <line number="53" hits="1" branch="false"/>
            <line number="55" hits="2" branch="false"/>
            <line number="58" hits="1" branch="false"/>
            <line number="59" hits="1" branch="true" condition-coverage="50% (1/2)"/>
            <line number="60" hits="1" branch="false"/>
            <line number="62" hits="1" branch="false"/>
            <line number="78" hits="0" branch="false"/>
            <line number="79" hits="0" branch="true" condition-coverage="0% (0/2)"/>
            <line number="80" hits="0" branch="false"/>
            <line number="82" hits="0" branch="false"/>
            <line number="86" hits="91" branch="false"/>
            <line number="87" hits="91" branch="true" condition-coverage="50% (1/2)"/>
            <line number="88" hits="0" branch="false"/>
            <line number="90" hits="91" branch="false"/>
            <line number="91" hits="91" branch="true" condition-coverage="100% (2/2)"/>
            <line number="92" hits="28" branch="false"/>
            <line number="95" hits="63" branch="false"/>
            <line number="99" hits="0" branch="false"/>
            <line number="100" hits="0" branch="true" condition-coverage="0% (0/2)"/>
            <line number="101" hits="0" branch="false"/>
            <line number="102" hits="0" branch="false"/>
            <line number="104" hits="0" branch="false"/>
          </lines>
        </class>
      </classes>
    </package>
    <package name="src.resp.processor" line-rate="0.8687" branch-rate="0.6667000000000001">
      <classes>
        <class name="command-suite.ts" filename="src/resp/processor/command-suite.ts" line-rate="1" branch-rate="1">
          <methods>
            <method name="(anonymous_0)" hits="11" signature="()V">
              <lines>
                <line number="29" hits="11"/>
              </lines>
            </method>
            <method name="(anonymous_1)" hits="101" signature="()V">
              <lines>
                <line number="49" hits="101"/>
              </lines>
            </method>
            <method name="(anonymous_2)" hits="198" signature="()V">
              <lines>
                <line number="56" hits="198"/>
              </lines>
            </method>
          </methods>
          <lines>
            <line number="1" hits="1" branch="false"/>
            <line number="2" hits="1" branch="false"/>
            <line number="3" hits="1" branch="false"/>
            <line number="4" hits="1" branch="false"/>
            <line number="5" hits="1" branch="false"/>
            <line number="6" hits="1" branch="false"/>
            <line number="7" hits="1" branch="false"/>
            <line number="8" hits="1" branch="false"/>
            <line number="9" hits="1" branch="false"/>
            <line number="10" hits="1" branch="false"/>
            <line number="11" hits="1" branch="false"/>
            <line number="12" hits="1" branch="false"/>
            <line number="13" hits="1" branch="false"/>
            <line number="14" hits="1" branch="false"/>
            <line number="15" hits="1" branch="false"/>
            <line number="16" hits="1" branch="false"/>
            <line number="17" hits="1" branch="false"/>
            <line number="19" hits="1" branch="false"/>
            <line number="20" hits="1" branch="false"/>
            <line number="21" hits="1" branch="false"/>
            <line number="23" hits="1" branch="false"/>
            <line number="24" hits="11" branch="false"/>
            <line number="25" hits="11" branch="false"/>
            <line number="26" hits="11" branch="false"/>
            <line number="27" hits="11" branch="false"/>
            <line number="28" hits="11" branch="false"/>
            <line number="30" hits="11" branch="false"/>
            <line number="31" hits="11" branch="false"/>
            <line number="32" hits="11" branch="false"/>
            <line number="33" hits="11" branch="false"/>
            <line number="34" hits="11" branch="false"/>
            <line number="35" hits="11" branch="false"/>
            <line number="36" hits="11" branch="false"/>
            <line number="37" hits="11" branch="false"/>
            <line number="38" hits="11" branch="false"/>
            <line number="39" hits="11" branch="false"/>
            <line number="40" hits="11" branch="false"/>
            <line number="41" hits="11" branch="false"/>
            <line number="42" hits="11" branch="false"/>
            <line number="43" hits="11" branch="false"/>
            <line number="44" hits="11" branch="false"/>
            <line number="45" hits="11" branch="false"/>
            <line number="46" hits="11" branch="false"/>
            <line number="47" hits="11" branch="false"/>
            <line number="50" hits="101" branch="false"/>
            <line number="51" hits="101" branch="true" condition-coverage="100% (2/2)"/>
            <line number="52" hits="1" branch="false"/>
            <line number="54" hits="100" branch="false"/>
            <line number="57" hits="198" branch="false"/>
          </lines>
        </class>
        <class name="command-wrapper-factory.ts" filename="src/resp/processor/command-wrapper-factory.ts" line-rate="1" branch-rate="1">
          <methods>
            <method name="(anonymous_0)" hits="198" signature="()V">
              <lines>
                <line number="5" hits="198"/>
              </lines>
            </method>
          </methods>
          <lines>
            <line number="1" hits="1" branch="false"/>
            <line number="4" hits="1" branch="false"/>
            <line number="6" hits="198" branch="false"/>
          </lines>
        </class>
        <class name="command-wrapper.ts" filename="src/resp/processor/command-wrapper.ts" line-rate="0.7234" branch-rate="0.6364">
          <methods>
            <method name="(anonymous_0)" hits="198" signature="()V">
              <lines>
                <line number="16" hits="198"/>
              </lines>
            </method>
            <method name="(anonymous_1)" hits="0" signature="()V">
              <lines>
                <line number="27" hits="0"/>
              </lines>
            </method>
            <method name="(anonymous_2)" hits="0" signature="()V">
              <lines>
                <line number="30" hits="0"/>
              </lines>
            </method>
            <method name="(anonymous_3)" hits="100" signature="()V">
              <lines>
                <line number="33" hits="100"/>
              </lines>
            </method>
            <method name="(anonymous_4)" hits="0" signature="()V">
              <lines>
                <line number="68" hits="0"/>
              </lines>
            </method>
            <method name="(anonymous_5)" hits="89" signature="()V">
              <lines>
                <line number="71" hits="89"/>
              </lines>
            </method>
            <method name="(anonymous_6)" hits="0" signature="()V">
              <lines>
                <line number="74" hits="0"/>
              </lines>
            </method>
            <method name="(anonymous_7)" hits="89" signature="()V">
              <lines>
                <line number="80" hits="89"/>
              </lines>
            </method>
            <method name="(anonymous_8)" hits="89" signature="()V">
              <lines>
                <line number="86" hits="89"/>
              </lines>
            </method>
            <method name="(anonymous_9)" hits="100" signature="()V">
              <lines>
                <line number="90" hits="100"/>
              </lines>
            </method>
            <method name="(anonymous_10)" hits="89" signature="()V">
              <lines>
                <line number="113" hits="89"/>
              </lines>
            </method>
          </methods>
          <lines>
            <line number="1" hits="1" branch="false"/>
            <line number="4" hits="1" branch="false"/>
            <line number="6" hits="1" branch="false"/>
            <line number="9" hits="1" branch="false"/>
            <line number="10" hits="198" branch="false"/>
            <line number="11" hits="198" branch="false"/>
            <line number="12" hits="198" branch="false"/>
            <line number="15" hits="198" branch="false"/>
            <line number="16" hits="198" branch="false"/>
            <line number="17" hits="198" branch="false"/>
            <line number="18" hits="198" branch="true" condition-coverage="100% (2/2)"/>
            <line number="19" hits="110" branch="false"/>
            <line number="21" hits="198" branch="false"/>
            <line number="22" hits="198" branch="false"/>
            <line number="24" hits="198" branch="false"/>
            <line number="25" hits="198" branch="false"/>
            <line number="28" hits="0" branch="false"/>
            <line number="31" hits="0" branch="false"/>
            <line number="34" hits="100" branch="false"/>
            <line number="35" hits="100" branch="false"/>
            <line number="36" hits="100" branch="false"/>
            <line number="37" hits="100" branch="false"/>
            <line number="38" hits="100" branch="false"/>
            <line number="39" hits="100" branch="false"/>
            <line number="41" hits="9" branch="false"/>
            <line number="42" hits="9" branch="false"/>
            <line number="46" hits="2" branch="false"/>
            <line number="49" hits="0" branch="false"/>
            <line number="52" hits="0" branch="false"/>
            <line number="53" hits="0" branch="false"/>
            <line number="55" hits="89" branch="true" condition-coverage="50% (1/2)"/>
            <line number="56" hits="89" branch="false"/>
            <line number="57" hits="89" branch="false"/>
            <line number="59" hits="0" branch="true" condition-coverage="0% (0/2)"/>
            <line number="60" hits="0" branch="false"/>
            <line number="61" hits="0" branch="false"/>
            <line number="64" hits="0" branch="false"/>
            <line number="65" hits="0" branch="false"/>
            <line number="69" hits="0" branch="false"/>
            <line number="72" hits="89" branch="false"/>
            <line number="75" hits="0" branch="false"/>
            <line number="77" hits="0" branch="false"/>
            <line number="81" hits="89" branch="false"/>
            <line number="82" hits="89" branch="true" condition-coverage="50% (1/2)"/>
            <line number="87" hits="89" branch="false"/>
            <line number="91" hits="100" branch="false"/>
            <line number="115" hits="89" branch="false"/>
          </lines>
        </class>
      </classes>
    </package>
    <package name="src.resp.processor.command" line-rate="1" branch-rate="0.9595999999999999">
      <classes>
        <class name="client-command.ts" filename="src/resp/processor/command/client-command.ts" line-rate="1" branch-rate="1">
          <methods>
            <method name="(anonymous_2)" hits="11" signature="()V">
              <lines>
                <line number="135" hits="11"/>
              </lines>
            </method>
            <method name="(anonymous_3)" hits="12" signature="()V">
              <lines>
                <line number="138" hits="12"/>
              </lines>
            </method>
            <method name="(anonymous_4)" hits="4" signature="()V">
              <lines>
                <line number="153" hits="4"/>
              </lines>
            </method>
            <method name="(anonymous_5)" hits="3" signature="()V">
              <lines>
                <line number="165" hits="3"/>
              </lines>
            </method>
            <method name="(anonymous_6)" hits="2" signature="()V">
              <lines>
                <line number="177" hits="2"/>
              </lines>
            </method>
            <method name="(anonymous_7)" hits="2" signature="()V">
              <lines>
                <line number="185" hits="2"/>
              </lines>
            </method>
          </methods>
          <lines>
            <line number="1" hits="1" branch="false"/>
            <line number="2" hits="1" branch="false"/>
            <line number="4" hits="1" branch="false"/>
            <line number="8" hits="1" branch="false"/>
            <line number="135" hits="1" branch="false"/>
            <line number="136" hits="1" branch="false"/>
            <line number="137" hits="11" branch="false"/>
            <line number="139" hits="12" branch="false"/>
            <line number="140" hits="12" branch="false"/>
            <line number="142" hits="4" branch="false"/>
            <line number="144" hits="3" branch="false"/>
            <line number="146" hits="2" branch="false"/>
            <line number="148" hits="2" branch="false"/>
            <line number="150" hits="1" branch="false"/>
            <line number="154" hits="4" branch="true" condition-coverage="100% (2/2)"/>
            <line number="155" hits="3" branch="false"/>
            <line number="156" hits="3" branch="true" condition-coverage="100% (2/2)"/>
            <line number="157" hits="1" branch="false"/>
            <line number="159" hits="2" branch="false"/>
            <line number="162" hits="1" branch="false"/>
            <line number="166" hits="3" branch="true" condition-coverage="100% (2/2)"/>
            <line number="167" hits="1" branch="false"/>
            <line number="169" hits="2" branch="false"/>
            <line number="170" hits="2" branch="false"/>
            <line number="171" hits="2" branch="true" condition-coverage="100% (2/2)"/>
            <line number="172" hits="1" branch="false"/>
            <line number="174" hits="1" branch="false"/>
            <line number="175" hits="1" branch="false"/>
            <line number="178" hits="2" branch="true" condition-coverage="100% (2/2)"/>
            <line number="179" hits="1" branch="false"/>
            <line number="180" hits="1" branch="false"/>
            <line number="182" hits="1" branch="false"/>
            <line number="186" hits="2" branch="false"/>
            <line number="187" hits="2" branch="true" condition-coverage="100% (2/2)"/>
            <line number="188" hits="1" branch="false"/>
            <line number="189" hits="1" branch="false"/>
            <line number="190" hits="1" branch="false"/>
            <line number="191" hits="1" branch="false"/>
            <line number="192" hits="1" branch="false"/>
            <line number="193" hits="1" branch="false"/>
            <line number="194" hits="1" branch="false"/>
            <line number="219" hits="1" branch="false"/>
            <line number="221" hits="1" branch="false"/>
          </lines>
        </class>
        <class name="dbsize-command.ts" filename="src/resp/processor/command/dbsize-command.ts" line-rate="1" branch-rate="1">
          <methods>
            <method name="(anonymous_1)" hits="11" signature="()V">
              <lines>
                <line number="21" hits="11"/>
              </lines>
            </method>
            <method name="(anonymous_2)" hits="2" signature="()V">
              <lines>
                <line number="23" hits="2"/>
              </lines>
            </method>
          </methods>
          <lines>
            <line number="1" hits="1" branch="false"/>
            <line number="2" hits="1" branch="false"/>
            <line number="5" hits="1" branch="false"/>
            <line number="21" hits="1" branch="false"/>
            <line number="22" hits="11" branch="false"/>
            <line number="24" hits="2" branch="false"/>
            <line number="25" hits="2" branch="false"/>
          </lines>
        </class>
        <class name="del-command.ts" filename="src/resp/processor/command/del-command.ts" line-rate="1" branch-rate="1">
          <methods>
            <method name="(anonymous_1)" hits="11" signature="()V">
              <lines>
                <line number="21" hits="11"/>
              </lines>
            </method>
            <method name="(anonymous_2)" hits="3" signature="()V">
              <lines>
                <line number="23" hits="3"/>
              </lines>
            </method>
          </methods>
          <lines>
            <line number="1" hits="1" branch="false"/>
            <line number="2" hits="1" branch="false"/>
            <line number="4" hits="1" branch="false"/>
            <line number="6" hits="1" branch="false"/>
            <line number="21" hits="1" branch="false"/>
            <line number="22" hits="11" branch="false"/>
            <line number="24" hits="3" branch="false"/>
            <line number="25" hits="3" branch="false"/>
            <line number="26" hits="3" branch="false"/>
            <line number="27" hits="6" branch="true" condition-coverage="100% (2/2)"/>
            <line number="28" hits="3" branch="false"/>
            <line number="31" hits="3" branch="false"/>
          </lines>
        </class>
        <class name="echo-command.ts" filename="src/resp/processor/command/echo-command.ts" line-rate="1" branch-rate="1">
          <methods>
            <method name="(anonymous_1)" hits="11" signature="()V">
              <lines>
                <line number="10" hits="11"/>
              </lines>
            </method>
            <method name="(anonymous_2)" hits="1" signature="()V">
              <lines>
                <line number="12" hits="1"/>
              </lines>
            </method>
          </methods>
          <lines>
            <line number="1" hits="1" branch="false"/>
            <line number="2" hits="1" branch="false"/>
            <line number="4" hits="1" branch="false"/>
            <line number="10" hits="1" branch="false"/>
            <line number="11" hits="11" branch="false"/>
            <line number="13" hits="1" branch="false"/>
            <line number="14" hits="1" branch="false"/>
          </lines>
        </class>
        <class name="exists-command.ts" filename="src/resp/processor/command/exists-command.ts" line-rate="1" branch-rate="1">
          <methods>
            <method name="(anonymous_1)" hits="11" signature="()V">
              <lines>
                <line number="38" hits="11"/>
              </lines>
            </method>
            <method name="(anonymous_2)" hits="3" signature="()V">
              <lines>
                <line number="40" hits="3"/>
              </lines>
            </method>
          </methods>
          <lines>
            <line number="1" hits="1" branch="false"/>
            <line number="2" hits="1" branch="false"/>
            <line number="4" hits="1" branch="false"/>
            <line number="6" hits="1" branch="false"/>
            <line number="38" hits="1" branch="false"/>
            <line number="39" hits="11" branch="false"/>
            <line number="41" hits="3" branch="false"/>
            <line number="42" hits="3" branch="false"/>
            <line number="43" hits="3" branch="false"/>
            <line number="44" hits="9" branch="true" condition-coverage="100% (2/2)"/>
            <line number="45" hits="2" branch="false"/>
            <line number="48" hits="3" branch="false"/>
          </lines>
        </class>
        <class name="get-command.ts" filename="src/resp/processor/command/get-command.ts" line-rate="1" branch-rate="1">
          <methods>
            <method name="(anonymous_1)" hits="11" signature="()V">
              <lines>
                <line number="20" hits="11"/>
              </lines>
            </method>
            <method name="(anonymous_2)" hits="11" signature="()V">
              <lines>
                <line number="22" hits="11"/>
              </lines>
            </method>
          </methods>
          <lines>
            <line number="1" hits="1" branch="false"/>
            <line number="2" hits="1" branch="false"/>
            <line number="4" hits="1" branch="false"/>
            <line number="6" hits="1" branch="false"/>
            <line number="20" hits="1" branch="false"/>
            <line number="21" hits="11" branch="false"/>
            <line number="23" hits="11" branch="false"/>
            <line number="24" hits="11" branch="false"/>
            <line number="25" hits="11" branch="false"/>
            <line number="26" hits="11" branch="false"/>
            <line number="27" hits="11" branch="true" condition-coverage="100% (2/2)"/>
            <line number="28" hits="6" branch="false"/>
            <line number="30" hits="5" branch="false"/>
          </lines>
        </class>
        <class name="hget-command.ts" filename="src/resp/processor/command/hget-command.ts" line-rate="1" branch-rate="1">
          <methods>
            <method name="(anonymous_1)" hits="11" signature="()V">
              <lines>
                <line number="25" hits="11"/>
              </lines>
            </method>
            <method name="(anonymous_2)" hits="4" signature="()V">
              <lines>
                <line number="27" hits="4"/>
              </lines>
            </method>
          </methods>
          <lines>
            <line number="1" hits="1" branch="false"/>
            <line number="2" hits="1" branch="false"/>
            <line number="4" hits="1" branch="false"/>
            <line number="7" hits="1" branch="false"/>
            <line number="25" hits="1" branch="false"/>
            <line number="26" hits="11" branch="false"/>
            <line number="28" hits="4" branch="false"/>
            <line number="30" hits="4" branch="false"/>
            <line number="31" hits="4" branch="true" condition-coverage="100% (2/2)"/>
            <line number="32" hits="1" branch="false"/>
            <line number="34" hits="3" branch="false"/>
            <line number="35" hits="3" branch="true" condition-coverage="100% (2/2)"/>
            <line number="36" hits="1" branch="false"/>
            <line number="38" hits="2" branch="false"/>
          </lines>
        </class>
        <class name="hset-command.ts" filename="src/resp/processor/command/hset-command.ts" line-rate="1" branch-rate="1">
          <methods>
            <method name="(anonymous_1)" hits="11" signature="()V">
              <lines>
                <line number="28" hits="11"/>
              </lines>
            </method>
            <method name="(anonymous_2)" hits="7" signature="()V">
              <lines>
                <line number="30" hits="7"/>
              </lines>
            </method>
          </methods>
          <lines>
            <line number="1" hits="1" branch="false"/>
            <line number="2" hits="1" branch="false"/>
            <line number="4" hits="1" branch="false"/>
            <line number="6" hits="1" branch="false"/>
            <line number="7" hits="1" branch="false"/>
            <line number="28" hits="1" branch="false"/>
            <line number="29" hits="11" branch="false"/>
            <line number="31" hits="7" branch="false"/>
            <line number="33" hits="7" branch="true" condition-coverage="100% (2/2)"/>
            <line number="34" hits="1" branch="false"/>
            <line number="37" hits="6" branch="false"/>
            <line number="38" hits="6" branch="false"/>
            <line number="39" hits="6" branch="false"/>
            <line number="40" hits="6" branch="false"/>
            <line number="41" hits="6" branch="true" condition-coverage="100% (2/2)"/>
            <line number="42" hits="5" branch="false"/>
            <line number="43" hits="5" branch="false"/>
            <line number="45" hits="6" branch="false"/>
            <line number="46" hits="6" branch="false"/>
            <line number="47" hits="6" branch="false"/>
            <line number="48" hits="6" branch="false"/>
            <line number="49" hits="6" branch="false"/>
            <line number="50" hits="6" branch="false"/>
            <line number="51" hits="6" branch="false"/>
            <line number="52" hits="6" branch="false"/>
            <line number="53" hits="6" branch="true" condition-coverage="100% (2/2)"/>
            <line number="54" hits="5" branch="false"/>
            <line number="55" hits="5" branch="false"/>
            <line number="57" hits="1" branch="false"/>
            <line number="59" hits="6" branch="false"/>
            <line number="61" hits="6" branch="false"/>
            <line number="65" hits="6" branch="false"/>
            <line number="66" hits="6" branch="false"/>
          </lines>
        </class>
        <class name="incr-command.ts" filename="src/resp/processor/command/incr-command.ts" line-rate="1" branch-rate="0.75">
          <methods>
            <method name="(anonymous_2)" hits="22" signature="()V">
              <lines>
                <line number="40" hits="22"/>
              </lines>
            </method>
            <method name="(anonymous_3)" hits="6" signature="()V">
              <lines>
                <line number="41" hits="6"/>
              </lines>
            </method>
          </methods>
          <lines>
            <line number="1" hits="1" branch="false"/>
            <line number="2" hits="1" branch="false"/>
            <line number="4" hits="1" branch="false"/>
            <line number="6" hits="1" branch="false"/>
            <line number="7" hits="1" branch="false"/>
            <line number="38" hits="1" branch="false"/>
            <line number="39" hits="22" branch="false"/>
            <line number="40" hits="22" branch="false"/>
            <line number="42" hits="6" branch="false"/>
            <line number="43" hits="6" branch="false"/>
            <line number="44" hits="6" branch="false"/>
            <line number="45" hits="6" branch="true" condition-coverage="100% (2/2)"/>
            <line number="46" hits="2" branch="false"/>
            <line number="48" hits="4" branch="false"/>
            <line number="49" hits="4" branch="true" condition-coverage="100% (2/2)"/>
            <line number="50" hits="2" branch="false"/>
            <line number="51" hits="2" branch="false"/>
            <line number="52" hits="2" branch="false"/>
            <line number="56" hits="2" branch="true" condition-coverage="50% (1/2)"/>
            <line number="58" hits="2" branch="false"/>
            <line number="61" hits="4" branch="false"/>
            <line number="63" hits="4" branch="false"/>
            <line number="65" hits="2" branch="false"/>
          </lines>
        </class>
        <class name="incrby-command.ts" filename="src/resp/processor/command/incrby-command.ts" line-rate="1" branch-rate="0.75">
          <methods>
            <method name="(anonymous_2)" hits="22" signature="()V">
              <lines>
                <line number="31" hits="22"/>
              </lines>
            </method>
            <method name="(anonymous_3)" hits="7" signature="()V">
              <lines>
                <line number="32" hits="7"/>
              </lines>
            </method>
          </methods>
          <lines>
            <line number="1" hits="1" branch="false"/>
            <line number="2" hits="1" branch="false"/>
            <line number="4" hits="1" branch="false"/>
            <line number="6" hits="1" branch="false"/>
            <line number="7" hits="1" branch="false"/>
            <line number="29" hits="1" branch="false"/>
            <line number="30" hits="22" branch="false"/>
            <line number="31" hits="22" branch="false"/>
            <line number="33" hits="7" branch="false"/>
            <line number="34" hits="7" branch="false"/>
            <line number="35" hits="7" branch="false"/>
            <line number="36" hits="7" branch="false"/>
            <line number="37" hits="7" branch="true" condition-coverage="100% (2/2)"/>
            <line number="38" hits="3" branch="false"/>
            <line number="40" hits="4" branch="false"/>
            <line number="41" hits="4" branch="true" condition-coverage="100% (2/2)"/>
            <line number="42" hits="3" branch="false"/>
            <line number="43" hits="3" branch="false"/>
            <line number="44" hits="3" branch="false"/>
            <line number="48" hits="3" branch="true" condition-coverage="50% (1/2)"/>
            <line number="50" hits="1" branch="false"/>
            <line number="53" hits="6" branch="false"/>
            <line number="55" hits="6" branch="false"/>
            <line number="57" hits="1" branch="false"/>
          </lines>
        </class>
        <class name="info-command.ts" filename="src/resp/processor/command/info-command.ts" line-rate="1" branch-rate="1">
          <methods>
            <method name="(anonymous_2)" hits="11" signature="()V">
              <lines>
                <line number="13" hits="11"/>
              </lines>
            </method>
            <method name="(anonymous_3)" hits="3" signature="()V">
              <lines>
                <line number="29" hits="3"/>
              </lines>
            </method>
            <method name="(anonymous_4)" hits="3" signature="()V">
              <lines>
                <line number="47" hits="3"/>
              </lines>
            </method>
            <method name="(anonymous_5)" hits="10" signature="()V">
              <lines>
                <line number="52" hits="10"/>
              </lines>
            </method>
            <method name="(anonymous_6)" hits="1" signature="()V">
              <lines>
                <line number="70" hits="1"/>
              </lines>
            </method>
            <method name="(anonymous_7)" hits="1" signature="()V">
              <lines>
                <line number="80" hits="1"/>
              </lines>
            </method>
            <method name="(anonymous_8)" hits="2" signature="()V">
              <lines>
                <line number="83" hits="2"/>
              </lines>
            </method>
            <method name="(anonymous_9)" hits="2" signature="()V">
              <lines>
                <line number="86" hits="2"/>
              </lines>
            </method>
          </methods>
          <lines>
            <line number="1" hits="1" branch="false"/>
            <line number="2" hits="1" branch="false"/>
            <line number="3" hits="1" branch="false"/>
            <line number="7" hits="1" branch="false"/>
            <line number="13" hits="1" branch="false"/>
            <line number="14" hits="1" branch="false"/>
            <line number="15" hits="1" branch="false"/>
            <line number="16" hits="1" branch="false"/>
            <line number="18" hits="1" branch="false"/>
            <line number="19" hits="1" branch="false"/>
            <line number="20" hits="1" branch="false"/>
            <line number="21" hits="1" branch="false"/>
            <line number="22" hits="1" branch="false"/>
            <line number="23" hits="1" branch="false"/>
            <line number="24" hits="1" branch="false"/>
            <line number="25" hits="1" branch="false"/>
            <line number="26" hits="1" branch="false"/>
            <line number="27" hits="11" branch="false"/>
            <line number="30" hits="3" branch="false"/>
            <line number="31" hits="3" branch="false"/>
            <line number="32" hits="3" branch="false"/>
            <line number="33" hits="3" branch="true" condition-coverage="100% (2/2)"/>
            <line number="34" hits="2" branch="false"/>
            <line number="35" hits="2" branch="true" condition-coverage="100% (2/2)"/>
            <line number="36" hits="1" branch="false"/>
            <line number="38" hits="1" branch="false"/>
            <line number="41" hits="1" branch="false"/>
            <line number="42" hits="9" branch="false"/>
            <line number="45" hits="2" branch="false"/>
            <line number="48" hits="3" branch="false"/>
            <line number="53" hits="10" branch="false"/>
            <line number="55" hits="1" branch="false"/>
            <line number="57" hits="1" branch="false"/>
            <line number="59" hits="2" branch="false"/>
            <line number="67" hits="6" branch="false"/>
            <line number="71" hits="1" branch="false"/>
            <line number="81" hits="1" branch="false"/>
            <line number="84" hits="2" branch="false"/>
            <line number="87" hits="2" branch="false"/>
            <line number="88" hits="2" branch="false"/>
            <line number="89" hits="10" branch="false"/>
            <line number="90" hits="10" branch="false"/>
            <line number="91" hits="10" branch="true" condition-coverage="100% (2/2)"/>
            <line number="92" hits="7" branch="false"/>
            <line number="94" hits="3" branch="false"/>
            <line number="95" hits="3" branch="false"/>
            <line number="96" hits="12" branch="false"/>
            <line number="98" hits="3" branch="false"/>
            <line number="101" hits="10" branch="false"/>
            <line number="103" hits="2" branch="false"/>
            <line number="104" hits="2" branch="false"/>
          </lines>
        </class>
        <class name="null-command.ts" filename="src/resp/processor/command/null-command.ts" line-rate="1" branch-rate="1">
          <methods>
            <method name="(anonymous_1)" hits="1" signature="()V">
              <lines>
                <line number="8" hits="1"/>
              </lines>
            </method>
            <method name="(anonymous_2)" hits="2" signature="()V">
              <lines>
                <line number="10" hits="2"/>
              </lines>
            </method>
          </methods>
          <lines>
            <line number="1" hits="1" branch="false"/>
            <line number="3" hits="1" branch="false"/>
            <line number="7" hits="1" branch="false"/>
            <line number="9" hits="1" branch="false"/>
            <line number="10" hits="1" branch="false"/>
            <line number="11" hits="2" branch="false"/>
            <line number="13" hits="1" branch="false"/>
            <line number="14" hits="1" branch="false"/>
          </lines>
        </class>
        <class name="ping-command.ts" filename="src/resp/processor/command/ping-command.ts" line-rate="1" branch-rate="1">
          <methods>
            <method name="(anonymous_1)" hits="1" signature="()V">
              <lines>
                <line number="11" hits="1"/>
              </lines>
            </method>
          </methods>
          <lines>
            <line number="1" hits="1" branch="false"/>
            <line number="3" hits="1" branch="false"/>
            <line number="9" hits="1" branch="false"/>
            <line number="10" hits="1" branch="false"/>
            <line number="12" hits="1" branch="false"/>
          </lines>
        </class>
        <class name="quit-command.ts" filename="src/resp/processor/command/quit-command.ts" line-rate="1" branch-rate="1">
          <methods>
            <method name="(anonymous_1)" hits="1" signature="()V">
              <lines>
                <line number="8" hits="1"/>
              </lines>
            </method>
          </methods>
          <lines>
            <line number="1" hits="1" branch="false"/>
            <line number="3" hits="1" branch="false"/>
            <line number="7" hits="1" branch="false"/>
            <line number="9" hits="1" branch="false"/>
          </lines>
        </class>
        <class name="select-command.ts" filename="src/resp/processor/command/select-command.ts" line-rate="1" branch-rate="1">
          <methods>
            <method name="(anonymous_1)" hits="11" signature="()V">
              <lines>
                <line number="47" hits="11"/>
              </lines>
            </method>
            <method name="(anonymous_2)" hits="4" signature="()V">
              <lines>
                <line number="49" hits="4"/>
              </lines>
            </method>
          </methods>
          <lines>
            <line number="1" hits="1" branch="false"/>
            <line number="2" hits="1" branch="false"/>
            <line number="5" hits="1" branch="false"/>
            <line number="47" hits="1" branch="false"/>
            <line number="48" hits="11" branch="false"/>
            <line number="50" hits="4" branch="false"/>
            <line number="51" hits="4" branch="false"/>
            <line number="52" hits="4" branch="false"/>
            <line number="53" hits="4" branch="true" condition-coverage="100% (2/2)"/>
            <line number="54" hits="2" branch="true" condition-coverage="100% (2/2)"/>
            <line number="55" hits="1" branch="false"/>
            <line number="57" hits="1" branch="false"/>
            <line number="60" hits="2" branch="false"/>
            <line number="62" hits="1" branch="false"/>
            <line number="64" hits="3" branch="false"/>
          </lines>
        </class>
        <class name="set-command.ts" filename="src/resp/processor/command/set-command.ts" line-rate="1" branch-rate="1">
          <methods>
            <method name="(anonymous_1)" hits="11" signature="()V">
              <lines>
                <line number="41" hits="11"/>
              </lines>
            </method>
            <method name="(anonymous_2)" hits="23" signature="()V">
              <lines>
                <line number="43" hits="23"/>
              </lines>
            </method>
            <method name="(anonymous_3)" hits="23" signature="()V">
              <lines>
                <line number="57" hits="23"/>
              </lines>
            </method>
            <method name="(anonymous_4)" hits="46" signature="()V">
              <lines>
                <line number="93" hits="46"/>
              </lines>
            </method>
            <method name="(anonymous_5)" hits="8" signature="()V">
              <lines>
                <line number="96" hits="8"/>
              </lines>
            </method>
            <method name="(anonymous_6)" hits="17" signature="()V">
              <lines>
                <line number="104" hits="17"/>
              </lines>
            </method>
            <method name="(anonymous_7)" hits="17" signature="()V">
              <lines>
                <line number="111" hits="17"/>
              </lines>
            </method>
          </methods>
          <lines>
            <line number="1" hits="1" branch="false"/>
            <line number="2" hits="1" branch="false"/>
            <line number="4" hits="1" branch="false"/>
            <line number="6" hits="1" branch="false"/>
            <line number="7" hits="1" branch="false"/>
            <line number="41" hits="1" branch="false"/>
            <line number="42" hits="11" branch="false"/>
            <line number="44" hits="23" branch="false"/>
            <line number="45" hits="23" branch="false"/>
            <line number="46" hits="23" branch="false"/>
            <line number="47" hits="17" branch="false"/>
            <line number="48" hits="17" branch="false"/>
            <line number="49" hits="17" branch="false"/>
            <line number="50" hits="17" branch="true" condition-coverage="100% (2/2)"/>
            <line number="53" hits="6" branch="false"/>
            <line number="54" hits="6" branch="false"/>
            <line number="58" hits="23" branch="false"/>
            <line number="63" hits="23" branch="true" condition-coverage="100% (2/2)"/>
            <line number="64" hits="14" branch="false"/>
            <line number="65" hits="18" branch="false"/>
            <line number="66" hits="18" branch="true" condition-coverage="100% (2/2)"/>
            <line number="67" hits="3" branch="true" condition-coverage="100% (2/2)"/>
            <line number="68" hits="1" branch="false"/>
            <line number="70" hits="2" branch="false"/>
            <line number="71" hits="15" branch="true" condition-coverage="100% (2/2)"/>
            <line number="72" hits="7" branch="true" condition-coverage="100% (2/2)"/>
            <line number="73" hits="1" branch="false"/>
            <line number="75" hits="6" branch="false"/>
            <line number="76" hits="8" branch="true" condition-coverage="100% (2/2)"/>
            <line number="77" hits="3" branch="true" condition-coverage="100% (2/2)"/>
            <line number="78" hits="1" branch="false"/>
            <line number="80" hits="2" branch="false"/>
            <line number="81" hits="5" branch="true" condition-coverage="100% (2/2)"/>
            <line number="82" hits="4" branch="true" condition-coverage="100% (2/2)"/>
            <line number="83" hits="1" branch="false"/>
            <line number="85" hits="3" branch="false"/>
            <line number="87" hits="1" branch="false"/>
            <line number="91" hits="17" branch="false"/>
            <line number="94" hits="46" branch="false"/>
            <line number="97" hits="8" branch="false"/>
            <line number="98" hits="8" branch="false"/>
            <line number="99" hits="8" branch="true" condition-coverage="100% (2/2)"/>
            <line number="100" hits="1" branch="false"/>
            <line number="102" hits="7" branch="false"/>
            <line number="105" hits="17" branch="false"/>
            <line number="109" hits="17" branch="false"/>
            <line number="113" hits="17" branch="true" condition-coverage="100% (2/2)"/>
            <line number="114" hits="2" branch="false"/>
            <line number="115" hits="15" branch="true" condition-coverage="100% (2/2)"/>
            <line number="116" hits="1" branch="false"/>
            <line number="118" hits="14" branch="false"/>
            <line number="119" hits="14" branch="false"/>
            <line number="120" hits="14" branch="false"/>
            <line number="122" hits="17" branch="false"/>
          </lines>
        </class>
        <class name="time-command.ts" filename="src/resp/processor/command/time-command.ts" line-rate="1" branch-rate="1">
          <methods>
            <method name="(anonymous_1)" hits="1" signature="()V">
              <lines>
                <line number="22" hits="1"/>
              </lines>
            </method>
          </methods>
          <lines>
            <line number="1" hits="1" branch="false"/>
            <line number="4" hits="1" branch="false"/>
            <line number="21" hits="1" branch="false"/>
            <line number="23" hits="1" branch="false"/>
            <line number="24" hits="1" branch="false"/>
          </lines>
        </class>
      </classes>
    </package>
    <package name="src.resp.protocol" line-rate="0.9405" branch-rate="0.8667">
      <classes>
        <class name="abstract-redis-token.ts" filename="src/resp/protocol/abstract-redis-token.ts" line-rate="1" branch-rate="1">
          <methods>
            <method name="(anonymous_0)" hits="172" signature="()V">
              <lines>
                <line number="7" hits="172"/>
              </lines>
            </method>
            <method name="(anonymous_1)" hits="325" signature="()V">
              <lines>
                <line number="9" hits="325"/>
              </lines>
            </method>
            <method name="(anonymous_2)" hits="235" signature="()V">
              <lines>
                <line number="12" hits="235"/>
              </lines>
            </method>
            <method name="(anonymous_3)" hits="299" signature="()V">
              <lines>
                <line number="15" hits="299"/>
              </lines>
            </method>
          </methods>
          <lines>
            <line number="4" hits="1" branch="false"/>
            <line number="5" hits="1" branch="false"/>
            <line number="7" hits="172" branch="false"/>
            <line number="10" hits="325" branch="false"/>
            <line number="13" hits="235" branch="false"/>
            <line number="16" hits="299" branch="false"/>
          </lines>
        </class>
        <class name="array-redis-token.ts" filename="src/resp/protocol/array-redis-token.ts" line-rate="1" branch-rate="1">
          <methods>
            <method name="(anonymous_0)" hits="102" signature="()V">
              <lines>
                <line number="5" hits="102"/>
              </lines>
            </method>
          </methods>
          <lines>
            <line number="1" hits="1" branch="false"/>
            <line number="2" hits="1" branch="false"/>
            <line number="4" hits="1" branch="false"/>
            <line number="6" hits="102" branch="false"/>
          </lines>
        </class>
        <class name="error-redis-token.ts" filename="src/resp/protocol/error-redis-token.ts" line-rate="1" branch-rate="1">
          <methods>
            <method name="(anonymous_0)" hits="31" signature="()V">
              <lines>
                <line number="5" hits="31"/>
              </lines>
            </method>
          </methods>
          <lines>
            <line number="1" hits="1" branch="false"/>
            <line number="2" hits="1" branch="false"/>
            <line number="4" hits="1" branch="false"/>
            <line number="6" hits="31" branch="false"/>
          </lines>
        </class>
        <class name="number-redis-token.ts" filename="src/resp/protocol/number-redis-token.ts" line-rate="1" branch-rate="1">
          <methods>
            <method name="(anonymous_0)" hits="24" signature="()V">
              <lines>
                <line number="5" hits="24"/>
              </lines>
            </method>
          </methods>
          <lines>
            <line number="1" hits="1" branch="false"/>
            <line number="2" hits="1" branch="false"/>
            <line number="4" hits="1" branch="false"/>
            <line number="6" hits="24" branch="false"/>
          </lines>
        </class>
        <class name="redis-token-type.ts" filename="src/resp/protocol/redis-token-type.ts" line-rate="1" branch-rate="1">
          <methods>
            <method name="(anonymous_0)" hits="1" signature="()V">
              <lines>
                <line number="1" hits="1"/>
              </lines>
            </method>
          </methods>
          <lines>
            <line number="1" hits="1" branch="true" condition-coverage="100% (2/2)"/>
            <line number="2" hits="1" branch="false"/>
            <line number="3" hits="1" branch="false"/>
            <line number="4" hits="1" branch="false"/>
            <line number="5" hits="1" branch="false"/>
            <line number="6" hits="1" branch="false"/>
            <line number="7" hits="1" branch="false"/>
          </lines>
        </class>
        <class name="redis-token.ts" filename="src/resp/protocol/redis-token.ts" line-rate="0.9375" branch-rate="0">
          <methods>
            <method name="(anonymous_0)" hits="1" signature="()V">
              <lines>
                <line number="11" hits="1"/>
              </lines>
            </method>
            <method name="(anonymous_1)" hits="18" signature="()V">
              <lines>
                <line number="14" hits="18"/>
              </lines>
            </method>
            <method name="(anonymous_2)" hits="1" signature="()V">
              <lines>
                <line number="17" hits="1"/>
              </lines>
            </method>
            <method name="(anonymous_3)" hits="14" signature="()V">
              <lines>
                <line number="20" hits="14"/>
              </lines>
            </method>
            <method name="(anonymous_4)" hits="0" signature="()V">
              <lines>
                <line number="23" hits="0"/>
              </lines>
            </method>
            <method name="(anonymous_5)" hits="24" signature="()V">
              <lines>
                <line number="26" hits="24"/>
              </lines>
            </method>
            <method name="(anonymous_6)" hits="1" signature="()V">
              <lines>
                <line number="29" hits="1"/>
              </lines>
            </method>
            <method name="(anonymous_7)" hits="31" signature="()V">
              <lines>
                <line number="32" hits="31"/>
              </lines>
            </method>
          </methods>
          <lines>
            <line number="1" hits="1" branch="false"/>
            <line number="2" hits="1" branch="false"/>
            <line number="3" hits="1" branch="false"/>
            <line number="5" hits="1" branch="false"/>
            <line number="6" hits="1" branch="false"/>
            <line number="8" hits="1" branch="false"/>
            <line number="9" hits="1" branch="false"/>
            <line number="10" hits="1" branch="false"/>
            <line number="12" hits="1" branch="false"/>
            <line number="15" hits="18" branch="false"/>
            <line number="18" hits="1" branch="false"/>
            <line number="21" hits="14" branch="false"/>
            <line number="24" hits="0" branch="true" condition-coverage="0% (0/2)"/>
            <line number="27" hits="24" branch="false"/>
            <line number="30" hits="1" branch="false"/>
            <line number="33" hits="31" branch="false"/>
          </lines>
        </class>
        <class name="resp-serialize.ts" filename="src/resp/protocol/resp-serialize.ts" line-rate="1" branch-rate="1">
          <methods>
            <method name="(anonymous_0)" hits="103" signature="()V">
              <lines>
                <line number="14" hits="103"/>
              </lines>
            </method>
            <method name="(anonymous_1)" hits="103" signature="()V">
              <lines>
                <line number="16" hits="103"/>
              </lines>
            </method>
          </methods>
          <lines>
            <line number="1" hits="1" branch="false"/>
            <line number="3" hits="1" branch="false"/>
            <line number="5" hits="1" branch="false"/>
            <line number="6" hits="1" branch="false"/>
            <line number="7" hits="1" branch="false"/>
            <line number="8" hits="1" branch="false"/>
            <line number="9" hits="1" branch="false"/>
            <line number="10" hits="1" branch="false"/>
            <line number="11" hits="1" branch="false"/>
            <line number="12" hits="103" branch="false"/>
            <line number="13" hits="103" branch="false"/>
            <line number="14" hits="103" branch="false"/>
            <line number="17" hits="103" branch="false"/>
            <line number="18" hits="103" branch="true" condition-coverage="100% (2/2)"/>
            <line number="19" hits="1" branch="false"/>
            <line number="20" hits="1" branch="false"/>
            <line number="21" hits="2" branch="false"/>
            <line number="24" hits="102" branch="false"/>
            <line number="26" hits="19" branch="false"/>
            <line number="27" hits="19" branch="false"/>
            <line number="29" hits="24" branch="false"/>
            <line number="30" hits="24" branch="false"/>
            <line number="32" hits="28" branch="true" condition-coverage="100% (4/4)"/>
            <line number="33" hits="18" branch="false"/>
            <line number="35" hits="10" branch="false"/>
            <line number="37" hits="28" branch="false"/>
            <line number="38" hits="28" branch="false"/>
            <line number="41" hits="31" branch="false"/>
            <line number="42" hits="31" branch="false"/>
            <line number="43" hits="31" branch="false"/>
            <line number="46" hits="103" branch="false"/>
          </lines>
        </class>
        <class name="status-redis-token.ts" filename="src/resp/protocol/status-redis-token.ts" line-rate="1" branch-rate="1">
          <methods>
            <method name="(anonymous_0)" hits="1" signature="()V">
              <lines>
                <line number="5" hits="1"/>
              </lines>
            </method>
          </methods>
          <lines>
            <line number="1" hits="1" branch="false"/>
            <line number="2" hits="1" branch="false"/>
            <line number="4" hits="1" branch="false"/>
            <line number="6" hits="1" branch="false"/>
          </lines>
        </class>
        <class name="string-redis-token.ts" filename="src/resp/protocol/string-redis-token.ts" line-rate="1" branch-rate="1">
          <methods>
            <method name="(anonymous_0)" hits="14" signature="()V">
              <lines>
                <line number="5" hits="14"/>
              </lines>
            </method>
          </methods>
          <lines>
            <line number="1" hits="1" branch="false"/>
            <line number="2" hits="1" branch="false"/>
            <line number="4" hits="1" branch="false"/>
            <line number="6" hits="14" branch="false"/>
          </lines>
        </class>
        <class name="unknown-redis-token.ts" filename="src/resp/protocol/unknown-redis-token.ts" line-rate="0" branch-rate="1">
          <methods>
            <method name="(anonymous_0)" hits="0" signature="()V">
              <lines>
                <line number="5" hits="0"/>
              </lines>
            </method>
          </methods>
          <lines>
            <line number="1" hits="0" branch="false"/>
            <line number="2" hits="0" branch="false"/>
            <line number="4" hits="0" branch="false"/>
            <line number="6" hits="0" branch="false"/>
          </lines>
        </class>
      </classes>
    </package>
    <package name="src.server" line-rate="0.8118000000000001" branch-rate="0.6">
      <classes>
        <class name="default-request.ts" filename="src/server/default-request.ts" line-rate="0.8946999999999999" branch-rate="1">
          <methods>
            <method name="(anonymous_0)" hits="101" signature="()V">
              <lines>
                <line number="8" hits="101"/>
              </lines>
            </method>
            <method name="(anonymous_1)" hits="301" signature="()V">
              <lines>
                <line number="15" hits="301"/>
              </lines>
            </method>
            <method name="(anonymous_2)" hits="313" signature="()V">
              <lines>
                <line number="18" hits="313"/>
              </lines>
            </method>
            <method name="(anonymous_3)" hits="360" signature="()V">
              <lines>
                <line number="21" hits="360"/>
              </lines>
            </method>
            <method name="(anonymous_4)" hits="239" signature="()V">
              <lines>
                <line number="27" hits="239"/>
              </lines>
            </method>
            <method name="(anonymous_5)" hits="0" signature="()V">
              <lines>
                <line number="30" hits="0"/>
              </lines>
            </method>
            <method name="(anonymous_6)" hits="0" signature="()V">
              <lines>
                <line number="33" hits="0"/>
              </lines>
            </method>
            <method name="(anonymous_7)" hits="284" signature="()V">
              <lines>
                <line number="36" hits="284"/>
              </lines>
            </method>
            <method name="(anonymous_8)" hits="111" signature="()V">
              <lines>
                <line number="39" hits="111"/>
              </lines>
            </method>
            <method name="(anonymous_9)" hits="206" signature="()V">
              <lines>
                <line number="42" hits="206"/>
              </lines>
            </method>
          </methods>
          <lines>
            <line number="1" hits="1" branch="false"/>
            <line number="6" hits="1" branch="false"/>
            <line number="7" hits="101" branch="false"/>
            <line number="9" hits="101" branch="false"/>
            <line number="10" hits="101" branch="false"/>
            <line number="11" hits="101" branch="false"/>
            <line number="12" hits="101" branch="false"/>
            <line number="13" hits="101" branch="false"/>
            <line number="16" hits="301" branch="false"/>
            <line number="19" hits="313" branch="false"/>
            <line number="22" hits="360" branch="true" condition-coverage="100% (2/2)"/>
            <line number="23" hits="346" branch="false"/>
            <line number="25" hits="14" branch="false"/>
            <line number="28" hits="239" branch="false"/>
            <line number="31" hits="0" branch="false"/>
            <line number="34" hits="0" branch="false"/>
            <line number="37" hits="284" branch="false"/>
            <line number="40" hits="111" branch="false"/>
            <line number="43" hits="206" branch="false"/>
          </lines>
        </class>
        <class name="default-session.ts" filename="src/server/default-session.ts" line-rate="0.875" branch-rate="1">
          <methods>
            <method name="(anonymous_1)" hits="55" signature="()V">
              <lines>
                <line number="18" hits="55"/>
              </lines>
            </method>
            <method name="(anonymous_2)" hits="1" signature="()V">
              <lines>
                <line number="20" hits="1"/>
              </lines>
            </method>
            <method name="(anonymous_3)" hits="524" signature="()V">
              <lines>
                <line number="23" hits="524"/>
              </lines>
            </method>
            <method name="(anonymous_4)" hits="101" signature="()V">
              <lines>
                <line number="26" hits="101"/>
              </lines>
            </method>
            <method name="(anonymous_5)" hits="0" signature="()V">
              <lines>
                <line number="33" hits="0"/>
              </lines>
            </method>
            <method name="(anonymous_6)" hits="0" signature="()V">
              <lines>
                <line number="36" hits="0"/>
              </lines>
            </method>
            <method name="(anonymous_7)" hits="192" signature="()V">
              <lines>
                <line number="40" hits="192"/>
              </lines>
            </method>
            <method name="(anonymous_8)" hits="55" signature="()V">
              <lines>
                <line number="44" hits="55"/>
              </lines>
            </method>
            <method name="(anonymous_9)" hits="0" signature="()V">
              <lines>
                <line number="48" hits="0"/>
              </lines>
            </method>
            <method name="(anonymous_10)" hits="101" signature="()V">
              <lines>
                <line number="52" hits="101"/>
              </lines>
            </method>
            <method name="(anonymous_11)" hits="1" signature="()V">
              <lines>
                <line number="55" hits="1"/>
              </lines>
            </method>
            <method name="(anonymous_12)" hits="1" signature="()V">
              <lines>
                <line number="58" hits="1"/>
              </lines>
            </method>
            <method name="(anonymous_13)" hits="101" signature="()V">
              <lines>
                <line number="61" hits="101"/>
              </lines>
            </method>
            <method name="(anonymous_14)" hits="1" signature="()V">
              <lines>
                <line number="64" hits="1"/>
              </lines>
            </method>
            <method name="(anonymous_15)" hits="4" signature="()V">
              <lines>
                <line number="67" hits="4"/>
              </lines>
            </method>
          </methods>
          <lines>
            <line number="2" hits="1" branch="false"/>
            <line number="3" hits="1" branch="false"/>
            <line number="4" hits="1" branch="false"/>
            <line number="6" hits="1" branch="false"/>
            <line number="10" hits="1" branch="false"/>
            <line number="12" hits="1" branch="false"/>
            <line number="13" hits="55" branch="false"/>
            <line number="14" hits="55" branch="false"/>
            <line number="15" hits="55" branch="false"/>
            <line number="16" hits="55" branch="false"/>
            <line number="17" hits="55" branch="false"/>
            <line number="18" hits="55" branch="false"/>
            <line number="21" hits="1" branch="false"/>
            <line number="24" hits="524" branch="false"/>
            <line number="28" hits="101" branch="false"/>
            <line number="29" hits="101" branch="false"/>
            <line number="30" hits="101" branch="false"/>
            <line number="31" hits="101" branch="false"/>
            <line number="37" hits="0" branch="false"/>
            <line number="38" hits="0" branch="false"/>
            <line number="41" hits="192" branch="false"/>
            <line number="42" hits="192" branch="false"/>
            <line number="45" hits="55" branch="false"/>
            <line number="46" hits="55" branch="false"/>
            <line number="49" hits="0" branch="false"/>
            <line number="50" hits="0" branch="false"/>
            <line number="53" hits="101" branch="false"/>
            <line number="56" hits="1" branch="false"/>
            <line number="59" hits="1" branch="false"/>
            <line number="62" hits="101" branch="false"/>
            <line number="65" hits="1" branch="false"/>
            <line number="68" hits="4" branch="false"/>
          </lines>
        </class>
        <class name="resp-server-context.ts" filename="src/server/resp-server-context.ts" line-rate="0.8" branch-rate="1">
          <methods>
            <method name="(anonymous_0)" hits="11" signature="()V">
              <lines>
                <line number="22" hits="11"/>
              </lines>
            </method>
            <method name="(anonymous_1)" hits="22" signature="()V">
              <lines>
                <line number="26" hits="22"/>
              </lines>
            </method>
            <method name="(anonymous_2)" hits="23" signature="()V">
              <lines>
                <line number="29" hits="23"/>
              </lines>
            </method>
            <method name="(anonymous_3)" hits="2" signature="()V">
              <lines>
                <line number="32" hits="2"/>
              </lines>
            </method>
            <method name="(anonymous_4)" hits="0" signature="()V">
              <lines>
                <line number="35" hits="0"/>
              </lines>
            </method>
            <method name="(anonymous_5)" hits="101" signature="()V">
              <lines>
                <line number="38" hits="101"/>
              </lines>
            </method>
            <method name="(anonymous_6)" hits="0" signature="()V">
              <lines>
                <line number="41" hits="0"/>
              </lines>
            </method>
            <method name="(anonymous_7)" hits="0" signature="()V">
              <lines>
                <line number="44" hits="0"/>
              </lines>
            </method>
            <method name="(anonymous_8)" hits="0" signature="()V">
              <lines>
                <line number="47" hits="0"/>
              </lines>
            </method>
            <method name="(anonymous_9)" hits="55" signature="()V">
              <lines>
                <line number="50" hits="55"/>
              </lines>
            </method>
            <method name="(anonymous_10)" hits="0" signature="()V">
              <lines>
                <line number="53" hits="0"/>
              </lines>
            </method>
            <method name="(anonymous_11)" hits="100" signature="()V">
              <lines>
                <line number="60" hits="100"/>
              </lines>
            </method>
          </methods>
          <lines>
            <line number="2" hits="1" branch="false"/>
            <line number="3" hits="1" branch="false"/>
            <line number="4" hits="1" branch="false"/>
            <line number="10" hits="1" branch="false"/>
            <line number="11" hits="11" branch="false"/>
            <line number="12" hits="11" branch="false"/>
            <line number="13" hits="11" branch="false"/>
            <line number="14" hits="11" branch="false"/>
            <line number="22" hits="11" branch="false"/>
            <line number="23" hits="11" branch="false"/>
            <line number="27" hits="22" branch="false"/>
            <line number="30" hits="23" branch="false"/>
            <line number="33" hits="2" branch="false"/>
            <line number="36" hits="0" branch="false"/>
            <line number="39" hits="101" branch="false"/>
            <line number="42" hits="0" branch="false"/>
            <line number="45" hits="0" branch="false"/>
            <line number="48" hits="0" branch="false"/>
            <line number="51" hits="55" branch="false"/>
            <line number="54" hits="0" branch="false"/>
            <line number="61" hits="100" branch="false"/>
            <line number="62" hits="100" branch="true" condition-coverage="100% (2/2)"/>
            <line number="63" hits="1" branch="false"/>
            <line number="65" hits="100" branch="false"/>
            <line number="66" hits="100" branch="false"/>
          </lines>
        </class>
        <class name="resp-server.ts" filename="src/server/resp-server.ts" line-rate="0.7848999999999999" branch-rate="0.4545">
          <methods>
            <method name="(anonymous_8)" hits="11" signature="()V">
              <lines>
                <line number="37" hits="11"/>
              </lines>
            </method>
            <method name="(anonymous_9)" hits="101" signature="()V">
              <lines>
                <line number="53" hits="101"/>
              </lines>
            </method>
            <method name="(anonymous_10)" hits="0" signature="()V">
              <lines>
                <line number="58" hits="0"/>
              </lines>
            </method>
            <method name="(anonymous_11)" hits="101" signature="()V">
              <lines>
                <line number="61" hits="101"/>
              </lines>
            </method>
            <method name="(anonymous_12)" hits="11" signature="()V">
              <lines>
                <line number="83" hits="11"/>
              </lines>
            </method>
            <method name="(anonymous_13)" hits="11" signature="()V">
              <lines>
                <line number="84" hits="11"/>
              </lines>
            </method>
            <method name="(anonymous_14)" hits="55" signature="()V">
              <lines>
                <line number="86" hits="55"/>
              </lines>
            </method>
            <method name="(anonymous_15)" hits="11" signature="()V">
              <lines>
                <line number="99" hits="11"/>
              </lines>
            </method>
            <method name="(anonymous_17)" hits="55" signature="()V">
              <lines>
                <line number="108" hits="55"/>
              </lines>
            </method>
            <method name="(anonymous_18)" hits="0" signature="()V">
              <lines>
                <line number="123" hits="0"/>
              </lines>
            </method>
            <method name="(anonymous_19)" hits="101" signature="()V">
              <lines>
                <line number="128" hits="101"/>
              </lines>
            </method>
            <method name="(anonymous_20)" hits="0" signature="()V">
              <lines>
                <line number="132" hits="0"/>
              </lines>
            </method>
            <method name="(anonymous_21)" hits="0" signature="()V">
              <lines>
                <line number="135" hits="0"/>
              </lines>
            </method>
            <method name="(anonymous_22)" hits="0" signature="()V">
              <lines>
                <line number="138" hits="0"/>
              </lines>
            </method>
            <method name="(anonymous_23)" hits="0" signature="()V">
              <lines>
                <line number="141" hits="0"/>
              </lines>
            </method>
            <method name="(anonymous_24)" hits="0" signature="()V">
              <lines>
                <line number="144" hits="0"/>
              </lines>
            </method>
            <method name="(anonymous_25)" hits="0" signature="()V">
              <lines>
                <line number="147" hits="0"/>
              </lines>
            </method>
            <method name="(anonymous_26)" hits="101" signature="()V">
              <lines>
                <line number="152" hits="101"/>
              </lines>
            </method>
            <method name="(anonymous_27)" hits="101" signature="()V">
              <lines>
                <line number="164" hits="101"/>
              </lines>
            </method>
            <method name="(anonymous_28)" hits="0" signature="()V">
              <lines>
                <line number="170" hits="0"/>
              </lines>
            </method>
            <method name="(anonymous_29)" hits="101" signature="()V">
              <lines>
                <line number="178" hits="101"/>
              </lines>
            </method>
          </methods>
          <lines>
            <line number="1" hits="1" branch="false"/>
            <line number="2" hits="1" branch="false"/>
            <line number="3" hits="1" branch="false"/>
            <line number="4" hits="1" branch="false"/>
            <line number="6" hits="1" branch="false"/>
            <line number="8" hits="1" branch="false"/>
            <line number="10" hits="1" branch="false"/>
            <line number="11" hits="1" branch="false"/>
            <line number="13" hits="1" branch="false"/>
            <line number="16" hits="1" branch="false"/>
            <line number="20" hits="1" branch="false"/>
            <line number="28" hits="1" branch="false"/>
            <line number="29" hits="1" branch="false"/>
            <line number="30" hits="1" branch="false"/>
            <line number="31" hits="1" branch="true" condition-coverage="50% (1/2)"/>
            <line number="32" hits="1" branch="true" condition-coverage="50% (1/2)"/>
            <line number="34" hits="11" branch="false"/>
            <line number="35" hits="11" branch="false"/>
            <line number="38" hits="11" branch="false"/>
            <line number="39" hits="11" branch="false"/>
            <line number="40" hits="11" branch="false"/>
            <line number="41" hits="11" branch="false"/>
            <line number="42" hits="11" branch="false"/>
            <line number="55" hits="101" branch="false"/>
            <line number="59" hits="0" branch="false"/>
            <line number="62" hits="101" branch="false"/>
            <line number="63" hits="101" branch="false"/>
            <line number="64" hits="101" branch="false"/>
            <line number="68" hits="101" branch="false"/>
            <line number="69" hits="101" branch="false"/>
            <line number="70" hits="101" branch="false"/>
            <line number="71" hits="101" branch="false"/>
            <line number="73" hits="101" branch="false"/>
            <line number="74" hits="101" branch="false"/>
            <line number="75" hits="101" branch="false"/>
            <line number="76" hits="101" branch="false"/>
            <line number="78" hits="101" branch="false"/>
            <line number="84" hits="11" branch="false"/>
            <line number="85" hits="11" branch="false"/>
            <line number="86" hits="11" branch="false"/>
            <line number="87" hits="55" branch="false"/>
            <line number="88" hits="55" branch="false"/>
            <line number="91" hits="11" branch="false"/>
            <line number="92" hits="11" branch="false"/>
            <line number="94" hits="11" branch="false"/>
            <line number="100" hits="11" branch="false"/>
            <line number="101" hits="11" branch="false"/>
            <line number="102" hits="11" branch="false"/>
            <line number="110" hits="55" branch="false"/>
            <line number="112" hits="55" branch="true" condition-coverage="50% (1/2)"/>
            <line number="113" hits="0" branch="false"/>
            <line number="114" hits="0" branch="false"/>
            <line number="116" hits="55" branch="false"/>
            <line number="117" hits="55" branch="false"/>
            <line number="118" hits="55" branch="false"/>
            <line number="119" hits="55" branch="false"/>
            <line number="120" hits="55" branch="false"/>
            <line number="121" hits="55" branch="false"/>
            <line number="123" hits="55" branch="false"/>
            <line number="124" hits="0" branch="false"/>
            <line number="125" hits="0" branch="false"/>
            <line number="126" hits="0" branch="false"/>
            <line number="128" hits="55" branch="false"/>
            <line number="129" hits="101" branch="false"/>
            <line number="130" hits="101" branch="false"/>
            <line number="132" hits="55" branch="false"/>
            <line number="133" hits="0" branch="false"/>
            <line number="135" hits="55" branch="false"/>
            <line number="136" hits="0" branch="false"/>
            <line number="138" hits="55" branch="false"/>
            <line number="139" hits="0" branch="false"/>
            <line number="141" hits="55" branch="false"/>
            <line number="142" hits="0" branch="false"/>
            <line number="144" hits="55" branch="false"/>
            <line number="145" hits="0" branch="false"/>
            <line number="147" hits="55" branch="false"/>
            <line number="148" hits="0" branch="false"/>
            <line number="153" hits="101" branch="false"/>
            <line number="154" hits="101" branch="false"/>
            <line number="156" hits="101" branch="false"/>
            <line number="158" hits="0" branch="false"/>
            <line number="160" hits="0" branch="false"/>
            <line number="161" hits="0" branch="false"/>
            <line number="165" hits="101" branch="false"/>
            <line number="166" hits="101" branch="false"/>
            <line number="167" hits="101" branch="true" condition-coverage="50% (1/2)"/>
            <line number="168" hits="101" branch="false"/>
            <line number="171" hits="0" branch="false"/>
            <line number="172" hits="0" branch="false"/>
            <line number="173" hits="0" branch="false"/>
            <line number="174" hits="0" branch="false"/>
            <line number="176" hits="0" branch="false"/>
            <line number="179" hits="101" branch="false"/>
          </lines>
        </class>
        <class name="session.ts" filename="src/server/session.ts" line-rate="0" branch-rate="1">
          <methods>
          </methods>
          <lines>
            <line number="3" hits="0" branch="false"/>
          </lines>
        </class>
      </classes>
    </package>
  </packages>
</coverage>
